2025-06-15 21:48:39.776 [info] Reading sessions from keychain...
2025-06-15 21:48:39.776 [info] Getting sessions for all scopes...
2025-06-15 21:48:39.776 [info] Getting sessions for all scopes...
2025-06-15 21:48:39.776 [info] Got 0 sessions for ...
2025-06-15 21:48:39.776 [info] Got 0 sessions for ...
2025-06-15 21:48:39.776 [info] Getting sessions for all scopes...
2025-06-15 21:48:39.776 [info] Got 0 sessions for ...
2025-06-15 21:48:39.776 [info] Getting sessions for all scopes...
2025-06-15 21:48:39.776 [info] Got 0 sessions for ...
2025-06-15 21:48:39.776 [info] Getting sessions for all scopes...
2025-06-15 21:48:39.776 [info] Got 0 sessions for ...
2025-06-15 21:48:39.776 [info] Getting sessions for all scopes...
2025-06-15 21:48:39.776 [info] Got 0 sessions for ...
2025-06-15 21:48:39.776 [info] Getting sessions for all scopes...
2025-06-15 21:48:39.776 [info] Got 0 sessions for ...
2025-06-15 21:48:41.967 [info] Getting sessions for all scopes...
2025-06-15 21:48:41.967 [info] Got 0 sessions for ...
2025-06-15 21:48:51.601 [info] Logging in with 'any' account...
2025-06-15 21:48:51.601 [info] Logging in for the following scopes: user:email
2025-06-15 21:48:51.616 [info] Trying without local server... (user:email)
2025-06-15 21:48:56.326 [info] Exchanging code for token...
2025-06-15 21:48:56.697 [info] Token exchange success!
2025-06-15 21:48:56.697 [info] Getting user info...
2025-06-15 21:48:57.072 [info] Got account info!
2025-06-15 21:48:57.072 [info] Storing 1 sessions...
2025-06-15 21:49:05.764 [info] Reading sessions from keychain...
2025-06-15 21:49:05.764 [info] Stored 1 sessions!
2025-06-15 21:49:05.764 [info] Login success!
2025-06-15 21:49:05.786 [info] Getting sessions for all scopes...
2025-06-15 21:49:05.786 [info] Got stored sessions!
2025-06-15 21:49:05.786 [info] Got 1 verified sessions.
2025-06-15 21:49:05.786 [info] Got 1 sessions for ...
2025-06-15 21:49:10.743 [info] Getting sessions for all scopes...
2025-06-15 21:49:10.743 [info] Got 1 sessions for ...
2025-06-15 21:49:10.743 [info] Getting sessions for all scopes...
2025-06-15 21:49:10.743 [info] Got 1 sessions for ...
2025-06-15 21:49:10.743 [info] Getting sessions for read:user,repo,user:email,workflow...
2025-06-15 21:49:10.743 [info] Got 0 sessions for read:user,repo,user:email,workflow...
2025-06-15 21:49:10.880 [info] Getting sessions for read:user,repo,user:email,workflow...
2025-06-15 21:49:10.880 [info] Got 0 sessions for read:user,repo,user:email,workflow...
2025-06-15 21:49:10.881 [info] Getting sessions for read:user...
2025-06-15 21:49:10.881 [info] Got 0 sessions for read:user...
2025-06-15 21:49:10.882 [info] Getting sessions for user:email...
2025-06-15 21:49:10.882 [info] Got 1 sessions for user:email...
2025-06-15 21:49:10.882 [info] Getting sessions for read:user,repo,user:email,workflow...
2025-06-15 21:49:10.882 [info] Got 0 sessions for read:user,repo,user:email,workflow...
2025-06-15 21:49:10.882 [info] Getting sessions for user:email...
2025-06-15 21:49:10.882 [info] Got 1 sessions for user:email...
2025-06-15 21:49:10.884 [info] Getting sessions for all scopes...
2025-06-15 21:49:10.884 [info] Got 1 sessions for ...
2025-06-15 21:49:10.886 [info] Getting sessions for read:user,repo,user:email,workflow...
2025-06-15 21:49:10.886 [info] Got 0 sessions for read:user,repo,user:email,workflow...
2025-06-15 21:49:10.932 [info] Getting sessions for user:email...
2025-06-15 21:49:10.932 [info] Got 1 sessions for user:email...
2025-06-15 21:49:10.932 [info] Getting sessions for all scopes...
2025-06-15 21:49:10.932 [info] Got 1 sessions for ...
2025-06-15 21:49:10.933 [info] Getting sessions for read:user,repo,user:email,workflow...
2025-06-15 21:49:10.933 [info] Got 0 sessions for read:user,repo,user:email,workflow...
2025-06-15 21:49:10.933 [info] Getting sessions for user:email...
2025-06-15 21:49:10.933 [info] Got 1 sessions for user:email...
2025-06-15 21:49:11.039 [info] Getting sessions for all scopes...
2025-06-15 21:49:11.039 [info] Got 1 sessions for ...
2025-06-15 21:49:11.039 [info] Getting sessions for read:user,repo,user:email,workflow...
2025-06-15 21:49:11.039 [info] Got 0 sessions for read:user,repo,user:email,workflow...
2025-06-15 21:49:11.040 [info] Getting sessions for user:email...
2025-06-15 21:49:11.040 [info] Got 1 sessions for user:email...
2025-06-15 21:49:11.645 [info] Getting sessions for all scopes...
2025-06-15 21:49:11.645 [info] Got 1 sessions for ...
2025-06-15 21:49:11.645 [info] Getting sessions for all scopes...
2025-06-15 21:49:11.645 [info] Got 1 sessions for ...
2025-06-15 21:49:11.655 [info] Getting sessions for read:user,repo,user:email,workflow...
2025-06-15 21:49:11.655 [info] Got 0 sessions for read:user,repo,user:email,workflow...
2025-06-15 21:49:11.655 [info] Getting sessions for user:email...
2025-06-15 21:49:11.655 [info] Got 1 sessions for user:email...
2025-06-15 21:49:11.655 [info] Getting sessions for read:user,repo,user:email,workflow...
2025-06-15 21:49:11.655 [info] Got 0 sessions for read:user,repo,user:email,workflow...
2025-06-15 21:49:11.656 [info] Getting sessions for all scopes...
2025-06-15 21:49:11.656 [info] Got 1 sessions for ...
2025-06-15 21:49:11.656 [info] Getting sessions for read:user,repo,user:email,workflow...
2025-06-15 21:49:11.656 [info] Got 0 sessions for read:user,repo,user:email,workflow...
2025-06-15 21:49:11.657 [info] Getting sessions for user:email...
2025-06-15 21:49:11.657 [info] Got 1 sessions for user:email...
2025-06-15 21:49:11.699 [info] Getting sessions for all scopes...
2025-06-15 21:49:11.699 [info] Got 1 sessions for ...
2025-06-15 21:49:11.704 [info] Getting sessions for all scopes...
2025-06-15 21:49:11.704 [info] Got 1 sessions for ...
2025-06-15 21:49:11.714 [info] Getting sessions for read:user,repo,user:email,workflow...
2025-06-15 21:49:11.714 [info] Got 0 sessions for read:user,repo,user:email,workflow...
2025-06-15 21:49:11.714 [info] Getting sessions for user:email...
2025-06-15 21:49:11.714 [info] Got 1 sessions for user:email...
2025-06-15 21:49:11.714 [info] Getting sessions for read:user,repo,user:email,workflow...
2025-06-15 21:49:11.714 [info] Got 0 sessions for read:user,repo,user:email,workflow...
2025-06-15 21:49:11.715 [info] Getting sessions for all scopes...
2025-06-15 21:49:11.715 [info] Got 1 sessions for ...
2025-06-15 21:49:11.716 [info] Getting sessions for read:user,repo,user:email,workflow...
2025-06-15 21:49:11.716 [info] Got 0 sessions for read:user,repo,user:email,workflow...
2025-06-15 21:49:11.716 [info] Getting sessions for user:email...
2025-06-15 21:49:11.716 [info] Got 1 sessions for user:email...
2025-06-15 21:49:12.331 [info] Getting sessions for all scopes...
2025-06-15 21:49:12.331 [info] Got 1 sessions for ...
2025-06-15 21:49:12.335 [info] Getting sessions for read:user,repo,user:email,workflow...
2025-06-15 21:49:12.335 [info] Got 0 sessions for read:user,repo,user:email,workflow...
2025-06-15 21:49:12.335 [info] Getting sessions for user:email...
2025-06-15 21:49:12.335 [info] Got 1 sessions for user:email...
2025-06-15 21:49:24.642 [info] Getting sessions for user:email...
2025-06-15 21:49:24.642 [info] Got 1 sessions for user:email...
2025-06-15 21:49:26.774 [info] Getting sessions for user:email...
2025-06-15 21:49:26.774 [info] Got 1 sessions for user:email...
2025-06-15 21:49:38.608 [info] Getting sessions for project,read:org,read:user,repo,user:email,workflow...
2025-06-15 21:49:38.608 [info] Got 0 sessions for project,read:org,read:user,repo,user:email,workflow...
2025-06-15 21:49:38.758 [info] Getting sessions for read:user,repo,user:email...
2025-06-15 21:49:38.758 [info] Got 0 sessions for read:user,repo,user:email...
2025-06-15 21:49:38.769 [info] Getting sessions for read:user,repo,user:email,workflow...
2025-06-15 21:49:38.769 [info] Got 0 sessions for read:user,repo,user:email,workflow...
2025-06-15 21:49:38.771 [info] Getting sessions for read:user,repo,user:email...
2025-06-15 21:49:38.771 [info] Got 0 sessions for read:user,repo,user:email...
2025-06-15 21:49:38.803 [info] Getting sessions for read:user,repo,user:email...
2025-06-15 21:49:38.803 [info] Got 0 sessions for read:user,repo,user:email...
2025-06-15 21:49:38.974 [info] Getting sessions for read:user,repo,user:email,workflow...
2025-06-15 21:49:38.974 [info] Got 0 sessions for read:user,repo,user:email,workflow...
2025-06-15 21:49:39.009 [info] Getting sessions for read:user,repo,user:email,workflow...
2025-06-15 21:49:39.009 [info] Got 0 sessions for read:user,repo,user:email,workflow...
2025-06-15 21:49:39.164 [info] Getting sessions for read:user,repo,user:email...
2025-06-15 21:49:39.164 [info] Got 0 sessions for read:user,repo,user:email...
