2025-06-18 21:46:20.003 [error] [/home/daniel/.vscode/extensions/ms-dotnettools.vscode-dotnet-runtime-2.3.5]: Extension is not compatible with Code 1.98.2. Extension requires: ^1.99.0.
2025-06-18 21:46:20.032 [error] [/home/daniel/.vscode/extensions/ms-vscode-remote.remote-wsl-0.99.0]: Extension is not compatible with Code 1.98.2. Extension requires: ^1.99.0.
2025-06-18 21:46:20.033 [error] [/home/daniel/.vscode/extensions/ms-python.vscode-pylance-2025.6.1]: Extension is not compatible with Code 1.98.2. Extension requires: ^1.99.0.
2025-06-18 21:46:20.033 [error] [/home/daniel/.vscode/extensions/github.vscode-pull-request-github-0.110.0]: Extension is not compatible with Code 1.98.2. Extension requires: ^1.100.0.
2025-06-18 21:46:20.071 [error] [/home/daniel/.vscode/extensions/ms-vscode-remote.remote-containers-0.417.0]: Extension is not compatible with Code 1.98.2. Extension requires: ^1.99.0.
2025-06-18 21:46:20.072 [error] [/home/daniel/.vscode/extensions/ms-dotnettools.vscode-dotnet-runtime-2.3.5]: Extension is not compatible with Code 1.98.2. Extension requires: ^1.99.0.
2025-06-18 21:46:20.072 [error] [/home/daniel/.vscode/extensions/ms-dotnettools.vscode-dotnet-runtime-2.3.5]: Extension is not compatible with Code 1.98.2. Extension requires: ^1.99.0.
2025-06-18 21:46:20.073 [error] [/home/daniel/.vscode/extensions/github.vscode-pull-request-github-0.110.0]: Extension is not compatible with Code 1.98.2. Extension requires: ^1.100.0.
2025-06-18 21:46:20.073 [error] [/home/daniel/.vscode/extensions/ms-python.vscode-pylance-2025.6.1]: Extension is not compatible with Code 1.98.2. Extension requires: ^1.99.0.
2025-06-18 21:46:20.073 [error] [/home/daniel/.vscode/extensions/ms-vscode-remote.remote-containers-0.417.0]: Extension is not compatible with Code 1.98.2. Extension requires: ^1.99.0.
2025-06-18 21:46:20.073 [error] [/home/daniel/.vscode/extensions/ms-vscode-remote.remote-wsl-0.99.0]: Extension is not compatible with Code 1.98.2. Extension requires: ^1.99.0.
2025-06-18 21:46:20.073 [error] [/home/daniel/.vscode/extensions/github.vscode-pull-request-github-0.110.0]: Extension is not compatible with Code 1.98.2. Extension requires: ^1.100.0.
2025-06-18 21:46:20.075 [error] [/home/daniel/.vscode/extensions/ms-vscode-remote.remote-wsl-0.99.0]: Extension is not compatible with Code 1.98.2. Extension requires: ^1.99.0.
2025-06-18 21:46:20.075 [error] [/home/daniel/.vscode/extensions/ms-vscode-remote.remote-containers-0.417.0]: Extension is not compatible with Code 1.98.2. Extension requires: ^1.99.0.
2025-06-18 21:46:20.075 [error] [/home/daniel/.vscode/extensions/ms-python.vscode-pylance-2025.6.1]: Extension is not compatible with Code 1.98.2. Extension requires: ^1.99.0.
2025-06-18 21:46:20.102 [info] Deleted marked for removal extension from disk eamodio.gitlens /home/daniel/.vscode/extensions/eamodio.gitlens-17.1.1
2025-06-18 21:46:20.146 [info] Marked extension as removed eamodio.gitlens-17.1.1
2025-06-18 21:46:20.170 [error] [/home/daniel/.vscode/extensions/ms-dotnettools.vscode-dotnet-runtime-2.3.5]: Extension is not compatible with Code 1.98.2. Extension requires: ^1.99.0.
2025-06-18 21:46:20.173 [error] [/home/daniel/.vscode/extensions/github.vscode-pull-request-github-0.110.0]: Extension is not compatible with Code 1.98.2. Extension requires: ^1.100.0.
2025-06-18 21:46:20.174 [error] [/home/daniel/.vscode/extensions/ms-python.vscode-pylance-2025.6.1]: Extension is not compatible with Code 1.98.2. Extension requires: ^1.99.0.
2025-06-18 21:46:20.175 [error] [/home/daniel/.vscode/extensions/ms-vscode-remote.remote-containers-0.417.0]: Extension is not compatible with Code 1.98.2. Extension requires: ^1.99.0.
2025-06-18 21:46:20.175 [error] [/home/daniel/.vscode/extensions/ms-vscode-remote.remote-wsl-0.99.0]: Extension is not compatible with Code 1.98.2. Extension requires: ^1.99.0.
2025-06-18 21:46:20.229 [error] [/home/daniel/.vscode/extensions/ms-dotnettools.vscode-dotnet-runtime-2.3.5]: Extension is not compatible with Code 1.98.2. Extension requires: ^1.99.0.
2025-06-18 21:46:20.241 [error] [/home/daniel/.vscode/extensions/ms-dotnettools.vscode-dotnet-runtime-2.3.5]: Extension is not compatible with Code 1.98.2. Extension requires: ^1.99.0.
2025-06-18 21:46:20.245 [error] [/home/daniel/.vscode/extensions/ms-vscode-remote.remote-wsl-0.99.0]: Extension is not compatible with Code 1.98.2. Extension requires: ^1.99.0.
2025-06-18 21:46:20.245 [error] [/home/daniel/.vscode/extensions/ms-vscode-remote.remote-containers-0.417.0]: Extension is not compatible with Code 1.98.2. Extension requires: ^1.99.0.
2025-06-18 21:46:20.246 [error] [/home/daniel/.vscode/extensions/github.vscode-pull-request-github-0.110.0]: Extension is not compatible with Code 1.98.2. Extension requires: ^1.100.0.
2025-06-18 21:46:20.246 [error] [/home/daniel/.vscode/extensions/ms-python.vscode-pylance-2025.6.1]: Extension is not compatible with Code 1.98.2. Extension requires: ^1.99.0.
2025-06-18 21:46:20.255 [error] [/home/daniel/.vscode/extensions/ms-vscode-remote.remote-wsl-0.99.0]: Extension is not compatible with Code 1.98.2. Extension requires: ^1.99.0.
2025-06-18 21:46:20.256 [error] [/home/daniel/.vscode/extensions/ms-vscode-remote.remote-containers-0.417.0]: Extension is not compatible with Code 1.98.2. Extension requires: ^1.99.0.
2025-06-18 21:46:20.256 [error] [/home/daniel/.vscode/extensions/github.vscode-pull-request-github-0.110.0]: Extension is not compatible with Code 1.98.2. Extension requires: ^1.100.0.
2025-06-18 21:46:20.256 [error] [/home/daniel/.vscode/extensions/ms-python.vscode-pylance-2025.6.1]: Extension is not compatible with Code 1.98.2. Extension requires: ^1.99.0.
2025-06-18 21:46:22.484 [error] [/home/daniel/.vscode/extensions/ms-dotnettools.vscode-dotnet-runtime-2.3.5]: Extension is not compatible with Code 1.98.2. Extension requires: ^1.99.0.
2025-06-18 21:46:22.496 [error] [/home/daniel/.vscode/extensions/ms-vscode-remote.remote-wsl-0.99.0]: Extension is not compatible with Code 1.98.2. Extension requires: ^1.99.0.
2025-06-18 21:46:22.496 [error] [/home/daniel/.vscode/extensions/ms-vscode-remote.remote-containers-0.417.0]: Extension is not compatible with Code 1.98.2. Extension requires: ^1.99.0.
2025-06-18 21:46:22.496 [error] [/home/daniel/.vscode/extensions/github.vscode-pull-request-github-0.110.0]: Extension is not compatible with Code 1.98.2. Extension requires: ^1.100.0.
2025-06-18 21:46:22.497 [error] [/home/daniel/.vscode/extensions/ms-python.vscode-pylance-2025.6.1]: Extension is not compatible with Code 1.98.2. Extension requires: ^1.99.0.
2025-06-18 21:46:22.930 [error] [/home/daniel/.vscode/extensions/ms-dotnettools.vscode-dotnet-runtime-2.3.5]: Extension is not compatible with Code 1.98.2. Extension requires: ^1.99.0.
2025-06-18 21:46:22.935 [error] [/home/daniel/.vscode/extensions/ms-vscode-remote.remote-wsl-0.99.0]: Extension is not compatible with Code 1.98.2. Extension requires: ^1.99.0.
2025-06-18 21:46:22.936 [error] [/home/daniel/.vscode/extensions/ms-vscode-remote.remote-containers-0.417.0]: Extension is not compatible with Code 1.98.2. Extension requires: ^1.99.0.
2025-06-18 21:46:22.936 [error] [/home/daniel/.vscode/extensions/ms-python.vscode-pylance-2025.6.1]: Extension is not compatible with Code 1.98.2. Extension requires: ^1.99.0.
2025-06-18 21:46:22.937 [error] [/home/daniel/.vscode/extensions/github.vscode-pull-request-github-0.110.0]: Extension is not compatible with Code 1.98.2. Extension requires: ^1.100.0.
