[21:46:18.334] Log Level: 2
[21:46:18.344] VS Code version: 1.98.2
[21:46:18.345] Remote-SSH version: remote-ssh@0.120.0
[21:46:18.345] linux x64
[21:46:18.345] SSH Resolver called for "ssh-remote+deucalion", attempt 1
[21:46:18.347] remote.SSH.useLocalServer = true
[21:46:18.347] remote.SSH.useExecServer = true
[21:46:18.347] remote.SSH.bindHost = {}
[21:46:18.347] remote.SSH.path = undefined
[21:46:18.347] remote.SSH.configFile = undefined
[21:46:18.347] remote.SSH.useFlock = true
[21:46:18.347] remote.SSH.lockfilesInTmp = false
[21:46:18.347] remote.SSH.localServerDownload = auto
[21:46:18.347] remote.SSH.remoteServerListenOnSocket = false
[21:46:18.347] remote.SSH.defaultExtensions = []
[21:46:18.347] remote.SSH.defaultExtensionsIfInstalledLocally = []
[21:46:18.347] remote.SSH.loglevel = 2
[21:46:18.347] remote.SSH.enableDynamicForwarding = true
[21:46:18.347] remote.SSH.enableRemoteCommand = false
[21:46:18.347] remote.SSH.serverPickPortsFromRange = {}
[21:46:18.347] remote.SSH.serverInstallPath = {}
[21:46:18.347] remote.SSH.permitPtyAllocation = false
[21:46:18.347] remote.SSH.preferredLocalPortRange = undefined
[21:46:18.348] remote.SSH.useCurlAndWgetConfigurationFiles = false
[21:46:18.348] remote.SSH.experimental.chat = false
[21:46:18.348] remote.SSH.experimental.enhancedSessionLogs = false
[21:46:18.348] remote.SSH.httpProxy = {}
[21:46:18.348] remote.SSH.httpsProxy = {}
[21:46:18.354] SSH Resolver called for host: deucalion
[21:46:18.354] Setting up SSH remote "deucalion"
[21:46:18.357] Acquiring local install lock: /tmp/vscode-remote-ssh-4fc7920b-install.lock
[21:46:18.358] Looking for existing server data file at /home/daniel/.config/Code/User/globalStorage/ms-vscode-remote.remote-ssh/vscode-ssh-host-4fc7920b-ddc367ed5c8936efe395cffeec279b04ffd7db78-0.120.0-es/data.json
[21:46:18.359] No existing data file
[21:46:18.359] Using commit id "ddc367ed5c8936efe395cffeec279b04ffd7db78" and quality "stable" for server
[21:46:18.359] Extensions to install: 
[21:46:18.362] Install and start server if needed
[21:46:18.364] PATH: /nix/store/hagh8q3p2w9qvxwbmbaxbhyypp38f5p9-glib-2.82.4-bin/bin:/run/wrappers/bin:/home/daniel/.nix-profile/bin:/nix/profile/bin:/home/daniel/.local/state/nix/profile/bin:/etc/profiles/per-user/daniel/bin:/nix/var/nix/profiles/default/bin:/run/current-system/sw/bin:/nix/store/kinjsav83qgiiy8mwgypnnc9sn8m8r9y-binutils-wrapper-2.43.1/bin:/nix/store/b85y30zrkxj037l46cdnbbqk47slh9bn-hyprland-qtutils-0.1.3/bin:/nix/store/ci1877wgx54sggfwrcl7a0bqk1f28n4w-pciutils-3.13.0/bin:/nix/store/g2yb0pc7zd8fdbyq1d0yb1hrafpcg2kj-pkgconf-wrapper-2.3.0/bin
[21:46:18.364] Checking ssh with "ssh -V"
[21:46:18.371] > OpenSSH_9.9p2, OpenSSL 3.4.1 11 Feb 2025

[21:46:18.372] askpass server listening on /run/user/1000/vscode-ssh-askpass-73fb36b498bb4fc41f81986a09279e7352dedb0e.sock
[21:46:18.373] Spawning local server with {"serverId":1,"ipcHandlePath":"/run/user/1000/vscode-ssh-askpass-2ac20b4f66de0b4e364a6f17e68f41ef70f7d94c.sock","sshCommand":"ssh","sshArgs":["-v","-T","-D","46871","-o","ConnectTimeout=15","deucalion"],"serverDataFolderName":".vscode-server","dataFilePath":"/home/daniel/.config/Code/User/globalStorage/ms-vscode-remote.remote-ssh/vscode-ssh-host-4fc7920b-ddc367ed5c8936efe395cffeec279b04ffd7db78-0.120.0-es/data.json"}
[21:46:18.373] Local server env: {"SHELL":"/run/current-system/sw/bin/zsh","DISPLAY":":0","ELECTRON_RUN_AS_NODE":"1","SSH_ASKPASS":"/home/daniel/.vscode/extensions/ms-vscode-remote.remote-ssh-0.120.0/out/local-server/askpass.sh","VSCODE_SSH_ASKPASS_NODE":"/nix/store/qsq8pyvxvwfwsvhsq6xqw1276hxzvv50-vscode-1.98.2/lib/vscode/code","VSCODE_SSH_ASKPASS_EXTRA_ARGS":"","VSCODE_SSH_ASKPASS_MAIN":"/home/daniel/.vscode/extensions/ms-vscode-remote.remote-ssh-0.120.0/out/askpass-main.js","VSCODE_SSH_ASKPASS_HANDLE":"/run/user/1000/vscode-ssh-askpass-73fb36b498bb4fc41f81986a09279e7352dedb0e.sock"}
[21:46:18.375] Spawned 13229
[21:46:18.375] Using connect timeout of 17 seconds
[21:46:18.425] > local-server-1> Running ssh connection command: ssh -v -T -D 46871 -o ConnectTimeout=15 deucalion
[21:46:18.427] > local-server-1> Spawned ssh, pid=13237
[21:46:18.429] stderr> OpenSSH_9.9p2, OpenSSL 3.4.1 11 Feb 2025
[21:46:18.536] stderr> debug1: Server host key: ssh-ed25519 SHA256:AMzlfN8g69jQGN26hYJqtag20d2CYG2Xg16VXmJv5V0
[21:46:18.710] stderr> Authenticated to login.deucalion.macc.fccn.pt ([194.210.49.25]:22) using "publickey".
[21:46:18.893] > 8888888b.  8888888888 888     888  .d8888b.        d8888 888      8888888 .d88888b.  888b    888 
> 888   Y88b 888        888     888 d88P  Y88b      d88888 888        888  d88P   Y88b 8888b   888 
> 888    888 888        888     888 888    888     d88P888 888        888  888     888 88888b  888 
> 888    888 8888888    888     888 888           d88P 888 888        888  888     888 888Y88b 888 
> 888    888 888        888     888 888          d88P  888 888        888  888     888 888 Y88b888 
> 888    888 888        888     888 888    888  d88P   888 888        888  888     888 888  Y88888 
> 888  .d88P 888        Y88b. .d88P Y88b  d88P d8888888888 888        888  Y88b. .d88P 888   Y8888 
> 8888888P   8888888888   Y88888P     Y8888P   888 8888888 8888888  888888   Y88888P   888    Y888 
[21:46:19.712] > ready: c9807ae5645a
[21:46:19.738] > Linux 4.18.0-348.el8.0.2.x86_64 #1 SMP Sun Nov 14 00:51:12 UTC 2021
[21:46:19.738] Platform: linux
[21:46:19.753] > /bin/bash
[21:46:19.753] Parent Shell: bash
[21:46:19.753] Parent Shell pid: 13229
[21:46:19.753] Waiting for subshell to start
[21:46:19.779] > 2050747
[21:46:19.779] stdout -> '2050747'
[21:46:19.779] sub-process detected
[21:46:19.801] > c9807ae5645a: running
[21:46:19.801] > Script executing under PID: 2050747
[21:46:19.848] > Deleting old install /home/mca55928/.vscode-server/code-ddc367ed5c8936efe395cffeec279b04ffd7db78
[21:46:19.861] > Installing to /home/mca55928/.vscode-server...
[21:46:19.877] > c9807ae5645a%%1%%
[21:46:19.880] > Downloading with wget
[21:46:19.887] > wget is from busybox: no
[21:46:19.905] stderr> Program 'wget' appears to support flag '--no-config'
[21:46:21.215] > Download complete
[21:46:21.227] > c9807ae5645a%%2%%
[21:46:21.234] > tar --version: tar (GNU tar) 1.30
> Copyright (C) 2017 Free Software Foundation, Inc.
> License GPLv3+: GNU GPL version 3 or later <https://gnu.org/licenses/gpl.html>.
> This is free software: you are free to change and redistribute it.
> There is NO WARRANTY, to the extent permitted by law.
> 
> Written by John Gilmore and Jay Fenlason.
[21:46:22.804] > code 1.98.2 (commit ddc367ed5c8936efe395cffeec279b04ffd7db78)
[21:46:22.816] > Starting VS Code CLI...
[21:46:22.826] > Removing old logfile at /home/mca55928/.vscode-server/.cli.ddc367ed5c8936efe395cffeec279b04ffd7db78.log
[21:46:22.850] > Spawned remote CLI: 2053199
[21:46:22.861] > Waiting for server log...
[21:46:22.908] > Waiting for server log...
[21:46:22.957] > c9807ae5645a: start
[21:46:22.957] > listeningOn==127.0.0.1:44999==
> osReleaseId==rocky==
> arch==x86_64==
> vscodeArch==x64==
> bitness==64==
> tmpDir==/run/user/30398==
> platform==linux==
> unpackResult==success==
> didLocalDownload==0==
> downloadTime==1348==
> installTime==1517==
> serverStartTime==132==
> execServerToken==11aa1a1a-11a1-1aa1-aaa1-1111a1a1aa1a==
> platformDownloadPath==cli-alpine-x64==
> SSH_AUTH_SOCK====
> DISPLAY====
> c9807ae5645a: end
[21:46:22.957] Received install output: listeningOn==127.0.0.1:44999==
osReleaseId==rocky==
arch==x86_64==
vscodeArch==x64==
bitness==64==
tmpDir==/run/user/30398==
platform==linux==
unpackResult==success==
didLocalDownload==0==
downloadTime==1348==
installTime==1517==
serverStartTime==132==
execServerToken==11aa1a1a-11a1-1aa1-aaa1-1111a1a1aa1a==
platformDownloadPath==cli-alpine-x64==
SSH_AUTH_SOCK====
DISPLAY====

[21:46:22.958] Remote server is listening on port 44999
[21:46:22.958] Parsed server configuration: {"serverConfiguration":{"remoteListeningOn":{"port":44999},"osReleaseId":"rocky","arch":"x86_64","sshAuthSock":"","display":"","tmpDir":"/run/user/30398","platform":"linux","execServerToken":"11aa1a1a-11a1-1aa1-aaa1-1111a1a1aa1a"},"downloadTime":1348,"installTime":1517,"serverStartTime":132,"installUnpackCode":"success"}
[21:46:22.958] Persisting server connection details to /home/daniel/.config/Code/User/globalStorage/ms-vscode-remote.remote-ssh/vscode-ssh-host-4fc7920b-ddc367ed5c8936efe395cffeec279b04ffd7db78-0.120.0-es/data.json
[21:46:22.960] Starting forwarding server. local port 34241 -> socksPort 46871 -> remotePort 44999
[21:46:22.960] Forwarding server listening on port 34241
[21:46:22.960] Waiting for ssh tunnel to be ready
[21:46:22.961] [Forwarding server port 34241] Got connection 0
[21:46:22.961] Tunneled port 44999 to local port 34241
[21:46:22.962] Resolved "ssh-remote+deucalion" to "port 34241"
[21:46:22.965] Initizing new exec server for ssh-remote+deucalion
[21:46:22.965] Resolving exec server at port 34241
[21:46:22.966] [Forwarding server port 34241] Got connection 1
[21:46:23.035] Exec server for ssh-remote+deucalion created and cached
[21:46:23.035] Extensions to install: 
[21:46:23.039] ------




[21:46:23.039] No hints found in the recent session.
[21:46:23.064] [server] Checking /home/mca55928/.vscode-server/cli/servers/Stable-ddc367ed5c8936efe395cffeec279b04ffd7db78/log.txt and /home/mca55928/.vscode-server/cli/servers/Stable-ddc367ed5c8936efe395cffeec279b04ffd7db78/pid.txt for a running server...
[21:46:23.083] [server] Installing and setting up Visual Studio Code Server...
[21:46:23.084] [server] Server setup complete
[21:46:23.084] [server] Starting server...
[21:46:23.084] [server] Starting server with command... Command { std: "/home/mca55928/.vscode-server/cli/servers/Stable-ddc367ed5c8936efe395cffeec279b04ffd7db78/server/bin/code-server" "--connection-token=remotessh" "--accept-server-license-terms" "--start-server" "--enable-remote-auto-shutdown" "--socket-path=/tmp/code-b5a07607-ea10-457e-b963-66bf92a9f1da", kill_on_drop: false }
[21:46:23.839] [server] *
[21:46:23.840] [server] * Visual Studio Code Server
[21:46:23.841] [server] *
[21:46:23.842] [server] * By using the software, you agree to
[21:46:23.843] [server] * the Visual Studio Code Server License Terms (https://aka.ms/vscode-server-license) and
[21:46:23.844] [server] * the Microsoft Privacy Statement (https://privacy.microsoft.com/en-US/privacystatement).
[21:46:23.845] [server] *
[21:46:23.846] [server] Server bound to /tmp/code-b5a07607-ea10-457e-b963-66bf92a9f1da
[21:46:23.846] [server] Extension host agent listening on /tmp/code-b5a07607-ea10-457e-b963-66bf92a9f1da
[21:46:23.847] [server] parsed location: "/tmp/code-b5a07607-ea10-457e-b963-66bf92a9f1da"
[21:46:23.854] [server] 
[21:46:23.854] [server] Server started
[21:46:23.970] [server] [21:46:23] 
[21:46:24.011] [server] 
[21:46:24.011] [server] 
[21:46:24.011] [server] 
[21:46:24.011] [server] 
[21:46:26.761] [server] [21:46:26] Extension host agent started.
