2025-06-17 11:35:48.268 [info] Reading sessions from keychain...
2025-06-17 11:35:48.268 [info] Getting sessions for all scopes...
2025-06-17 11:35:48.268 [info] Getting sessions for all scopes...
2025-06-17 11:35:48.268 [info] Getting sessions for all scopes...
2025-06-17 11:35:48.444 [info] Got stored sessions!
2025-06-17 11:35:48.444 [info] Got 1 verified sessions.
2025-06-17 11:35:48.444 [info] Got 1 sessions for ...
2025-06-17 11:35:48.444 [info] Got 1 sessions for ...
2025-06-17 11:35:48.444 [info] Got 1 sessions for ...
2025-06-17 11:35:55.489 [info] Getting sessions for user:email...
2025-06-17 11:35:55.489 [info] Got 1 sessions for user:email...
2025-06-17 11:35:55.489 [info] Getting sessions for all scopes...
2025-06-17 11:35:55.489 [info] Got 1 sessions for ...
2025-06-17 11:35:55.489 [info] Getting sessions for all scopes...
2025-06-17 11:35:55.489 [info] Got 1 sessions for ...
2025-06-17 11:35:55.489 [info] Getting sessions for all scopes...
2025-06-17 11:35:55.489 [info] Got 1 sessions for ...
2025-06-17 11:35:55.489 [info] Getting sessions for all scopes...
2025-06-17 11:35:55.489 [info] Got 1 sessions for ...
2025-06-17 11:35:55.490 [info] Getting sessions for all scopes...
2025-06-17 11:35:55.490 [info] Got 1 sessions for ...
2025-06-17 11:35:55.518 [info] Getting sessions for read:org,user:email...
2025-06-17 11:35:55.518 [info] Got 0 sessions for read:org,user:email...
2025-06-17 11:35:55.765 [info] Getting sessions for user:email...
2025-06-17 11:35:55.765 [info] Got 1 sessions for user:email...
2025-06-17 11:36:02.255 [info] Getting sessions for read:user,repo,user:email,workflow...
2025-06-17 11:36:02.255 [info] Got 0 sessions for read:user,repo,user:email,workflow...
2025-06-17 11:36:15.640 [info] Getting sessions for read:user,repo,user:email,workflow...
2025-06-17 11:36:15.640 [info] Got 0 sessions for read:user,repo,user:email,workflow...
2025-06-17 11:36:16.256 [info] Getting sessions for read:user...
2025-06-17 11:36:16.256 [info] Got 0 sessions for read:user...
2025-06-17 11:36:16.311 [info] Getting sessions for user:email...
2025-06-17 11:36:16.311 [info] Got 1 sessions for user:email...
2025-06-17 12:01:29.056 [info] Getting sessions for read:user,repo,user:email,workflow...
2025-06-17 12:01:29.056 [info] Got 0 sessions for read:user,repo,user:email,workflow...
2025-06-17 12:01:29.135 [info] Getting sessions for read:user...
2025-06-17 12:01:29.135 [info] Got 0 sessions for read:user...
2025-06-17 12:01:29.217 [info] Getting sessions for user:email...
2025-06-17 12:01:29.217 [info] Got 1 sessions for user:email...
2025-06-17 12:34:58.465 [info] Getting sessions for read:user,repo,user:email,workflow...
2025-06-17 12:34:58.465 [info] Got 0 sessions for read:user,repo,user:email,workflow...
2025-06-17 12:34:58.542 [info] Getting sessions for read:user...
2025-06-17 12:34:58.542 [info] Got 0 sessions for read:user...
2025-06-17 12:34:58.639 [info] Getting sessions for user:email...
2025-06-17 12:34:58.639 [info] Got 1 sessions for user:email...
2025-06-17 14:06:27.729 [info] Getting sessions for read:user,repo,user:email,workflow...
2025-06-17 14:06:27.729 [info] Got 0 sessions for read:user,repo,user:email,workflow...
2025-06-17 14:06:27.808 [info] Getting sessions for read:user...
2025-06-17 14:06:27.808 [info] Got 0 sessions for read:user...
2025-06-17 14:06:27.949 [info] Getting sessions for user:email...
2025-06-17 14:06:27.949 [info] Got 1 sessions for user:email...
