[2025-06-15T20:51:32.720Z] Dev Containers 0.401.0 over Remote - SSH 0.120.0 in VS Code 1.98.2 (ddc367ed5c8936efe395cffeec279b04ffd7db78).
[2025-06-15T20:51:32.720Z] Start: Loading environment from ExecServer
[2025-06-15T20:51:32.779Z] Stop (59 ms): Loading environment from ExecServer
[2025-06-15T20:51:32.779Z] Host OS: linux 4.18.0-348.el8.0.2.x86_64
[2025-06-15T20:51:32.779Z] Host CWD: /projects/F202500001HPCVLABEPICURE/mca55928/CHED/ched
[2025-06-15T20:51:32.779Z] Start: Run: /bin/sh 
[2025-06-15T20:51:32.862Z] Start: Run in host: echo ~
[2025-06-15T20:51:32.898Z] /home/mca55928
[2025-06-15T20:51:32.898Z] 
[2025-06-15T20:51:32.898Z] Stop (36 ms): Run in host: echo ~
[2025-06-15T20:51:32.899Z] Start: Run in host: id -un
[2025-06-15T20:51:32.933Z] mca55928
[2025-06-15T20:51:32.933Z] 
[2025-06-15T20:51:32.933Z] Stop (34 ms): Run in host: id -un
[2025-06-15T20:51:32.933Z] Start: Run in host:  (command -v getent >/dev/null 2>&1 && getent passwd 'mca55928' || grep -E '^mca55928|^[^:]*:[^:]*:mca55928:' /etc/passwd || true)
[2025-06-15T20:51:32.993Z] Stop (60 ms): Run in host:  (command -v getent >/dev/null 2>&1 && getent passwd 'mca55928' || grep -E '^mca55928|^[^:]*:[^:]*:mca55928:' /etc/passwd || true)
[2025-06-15T20:51:32.993Z] userEnvProbe: loginInteractiveShell (default)
[2025-06-15T20:51:32.993Z] userEnvProbe: not found in cache
[2025-06-15T20:51:32.993Z] userEnvProbe shell: /bin/bash
[2025-06-15T20:51:33.987Z] userEnvProbe PATHs:
Probe:     '/projects/F202500001HPCVLABEPICURE/mca55928/sbt/bin:/projects/F202500001HPCVLABEPICURE/mca55928/sbt/bin:/home/mca55928/.local/bin:/home/mca55928/bin:/usr/local/bin:/usr/bin:/usr/local/sbin:/usr/sbin:/home/mca55928/.local/share/coursier/bin:/home/mca55928/.local/share/coursier/bin'
Container: None
[2025-06-15T20:51:34.241Z] Initializing configuration support...
[2025-06-15T20:51:34.241Z] Internal initialization of dev container support package...
