[2025-Jun-13 20:32:20.394 +01:00][ 7997: 7997][info ] Logging initialized
[2025-Jun-13 20:32:20.394 +01:00][ 7997: 7997][info ] Initializing krisp SDK...
[2025-Jun-13 20:32:20.394 +01:00][ 7997: 7997][info ] DoKrispInitialize
[2025-Jun-13 20:32:20.651 +01:00][ 7997: 7997][warning] Application not signed by Discord, Krisp is not enabled
[2025-Jun-13 20:32:20.651 +01:00][ 7997: 7997][warning] Failed to setup Krisp module, error code: -3
[2025-Jun-13 20:32:20.651 +01:00][ 7997: 7997][info ] Krisp SDK initialized
[2025-Jun-13 21:03:45.856 +01:00][ 7997: 7997][info ] Logging initialized
[2025-Jun-13 21:03:45.856 +01:00][ 7997: 7997][info ] Initializing krisp SDK...
[2025-Jun-13 21:03:45.856 +01:00][ 7997: 7997][warning] Failed to setup Krisp module, error code: -3
[2025-Jun-13 21:03:45.856 +01:00][ 7997: 7997][info ] Krisp SDK initialized
[2025-Jun-13 21:05:04.520 +01:00][ 7997: 7997][info ] Logging initialized
[2025-Jun-13 21:05:04.520 +01:00][ 7997: 7997][info ] Initializing krisp SDK...
[2025-Jun-13 21:05:04.520 +01:00][ 7997: 7997][warning] Failed to setup Krisp module, error code: -3
[2025-Jun-13 21:05:04.520 +01:00][ 7997: 7997][info ] Krisp SDK initialized
[2025-Jun-13 21:07:00.662 +01:00][ 7997: 7997][info ] Logging initialized
[2025-Jun-13 21:07:00.662 +01:00][ 7997: 7997][info ] Initializing krisp SDK...
[2025-Jun-13 21:07:00.662 +01:00][ 7997: 7997][warning] Failed to setup Krisp module, error code: -3
[2025-Jun-13 21:07:00.662 +01:00][ 7997: 7997][info ] Krisp SDK initialized
[2025-Jun-13 21:09:23.285 +01:00][ 7997: 7997][info ] Logging initialized
[2025-Jun-13 21:09:23.285 +01:00][ 7997: 7997][info ] Initializing krisp SDK...
[2025-Jun-13 21:09:23.285 +01:00][ 7997: 7997][warning] Failed to setup Krisp module, error code: -3
[2025-Jun-13 21:09:23.285 +01:00][ 7997: 7997][info ] Krisp SDK initialized
[2025-Jun-13 21:48:22.509 +01:00][ 7997: 7997][info ] Logging initialized
[2025-Jun-13 21:48:22.509 +01:00][ 7997: 7997][info ] Initializing krisp SDK...
[2025-Jun-13 21:48:22.509 +01:00][ 7997: 7997][warning] Failed to setup Krisp module, error code: -3
[2025-Jun-13 21:48:22.509 +01:00][ 7997: 7997][info ] Krisp SDK initialized
[2025-Jun-13 21:58:08.593 +01:00][ 7997: 7997][info ] Logging initialized
[2025-Jun-13 21:58:08.593 +01:00][ 7997: 7997][info ] Initializing krisp SDK...
[2025-Jun-13 21:58:08.593 +01:00][ 7997: 7997][warning] Failed to setup Krisp module, error code: -3
[2025-Jun-13 21:58:08.593 +01:00][ 7997: 7997][info ] Krisp SDK initialized
[2025-Jun-13 22:00:02.476 +01:00][ 7997: 7997][info ] Logging initialized
[2025-Jun-13 22:00:02.476 +01:00][ 7997: 7997][info ] Initializing krisp SDK...
[2025-Jun-13 22:00:02.476 +01:00][ 7997: 7997][warning] Failed to setup Krisp module, error code: -3
[2025-Jun-13 22:00:02.476 +01:00][ 7997: 7997][info ] Krisp SDK initialized
[2025-Jun-13 22:43:30.146 +01:00][ 7997: 7997][info ] Logging initialized
[2025-Jun-13 22:43:30.146 +01:00][ 7997: 7997][info ] Initializing krisp SDK...
[2025-Jun-13 22:43:30.146 +01:00][ 7997: 7997][warning] Failed to setup Krisp module, error code: -3
[2025-Jun-13 22:43:30.146 +01:00][ 7997: 7997][info ] Krisp SDK initialized
[2025-Jun-13 23:43:12.464 +01:00][ 7997: 7997][info ] Logging initialized
[2025-Jun-13 23:43:12.464 +01:00][ 7997: 7997][info ] Initializing krisp SDK...
[2025-Jun-13 23:43:12.464 +01:00][ 7997: 7997][warning] Failed to setup Krisp module, error code: -3
[2025-Jun-13 23:43:12.464 +01:00][ 7997: 7997][info ] Krisp SDK initialized
[2025-Jun-13 23:46:30.480 +01:00][ 7997: 7997][info ] Logging initialized
[2025-Jun-13 23:46:30.480 +01:00][ 7997: 7997][info ] Initializing krisp SDK...
[2025-Jun-13 23:46:30.480 +01:00][ 7997: 7997][warning] Failed to setup Krisp module, error code: -3
[2025-Jun-13 23:46:30.481 +01:00][ 7997: 7997][info ] Krisp SDK initialized
[2025-Jun-14 14:14:56.034 +01:00][ 3330: 3330][info ] Logging initialized
[2025-Jun-14 14:14:56.034 +01:00][ 3330: 3330][info ] Initializing krisp SDK...
[2025-Jun-14 14:14:56.034 +01:00][ 3330: 3330][info ] DoKrispInitialize
[2025-Jun-14 14:14:56.243 +01:00][ 3330: 3330][warning] Application not signed by Discord, Krisp is not enabled
[2025-Jun-14 14:14:56.243 +01:00][ 3330: 3330][warning] Failed to setup Krisp module, error code: -3
[2025-Jun-14 14:14:56.244 +01:00][ 3330: 3330][info ] Krisp SDK initialized
[2025-Jun-14 14:32:24.770 +01:00][ 3290: 3290][info ] Logging initialized
[2025-Jun-14 14:32:24.770 +01:00][ 3290: 3290][info ] Initializing krisp SDK...
[2025-Jun-14 14:32:24.770 +01:00][ 3290: 3290][info ] DoKrispInitialize
[2025-Jun-14 14:32:24.982 +01:00][ 3290: 3290][warning] Application not signed by Discord, Krisp is not enabled
[2025-Jun-14 14:32:24.982 +01:00][ 3290: 3290][warning] Failed to setup Krisp module, error code: -3
[2025-Jun-14 14:32:24.982 +01:00][ 3290: 3290][info ] Krisp SDK initialized
[2025-Jun-14 15:14:35.547 +01:00][ 3290: 3290][info ] Logging initialized
[2025-Jun-14 15:14:35.547 +01:00][ 3290: 3290][info ] Initializing krisp SDK...
[2025-Jun-14 15:14:35.547 +01:00][ 3290: 3290][warning] Failed to setup Krisp module, error code: -3
[2025-Jun-14 15:14:35.547 +01:00][ 3290: 3290][info ] Krisp SDK initialized
[2025-Jun-14 15:41:31.422 +01:00][ 3290: 3290][info ] Logging initialized
[2025-Jun-14 15:41:31.422 +01:00][ 3290: 3290][info ] Initializing krisp SDK...
[2025-Jun-14 15:41:31.422 +01:00][ 3290: 3290][warning] Failed to setup Krisp module, error code: -3
[2025-Jun-14 15:41:31.422 +01:00][ 3290: 3290][info ] Krisp SDK initialized
[2025-Jun-14 16:52:58.196 +01:00][ 9881: 9881][info ] Logging initialized
[2025-Jun-14 16:52:58.196 +01:00][ 9881: 9881][info ] Initializing krisp SDK...
[2025-Jun-14 16:52:58.196 +01:00][ 9881: 9881][info ] DoKrispInitialize
[2025-Jun-14 16:52:58.412 +01:00][ 9881: 9881][warning] Application not signed by Discord, Krisp is not enabled
[2025-Jun-14 16:52:58.412 +01:00][ 9881: 9881][warning] Failed to setup Krisp module, error code: -3
[2025-Jun-14 16:52:58.412 +01:00][ 9881: 9881][info ] Krisp SDK initialized
[2025-Jun-14 16:54:55.358 +01:00][ 2057: 2057][info ] Logging initialized
[2025-Jun-14 16:54:55.358 +01:00][ 2057: 2057][info ] Initializing krisp SDK...
[2025-Jun-14 16:54:55.358 +01:00][ 2057: 2057][info ] DoKrispInitialize
[2025-Jun-14 16:54:55.571 +01:00][ 2057: 2057][warning] Application not signed by Discord, Krisp is not enabled
[2025-Jun-14 16:54:55.571 +01:00][ 2057: 2057][warning] Failed to setup Krisp module, error code: -3
[2025-Jun-14 16:54:55.571 +01:00][ 2057: 2057][info ] Krisp SDK initialized
[2025-Jun-14 17:06:25.887 +01:00][ 2660: 2660][info ] Logging initialized
[2025-Jun-14 17:06:25.887 +01:00][ 2660: 2660][info ] Initializing krisp SDK...
[2025-Jun-14 17:06:25.887 +01:00][ 2660: 2660][info ] DoKrispInitialize
[2025-Jun-14 17:06:26.098 +01:00][ 2660: 2660][warning] Application not signed by Discord, Krisp is not enabled
[2025-Jun-14 17:06:26.098 +01:00][ 2660: 2660][warning] Failed to setup Krisp module, error code: -3
[2025-Jun-14 17:06:26.098 +01:00][ 2660: 2660][info ] Krisp SDK initialized
[2025-Jun-14 18:50:56.216 +01:00][ 3349: 3349][info ] Logging initialized
[2025-Jun-14 18:50:56.216 +01:00][ 3349: 3349][info ] Initializing krisp SDK...
[2025-Jun-14 18:50:56.216 +01:00][ 3349: 3349][info ] DoKrispInitialize
[2025-Jun-14 18:50:56.431 +01:00][ 3349: 3349][warning] Application not signed by Discord, Krisp is not enabled
[2025-Jun-14 18:50:56.431 +01:00][ 3349: 3349][warning] Failed to setup Krisp module, error code: -3
[2025-Jun-14 18:50:56.431 +01:00][ 3349: 3349][info ] Krisp SDK initialized
[2025-Jun-15 00:15:31.535 +01:00][ 3391: 3391][info ] Logging initialized
[2025-Jun-15 00:15:31.535 +01:00][ 3391: 3391][info ] Initializing krisp SDK...
[2025-Jun-15 00:15:31.535 +01:00][ 3391: 3391][info ] DoKrispInitialize
[2025-Jun-15 00:15:31.750 +01:00][ 3391: 3391][warning] Application not signed by Discord, Krisp is not enabled
[2025-Jun-15 00:15:31.751 +01:00][ 3391: 3391][warning] Failed to setup Krisp module, error code: -3
[2025-Jun-15 00:15:31.751 +01:00][ 3391: 3391][info ] Krisp SDK initialized
[2025-Jun-15 00:30:01.800 +01:00][ 3917: 3917][info ] Logging initialized
[2025-Jun-15 00:30:01.800 +01:00][ 3917: 3917][info ] Initializing krisp SDK...
[2025-Jun-15 00:30:01.800 +01:00][ 3917: 3917][info ] DoKrispInitialize
[2025-Jun-15 00:30:02.016 +01:00][ 3917: 3917][warning] Application not signed by Discord, Krisp is not enabled
[2025-Jun-15 00:30:02.016 +01:00][ 3917: 3917][warning] Failed to setup Krisp module, error code: -3
[2025-Jun-15 00:30:02.016 +01:00][ 3917: 3917][info ] Krisp SDK initialized
[2025-Jun-15 01:00:50.678 +01:00][ 5658: 5658][info ] Logging initialized
[2025-Jun-15 01:00:50.678 +01:00][ 5658: 5658][info ] Initializing krisp SDK...
[2025-Jun-15 01:00:50.678 +01:00][ 5658: 5658][info ] DoKrispInitialize
[2025-Jun-15 01:00:50.897 +01:00][ 5658: 5658][warning] Application not signed by Discord, Krisp is not enabled
[2025-Jun-15 01:00:50.897 +01:00][ 5658: 5658][warning] Failed to setup Krisp module, error code: -3
[2025-Jun-15 01:00:50.897 +01:00][ 5658: 5658][info ] Krisp SDK initialized
[2025-Jun-15 11:23:40.634 +01:00][ 3263: 3263][info ] Logging initialized
[2025-Jun-15 11:23:40.634 +01:00][ 3263: 3263][info ] Initializing krisp SDK...
[2025-Jun-15 11:23:40.634 +01:00][ 3263: 3263][info ] DoKrispInitialize
[2025-Jun-15 11:23:40.847 +01:00][ 3263: 3263][warning] Application not signed by Discord, Krisp is not enabled
[2025-Jun-15 11:23:40.847 +01:00][ 3263: 3263][warning] Failed to setup Krisp module, error code: -3
[2025-Jun-15 11:23:40.847 +01:00][ 3263: 3263][info ] Krisp SDK initialized
[2025-Jun-15 11:38:59.727 +01:00][11559:11559][info ] Logging initialized
[2025-Jun-15 11:38:59.727 +01:00][11559:11559][info ] Initializing krisp SDK...
[2025-Jun-15 11:38:59.727 +01:00][11559:11559][info ] DoKrispInitialize
[2025-Jun-15 11:38:59.931 +01:00][11559:11559][warning] Application not signed by Discord, Krisp is not enabled
[2025-Jun-15 11:38:59.931 +01:00][11559:11559][warning] Failed to setup Krisp module, error code: -3
[2025-Jun-15 11:38:59.931 +01:00][11559:11559][info ] Krisp SDK initialized
