2025-06-17 21:43:03.070 [info] Reading sessions from keychain...
2025-06-17 21:43:03.070 [info] Getting sessions for all scopes...
2025-06-17 21:43:03.070 [info] Getting sessions for all scopes...
2025-06-17 21:43:03.070 [info] Getting sessions for all scopes...
2025-06-17 21:43:03.070 [info] Got stored sessions!
2025-06-17 21:43:03.070 [info] Got 1 verified sessions.
2025-06-17 21:43:03.070 [info] Got 1 sessions for ...
2025-06-17 21:43:03.070 [info] Got 1 sessions for ...
2025-06-17 21:43:03.070 [info] Got 1 sessions for ...
2025-06-17 21:43:03.488 [info] Getting sessions for all scopes...
2025-06-17 21:43:03.488 [info] Got 1 sessions for ...
2025-06-17 21:43:09.269 [info] Getting sessions for user:email...
2025-06-17 21:43:09.269 [info] Got 1 sessions for user:email...
2025-06-17 21:43:09.269 [info] Getting sessions for all scopes...
2025-06-17 21:43:09.269 [info] Got 1 sessions for ...
2025-06-17 21:43:09.269 [info] Getting sessions for all scopes...
2025-06-17 21:43:09.269 [info] Got 1 sessions for ...
2025-06-17 21:43:09.269 [info] Getting sessions for all scopes...
2025-06-17 21:43:09.269 [info] Got 1 sessions for ...
2025-06-17 21:43:09.269 [info] Getting sessions for all scopes...
2025-06-17 21:43:09.269 [info] Got 1 sessions for ...
2025-06-17 21:43:09.269 [info] Getting sessions for all scopes...
2025-06-17 21:43:09.269 [info] Got 1 sessions for ...
2025-06-17 21:43:26.309 [info] Getting sessions for read:user,repo,user:email,workflow...
2025-06-17 21:43:26.309 [info] Got 0 sessions for read:user,repo,user:email,workflow...
2025-06-17 21:43:26.409 [info] Getting sessions for read:user...
2025-06-17 21:43:26.409 [info] Got 0 sessions for read:user...
2025-06-17 21:43:26.494 [info] Getting sessions for user:email...
2025-06-17 21:43:26.494 [info] Got 1 sessions for user:email...
2025-06-17 21:43:45.726 [info] Reading sessions from keychain...
2025-06-17 21:43:45.726 [info] Getting sessions for all scopes...
2025-06-17 21:43:45.726 [info] Getting sessions for all scopes...
2025-06-17 21:43:45.726 [info] Getting sessions for all scopes...
2025-06-17 21:43:45.793 [info] Got stored sessions!
2025-06-17 21:43:45.793 [info] Got 1 verified sessions.
2025-06-17 21:43:45.793 [info] Got 1 sessions for ...
2025-06-17 21:43:45.793 [info] Got 1 sessions for ...
2025-06-17 21:43:45.793 [info] Got 1 sessions for ...
2025-06-17 21:43:45.797 [info] Getting sessions for all scopes...
2025-06-17 21:43:45.797 [info] Got 1 sessions for ...
2025-06-17 21:43:51.347 [info] Getting sessions for user:email...
2025-06-17 21:43:51.347 [info] Got 1 sessions for user:email...
2025-06-17 21:43:51.348 [info] Getting sessions for all scopes...
2025-06-17 21:43:51.348 [info] Got 1 sessions for ...
2025-06-17 21:43:51.348 [info] Getting sessions for all scopes...
2025-06-17 21:43:51.348 [info] Got 1 sessions for ...
2025-06-17 21:43:51.348 [info] Getting sessions for all scopes...
2025-06-17 21:43:51.348 [info] Got 1 sessions for ...
2025-06-17 21:43:51.348 [info] Getting sessions for all scopes...
2025-06-17 21:43:51.348 [info] Got 1 sessions for ...
2025-06-17 21:43:51.348 [info] Getting sessions for all scopes...
2025-06-17 21:43:51.348 [info] Got 1 sessions for ...
2025-06-17 21:43:51.376 [info] Getting sessions for read:org,user:email...
2025-06-17 21:43:51.376 [info] Got 0 sessions for read:org,user:email...
2025-06-17 21:43:51.705 [info] Getting sessions for user:email...
2025-06-17 21:43:51.705 [info] Got 1 sessions for user:email...
2025-06-17 21:44:08.630 [info] Getting sessions for read:user,repo,user:email,workflow...
2025-06-17 21:44:08.630 [info] Got 0 sessions for read:user,repo,user:email,workflow...
2025-06-17 21:44:09.181 [info] Getting sessions for read:user...
2025-06-17 21:44:09.181 [info] Got 0 sessions for read:user...
2025-06-17 21:44:09.260 [info] Getting sessions for user:email...
2025-06-17 21:44:09.260 [info] Got 1 sessions for user:email...
