[21:51:23.643] Log Level: 2
[21:51:23.655] SSH Resolver called for "ssh-remote+deucalion", attempt 1
[21:51:23.656] remote.SSH.useLocalServer = true
[21:51:23.656] remote.SSH.useExecServer = true
[21:51:23.656] remote.SSH.bindHost = {}
[21:51:23.656] remote.SSH.path = undefined
[21:51:23.656] remote.SSH.configFile = undefined
[21:51:23.656] remote.SSH.useFlock = true
[21:51:23.656] remote.SSH.lockfilesInTmp = false
[21:51:23.657] remote.SSH.localServerDownload = auto
[21:51:23.657] remote.SSH.remoteServerListenOnSocket = false
[21:51:23.657] remote.SSH.defaultExtensions = []
[21:51:23.657] remote.SSH.defaultExtensionsIfInstalledLocally = []
[21:51:23.657] remote.SSH.loglevel = 2
[21:51:23.657] remote.SSH.enableDynamicForwarding = true
[21:51:23.657] remote.SSH.enableRemoteCommand = false
[21:51:23.657] remote.SSH.serverPickPortsFromRange = {}
[21:51:23.657] remote.SSH.serverInstallPath = {}
[21:51:23.657] remote.SSH.permitPtyAllocation = false
[21:51:23.657] remote.SSH.preferredLocalPortRange = undefined
[21:51:23.657] remote.SSH.useCurlAndWgetConfigurationFiles = false
[21:51:23.658] remote.SSH.experimental.chat = false
[21:51:23.658] remote.SSH.experimental.enhancedSessionLogs = false
[21:51:23.658] remote.SSH.httpProxy = {}
[21:51:23.659] remote.SSH.httpsProxy = {}
[21:51:23.663] VS Code version: 1.98.2
[21:51:23.663] Remote-SSH version: remote-ssh@0.120.0
[21:51:23.663] linux x64
[21:51:23.665] SSH Resolver called for host: deucalion
[21:51:23.665] Setting up SSH remote "deucalion"
[21:51:23.668] Acquiring local install lock: /tmp/vscode-remote-ssh-4fc7920b-install.lock
[21:51:23.669] Looking for existing server data file at /home/daniel/.config/Code/User/globalStorage/ms-vscode-remote.remote-ssh/vscode-ssh-host-4fc7920b-ddc367ed5c8936efe395cffeec279b04ffd7db78-0.120.0-es/data.json
[21:51:23.669] Found existing data file
[21:51:23.669] Found local server running: {"remoteListeningOn":{"port":45897},"osReleaseId":"rocky","arch":"x86_64","sshAuthSock":"/tmp/ssh-ScxFYvS51l/agent.1310286","display":"","tmpDir":"/run/user/30398","platform":"linux","execServerToken":"28f1575d-1072-4c46-9561-682ee2853e90","pid":16133,"ipcHandlePath":"/run/user/1000/vscode-ssh-askpass-30cb2f317b5e5b66358e861b9a148a41e1db8dea.sock","socksPort":37811,"startupTime":1750020596668}
[21:51:23.672] Found running server - short-circuiting install
[21:51:23.674] Starting forwarding server. local port 39835 -> socksPort 37811 -> remotePort 45897
[21:51:23.674] Forwarding server listening on port 39835
[21:51:23.674] Waiting for ssh tunnel to be ready
[21:51:23.675] [Forwarding server port 39835] Got connection 0
[21:51:23.676] Tunneled port 45897 to local port 39835
[21:51:23.676] Resolved "ssh-remote+deucalion" to "port 39835"
[21:51:23.680] Initizing new exec server for ssh-remote+deucalion
[21:51:23.680] Resolving exec server at port 39835
[21:51:23.680] [Forwarding server port 39835] Got connection 1
[21:51:23.749] Exec server for ssh-remote+deucalion created and cached
[21:51:23.749] Extensions to install: 
[21:51:23.750] Updating $SSH_AUTH_SOCK: ln -f -s "/tmp/ssh-ScxFYvS51l/agent.1310286" "/run/user/30398/vscode-ssh-auth-sock-395866640"
[21:51:23.750] Using cwd: vscode-remote://ssh-remote%2Bdeucalion/
[21:51:23.750] Remote extension host environment: {"SSH_AUTH_SOCK":"/run/user/30398/vscode-ssh-auth-sock-395866640"}
[21:51:23.753] ------




[21:51:23.753] No hints found in the recent session.
[21:51:23.811] [server] Checking /home/mca55928/.vscode-server/cli/servers/Stable-ddc367ed5c8936efe395cffeec279b04ffd7db78/log.txt and /home/mca55928/.vscode-server/cli/servers/Stable-ddc367ed5c8936efe395cffeec279b04ffd7db78/pid.txt for a running server...
[21:51:23.834] [server] Found running server (pid=1310462)
[21:51:25.103] "Update SSH_AUTH_SOCK" terminal command done
[21:51:32.526] Opening exec server for ssh-remote+deucalion
[21:51:32.572] Opening exec server for ssh-remote+deucalion
[21:51:32.587] Verified and reusing cached exec server for ssh-remote+deucalion
[21:51:32.588] No hints found in the recent session.
[21:51:32.607] Verified and reusing cached exec server for ssh-remote+deucalion
[21:51:32.607] No hints found in the recent session.
[21:51:32.648] Opening exec server for ssh-remote+deucalion
[21:51:32.719] Verified and reusing cached exec server for ssh-remote+deucalion
[21:51:32.719] No hints found in the recent session.
