[2025-06-17T20:43:51.811Z] Dev Containers 0.401.0 over Remote - SSH 0.120.0 in VS Code 1.98.2 (ddc367ed5c8936efe395cffeec279b04ffd7db78).
[2025-06-17T20:43:51.811Z] Start: Loading environment from ExecServer
[2025-06-17T20:43:51.835Z] Stop (24 ms): Loading environment from ExecServer
[2025-06-17T20:43:51.835Z] Host OS: linux 4.18.0-348.el8.0.2.x86_64
[2025-06-17T20:43:51.835Z] Host CWD: /projects/F202500001HPCVLABEPICURE/mca55928/CHED/lab4
[2025-06-17T20:43:51.836Z] Start: Run: /bin/sh 
[2025-06-17T20:43:51.876Z] Start: Run in host: echo ~
[2025-06-17T20:43:51.939Z] /home/mca55928
[2025-06-17T20:43:51.940Z] 
[2025-06-17T20:43:51.940Z] Stop (64 ms): Run in host: echo ~
[2025-06-17T20:43:51.940Z] Start: Run in host: id -un
[2025-06-17T20:43:52.002Z] mca55928
[2025-06-17T20:43:52.003Z] 
[2025-06-17T20:43:52.003Z] Stop (63 ms): Run in host: id -un
[2025-06-17T20:43:52.003Z] Start: Run in host:  (command -v getent >/dev/null 2>&1 && getent passwd 'mca55928' || grep -E '^mca55928|^[^:]*:[^:]*:mca55928:' /etc/passwd || true)
[2025-06-17T20:43:52.064Z] Stop (61 ms): Run in host:  (command -v getent >/dev/null 2>&1 && getent passwd 'mca55928' || grep -E '^mca55928|^[^:]*:[^:]*:mca55928:' /etc/passwd || true)
[2025-06-17T20:43:52.065Z] userEnvProbe: loginInteractiveShell (default)
[2025-06-17T20:43:52.065Z] userEnvProbe: not found in cache
[2025-06-17T20:43:52.065Z] userEnvProbe shell: /bin/bash
[2025-06-17T20:43:52.955Z] userEnvProbe PATHs:
Probe:     '/projects/F202500001HPCVLABEPICURE/mca55928/sbt/bin:/projects/F202500001HPCVLABEPICURE/mca55928/sbt/bin:/home/mca55928/.local/bin:/home/mca55928/bin:/usr/local/bin:/usr/bin:/usr/local/sbin:/usr/sbin:/home/mca55928/.local/share/coursier/bin:/home/mca55928/.local/share/coursier/bin'
Container: None
[2025-06-17T20:43:53.163Z] Initializing configuration support...
[2025-06-17T20:43:53.163Z] Internal initialization of dev container support package...
