2025-06-15 21:50:08.269 [info] Reading sessions from keychain...
2025-06-15 21:50:08.269 [info] Getting sessions for all scopes...
2025-06-15 21:50:08.269 [info] Getting sessions for all scopes...
2025-06-15 21:50:08.269 [info] Getting sessions for all scopes...
2025-06-15 21:50:08.269 [info] Got stored sessions!
2025-06-15 21:50:08.269 [info] Got 1 verified sessions.
2025-06-15 21:50:08.269 [info] Got 1 sessions for ...
2025-06-15 21:50:08.269 [info] Got 1 sessions for ...
2025-06-15 21:50:08.269 [info] Got 1 sessions for ...
2025-06-15 21:50:15.130 [info] Getting sessions for user:email...
2025-06-15 21:50:15.130 [info] Got 1 sessions for user:email...
2025-06-15 21:50:15.130 [info] Getting sessions for all scopes...
2025-06-15 21:50:15.130 [info] Got 1 sessions for ...
2025-06-15 21:50:15.130 [info] Getting sessions for all scopes...
2025-06-15 21:50:15.130 [info] Got 1 sessions for ...
2025-06-15 21:50:15.130 [info] Getting sessions for all scopes...
2025-06-15 21:50:15.130 [info] Got 1 sessions for ...
2025-06-15 21:50:15.130 [info] Getting sessions for all scopes...
2025-06-15 21:50:15.130 [info] Got 1 sessions for ...
2025-06-15 21:50:15.130 [info] Getting sessions for all scopes...
2025-06-15 21:50:15.130 [info] Got 1 sessions for ...
2025-06-15 21:50:32.414 [info] Getting sessions for read:user,repo,user:email,workflow...
2025-06-15 21:50:32.414 [info] Got 0 sessions for read:user,repo,user:email,workflow...
2025-06-15 21:50:32.977 [info] Getting sessions for read:user...
2025-06-15 21:50:32.977 [info] Got 0 sessions for read:user...
2025-06-15 21:50:33.055 [info] Getting sessions for user:email...
2025-06-15 21:50:33.055 [info] Got 1 sessions for user:email...
2025-06-15 21:51:25.911 [info] Reading sessions from keychain...
2025-06-15 21:51:25.911 [info] Getting sessions for all scopes...
2025-06-15 21:51:25.911 [info] Getting sessions for all scopes...
2025-06-15 21:51:25.911 [info] Getting sessions for all scopes...
2025-06-15 21:51:25.911 [info] Got stored sessions!
2025-06-15 21:51:25.911 [info] Got 1 verified sessions.
2025-06-15 21:51:25.911 [info] Got 1 sessions for ...
2025-06-15 21:51:25.911 [info] Got 1 sessions for ...
2025-06-15 21:51:25.911 [info] Got 1 sessions for ...
2025-06-15 21:51:25.911 [info] Getting sessions for all scopes...
2025-06-15 21:51:25.911 [info] Got 1 sessions for ...
2025-06-15 21:51:32.212 [info] Getting sessions for user:email...
2025-06-15 21:51:32.212 [info] Got 1 sessions for user:email...
2025-06-15 21:51:32.212 [info] Getting sessions for all scopes...
2025-06-15 21:51:32.212 [info] Got 1 sessions for ...
2025-06-15 21:51:32.212 [info] Getting sessions for all scopes...
2025-06-15 21:51:32.212 [info] Got 1 sessions for ...
2025-06-15 21:51:32.212 [info] Getting sessions for all scopes...
2025-06-15 21:51:32.212 [info] Got 1 sessions for ...
2025-06-15 21:51:32.212 [info] Getting sessions for all scopes...
2025-06-15 21:51:32.212 [info] Got 1 sessions for ...
2025-06-15 21:51:32.212 [info] Getting sessions for all scopes...
2025-06-15 21:51:32.212 [info] Got 1 sessions for ...
2025-06-15 21:51:32.241 [info] Getting sessions for read:org,user:email...
2025-06-15 21:51:32.241 [info] Got 0 sessions for read:org,user:email...
2025-06-15 21:51:32.637 [info] Getting sessions for user:email...
2025-06-15 21:51:32.637 [info] Got 1 sessions for user:email...
2025-06-15 21:51:33.952 [info] Getting sessions for read:user,repo,user:email,workflow...
2025-06-15 21:51:33.952 [info] Got 0 sessions for read:user,repo,user:email,workflow...
2025-06-15 21:51:58.516 [info] Getting sessions for read:user,repo,user:email,workflow...
2025-06-15 21:51:58.516 [info] Got 0 sessions for read:user,repo,user:email,workflow...
2025-06-15 21:51:59.185 [info] Getting sessions for read:user...
2025-06-15 21:51:59.185 [info] Got 0 sessions for read:user...
2025-06-15 21:51:59.281 [info] Getting sessions for user:email...
2025-06-15 21:51:59.281 [info] Got 1 sessions for user:email...
2025-06-15 22:22:12.565 [info] Getting sessions for read:user,repo,user:email,workflow...
2025-06-15 22:22:12.566 [info] Got 0 sessions for read:user,repo,user:email,workflow...
