2025-06-16 11:33:42.553 [info] Reading sessions from keychain...
2025-06-16 11:33:42.553 [info] Getting sessions for all scopes...
2025-06-16 11:33:42.553 [info] Getting sessions for all scopes...
2025-06-16 11:33:42.553 [info] Getting sessions for all scopes...
2025-06-16 11:33:42.733 [info] Got stored sessions!
2025-06-16 11:33:42.733 [info] Got 1 verified sessions.
2025-06-16 11:33:42.733 [info] Got 1 sessions for ...
2025-06-16 11:33:42.733 [info] Got 1 sessions for ...
2025-06-16 11:33:42.733 [info] Got 1 sessions for ...
2025-06-16 11:33:43.401 [info] Getting sessions for user:email...
2025-06-16 11:33:43.401 [info] Got 1 sessions for user:email...
2025-06-16 11:33:43.402 [info] Getting sessions for all scopes...
2025-06-16 11:33:43.402 [info] Got 1 sessions for ...
2025-06-16 11:33:43.402 [info] Getting sessions for all scopes...
2025-06-16 11:33:43.402 [info] Got 1 sessions for ...
2025-06-16 11:33:43.402 [info] Getting sessions for all scopes...
2025-06-16 11:33:43.402 [info] Got 1 sessions for ...
2025-06-16 11:33:43.402 [info] Getting sessions for all scopes...
2025-06-16 11:33:43.402 [info] Got 1 sessions for ...
2025-06-16 11:33:43.402 [info] Getting sessions for all scopes...
2025-06-16 11:33:43.402 [info] Got 1 sessions for ...
2025-06-16 11:33:43.427 [info] Getting sessions for read:org,user:email...
2025-06-16 11:33:43.427 [info] Got 0 sessions for read:org,user:email...
2025-06-16 11:33:43.674 [info] Getting sessions for user:email...
2025-06-16 11:33:43.674 [info] Got 1 sessions for user:email...
2025-06-16 11:33:48.607 [info] Getting sessions for read:user,repo,user:email,workflow...
2025-06-16 11:33:48.607 [info] Got 0 sessions for read:user,repo,user:email,workflow...
2025-06-16 11:34:12.106 [info] Getting sessions for read:user,repo,user:email,workflow...
2025-06-16 11:34:12.106 [info] Got 0 sessions for read:user,repo,user:email,workflow...
2025-06-16 11:34:12.150 [info] Getting sessions for read:user...
2025-06-16 11:34:12.150 [info] Got 0 sessions for read:user...
2025-06-16 11:34:12.222 [info] Getting sessions for user:email...
2025-06-16 11:34:12.222 [info] Got 1 sessions for user:email...
