    OpenRGB v0.9
    Commit:  from 
    Launched: 20250615_195912
====================================================================================================

0     |Info:    Found file: Default.orp attempting to validate header
0     |Info:    Valid v4 profile found for Default
11595 |Info:    Profile loading: Succeeded for ASUS TUF GAMING B650-E WIFI @ HID: /dev/hidraw1
12911 |Info:    Profile loading: Succeeded for ASUS TUF GAMING B650-E WIFI @ HID: /dev/hidraw1
28847 |Info:    Found file: Default.orp attempting to validate header
28847 |Info:    Valid v4 profile found for Default
37881 |Info:    Found file: Default.orp attempting to validate header
37881 |Info:    Valid v4 profile found for Default
41341 |Info:    Profile loading: Succeeded for ASUS TUF GAMING B650-E WIFI @ HID: /dev/hidraw1
42171 |Info:    Profile loading: Succeeded for ASUS TUF GAMING B650-E WIFI @ HID: /dev/hidraw1
42395 |Info:    Profile loading: Succeeded for ASUS TUF GAMING B650-E WIFI @ HID: /dev/hidraw1
42587 |Info:    Profile loading: Succeeded for ASUS TUF GAMING B650-E WIFI @ HID: /dev/hidraw1
49238 |Info:    Found file: Default.orp attempting to validate header
49238 |Info:    Valid v4 profile found for Default
77470 |Info:    Found file: Default.orp attempting to validate header
77470 |Info:    Valid v4 profile found for Default
78138 |Info:    Found file: Default.orp attempting to validate header
78138 |Info:    Valid v4 profile found for Default
78292 |Info:    Found file: Default.orp attempting to validate header
78292 |Info:    Valid v4 profile found for Default
78602 |Info:    Found file: Default.orp attempting to validate header
78602 |Info:    Valid v4 profile found for Default
78798 |Info:    Found file: Default.orp attempting to validate header
78798 |Info:    Valid v4 profile found for Default
86668 |Info:    Found file: Default.orp attempting to validate header
86668 |Info:    Valid v4 profile found for Default
87938 |Info:    Profile loading: Succeeded for ASUS TUF GAMING B650-E WIFI @ HID: /dev/hidraw1
