    OpenRGB v0.9
    Commit:  from 
    Launched: 20250616_124218
====================================================================================================

0     |Info:    Found file: Default.orp attempting to validate header
0     |Info:    Valid v4 profile found for Default
11432 |Info:    Found file: Default.orp attempting to validate header
11432 |Info:    Valid v4 profile found for Default
38372 |Info:    Found file: Default.orp attempting to validate header
38372 |Info:    Valid v4 profile found for Default
38372 |Info:    Found file: White.orp attempting to validate header
38372 |Info:    Valid v4 profile found for White
40212 |Info:    Profile loading: Succeeded for ASUS TUF GAMING B650-E WIFI @ HID: /dev/hidraw1
41645 |Info:    Profile loading: Succeeded for ASUS TUF GAMING B650-E WIFI @ HID: /dev/hidraw1
51107 |Info:    Found file: Default.orp attempting to validate header
51107 |Info:    Valid v4 profile found for Default
51107 |Info:    Found file: White.orp attempting to validate header
51107 |Info:    Valid v4 profile found for White
51795 |Info:    Found file: Default.orp attempting to validate header
51795 |Info:    Valid v4 profile found for Default
51795 |Info:    Found file: White.orp attempting to validate header
51795 |Info:    Valid v4 profile found for White
52005 |Info:    Found file: Default.orp attempting to validate header
52005 |Info:    Valid v4 profile found for Default
52005 |Info:    Found file: White.orp attempting to validate header
52005 |Info:    Valid v4 profile found for White
52185 |Info:    Found file: Default.orp attempting to validate header
52185 |Info:    Valid v4 profile found for Default
52185 |Info:    Found file: White.orp attempting to validate header
52185 |Info:    Valid v4 profile found for White
58503 |Info:    Profile loading: Succeeded for ASUS TUF GAMING B650-E WIFI @ HID: /dev/hidraw1
61601 |Info:    Profile loading: Succeeded for ASUS TUF GAMING B650-E WIFI @ HID: /dev/hidraw1
67097 |Info:    Profile loading: Succeeded for ASUS TUF GAMING B650-E WIFI @ HID: /dev/hidraw1
67821 |Info:    Profile loading: Succeeded for ASUS TUF GAMING B650-E WIFI @ HID: /dev/hidraw1
68453 |Info:    Profile loading: Succeeded for ASUS TUF GAMING B650-E WIFI @ HID: /dev/hidraw1
69591 |Info:    Profile loading: Succeeded for ASUS TUF GAMING B650-E WIFI @ HID: /dev/hidraw1
70351 |Info:    Profile loading: Succeeded for ASUS TUF GAMING B650-E WIFI @ HID: /dev/hidraw1
71125 |Info:    Profile loading: Succeeded for ASUS TUF GAMING B650-E WIFI @ HID: /dev/hidraw1
71637 |Info:    Profile loading: Succeeded for ASUS TUF GAMING B650-E WIFI @ HID: /dev/hidraw1
72297 |Info:    Profile loading: Succeeded for ASUS TUF GAMING B650-E WIFI @ HID: /dev/hidraw1
73341 |Info:    Profile loading: Succeeded for ASUS TUF GAMING B650-E WIFI @ HID: /dev/hidraw1
75857 |Info:    Profile loading: Succeeded for ASUS TUF GAMING B650-E WIFI @ HID: /dev/hidraw1
76539 |Info:    Profile loading: Succeeded for ASUS TUF GAMING B650-E WIFI @ HID: /dev/hidraw1
