2025-06-15 21:50:08.493 [info] Configuration changed
2025-06-15 21:50:08.496 [info] Configuration changed
2025-06-15 21:50:08.498 [info] Configuration changed
2025-06-15 21:50:10.440 [info] Configuration changed
2025-06-15 21:50:12.526 [info] Configuration changed
2025-06-15 21:50:15.166 [info] Configuration changed
2025-06-15 21:50:22.766 [info] Configuration changed
2025-06-15 21:50:24.164 [info] Configuration changed
2025-06-15 21:50:43.932 [info] Configuration changed
2025-06-15 21:52:37.757 [info] Executing :w
2025-06-15 21:53:09.834 [info] Configuration changed
2025-06-15 21:55:29.714 [info] Active editor: vscode-remote://ssh-remote%2Bdeucalion/projects/F202500001HPCVLABEPICURE/mca55928/CHED/ched/CMakeLists.txt
2025-06-15 21:55:29.723 [info] /projects/F202500001HPCVLABEPICURE/mca55928/CHED/ched/Makefile.git closed
2025-06-15 21:57:27.509 [info] Configuration changed
2025-06-15 21:57:27.515 [info] Configuration changed
2025-06-15 21:57:29.749 [info] Configuration changed
2025-06-15 21:57:48.665 [info] Executing :w
2025-06-15 22:01:25.584 [info] Active editor: vscode-remote://ssh-remote%2Bdeucalion/projects/F202500001HPCVLABEPICURE/mca55928/CHED/ched/x86.sh
2025-06-15 22:01:42.587 [info] /projects/F202500001HPCVLABEPICURE/mca55928/CHED/ched/x86.sh closed
2025-06-15 22:01:42.615 [info] Active editor: vscode-remote://ssh-remote%2Bdeucalion/projects/F202500001HPCVLABEPICURE/mca55928/CHED/ched/src/main.cpp
2025-06-15 22:01:42.621 [info] /projects/F202500001HPCVLABEPICURE/mca55928/CHED/ched/x86.sh.git closed
2025-06-15 22:01:51.448 [info] Active editor: vscode-remote://ssh-remote%2Bdeucalion/projects/F202500001HPCVLABEPICURE/mca55928/CHED/ched/CMakeLists.txt
2025-06-15 22:01:51.451 [info] /projects/F202500001HPCVLABEPICURE/mca55928/CHED/ched/src/main.cpp.git closed
2025-06-15 22:01:56.545 [info] /projects/F202500001HPCVLABEPICURE/mca55928/CHED/ched/src/main.cpp closed
2025-06-15 22:01:56.610 [info] Active editor: vscode-remote://ssh-remote%2Bdeucalion/projects/F202500001HPCVLABEPICURE/mca55928/CHED/ched/x86.sh
2025-06-15 22:02:52.370 [info] Executing :w
2025-06-15 22:04:10.642 [info] Active editor: vscode-remote://ssh-remote%2Bdeucalion/projects/F202500001HPCVLABEPICURE/mca55928/CHED/ched/src/matrix.cpp
2025-06-15 22:04:10.691 [info] /projects/F202500001HPCVLABEPICURE/mca55928/CHED/ched/x86.sh.git closed
2025-06-15 22:04:13.369 [info] /projects/F202500001HPCVLABEPICURE/mca55928/CHED/ched/src/matrix.cpp closed
2025-06-15 22:04:13.416 [info] Active editor: vscode-remote://ssh-remote%2Bdeucalion/projects/F202500001HPCVLABEPICURE/mca55928/CHED/ched/src/main.cpp
2025-06-15 22:04:13.425 [info] /projects/F202500001HPCVLABEPICURE/mca55928/CHED/ched/src/matrix.cpp.git closed
2025-06-15 22:05:22.872 [info] /projects/F202500001HPCVLABEPICURE/mca55928/CHED/ched/src/main.cpp closed
2025-06-15 22:05:22.900 [info] Active editor: vscode-remote://ssh-remote%2Bdeucalion/projects/F202500001HPCVLABEPICURE/mca55928/CHED/ched/config.yml
2025-06-15 22:05:22.903 [info] /projects/F202500001HPCVLABEPICURE/mca55928/CHED/ched/src/main.cpp.git closed
2025-06-15 22:05:25.505 [info] Executing :w
2025-06-15 22:06:39.079 [info] Active editor: vscode-remote://ssh-remote%2Bdeucalion/projects/F202500001HPCVLABEPICURE/mca55928/CHED/ched/src/main.cpp
2025-06-15 22:06:44.264 [info] Executing :w
2025-06-15 22:07:05.136 [info] Executing :w
2025-06-15 22:07:56.154 [warning] invalid cursor position. [[49, 47] | [46, 4]].
2025-06-15 22:08:03.921 [info] Executing :w
2025-06-15 22:08:04.934 [info] Executing :w
2025-06-15 22:08:24.722 [warning] invalid cursor position. [[61, 51] | [59, 4]].
2025-06-15 22:08:26.669 [info] Executing :w
2025-06-15 22:08:37.173 [info] Executing :W
2025-06-15 22:08:37.785 [info] Executing :w
2025-06-15 22:09:34.417 [info] Executing :w
2025-06-15 22:10:01.906 [info] Active editor: vscode-remote://ssh-remote%2Bdeucalion/projects/F202500001HPCVLABEPICURE/mca55928/CHED/ched/x86.sh
2025-06-15 22:10:01.911 [info] /projects/F202500001HPCVLABEPICURE/mca55928/CHED/ched/src/main.cpp.git closed
2025-06-15 22:10:17.977 [info] Executing :w
2025-06-15 22:13:30.469 [info] Executing :w
2025-06-15 22:13:40.484 [info] Active editor: vscode-remote://ssh-remote%2Bdeucalion/projects/F202500001HPCVLABEPICURE/mca55928/CHED/ched/config.yml
2025-06-15 22:13:40.489 [info] /projects/F202500001HPCVLABEPICURE/mca55928/CHED/ched/x86.sh.git closed
2025-06-15 22:13:41.187 [info] Active editor: vscode-remote://ssh-remote%2Bdeucalion/projects/F202500001HPCVLABEPICURE/mca55928/CHED/ched/CMakeLists.txt
2025-06-15 22:13:41.966 [info] Active editor: vscode-remote://ssh-remote%2Bdeucalion/projects/F202500001HPCVLABEPICURE/mca55928/CHED/ched/config.yml
2025-06-15 22:15:04.555 [info] Active editor: vscode-remote://ssh-remote%2Bdeucalion/projects/F202500001HPCVLABEPICURE/mca55928/CHED/ched/.gitignore
2025-06-15 22:15:04.558 [info] /projects/F202500001HPCVLABEPICURE/mca55928/CHED/ched/config.yml.git closed
2025-06-15 22:15:08.663 [info] Executing :w
2025-06-15 22:15:27.325 [info] /projects/F202500001HPCVLABEPICURE/mca55928/CHED/ched/.gitignore.git closed
2025-06-15 22:17:42.421 [info] Active editor: vscode-remote://ssh-remote%2Bdeucalion/projects/F202500001HPCVLABEPICURE/mca55928/CHED/ched/src/main.cpp
2025-06-15 22:17:42.429 [info] /projects/F202500001HPCVLABEPICURE/mca55928/CHED/ched/.gitignore.git closed
2025-06-15 22:17:47.530 [info] Executing :w
2025-06-15 22:17:59.455 [info] /projects/F202500001HPCVLABEPICURE/mca55928/CHED/ched/src/main.cpp.git closed
2025-06-15 22:21:31.901 [info] git/scm0/input closed
