2025-06-17 14:31:51.059 [info] Extension host with pid 4499 started
2025-06-17 14:31:51.059 [info] Skipping acquiring lock for /home/daniel/.config/Code/User/workspaceStorage/bf7e58e9e66e2601c793ad7fc24dc612.
2025-06-17 14:31:51.059 [info] $getCanonicalURI invoked for authority (ssh-remote)
2025-06-17 14:31:51.062 [info] ExtensionService#_doActivateExtension ms-vscode-remote.remote-ssh, startup: false, activationEvent: 'onResolveRemoteAuthority:ssh-remote'
2025-06-17 14:31:51.136 [info] [resolveAuthority(ssh-remote,1)][0ms] activating remote resolvers ssh-remote+deucalion
2025-06-17 14:31:51.136 [info] [resolveAuthority(ssh-remote,1)][0ms] activating resolver for ssh-remote+deucalion...
2025-06-17 14:31:51.137 [info] [resolveAuthority(ssh-remote,1)][1ms] invoking final resolve()...
2025-06-17 14:31:52.137 [info] [resolveAuthority(ssh-remote,1)][1001ms] waiting...
2025-06-17 14:31:53.137 [info] [resolveAuthority(ssh-remote,1)][2001ms] waiting...
2025-06-17 14:31:54.138 [info] [resolveAuthority(ssh-remote,1)][3002ms] waiting...
2025-06-17 14:31:55.138 [info] [resolveAuthority(ssh-remote,1)][4002ms] waiting...
2025-06-17 14:31:55.722 [info] [resolveAuthority(ssh-remote,1)][4586ms] setting tunnel factory...
2025-06-17 14:31:55.722 [info] [resolveAuthority(ssh-remote,1)][4586ms] returned managed authority
2025-06-17 14:32:02.482 [info] ExtensionService#_doActivateExtension illixion.vscode-vibrancy-continued, startup: true, activationEvent: '*'
2025-06-17 14:32:02.496 [info] ExtensionService#_doActivateExtension wayou.vscode-todo-highlight, startup: true, activationEvent: '*'
2025-06-17 14:32:02.497 [info] ExtensionService#_doActivateExtension vscode.github-authentication, startup: false, activationEvent: 'onAuthenticationRequest:github'
2025-06-17 14:32:02.509 [info] ExtensionService#_doActivateExtension ms-vscode.remote-explorer, startup: false, activationEvent: 'onCommand:remote-internal.setActiveFolders'
2025-06-17 14:32:02.706 [info] ExtensionService#_doActivateExtension ms-vscode.remote-server, startup: false, activationEvent: 'onCommand:remote-tunnels.internal.isAuthenticated'
2025-06-17 14:32:09.428 [info] Not activating extension 'ms-vscode-remote.remote-containers': Timed out while searching for 'workspaceContains' pattern .devcontainer/devcontainer.json,.devcontainer.json
2025-06-17 14:32:09.428 [info] Eager extensions activated
2025-06-17 14:32:09.428 [info] ExtensionService#_doActivateExtension ms-vscode-remote.remote-containers, startup: false, activationEvent: 'onStartupFinished'
2025-06-17 14:32:09.498 [info] ExtensionService#_doActivateExtension ms-vscode-remote.remote-wsl, startup: false, activationEvent: 'onStartupFinished'
2025-06-17 14:32:09.544 [info] ExtensionService#_doActivateExtension vscodevim.vim, startup: false, activationEvent: 'onStartupFinished'
2025-06-17 14:32:10.614 [error] Error: ENOENT: no such file or directory, open '/home/daniel/.config/Code/User/globalStorage/vscodevim.vim/.registers'
2025-06-17 14:32:10.769 [info] ExtensionService#_doActivateExtension vscode.microsoft-authentication, startup: false, activationEvent: 'onAuthenticationRequest:microsoft'
2025-06-17 18:49:42.389 [info] ExtensionService#_doActivateExtension tomoki1207.pdf, startup: false, activationEvent: 'onCustomEditor:pdf.preview'
