2025-06-17 14:32:02.571 [info] Reading sessions from keychain...
2025-06-17 14:32:02.571 [info] Getting sessions for all scopes...
2025-06-17 14:32:02.571 [info] Getting sessions for all scopes...
2025-06-17 14:32:02.571 [info] Getting sessions for all scopes...
2025-06-17 14:32:02.745 [info] Got stored sessions!
2025-06-17 14:32:02.745 [info] Got 1 verified sessions.
2025-06-17 14:32:02.745 [info] Got 1 sessions for ...
2025-06-17 14:32:02.745 [info] Got 1 sessions for ...
2025-06-17 14:32:02.745 [info] Got 1 sessions for ...
2025-06-17 14:32:10.762 [info] Getting sessions for user:email...
2025-06-17 14:32:10.762 [info] Got 1 sessions for user:email...
2025-06-17 14:32:10.763 [info] Getting sessions for all scopes...
2025-06-17 14:32:10.763 [info] Got 1 sessions for ...
2025-06-17 14:32:10.763 [info] Getting sessions for all scopes...
2025-06-17 14:32:10.763 [info] Got 1 sessions for ...
2025-06-17 14:32:10.763 [info] Getting sessions for all scopes...
2025-06-17 14:32:10.763 [info] Got 1 sessions for ...
2025-06-17 14:32:10.763 [info] Getting sessions for all scopes...
2025-06-17 14:32:10.763 [info] Got 1 sessions for ...
2025-06-17 14:32:10.763 [info] Getting sessions for all scopes...
2025-06-17 14:32:10.763 [info] Got 1 sessions for ...
2025-06-17 14:32:10.793 [info] Getting sessions for read:org,user:email...
2025-06-17 14:32:10.793 [info] Got 0 sessions for read:org,user:email...
2025-06-17 14:32:11.041 [info] Getting sessions for user:email...
2025-06-17 14:32:11.041 [info] Got 1 sessions for user:email...
2025-06-17 14:32:17.831 [info] Getting sessions for read:user,repo,user:email,workflow...
2025-06-17 14:32:17.831 [info] Got 0 sessions for read:user,repo,user:email,workflow...
2025-06-17 14:32:30.530 [info] Getting sessions for read:user,repo,user:email,workflow...
2025-06-17 14:32:30.530 [info] Got 0 sessions for read:user,repo,user:email,workflow...
2025-06-17 14:32:31.054 [info] Getting sessions for read:user...
2025-06-17 14:32:31.054 [info] Got 0 sessions for read:user...
2025-06-17 14:32:31.190 [info] Getting sessions for user:email...
2025-06-17 14:32:31.190 [info] Got 1 sessions for user:email...
2025-06-17 15:33:33.990 [info] Getting sessions for read:user,repo,user:email,workflow...
2025-06-17 15:33:33.990 [info] Got 0 sessions for read:user,repo,user:email,workflow...
2025-06-17 15:33:34.076 [info] Getting sessions for read:user...
2025-06-17 15:33:34.076 [info] Got 0 sessions for read:user...
2025-06-17 15:33:34.157 [info] Getting sessions for user:email...
2025-06-17 15:33:34.157 [info] Got 1 sessions for user:email...
2025-06-17 16:03:39.234 [info] Getting sessions for read:user,repo,user:email,workflow...
2025-06-17 16:03:39.234 [info] Got 0 sessions for read:user,repo,user:email,workflow...
2025-06-17 16:03:39.315 [info] Getting sessions for read:user...
2025-06-17 16:03:39.315 [info] Got 0 sessions for read:user...
2025-06-17 16:03:39.397 [info] Getting sessions for user:email...
2025-06-17 16:03:39.397 [info] Got 1 sessions for user:email...
2025-06-17 16:31:00.564 [info] Getting sessions for read:user,repo,user:email,workflow...
2025-06-17 16:31:00.565 [info] Got 0 sessions for read:user,repo,user:email,workflow...
2025-06-17 16:31:00.684 [info] Getting sessions for read:user...
2025-06-17 16:31:00.684 [info] Got 0 sessions for read:user...
2025-06-17 16:31:00.765 [info] Getting sessions for user:email...
2025-06-17 16:31:00.765 [info] Got 1 sessions for user:email...
2025-06-17 18:09:52.877 [info] Getting sessions for read:user,repo,user:email,workflow...
2025-06-17 18:09:52.877 [info] Got 0 sessions for read:user,repo,user:email,workflow...
2025-06-17 18:09:52.983 [info] Getting sessions for read:user...
2025-06-17 18:09:52.983 [info] Got 0 sessions for read:user...
2025-06-17 18:09:53.088 [info] Getting sessions for user:email...
2025-06-17 18:09:53.088 [info] Got 1 sessions for user:email...
2025-06-17 18:49:55.116 [info] Getting sessions for read:user,repo,user:email,workflow...
2025-06-17 18:49:55.116 [info] Got 0 sessions for read:user,repo,user:email,workflow...
2025-06-17 18:49:55.202 [info] Getting sessions for read:user...
2025-06-17 18:49:55.202 [info] Got 0 sessions for read:user...
2025-06-17 18:49:55.317 [info] Getting sessions for user:email...
2025-06-17 18:49:55.317 [info] Got 1 sessions for user:email...
2025-06-17 20:16:41.512 [info] Getting sessions for read:user,repo,user:email,workflow...
2025-06-17 20:16:41.512 [info] Got 0 sessions for read:user,repo,user:email,workflow...
2025-06-17 20:16:41.590 [info] Getting sessions for read:user...
2025-06-17 20:16:41.590 [info] Got 0 sessions for read:user...
2025-06-17 20:16:41.668 [info] Getting sessions for user:email...
2025-06-17 20:16:41.668 [info] Got 1 sessions for user:email...
2025-06-17 21:00:16.091 [info] Getting sessions for read:user,repo,user:email,workflow...
2025-06-17 21:00:16.092 [info] Got 0 sessions for read:user,repo,user:email,workflow...
2025-06-17 21:00:16.200 [info] Getting sessions for read:user...
2025-06-17 21:00:16.200 [info] Got 0 sessions for read:user...
2025-06-17 21:00:16.307 [info] Getting sessions for user:email...
2025-06-17 21:00:16.307 [info] Got 1 sessions for user:email...
2025-06-17 21:32:34.436 [info] Getting sessions for read:user,repo,user:email,workflow...
2025-06-17 21:32:34.436 [info] Got 0 sessions for read:user,repo,user:email,workflow...
2025-06-17 21:32:34.522 [info] Getting sessions for read:user...
2025-06-17 21:32:34.522 [info] Got 0 sessions for read:user...
2025-06-17 21:32:34.605 [info] Getting sessions for user:email...
2025-06-17 21:32:34.605 [info] Got 1 sessions for user:email...
