INFO  2025-06-25T10:18:04.324+00:00 ThreadId(26) [1P:op-settings/src/store/json_store.rs:73] Settings file created @ 2025-06-13 19:37:40.775204418 UTC and last modified @ 2025-06-15 20:42:26.194254178 UTC
INFO  2025-06-25T10:18:04.329+00:00 ThreadId(26) [client:typescript] Client starting.
ERROR 2025-06-25T10:18:04.942+00:00 ThreadId(26) [1P:op-crash-reporting/src/crash_handler.rs:67] Os { code: 2, kind: NotFound, message: "No such file or directory" }
INFO  2025-06-25T10:18:04.943+00:00 ThreadId(26) [1P:op-localization/src/lib.rs:237] system locale detected as 'en-US'
INFO  2025-06-25T10:18:04.943+00:00 ThreadId(26) [1P:op-localization/src/lib.rs:263] selected translations for EN_US based on detected locale en-US
INFO  2025-06-25T10:18:04.943+00:00 ThreadId(26) [status:app/op-app/src/app.rs:826] App::new(1Password for Linux/81060027 (EN_US), /home/<redacted-username>/.config/1Password)
INFO  2025-06-25T10:18:04.962+00:00 ThreadId(26) [1P:data/op-db/src/common/mod.rs:146] Core DB Table Integrity Check Succeeded
INFO  2025-06-25T10:18:04.962+00:00 ThreadId(26) [1P:data/op-db/src/common/mod.rs:160] Core DB Integrity Check Succeeded
INFO  2025-06-25T10:18:04.962+00:00 ThreadId(26) [1P:data/op-db/src/core_db/db.rs:146] Starting Core DB at version: 39
INFO  2025-06-25T10:18:04.964+00:00 ThreadId(26) [1P:data/op-db/src/common/mod.rs:146] Resources DB Table Integrity Check Succeeded
INFO  2025-06-25T10:18:04.964+00:00 ThreadId(26) [1P:data/op-db/src/common/mod.rs:160] Resources DB Integrity Check Succeeded
INFO  2025-06-25T10:18:04.964+00:00 ThreadId(26) [1P:data/op-db/src/resources_db/db.rs:105] Starting Resources DB at version: 1
INFO  2025-06-25T10:18:04.968+00:00 ThreadId(26) [1P:ssh/op-ssh-config/src/lib.rs:379] agent not configured
INFO  2025-06-25T10:18:04.972+00:00 ThreadId(26) [1P:native-messaging/op-nm-installer/src/nix_utils.rs:68] Created NMH manifest at /home/<redacted-username>/.config/google-chrome/NativeMessagingHosts/com.1password.1password.json
INFO  2025-06-25T10:18:04.972+00:00 ThreadId(26) [1P:native-messaging/op-nm-installer/src/nix_utils.rs:68] Created NMH manifest at /home/<redacted-username>/.config/google-chrome-beta/NativeMessagingHosts/com.1password.1password.json
INFO  2025-06-25T10:18:04.973+00:00 ThreadId(26) [1P:native-messaging/op-nm-installer/src/nix_utils.rs:68] Created NMH manifest at /home/<redacted-username>/.config/google-chrome-unstable/NativeMessagingHosts/com.1password.1password.json
INFO  2025-06-25T10:18:04.973+00:00 ThreadId(26) [1P:native-messaging/op-nm-installer/src/nix_utils.rs:68] Created NMH manifest at /home/<redacted-username>/.config/chromium/NativeMessagingHosts/com.1password.1password.json
INFO  2025-06-25T10:18:04.973+00:00 ThreadId(26) [1P:native-messaging/op-nm-installer/src/nix_utils.rs:68] Created NMH manifest at /home/<redacted-username>/.config/microsoft-edge-dev/NativeMessagingHosts/com.1password.1password.json
INFO  2025-06-25T10:18:04.973+00:00 ThreadId(26) [1P:native-messaging/op-nm-installer/src/nix_utils.rs:68] Created NMH manifest at /home/<redacted-username>/.config/BraveSoftware/Brave-Browser/NativeMessagingHosts/com.1password.1password.json
INFO  2025-06-25T10:18:04.973+00:00 ThreadId(26) [1P:native-messaging/op-nm-installer/src/nix_utils.rs:68] Created NMH manifest at /home/<redacted-username>/.config/vivaldi/NativeMessagingHosts/com.1password.1password.json
INFO  2025-06-25T10:18:04.973+00:00 ThreadId(26) [1P:native-messaging/op-nm-installer/src/nix_utils.rs:68] Created NMH manifest at /home/<redacted-username>/.config/vivaldi-snapshot/NativeMessagingHosts/com.1password.1password.json
INFO  2025-06-25T10:18:04.973+00:00 ThreadId(26) [1P:native-messaging/op-nm-installer/src/nix_utils.rs:68] Created NMH manifest at /home/<redacted-username>/.mozilla/native-messaging-hosts/com.1password.1password.json
INFO  2025-06-25T10:18:04.973+00:00 ThreadId(26) [1P:native-messaging/op-nm-installer/src/nix_utils.rs:83] Successfully installed all native messaging manifests.
INFO  2025-06-25T10:18:04.974+00:00 runtime-worker(ThreadId(13)) [1P:op-global-shortcuts/src/node.rs:38] Global shortcut registration is not available on this system.
INFO  2025-06-25T10:18:04.974+00:00 runtime-worker(ThreadId(23)) [1P:op-global-shortcuts/src/node.rs:38] Global shortcut registration is not available on this system.
INFO  2025-06-25T10:18:04.978+00:00 runtime-worker(ThreadId(13)) [1P:native-messaging/op-native-core-integration/src/lib.rs:338] Starting IPC listener on 1Password-BrowserSupport
ERROR 2025-06-25T10:18:04.978+00:00 ThreadId(26) [1P:ffi/op-core-node/src/lib.rs:450] Io(Os { code: 2, kind: NotFound, message: "No such file or directory" })
INFO  2025-06-25T10:18:04.978+00:00 runtime-worker(ThreadId(13)) [1P:native-messaging/op-native-core-integration/src/lib.rs:350] Active native core integration is awaiting messages
INFO  2025-06-25T10:18:04.983+00:00 runtime-worker(ThreadId(24)) [1P:ssh/op-agent-controller/src/lib.rs:755] SSH Agent has started.
INFO  2025-06-25T10:18:04.983+00:00 runtime-worker(ThreadId(24)) [1P:ssh/op-agent-controller/src/lib.rs:564] Starting filesystem watcher for SSH agent configuration directories...
ERROR 2025-06-25T10:18:04.984+00:00 runtime-worker(ThreadId(24)) [1P:/builds/dev/core/core/ssh/op-agent-controller/src/lib.rs:565] Io(Os { code: 2, kind: NotFound, message: "No such file or directory" })
INFO  2025-06-25T10:18:05.213+00:00 runtime-worker(ThreadId(23)) [1P:app/op-app/src/app/backend/lock_screen.rs:88] System unlock is enabled: true
INFO  2025-06-25T10:18:05.214+00:00 runtime-worker(ThreadId(24)) [1P:app/op-app/src/app/backend/lock_screen.rs:116] Sys auth status NotSetup
ERROR 2025-06-25T10:18:05.214+00:00 runtime-worker(ThreadId(13)) [1P:app/op-app/src/app/components/route_persister.rs:31] Could not get key from unlocked account!
INFO  2025-06-25T10:18:10.860+00:00 runtime-worker(ThreadId(24)) [1P:app/op-app/src/app/backend/lock_screen.rs:88] System unlock is enabled: true
INFO  2025-06-25T10:18:11.004+00:00 runtime-worker(ThreadId(24)) [1P:/builds/dev/core/core/data/ext/op-account-ext-settings-authentication/src/lib.rs:235] loaded settings authentication key: 53b843dcf6ba17b1
INFO  2025-06-25T10:18:11.010+00:00 runtime-worker(ThreadId(13)) [1P:data/ext/op-account-ext-items/src/lib.rs:234] loaded 455 items in 5 vaults for account: EJTYTR6WEVFT3O7O2O6377GO4A
INFO  2025-06-25T10:18:11.010+00:00 runtime-worker(ThreadId(4)) [1P:op-telemetry/src/middleware/opt_state.rs:114] op-telemetry: account uuid 'EJTYTR6WEVFT3O7O2O6377GO4A' changed telemetry state to Decided(Out)
INFO  2025-06-25T10:18:11.010+00:00 runtime-worker(ThreadId(3)) [1P:op-settings/src/store/policies.rs:92] Notifying settings changed due to b5 policies.
ERROR 2025-06-25T10:18:11.012+00:00 runtime-worker(ThreadId(13)) [1P:op-auto-lock/src/linux.rs:210] Could not connect to the X server: XcbEventError
INFO  2025-06-25T10:18:11.012+00:00 runtime-worker(ThreadId(13)) [1P:data/ext/op-account-ext-settings-authentication/src/lib.rs:313] exactly one existing key found (53b843dcf6ba17b1). Applying it to any new accounts
INFO  2025-06-25T10:18:11.012+00:00 runtime-worker(ThreadId(13)) [1P:op-settings/src/store/json_store.rs:721] initializing settings authentication with key 53b843dcf6ba17b1
INFO  2025-06-25T10:18:11.012+00:00 runtime-worker(ThreadId(4)) [1P:app/op-app/src/app/backend/unlock.rs:176] Lock state changed: Unlocked
INFO  2025-06-25T10:18:11.012+00:00 runtime-worker(ThreadId(4)) [1P:app/op-app/src/app/backend/essential_setup.rs:135] SLS Migration Result: NotRequired
INFO  2025-06-25T10:18:11.017+00:00 runtime-worker(ThreadId(2)) [1P:ssh/op-ssh-bookmarks/src/lib.rs:235] Removing all SSH Bookmark configuration files from disk
INFO  2025-06-25T10:18:11.123+00:00 runtime-worker(ThreadId(110)) [1P:app/op-app/src/app/backend/quick_access.rs:187] Getting suggestions for quick access
INFO  2025-06-25T10:18:11.133+00:00 runtime-worker(ThreadId(110)) [1P:app/op-app/src/app/backend/quick_access.rs:187] Getting suggestions for quick access
INFO  2025-06-25T10:18:11.154+00:00 runtime-worker(ThreadId(4)) [1P:data/op-account-system-unlock/src/lib.rs:672] Adding system unlock key. Verifying keysets can be decrypted.
INFO  2025-06-25T10:18:11.155+00:00 runtime-worker(ThreadId(4)) [1P:data/op-account-system-unlock/src/lib.rs:678] Adding system unlock key. Encrypting muk.
INFO  2025-06-25T10:18:11.156+00:00 ThreadId(30) [1P:data/op-account-system-unlock/src/lib.rs:684] Adding system unlock key. Updating account.
INFO  2025-06-25T10:18:11.498+00:00 runtime-worker(ThreadId(16)) [1P:app/op-app/src/app/backend/unlock.rs:205] Processing unlocked account EJTYTR6WEVFT3O7O2O6377GO4A
INFO  2025-06-25T10:18:12.484+00:00 runtime-worker(ThreadId(16)) [1P:op-b5-client/src/internal/unauthorized_session.rs:1167] Skipping MFA because server did not return MFA config
INFO  2025-06-25T10:18:12.915+00:00 runtime-worker(ThreadId(16)) [1P:data/ext/op-account-ext-syncer/src/lib.rs:239] The B5 Notifier for (EJTYTR6WEVFT3O7O2O6377GO4A) has connected, now monitoring for events.
INFO  2025-06-25T10:18:12.929+00:00 runtime-worker(ThreadId(4)) [1P:data/op-syncer/src/sync_job.rs:490] synced account EJTYTR6WEVFT3O7O2O6377GO4A (0.441442441s)
INFO  2025-06-25T10:18:12.929+00:00 runtime-worker(ThreadId(23)) [1P:data/op-file-transfer/src/lib.rs:637] find_and_complete_pending_uploads: 'EJTYTR6WEVFT3O7O2O6377GO4A'
INFO  2025-06-25T12:43:27.990+00:00 runtime-worker(ThreadId(2)) [1P:app/op-app/src/app/backend/frontend.rs:26] Front end event: window closed
