INFO  2025-06-15T20:41:41.674+00:00 ThreadId(26) [1P:op-settings/src/store/json_store.rs:73] Settings file created @ 2025-06-13 19:37:40.775204418 UTC and last modified @ 2025-06-13 19:37:54.994018980 UTC
INFO  2025-06-15T20:41:41.679+00:00 ThreadId(26) [client:typescript] Client starting.
ERROR 2025-06-15T20:41:42.238+00:00 ThreadId(26) [1P:op-crash-reporting/src/crash_handler.rs:67] Os { code: 2, kind: NotFound, message: "No such file or directory" }
INFO  2025-06-15T20:41:42.239+00:00 ThreadId(26) [1P:op-localization/src/lib.rs:237] system locale detected as 'en-US'
INFO  2025-06-15T20:41:42.239+00:00 ThreadId(26) [1P:op-localization/src/lib.rs:263] selected translations for EN_US based on detected locale en-US
INFO  2025-06-15T20:41:42.239+00:00 ThreadId(26) [status:app/op-app/src/app.rs:826] App::new(1Password for Linux/81060027 (EN_US), /home/<redacted-username>/.config/1Password)
INFO  2025-06-15T20:41:42.256+00:00 ThreadId(26) [1P:data/op-db/src/common/mod.rs:146] Core DB Table Integrity Check Succeeded
INFO  2025-06-15T20:41:42.256+00:00 ThreadId(26) [1P:data/op-db/src/common/mod.rs:160] Core DB Integrity Check Succeeded
INFO  2025-06-15T20:41:42.256+00:00 ThreadId(26) [1P:data/op-db/src/core_db/db.rs:146] Starting Core DB at version: 39
INFO  2025-06-15T20:41:42.257+00:00 ThreadId(26) [1P:data/op-db/src/common/mod.rs:146] Resources DB Table Integrity Check Succeeded
INFO  2025-06-15T20:41:42.257+00:00 ThreadId(26) [1P:data/op-db/src/common/mod.rs:160] Resources DB Integrity Check Succeeded
INFO  2025-06-15T20:41:42.257+00:00 ThreadId(26) [1P:data/op-db/src/resources_db/db.rs:105] Starting Resources DB at version: 1
ERROR 2025-06-15T20:41:42.261+00:00 ThreadId(26) [1P:/builds/dev/core/core/ssh/op-ssh-config/src/lib.rs:250] Failed to start ssh config file watcher: Io(Os { code: 2, kind: NotFound, message: "No such file or directory" })
INFO  2025-06-15T20:41:42.265+00:00 ThreadId(26) [1P:native-messaging/op-nm-installer/src/nix_utils.rs:68] Created NMH manifest at /home/<redacted-username>/.config/google-chrome/NativeMessagingHosts/com.1password.1password.json
INFO  2025-06-15T20:41:42.265+00:00 ThreadId(26) [1P:native-messaging/op-nm-installer/src/nix_utils.rs:68] Created NMH manifest at /home/<redacted-username>/.config/google-chrome-beta/NativeMessagingHosts/com.1password.1password.json
INFO  2025-06-15T20:41:42.265+00:00 ThreadId(26) [1P:native-messaging/op-nm-installer/src/nix_utils.rs:68] Created NMH manifest at /home/<redacted-username>/.config/google-chrome-unstable/NativeMessagingHosts/com.1password.1password.json
INFO  2025-06-15T20:41:42.265+00:00 ThreadId(26) [1P:native-messaging/op-nm-installer/src/nix_utils.rs:68] Created NMH manifest at /home/<redacted-username>/.config/chromium/NativeMessagingHosts/com.1password.1password.json
INFO  2025-06-15T20:41:42.265+00:00 ThreadId(26) [1P:native-messaging/op-nm-installer/src/nix_utils.rs:68] Created NMH manifest at /home/<redacted-username>/.config/microsoft-edge-dev/NativeMessagingHosts/com.1password.1password.json
INFO  2025-06-15T20:41:42.265+00:00 ThreadId(26) [1P:native-messaging/op-nm-installer/src/nix_utils.rs:68] Created NMH manifest at /home/<redacted-username>/.config/BraveSoftware/Brave-Browser/NativeMessagingHosts/com.1password.1password.json
INFO  2025-06-15T20:41:42.265+00:00 ThreadId(26) [1P:native-messaging/op-nm-installer/src/nix_utils.rs:68] Created NMH manifest at /home/<redacted-username>/.config/vivaldi/NativeMessagingHosts/com.1password.1password.json
INFO  2025-06-15T20:41:42.265+00:00 ThreadId(26) [1P:native-messaging/op-nm-installer/src/nix_utils.rs:68] Created NMH manifest at /home/<redacted-username>/.config/vivaldi-snapshot/NativeMessagingHosts/com.1password.1password.json
INFO  2025-06-15T20:41:42.265+00:00 ThreadId(26) [1P:native-messaging/op-nm-installer/src/nix_utils.rs:68] Created NMH manifest at /home/<redacted-username>/.mozilla/native-messaging-hosts/com.1password.1password.json
INFO  2025-06-15T20:41:42.265+00:00 ThreadId(26) [1P:native-messaging/op-nm-installer/src/nix_utils.rs:83] Successfully installed all native messaging manifests.
INFO  2025-06-15T20:41:42.270+00:00 runtime-worker(ThreadId(21)) [1P:native-messaging/op-native-core-integration/src/lib.rs:338] Starting IPC listener on 1Password-BrowserSupport
ERROR 2025-06-15T20:41:42.270+00:00 ThreadId(26) [1P:ffi/op-core-node/src/lib.rs:450] Io(Os { code: 2, kind: NotFound, message: "No such file or directory" })
INFO  2025-06-15T20:41:42.270+00:00 runtime-worker(ThreadId(21)) [1P:native-messaging/op-native-core-integration/src/lib.rs:350] Active native core integration is awaiting messages
INFO  2025-06-15T20:41:42.274+00:00 runtime-worker(ThreadId(11)) [1P:ssh/op-agent-controller/src/lib.rs:564] Starting filesystem watcher for SSH agent configuration directories...
ERROR 2025-06-15T20:41:42.274+00:00 runtime-worker(ThreadId(11)) [1P:/builds/dev/core/core/ssh/op-agent-controller/src/lib.rs:565] Io(Os { code: 2, kind: NotFound, message: "No such file or directory" })
INFO  2025-06-15T20:41:42.498+00:00 runtime-worker(ThreadId(17)) [1P:app/op-app/src/app/backend/lock_screen.rs:88] System unlock is enabled: true
INFO  2025-06-15T20:41:42.500+00:00 runtime-worker(ThreadId(23)) [1P:app/op-app/src/app/backend/lock_screen.rs:116] Sys auth status NotSetup
ERROR 2025-06-15T20:41:42.500+00:00 runtime-worker(ThreadId(11)) [1P:app/op-app/src/app/components/route_persister.rs:31] Could not get key from unlocked account!
INFO  2025-06-15T20:42:00.148+00:00 runtime-worker(ThreadId(23)) [1P:app/op-app/src/app/backend/lock_screen.rs:88] System unlock is enabled: true
INFO  2025-06-15T20:42:00.293+00:00 runtime-worker(ThreadId(17)) [1P:/builds/dev/core/core/data/ext/op-account-ext-settings-authentication/src/lib.rs:235] loaded settings authentication key: 53b843dcf6ba17b1
INFO  2025-06-15T20:42:00.298+00:00 runtime-worker(ThreadId(11)) [1P:data/ext/op-account-ext-items/src/lib.rs:234] loaded 450 items in 5 vaults for account: EJTYTR6WEVFT3O7O2O6377GO4A
INFO  2025-06-15T20:42:00.298+00:00 runtime-worker(ThreadId(17)) [1P:op-telemetry/src/middleware/opt_state.rs:114] op-telemetry: account uuid 'EJTYTR6WEVFT3O7O2O6377GO4A' changed telemetry state to Decided(Out)
INFO  2025-06-15T20:42:00.299+00:00 runtime-worker(ThreadId(22)) [1P:op-settings/src/store/policies.rs:92] Notifying settings changed due to b5 policies.
INFO  2025-06-15T20:42:00.300+00:00 runtime-worker(ThreadId(11)) [1P:data/ext/op-account-ext-settings-authentication/src/lib.rs:313] exactly one existing key found (53b843dcf6ba17b1). Applying it to any new accounts
INFO  2025-06-15T20:42:00.300+00:00 runtime-worker(ThreadId(11)) [1P:op-settings/src/store/json_store.rs:721] initializing settings authentication with key 53b843dcf6ba17b1
INFO  2025-06-15T20:42:00.300+00:00 runtime-worker(ThreadId(18)) [1P:app/op-app/src/app/backend/unlock.rs:176] Lock state changed: Unlocked
INFO  2025-06-15T20:42:00.300+00:00 runtime-worker(ThreadId(18)) [1P:app/op-app/src/app/backend/essential_setup.rs:135] SLS Migration Result: NotRequired
INFO  2025-06-15T20:42:00.413+00:00 runtime-worker(ThreadId(116)) [1P:app/op-app/src/app/backend/quick_access.rs:187] Getting suggestions for quick access
INFO  2025-06-15T20:42:00.426+00:00 runtime-worker(ThreadId(116)) [1P:app/op-app/src/app/backend/quick_access.rs:187] Getting suggestions for quick access
INFO  2025-06-15T20:42:00.442+00:00 runtime-worker(ThreadId(22)) [1P:data/op-account-system-unlock/src/lib.rs:672] Adding system unlock key. Verifying keysets can be decrypted.
INFO  2025-06-15T20:42:00.444+00:00 runtime-worker(ThreadId(22)) [1P:data/op-account-system-unlock/src/lib.rs:678] Adding system unlock key. Encrypting muk.
INFO  2025-06-15T20:42:00.444+00:00 ThreadId(30) [1P:data/op-account-system-unlock/src/lib.rs:684] Adding system unlock key. Updating account.
INFO  2025-06-15T20:42:00.820+00:00 runtime-worker(ThreadId(21)) [1P:app/op-app/src/app/backend/unlock.rs:205] Processing unlocked account EJTYTR6WEVFT3O7O2O6377GO4A
INFO  2025-06-15T20:42:01.854+00:00 runtime-worker(ThreadId(17)) [1P:op-b5-client/src/internal/unauthorized_session.rs:1167] Skipping MFA because server did not return MFA config
INFO  2025-06-15T20:42:02.292+00:00 runtime-worker(ThreadId(17)) [1P:data/ext/op-account-ext-syncer/src/lib.rs:239] The B5 Notifier for (EJTYTR6WEVFT3O7O2O6377GO4A) has connected, now monitoring for events.
INFO  2025-06-15T20:42:02.504+00:00 runtime-worker(ThreadId(11)) [1P:data/op-syncer/src/sync_job.rs:490] synced account EJTYTR6WEVFT3O7O2O6377GO4A (0.646779233s)
INFO  2025-06-15T20:42:02.505+00:00 runtime-worker(ThreadId(21)) [1P:data/op-file-transfer/src/lib.rs:637] find_and_complete_pending_uploads: 'EJTYTR6WEVFT3O7O2O6377GO4A'
INFO  2025-06-15T20:42:02.510+00:00 runtime-worker(ThreadId(112)) [1P:app/op-app/src/app/backend/quick_access.rs:187] Getting suggestions for quick access
ERROR 2025-06-15T20:42:08.994+00:00 ThreadId(26) [client:typescript] Could not load window state.
INFO  2025-06-15T20:42:19.313+00:00 runtime-worker(ThreadId(21)) [1P:op-settings/src/store/json_store.rs:73] Settings file created @ 2025-06-13 19:37:40.775204418 UTC and last modified @ 2025-06-13 19:37:54.994018980 UTC
INFO  2025-06-15T20:42:19.314+00:00 runtime-worker(ThreadId(22)) [1P:op-settings/src/store/json_store.rs:73] Settings file created @ 2025-06-13 19:37:40.775204418 UTC and last modified @ 2025-06-15 20:42:19.313080134 UTC
INFO  2025-06-15T20:42:19.314+00:00 runtime-worker(ThreadId(21)) [1P:op-settings/src/store/json_store.rs:73] Settings file created @ 2025-06-13 19:37:40.775204418 UTC and last modified @ 2025-06-15 20:42:19.314080159 UTC
INFO  2025-06-15T20:42:19.314+00:00 runtime-worker(ThreadId(17)) [1P:op-settings/src/store/json_store.rs:73] Settings file created @ 2025-06-13 19:37:40.775204418 UTC and last modified @ 2025-06-15 20:42:19.314080159 UTC
INFO  2025-06-15T20:42:19.314+00:00 runtime-worker(ThreadId(17)) [1P:op-settings/src/store/json_store.rs:73] Settings file created @ 2025-06-13 19:37:40.775204418 UTC and last modified @ 2025-06-15 20:42:19.314080159 UTC
INFO  2025-06-15T20:42:19.314+00:00 runtime-worker(ThreadId(17)) [1P:op-settings/src/store/json_store.rs:73] Settings file created @ 2025-06-13 19:37:40.775204418 UTC and last modified @ 2025-06-15 20:42:19.314080159 UTC
INFO  2025-06-15T20:42:19.327+00:00 runtime-worker(ThreadId(23)) [1P:ssh/op-agent-controller/src/lib.rs:755] SSH Agent has started.
INFO  2025-06-15T20:42:26.195+00:00 runtime-worker(ThreadId(22)) [1P:op-settings/src/store/json_store.rs:73] Settings file created @ 2025-06-13 19:37:40.775204418 UTC and last modified @ 2025-06-15 20:42:19.314080159 UTC
INFO  2025-06-15T20:42:26.195+00:00 runtime-worker(ThreadId(22)) [1P:op-settings/src/store/json_store.rs:73] Settings file created @ 2025-06-13 19:37:40.775204418 UTC and last modified @ 2025-06-15 20:42:26.194254178 UTC
INFO  2025-06-15T20:42:26.195+00:00 runtime-worker(ThreadId(18)) [1P:native-messaging/op-native-core-integration/src/lib.rs:364] Setting has been toggled on/off, restarting native core integration
INFO  2025-06-15T20:42:26.195+00:00 runtime-worker(ThreadId(18)) [1P:native-messaging/op-native-core-integration/src/lib.rs:338] Starting IPC listener on 1Password-BrowserSupport
INFO  2025-06-15T20:42:26.195+00:00 runtime-worker(ThreadId(18)) [1P:native-messaging/op-native-core-integration/src/lib.rs:350] Active native core integration is awaiting messages
INFO  2025-06-15T20:46:48.060+00:00 runtime-worker(ThreadId(137)) [1P:foundation/op-system-auth/src/lib.rs:326] Biometry is available for 1 or more accounts
INFO  2025-06-15T20:46:50.329+00:00 runtime-worker(ThreadId(22)) [1P:app/op-app/src/app/backend/auth_prompt.rs:48] invoked auth prompt unlock
ERROR 2025-06-15T20:46:50.338+00:00 runtime-worker(ThreadId(137)) [1P:foundation/op-system-auth/src/lib.rs:797] PolKit authorization error: MethodError
INFO  2025-06-15T20:46:50.338+00:00 runtime-worker(ThreadId(137)) [1P:foundation/op-system-auth/src/lib.rs:326] Biometry is available for 1 or more accounts
INFO  2025-06-15T20:47:07.086+00:00 runtime-worker(ThreadId(17)) [1P:app/op-app/src/app/backend/auth_prompt.rs:48] invoked auth prompt unlock
INFO  2025-06-15T20:51:01.425+00:00 runtime-worker(ThreadId(140)) [1P:foundation/op-system-auth/src/lib.rs:326] Biometry is available for 1 or more accounts
INFO  2025-06-15T20:51:02.573+00:00 runtime-worker(ThreadId(18)) [1P:app/op-app/src/app/backend/auth_prompt.rs:48] invoked auth prompt unlock
ERROR 2025-06-15T20:51:02.576+00:00 runtime-worker(ThreadId(140)) [1P:foundation/op-system-auth/src/lib.rs:797] PolKit authorization error: MethodError
INFO  2025-06-15T20:51:02.576+00:00 runtime-worker(ThreadId(140)) [1P:foundation/op-system-auth/src/lib.rs:326] Biometry is available for 1 or more accounts
INFO  2025-06-15T20:51:07.455+00:00 runtime-worker(ThreadId(18)) [1P:app/op-app/src/app/backend/auth_prompt.rs:48] invoked auth prompt unlock
INFO  2025-06-15T20:57:08.936+00:00 runtime-worker(ThreadId(17)) [1P:app/op-app/src/app/backend/frontend.rs:26] Front end event: window closed
INFO  2025-06-15T22:25:44.567+00:00 ThreadId(110) [1P:op-auto-lock/src/linux.rs:467] X screensaver event detected
INFO  2025-06-15T22:25:44.567+00:00 ThreadId(110) [1P:op-auto-lock/src/linux.rs:467] X screensaver event detected
INFO  2025-06-15T22:26:14.571+00:00 ThreadId(110) [1P:op-auto-lock/src/linux.rs:467] X screensaver event detected
INFO  2025-06-15T22:26:44.575+00:00 ThreadId(110) [1P:op-auto-lock/src/linux.rs:467] X screensaver event detected
INFO  2025-06-15T22:27:14.579+00:00 ThreadId(110) [1P:op-auto-lock/src/linux.rs:467] X screensaver event detected
INFO  2025-06-15T22:27:44.583+00:00 ThreadId(110) [1P:op-auto-lock/src/linux.rs:467] X screensaver event detected
INFO  2025-06-15T22:28:14.587+00:00 ThreadId(110) [1P:op-auto-lock/src/linux.rs:467] X screensaver event detected
INFO  2025-06-15T22:28:44.591+00:00 ThreadId(110) [1P:op-auto-lock/src/linux.rs:467] X screensaver event detected
INFO  2025-06-15T22:29:14.595+00:00 ThreadId(110) [1P:op-auto-lock/src/linux.rs:467] X screensaver event detected
INFO  2025-06-15T22:29:44.599+00:00 ThreadId(110) [1P:op-auto-lock/src/linux.rs:467] X screensaver event detected
INFO  2025-06-15T22:30:14.603+00:00 ThreadId(110) [1P:op-auto-lock/src/linux.rs:467] X screensaver event detected
INFO  2025-06-15T22:30:44.607+00:00 ThreadId(110) [1P:op-auto-lock/src/linux.rs:467] X screensaver event detected
INFO  2025-06-15T22:31:14.611+00:00 ThreadId(110) [1P:op-auto-lock/src/linux.rs:467] X screensaver event detected
INFO  2025-06-15T22:31:44.614+00:00 ThreadId(110) [1P:op-auto-lock/src/linux.rs:467] X screensaver event detected
INFO  2025-06-15T22:32:14.618+00:00 ThreadId(110) [1P:op-auto-lock/src/linux.rs:467] X screensaver event detected
INFO  2025-06-15T22:32:44.622+00:00 ThreadId(110) [1P:op-auto-lock/src/linux.rs:467] X screensaver event detected
INFO  2025-06-15T22:33:14.626+00:00 ThreadId(110) [1P:op-auto-lock/src/linux.rs:467] X screensaver event detected
INFO  2025-06-15T22:33:44.630+00:00 ThreadId(110) [1P:op-auto-lock/src/linux.rs:467] X screensaver event detected
INFO  2025-06-15T22:34:14.634+00:00 ThreadId(110) [1P:op-auto-lock/src/linux.rs:467] X screensaver event detected
INFO  2025-06-15T22:34:44.638+00:00 ThreadId(110) [1P:op-auto-lock/src/linux.rs:467] X screensaver event detected
INFO  2025-06-15T22:35:14.642+00:00 ThreadId(110) [1P:op-auto-lock/src/linux.rs:467] X screensaver event detected
INFO  2025-06-15T22:35:44.646+00:00 ThreadId(110) [1P:op-auto-lock/src/linux.rs:467] X screensaver event detected
INFO  2025-06-15T22:36:14.650+00:00 ThreadId(110) [1P:op-auto-lock/src/linux.rs:467] X screensaver event detected
INFO  2025-06-15T22:36:44.654+00:00 ThreadId(110) [1P:op-auto-lock/src/linux.rs:467] X screensaver event detected
INFO  2025-06-15T22:37:14.658+00:00 ThreadId(110) [1P:op-auto-lock/src/linux.rs:467] X screensaver event detected
INFO  2025-06-15T22:37:44.662+00:00 ThreadId(110) [1P:op-auto-lock/src/linux.rs:467] X screensaver event detected
INFO  2025-06-15T22:38:14.666+00:00 ThreadId(110) [1P:op-auto-lock/src/linux.rs:467] X screensaver event detected
INFO  2025-06-15T22:38:44.670+00:00 ThreadId(110) [1P:op-auto-lock/src/linux.rs:467] X screensaver event detected
INFO  2025-06-15T22:39:14.674+00:00 ThreadId(110) [1P:op-auto-lock/src/linux.rs:467] X screensaver event detected
INFO  2025-06-15T22:39:44.678+00:00 ThreadId(110) [1P:op-auto-lock/src/linux.rs:467] X screensaver event detected
INFO  2025-06-15T22:40:14.682+00:00 ThreadId(110) [1P:op-auto-lock/src/linux.rs:467] X screensaver event detected
INFO  2025-06-15T22:40:44.686+00:00 ThreadId(110) [1P:op-auto-lock/src/linux.rs:467] X screensaver event detected
INFO  2025-06-15T22:41:14.690+00:00 ThreadId(110) [1P:op-auto-lock/src/linux.rs:467] X screensaver event detected
INFO  2025-06-15T22:41:44.694+00:00 ThreadId(110) [1P:op-auto-lock/src/linux.rs:467] X screensaver event detected
INFO  2025-06-15T22:42:14.698+00:00 ThreadId(110) [1P:op-auto-lock/src/linux.rs:467] X screensaver event detected
INFO  2025-06-15T22:42:44.702+00:00 ThreadId(110) [1P:op-auto-lock/src/linux.rs:467] X screensaver event detected
INFO  2025-06-15T22:43:14.706+00:00 ThreadId(110) [1P:op-auto-lock/src/linux.rs:467] X screensaver event detected
INFO  2025-06-15T22:43:44.710+00:00 ThreadId(110) [1P:op-auto-lock/src/linux.rs:467] X screensaver event detected
INFO  2025-06-15T22:44:14.714+00:00 ThreadId(110) [1P:op-auto-lock/src/linux.rs:467] X screensaver event detected
INFO  2025-06-15T22:44:44.718+00:00 ThreadId(110) [1P:op-auto-lock/src/linux.rs:467] X screensaver event detected
INFO  2025-06-15T22:45:14.722+00:00 ThreadId(110) [1P:op-auto-lock/src/linux.rs:467] X screensaver event detected
INFO  2025-06-15T22:45:44.726+00:00 ThreadId(110) [1P:op-auto-lock/src/linux.rs:467] X screensaver event detected
INFO  2025-06-15T22:46:14.730+00:00 ThreadId(110) [1P:op-auto-lock/src/linux.rs:467] X screensaver event detected
INFO  2025-06-15T23:19:31.975+00:00 ThreadId(110) [1P:op-auto-lock/src/linux.rs:467] X screensaver event detected
WARN  2025-06-15T23:19:31.975+00:00 runtime-worker(ThreadId(17)) [1P:data/ext/op-account-ext-item-shelf/src/lib.rs:34] There are items on the shelf, pending save. They are being dropped.
INFO  2025-06-15T23:19:31.976+00:00 runtime-worker(ThreadId(17)) [1P:app/op-app/src/app/backend/lock.rs:163] Lock state changed: Locked
INFO  2025-06-15T23:19:31.976+00:00 runtime-worker(ThreadId(17)) [1P:app/op-app/src/app/backend/lock.rs:190] Locked. Reason: Automatic(ScreenSaverActivated).
INFO  2025-06-15T23:19:31.978+00:00 runtime-worker(ThreadId(23)) [1P:app/op-app/src/app/backend/mycelium/task_management.rs:65] Received a Mycelium channel close request, ignoring request as no task is actively running
INFO  2025-06-16T00:37:40.852+00:00 runtime-worker(ThreadId(23)) [1P:app/op-app/src/app/backend/frontend.rs:61] Front end event: app will quit
WARN  2025-06-16T00:37:40.852+00:00 runtime-worker(ThreadId(23)) [1P:op-invocation/src/lib.rs:498] shutdown requested!
INFO  2025-06-16T00:37:40.852+00:00 runtime-worker(ThreadId(23)) [1P:app/op-app/src/app/shutdown.rs:82] starting app shutdown
INFO  2025-06-16T00:37:40.852+00:00 runtime-worker(ThreadId(23)) [1P:app/op-app/src/app/shutdown.rs:144] running shutdown hook: /builds/dev/core/core/app/op-app/src/app.rs:1196
INFO  2025-06-16T00:37:40.852+00:00 runtime-worker(ThreadId(23)) [1P:app/op-app/src/app/shutdown.rs:144] running shutdown hook: /builds/dev/core/core/app/op-app/src/app.rs:1479
