ERROR 2025-06-13T19:33:10.222+00:00 ThreadId(26) [1P:op-settings/src/store/json_store.rs:80] Os { code: 2, kind: NotFound, message: "No such file or directory" }
INFO  2025-06-13T19:33:10.223+00:00 ThreadId(26) [1P:op-settings/src/store/json_store.rs:104] Settings file "/home/<redacted-username>/.config/1Password/settings/settings.json" missing, using defaults.
INFO  2025-06-13T19:33:10.226+00:00 ThreadId(26) [client:typescript] Client starting.
ERROR 2025-06-13T19:33:10.793+00:00 ThreadId(26) [1P:op-crash-reporting/src/crash_report.rs:126] Failed to load crash reports from disk: Os { code: 2, kind: NotFound, message: "No such file or directory" }
ERROR 2025-06-13T19:33:10.795+00:00 ThreadId(26) [1P:op-crash-reporting/src/crash_handler.rs:67] Os { code: 2, kind: NotFound, message: "No such file or directory" }
INFO  2025-06-13T19:33:10.796+00:00 ThreadId(26) [1P:op-localization/src/lib.rs:237] system locale detected as 'en-US'
INFO  2025-06-13T19:33:10.796+00:00 ThreadId(26) [1P:op-localization/src/lib.rs:263] selected translations for EN_US based on detected locale en-US
INFO  2025-06-13T19:33:10.796+00:00 ThreadId(26) [status:app/op-app/src/app.rs:826] App::new(1Password for Linux/81060027 (EN_US), /home/<redacted-username>/.config/1Password)
INFO  2025-06-13T19:33:10.803+00:00 ThreadId(26) [1P:data/op-db/src/common/mod.rs:146] Core DB Table Integrity Check Succeeded
INFO  2025-06-13T19:33:10.803+00:00 ThreadId(26) [1P:data/op-db/src/common/mod.rs:160] Core DB Integrity Check Succeeded
INFO  2025-06-13T19:33:10.803+00:00 ThreadId(26) [1P:data/op-db/src/core_db/db.rs:146] Starting Core DB at version: 0
INFO  2025-06-13T19:33:10.803+00:00 ThreadId(26) [1P:data/op-db/src/core_db/db.rs:159] Database is being created at '/home/<redacted-username>/.config/1Password/1password.sqlite' (sqlite: 3046000)
INFO  2025-06-13T19:33:10.804+00:00 ThreadId(26) [1P:data/op-db/src/core_db/db.rs:521] Updated DB Schema to version 001
INFO  2025-06-13T19:33:10.805+00:00 ThreadId(26) [1P:data/op-db/src/core_db/db.rs:543] Updated DB Schema to version 002
INFO  2025-06-13T19:33:10.806+00:00 ThreadId(26) [1P:data/op-db/src/core_db/db.rs:555] Updated DB Schema to version 003
INFO  2025-06-13T19:33:10.806+00:00 ThreadId(26) [1P:data/op-db/src/core_db/db.rs:571] Updated DB Schema to version 005
INFO  2025-06-13T19:33:10.806+00:00 ThreadId(26) [1P:data/op-db/src/core_db/db.rs:587] Updated DB Schema to version 006
INFO  2025-06-13T19:33:10.807+00:00 ThreadId(26) [1P:data/op-db/src/core_db/db.rs:601] Updated DB Schema to version 007
INFO  2025-06-13T19:33:10.807+00:00 ThreadId(26) [1P:data/op-db/src/core_db/db.rs:615] Updated DB Schema to version 008
INFO  2025-06-13T19:33:10.808+00:00 ThreadId(26) [1P:data/op-db/src/core_db/db.rs:629] Updated DB Schema to version 009
INFO  2025-06-13T19:33:10.808+00:00 ThreadId(26) [1P:data/op-db/src/core_db/db.rs:643] Updated DB Schema to version 011
INFO  2025-06-13T19:33:10.808+00:00 ThreadId(26) [1P:data/op-db/src/core_db/db.rs:658] Updated DB Schema to version 012
INFO  2025-06-13T19:33:10.809+00:00 ThreadId(26) [1P:data/op-db/src/core_db/db.rs:672] Updated DB Schema to version 013
INFO  2025-06-13T19:33:10.809+00:00 ThreadId(26) [1P:data/op-db/src/core_db/db.rs:686] Updated DB Schema to version 014
INFO  2025-06-13T19:33:10.810+00:00 ThreadId(26) [1P:data/op-db/src/core_db/db.rs:700] Updated DB Schema to version 015
INFO  2025-06-13T19:33:10.811+00:00 ThreadId(26) [1P:data/op-db/src/core_db/db.rs:714] Updated DB Schema to version 016
INFO  2025-06-13T19:33:10.812+00:00 ThreadId(26) [1P:data/op-db/src/core_db/db.rs:728] Updated DB Schema to version 017
INFO  2025-06-13T19:33:10.812+00:00 ThreadId(26) [1P:data/op-db/src/core_db/db.rs:742] Updated DB Schema to version 018
INFO  2025-06-13T19:33:10.813+00:00 ThreadId(26) [1P:data/op-db/src/core_db/db.rs:756] Updated DB Schema to version 019
INFO  2025-06-13T19:33:10.814+00:00 ThreadId(26) [1P:data/op-db/src/core_db/db.rs:871] Updated DB Schema to version 021
INFO  2025-06-13T19:33:10.814+00:00 ThreadId(26) [1P:data/op-db/src/core_db/db.rs:885] Updated DB Schema to version 022
INFO  2025-06-13T19:33:10.815+00:00 ThreadId(26) [1P:data/op-db/src/core_db/db.rs:899] Updated DB Schema to version 023
INFO  2025-06-13T19:33:10.816+00:00 ThreadId(26) [1P:data/op-db/src/core_db/db.rs:913] Updated DB Schema to version 024
INFO  2025-06-13T19:33:10.816+00:00 ThreadId(26) [1P:data/op-db/src/core_db/db.rs:927] Updated DB Schema to version 025
INFO  2025-06-13T19:33:10.817+00:00 ThreadId(26) [1P:data/op-db/src/core_db/db.rs:1041] Updated DB Schema to version 026
INFO  2025-06-13T19:33:10.817+00:00 ThreadId(26) [1P:data/op-db/src/core_db/db.rs:1055] Updated DB Schema to version 027
INFO  2025-06-13T19:33:10.818+00:00 ThreadId(26) [1P:data/op-db/src/core_db/db.rs:1069] Updated DB Schema to version 028
INFO  2025-06-13T19:33:10.818+00:00 ThreadId(26) [1P:data/op-db/src/core_db/db.rs:1083] Updated DB Schema to version 029
INFO  2025-06-13T19:33:10.819+00:00 ThreadId(26) [1P:data/op-db/src/core_db/db.rs:1097] Updated DB Schema to version 030
INFO  2025-06-13T19:33:10.819+00:00 ThreadId(26) [1P:data/op-db/src/core_db/db.rs:1110] Updated DB Schema to version 031
INFO  2025-06-13T19:33:10.820+00:00 ThreadId(26) [1P:data/op-db/src/core_db/db.rs:1123] Updated DB Schema to version 032
INFO  2025-06-13T19:33:10.820+00:00 ThreadId(26) [1P:data/op-db/src/core_db/db.rs:1136] Updated DB Schema to version 033
INFO  2025-06-13T19:33:10.821+00:00 ThreadId(26) [1P:data/op-db/src/core_db/db.rs:1149] Updated DB Schema to version 034
INFO  2025-06-13T19:33:10.821+00:00 ThreadId(26) [1P:data/op-db/src/core_db/db.rs:1162] Updated DB Schema to version 035
INFO  2025-06-13T19:33:10.822+00:00 ThreadId(26) [1P:data/op-db/src/core_db/db.rs:1175] Updated DB Schema to version 036
INFO  2025-06-13T19:33:10.822+00:00 ThreadId(26) [1P:data/op-db/src/core_db/db.rs:1188] Updated DB Schema to version 037
INFO  2025-06-13T19:33:10.823+00:00 ThreadId(26) [1P:data/op-db/src/core_db/db.rs:1201] Updated DB Schema to version 038
INFO  2025-06-13T19:33:10.823+00:00 ThreadId(26) [1P:data/op-db/src/core_db/db.rs:1213] Updated DB Schema to version 039
INFO  2025-06-13T19:33:10.825+00:00 ThreadId(26) [1P:data/op-db/src/common/mod.rs:146] Resources DB Table Integrity Check Succeeded
INFO  2025-06-13T19:33:10.825+00:00 ThreadId(26) [1P:data/op-db/src/common/mod.rs:160] Resources DB Integrity Check Succeeded
INFO  2025-06-13T19:33:10.825+00:00 ThreadId(26) [1P:data/op-db/src/resources_db/db.rs:105] Starting Resources DB at version: 0
INFO  2025-06-13T19:33:10.825+00:00 ThreadId(26) [1P:data/op-db/src/resources_db/db.rs:113] Resources Database is being created at '/home/<redacted-username>/.config/1Password/1password_resources.sqlite' (sqlite: 3046000)
INFO  2025-06-13T19:33:10.826+00:00 ThreadId(26) [1P:data/op-db/src/resources_db/db.rs:209] Updated DB Schema to version 001
ERROR 2025-06-13T19:33:10.830+00:00 ThreadId(26) [1P:/builds/dev/core/core/ssh/op-ssh-config/src/lib.rs:250] Failed to start ssh config file watcher: Io(Os { code: 2, kind: NotFound, message: "No such file or directory" })
INFO  2025-06-13T19:33:10.834+00:00 runtime-worker(ThreadId(18)) [1P:op-global-shortcuts/src/node.rs:38] Global shortcut registration is not available on this system.
INFO  2025-06-13T19:33:10.834+00:00 runtime-worker(ThreadId(9)) [1P:op-global-shortcuts/src/node.rs:38] Global shortcut registration is not available on this system.
INFO  2025-06-13T19:33:10.836+00:00 runtime-worker(ThreadId(15)) [1P:native-messaging/op-native-core-integration/src/lib.rs:295] Mute native core integration is waiting for Shared Lock State to be enabled
ERROR 2025-06-13T19:33:10.836+00:00 ThreadId(26) [1P:ffi/op-core-node/src/lib.rs:450] Io(Os { code: 2, kind: NotFound, message: "No such file or directory" })
INFO  2025-06-13T19:33:10.841+00:00 runtime-worker(ThreadId(18)) [1P:ssh/op-agent-controller/src/lib.rs:564] Starting filesystem watcher for SSH agent configuration directories...
ERROR 2025-06-13T19:33:10.841+00:00 runtime-worker(ThreadId(18)) [1P:/builds/dev/core/core/ssh/op-agent-controller/src/lib.rs:565] Io(Os { code: 2, kind: NotFound, message: "No such file or directory" })
ERROR 2025-06-13T19:33:10.870+00:00 ThreadId(26) [client:typescript] Could not load window state.
ERROR 2025-06-13T19:33:11.072+00:00 runtime-worker(ThreadId(9)) [1P:app/op-app/src/app/components/route_persister.rs:31] Could not get key from unlocked account!
INFO  2025-06-13T19:33:12.331+00:00 runtime-worker(ThreadId(12)) [1P:app/op-app/src/app/backend/mycelium/unauthorized_device_start.rs:93] MYCELIUM UNAUTHORIZED DEVICE FORWARD FLOW SIGN-IN -- starting new sign-in session
INFO  2025-06-13T19:33:12.331+00:00 runtime-worker(ThreadId(12)) [1P:foundation/op-feature-gate/src/feature_store.rs:732] MYCELIUM PRE-REGISTRATION FLAGS: Reading forward flag value as true
INFO  2025-06-13T19:33:12.331+00:00 runtime-worker(ThreadId(12)) [1P:app/op-app/src/app/backend/task_handle.rs:48] Starting mycelium-active-sign-in task
INFO  2025-06-13T19:33:12.331+00:00 runtime-worker(ThreadId(12)) [1P:app/op-app/src/app/backend/mycelium/unauthorized_device_start.rs:271] MYCELIUM UNAUTHORIZED DEVICE FORWARD FLOW SIGN-IN -- starting channel create loop
INFO  2025-06-13T19:33:12.862+00:00 runtime-worker(ThreadId(18)) [1P:app/op-app/src/app/backend/mycelium/unauthorized_device_start.rs:288] MYCELIUM UNAUTHORIZED DEVICE FORWARD FLOW SIGN-IN -- created Mycelium channel on region code Com
WARN  2025-06-13T19:33:50.208+00:00 runtime-worker(ThreadId(9)) [1P:op-mycelium-auth/src/state_machine/forward.rs:197] failed to wait for channel reply: ChannelClosed
INFO  2025-06-13T19:33:50.208+00:00 runtime-worker(ThreadId(9)) [1P:op-mycelium-auth/src/state_machine/forward.rs:199] closing Mycelium channel
INFO  2025-06-13T19:33:50.334+00:00 runtime-worker(ThreadId(9)) [1P:app/op-app/src/app/backend/mycelium/unauthorized_device_start.rs:413] refreshing Mycelium channel for sign-in
INFO  2025-06-13T19:33:50.340+00:00 runtime-worker(ThreadId(9)) [1P:app/op-app/src/app/backend/mycelium/unauthorized_device_start.rs:271] MYCELIUM UNAUTHORIZED DEVICE FORWARD FLOW SIGN-IN -- starting channel create loop
INFO  2025-06-13T19:33:50.847+00:00 runtime-worker(ThreadId(12)) [1P:app/op-app/src/app/backend/mycelium/unauthorized_device_start.rs:288] MYCELIUM UNAUTHORIZED DEVICE FORWARD FLOW SIGN-IN -- created Mycelium channel on region code Com
INFO  2025-06-13T19:37:34.156+00:00 runtime-worker(ThreadId(12)) [1P:app/op-app/src/app/backend/mycelium/unauthorized_device_start.rs:333] MYCELIUM UNAUTHORIZED DEVICE FORWARD FLOW SIGN-IN -- AJQB4HZYEB37XIL4RY43CNMXRE channel connected
INFO  2025-06-13T19:37:38.828+00:00 runtime-worker(ThreadId(12)) [1P:app/op-app/src/app/backend/mycelium/unauthorized_device_start.rs:232] MYCELIUM UNAUTHORIZED DEVICE FORWARD FLOW SIGN-IN -- allow device prompt accepted and credentials successfully received
INFO  2025-06-13T19:37:38.832+00:00 runtime-worker(ThreadId(18)) [1P:data/op-add-account/src/first_sync.rs:529] starting initial account sync
INFO  2025-06-13T19:37:40.765+00:00 runtime-worker(ThreadId(12)) [1P:data/op-syncer/src/sync_job.rs:490] synced account EJTYTR6WEVFT3O7O2O6377GO4A (1.9329507879999999s)
INFO  2025-06-13T19:37:40.771+00:00 runtime-worker(ThreadId(12)) [1P:/builds/dev/core/core/data/ext/op-account-ext-settings-authentication/src/lib.rs:235] loaded settings authentication key: none
INFO  2025-06-13T19:37:40.772+00:00 runtime-worker(ThreadId(6)) [1P:data/ext/op-account-ext-items/src/lib.rs:234] loaded 0 items in 5 vaults for account: EJTYTR6WEVFT3O7O2O6377GO4A
INFO  2025-06-13T19:37:40.773+00:00 runtime-worker(ThreadId(9)) [1P:service/op-service-sync/src/lib.rs:122] starting refresher task during initial account sign-in
INFO  2025-06-13T19:37:40.773+00:00 runtime-worker(ThreadId(6)) [1P:app/op-app/src/app/backend/mycelium/shared.rs:519] Mycelium Sign-in succeeded
INFO  2025-06-13T19:37:40.773+00:00 runtime-worker(ThreadId(12)) [1P:op-telemetry/src/middleware/opt_state.rs:114] op-telemetry: account uuid 'EJTYTR6WEVFT3O7O2O6377GO4A' changed telemetry state to Decided(Out)
INFO  2025-06-13T19:37:40.773+00:00 runtime-worker(ThreadId(6)) [1P:app/op-app/src/app/backend/task_handle.rs:39] Finished mycelium-active-sign-in task
ERROR 2025-06-13T19:37:40.773+00:00 runtime-worker(ThreadId(15)) [1P:app/op-app/src/app/components/policies.rs:67] Failed to get PolicyAuthenticationKey from any account
ERROR 2025-06-13T19:37:40.774+00:00 runtime-worker(ThreadId(6)) [1P:op-auto-lock/src/linux.rs:210] Could not connect to the X server: XcbEventError
INFO  2025-06-13T19:37:40.774+00:00 runtime-worker(ThreadId(6)) [1P:data/ext/op-account-ext-settings-authentication/src/lib.rs:354] No and/or corrupt account setting authentication key, generating a new one.
INFO  2025-06-13T19:37:40.774+00:00 runtime-worker(ThreadId(6)) [1P:data/ext/op-account-ext-settings-authentication/src/lib.rs:378] applying setting authentication key (53b843dcf6ba17b1) to account (EJTYTR6WEVFT3O7O2O6377GO4A).
INFO  2025-06-13T19:37:40.775+00:00 runtime-worker(ThreadId(6)) [1P:op-settings/src/store/json_store.rs:721] initializing settings authentication with key 53b843dcf6ba17b1
INFO  2025-06-13T19:37:40.775+00:00 runtime-worker(ThreadId(24)) [1P:app/op-app/src/app/backend/unlock.rs:176] Lock state changed: Unlocked
INFO  2025-06-13T19:37:40.775+00:00 runtime-worker(ThreadId(24)) [1P:app/op-app/src/app/backend/essential_setup.rs:135] SLS Migration Result: Performed
ERROR 2025-06-13T19:37:40.775+00:00 runtime-worker(ThreadId(24)) [1P:op-settings/src/store/json_store.rs:80] Os { code: 2, kind: NotFound, message: "No such file or directory" }
INFO  2025-06-13T19:37:40.775+00:00 runtime-worker(ThreadId(9)) [1P:op-settings/src/store/json_store.rs:104] Settings file "/home/<redacted-username>/.config/1Password/settings/settings.json" missing, using defaults.
INFO  2025-06-13T19:37:40.775+00:00 runtime-worker(ThreadId(9)) [1P:op-settings/src/store/json_store.rs:73] Settings file created @ 2025-06-13 19:37:40.775204418 UTC and last modified @ 2025-06-13 19:37:40.775204418 UTC
INFO  2025-06-13T19:37:40.775+00:00 runtime-worker(ThreadId(21)) [1P:native-messaging/op-native-core-integration/src/lib.rs:301] Setting has been toggled on/off, restarting native core integration
INFO  2025-06-13T19:37:40.775+00:00 runtime-worker(ThreadId(21)) [1P:native-messaging/op-native-core-integration/src/lib.rs:338] Starting IPC listener on 1Password-BrowserSupport
INFO  2025-06-13T19:37:40.775+00:00 runtime-worker(ThreadId(20)) [1P:native-messaging/op-native-core-integration/src/lib.rs:350] Active native core integration is awaiting messages
INFO  2025-06-13T19:37:40.775+00:00 runtime-worker(ThreadId(6)) [1P:native-messaging/op-nm-installer/src/nix_utils.rs:48] Creating manifest directory for Chromium at /home/<redacted-username>/.config/google-chrome/NativeMessagingHosts
INFO  2025-06-13T19:37:40.776+00:00 runtime-worker(ThreadId(6)) [1P:native-messaging/op-nm-installer/src/nix_utils.rs:68] Created NMH manifest at /home/<redacted-username>/.config/google-chrome/NativeMessagingHosts/com.1password.1password.json
INFO  2025-06-13T19:37:40.776+00:00 runtime-worker(ThreadId(6)) [1P:native-messaging/op-nm-installer/src/nix_utils.rs:48] Creating manifest directory for Chromium at /home/<redacted-username>/.config/google-chrome-beta/NativeMessagingHosts
INFO  2025-06-13T19:37:40.776+00:00 runtime-worker(ThreadId(6)) [1P:native-messaging/op-nm-installer/src/nix_utils.rs:68] Created NMH manifest at /home/<redacted-username>/.config/google-chrome-beta/NativeMessagingHosts/com.1password.1password.json
INFO  2025-06-13T19:37:40.776+00:00 runtime-worker(ThreadId(6)) [1P:native-messaging/op-nm-installer/src/nix_utils.rs:48] Creating manifest directory for Chromium at /home/<redacted-username>/.config/google-chrome-unstable/NativeMessagingHosts
INFO  2025-06-13T19:37:40.776+00:00 runtime-worker(ThreadId(6)) [1P:native-messaging/op-nm-installer/src/nix_utils.rs:68] Created NMH manifest at /home/<redacted-username>/.config/google-chrome-unstable/NativeMessagingHosts/com.1password.1password.json
INFO  2025-06-13T19:37:40.776+00:00 runtime-worker(ThreadId(6)) [1P:native-messaging/op-nm-installer/src/nix_utils.rs:48] Creating manifest directory for Chromium at /home/<redacted-username>/.config/chromium/NativeMessagingHosts
INFO  2025-06-13T19:37:40.776+00:00 runtime-worker(ThreadId(6)) [1P:native-messaging/op-nm-installer/src/nix_utils.rs:68] Created NMH manifest at /home/<redacted-username>/.config/chromium/NativeMessagingHosts/com.1password.1password.json
INFO  2025-06-13T19:37:40.776+00:00 runtime-worker(ThreadId(6)) [1P:native-messaging/op-nm-installer/src/nix_utils.rs:48] Creating manifest directory for Chromium at /home/<redacted-username>/.config/microsoft-edge-dev/NativeMessagingHosts
INFO  2025-06-13T19:37:40.776+00:00 runtime-worker(ThreadId(6)) [1P:native-messaging/op-nm-installer/src/nix_utils.rs:68] Created NMH manifest at /home/<redacted-username>/.config/microsoft-edge-dev/NativeMessagingHosts/com.1password.1password.json
INFO  2025-06-13T19:37:40.776+00:00 runtime-worker(ThreadId(6)) [1P:native-messaging/op-nm-installer/src/nix_utils.rs:48] Creating manifest directory for Chromium at /home/<redacted-username>/.config/BraveSoftware/Brave-Browser/NativeMessagingHosts
INFO  2025-06-13T19:37:40.776+00:00 runtime-worker(ThreadId(6)) [1P:native-messaging/op-nm-installer/src/nix_utils.rs:68] Created NMH manifest at /home/<redacted-username>/.config/BraveSoftware/Brave-Browser/NativeMessagingHosts/com.1password.1password.json
INFO  2025-06-13T19:37:40.776+00:00 runtime-worker(ThreadId(6)) [1P:native-messaging/op-nm-installer/src/nix_utils.rs:48] Creating manifest directory for Chromium at /home/<redacted-username>/.config/vivaldi/NativeMessagingHosts
INFO  2025-06-13T19:37:40.776+00:00 runtime-worker(ThreadId(6)) [1P:native-messaging/op-nm-installer/src/nix_utils.rs:68] Created NMH manifest at /home/<redacted-username>/.config/vivaldi/NativeMessagingHosts/com.1password.1password.json
INFO  2025-06-13T19:37:40.776+00:00 runtime-worker(ThreadId(6)) [1P:native-messaging/op-nm-installer/src/nix_utils.rs:48] Creating manifest directory for Chromium at /home/<redacted-username>/.config/vivaldi-snapshot/NativeMessagingHosts
INFO  2025-06-13T19:37:40.776+00:00 runtime-worker(ThreadId(6)) [1P:native-messaging/op-nm-installer/src/nix_utils.rs:68] Created NMH manifest at /home/<redacted-username>/.config/vivaldi-snapshot/NativeMessagingHosts/com.1password.1password.json
INFO  2025-06-13T19:37:40.776+00:00 runtime-worker(ThreadId(6)) [1P:native-messaging/op-nm-installer/src/nix_utils.rs:48] Creating manifest directory for Firefox at /home/<redacted-username>/.mozilla/native-messaging-hosts
INFO  2025-06-13T19:37:40.776+00:00 runtime-worker(ThreadId(6)) [1P:native-messaging/op-nm-installer/src/nix_utils.rs:68] Created NMH manifest at /home/<redacted-username>/.mozilla/native-messaging-hosts/com.1password.1password.json
INFO  2025-06-13T19:37:40.776+00:00 runtime-worker(ThreadId(6)) [1P:native-messaging/op-nm-installer/src/nix_utils.rs:83] Successfully installed all native messaging manifests.
INFO  2025-06-13T19:37:40.782+00:00 ThreadId(26) [client:typescript] Settings file changed.
INFO  2025-06-13T19:37:40.911+00:00 runtime-worker(ThreadId(116)) [1P:app/op-app/src/app/backend/quick_access.rs:187] Getting suggestions for quick access
INFO  2025-06-13T19:37:40.924+00:00 runtime-worker(ThreadId(90)) [1P:app/op-app/src/app/backend/quick_access.rs:187] Getting suggestions for quick access
INFO  2025-06-13T19:37:41.081+00:00 runtime-worker(ThreadId(15)) [1P:op-settings/src/store/json_store.rs:73] Settings file created @ 2025-06-13 19:37:40.775204418 UTC and last modified @ 2025-06-13 19:37:40.775204418 UTC
INFO  2025-06-13T19:37:41.081+00:00 runtime-worker(ThreadId(15)) [1P:op-settings/src/store/json_store.rs:73] Settings file created @ 2025-06-13 19:37:40.775204418 UTC and last modified @ 2025-06-13 19:37:41.081200515 UTC
INFO  2025-06-13T19:37:41.081+00:00 runtime-worker(ThreadId(12)) [1P:native-messaging/op-native-core-integration/src/lib.rs:364] Setting has been toggled on/off, restarting native core integration
INFO  2025-06-13T19:37:41.081+00:00 runtime-worker(ThreadId(12)) [1P:native-messaging/op-native-core-integration/src/lib.rs:338] Starting IPC listener on 1Password-BrowserSupport
INFO  2025-06-13T19:37:41.081+00:00 runtime-worker(ThreadId(6)) [1P:native-messaging/op-native-core-integration/src/lib.rs:350] Active native core integration is awaiting messages
INFO  2025-06-13T19:37:41.081+00:00 runtime-worker(ThreadId(20)) [1P:native-messaging/op-nm-installer/src/nix_utils.rs:68] Created NMH manifest at /home/<redacted-username>/.config/google-chrome/NativeMessagingHosts/com.1password.1password.json
INFO  2025-06-13T19:37:41.081+00:00 ThreadId(26) [client:typescript] Settings file changed.
INFO  2025-06-13T19:37:41.081+00:00 runtime-worker(ThreadId(20)) [1P:native-messaging/op-nm-installer/src/nix_utils.rs:68] Created NMH manifest at /home/<redacted-username>/.config/google-chrome-beta/NativeMessagingHosts/com.1password.1password.json
INFO  2025-06-13T19:37:41.081+00:00 runtime-worker(ThreadId(20)) [1P:native-messaging/op-nm-installer/src/nix_utils.rs:68] Created NMH manifest at /home/<redacted-username>/.config/google-chrome-unstable/NativeMessagingHosts/com.1password.1password.json
INFO  2025-06-13T19:37:41.081+00:00 runtime-worker(ThreadId(20)) [1P:native-messaging/op-nm-installer/src/nix_utils.rs:68] Created NMH manifest at /home/<redacted-username>/.config/chromium/NativeMessagingHosts/com.1password.1password.json
INFO  2025-06-13T19:37:41.081+00:00 runtime-worker(ThreadId(20)) [1P:native-messaging/op-nm-installer/src/nix_utils.rs:68] Created NMH manifest at /home/<redacted-username>/.config/microsoft-edge-dev/NativeMessagingHosts/com.1password.1password.json
INFO  2025-06-13T19:37:41.081+00:00 runtime-worker(ThreadId(20)) [1P:native-messaging/op-nm-installer/src/nix_utils.rs:68] Created NMH manifest at /home/<redacted-username>/.config/BraveSoftware/Brave-Browser/NativeMessagingHosts/com.1password.1password.json
INFO  2025-06-13T19:37:41.081+00:00 runtime-worker(ThreadId(20)) [1P:native-messaging/op-nm-installer/src/nix_utils.rs:68] Created NMH manifest at /home/<redacted-username>/.config/vivaldi/NativeMessagingHosts/com.1password.1password.json
INFO  2025-06-13T19:37:41.081+00:00 runtime-worker(ThreadId(20)) [1P:native-messaging/op-nm-installer/src/nix_utils.rs:68] Created NMH manifest at /home/<redacted-username>/.config/vivaldi-snapshot/NativeMessagingHosts/com.1password.1password.json
INFO  2025-06-13T19:37:41.082+00:00 runtime-worker(ThreadId(20)) [1P:native-messaging/op-nm-installer/src/nix_utils.rs:68] Created NMH manifest at /home/<redacted-username>/.mozilla/native-messaging-hosts/com.1password.1password.json
INFO  2025-06-13T19:37:41.082+00:00 runtime-worker(ThreadId(20)) [1P:native-messaging/op-nm-installer/src/nix_utils.rs:83] Successfully installed all native messaging manifests.
INFO  2025-06-13T19:37:41.211+00:00 runtime-worker(ThreadId(18)) [1P:data/ext/op-account-ext-syncer/src/lib.rs:239] The B5 Notifier for (EJTYTR6WEVFT3O7O2O6377GO4A) has connected, now monitoring for events.
INFO  2025-06-13T19:37:41.562+00:00 runtime-worker(ThreadId(18)) [1P:app/op-app/src/app/backend/unlock.rs:205] Processing unlocked account EJTYTR6WEVFT3O7O2O6377GO4A
INFO  2025-06-13T19:37:42.476+00:00 runtime-worker(ThreadId(6)) [1P:data/op-syncer/src/sync_job.rs:490] synced account EJTYTR6WEVFT3O7O2O6377GO4A (1.703617156s)
INFO  2025-06-13T19:37:42.477+00:00 runtime-worker(ThreadId(15)) [1P:data/op-file-transfer/src/lib.rs:637] find_and_complete_pending_uploads: 'EJTYTR6WEVFT3O7O2O6377GO4A'
INFO  2025-06-13T19:37:42.477+00:00 runtime-worker(ThreadId(6)) [1P:service/op-service-sync/src/lib.rs:132] shutting down refresher task
INFO  2025-06-13T19:37:42.484+00:00 runtime-worker(ThreadId(117)) [1P:app/op-app/src/app/backend/quick_access.rs:187] Getting suggestions for quick access
INFO  2025-06-13T19:37:42.640+00:00 runtime-worker(ThreadId(9)) [1P:data/op-syncer/src/sync_job.rs:490] synced account EJTYTR6WEVFT3O7O2O6377GO4A (0.163080406s)
INFO  2025-06-13T19:37:49.618+00:00 runtime-worker(ThreadId(6)) [1P:op-settings/src/store/json_store.rs:73] Settings file created @ 2025-06-13 19:37:40.775204418 UTC and last modified @ 2025-06-13 19:37:41.081200515 UTC
INFO  2025-06-13T19:37:49.618+00:00 runtime-worker(ThreadId(6)) [1P:op-settings/src/store/json_store.rs:73] Settings file created @ 2025-06-13 19:37:40.775204418 UTC and last modified @ 2025-06-13 19:37:49.618090019 UTC
INFO  2025-06-13T19:37:49.618+00:00 runtime-worker(ThreadId(12)) [1P:native-messaging/op-native-core-integration/src/lib.rs:364] Setting has been toggled on/off, restarting native core integration
INFO  2025-06-13T19:37:49.618+00:00 runtime-worker(ThreadId(12)) [1P:native-messaging/op-native-core-integration/src/lib.rs:295] Mute native core integration is waiting for Shared Lock State to be enabled
INFO  2025-06-13T19:37:49.618+00:00 runtime-worker(ThreadId(18)) [1P:native-messaging/op-nm-installer/src/nix_utils.rs:100] Removed NMH manifest at /home/<redacted-username>/.config/google-chrome/NativeMessagingHosts/com.1password.1password.json
INFO  2025-06-13T19:37:49.619+00:00 runtime-worker(ThreadId(18)) [1P:native-messaging/op-nm-installer/src/nix_utils.rs:100] Removed NMH manifest at /home/<redacted-username>/.config/google-chrome-beta/NativeMessagingHosts/com.1password.1password.json
INFO  2025-06-13T19:37:49.619+00:00 runtime-worker(ThreadId(18)) [1P:native-messaging/op-nm-installer/src/nix_utils.rs:100] Removed NMH manifest at /home/<redacted-username>/.config/google-chrome-unstable/NativeMessagingHosts/com.1password.1password.json
INFO  2025-06-13T19:37:49.619+00:00 runtime-worker(ThreadId(18)) [1P:native-messaging/op-nm-installer/src/nix_utils.rs:100] Removed NMH manifest at /home/<redacted-username>/.config/chromium/NativeMessagingHosts/com.1password.1password.json
INFO  2025-06-13T19:37:49.619+00:00 runtime-worker(ThreadId(18)) [1P:native-messaging/op-nm-installer/src/nix_utils.rs:100] Removed NMH manifest at /home/<redacted-username>/.config/microsoft-edge-dev/NativeMessagingHosts/com.1password.1password.json
INFO  2025-06-13T19:37:49.619+00:00 runtime-worker(ThreadId(18)) [1P:native-messaging/op-nm-installer/src/nix_utils.rs:100] Removed NMH manifest at /home/<redacted-username>/.config/BraveSoftware/Brave-Browser/NativeMessagingHosts/com.1password.1password.json
INFO  2025-06-13T19:37:49.619+00:00 runtime-worker(ThreadId(18)) [1P:native-messaging/op-nm-installer/src/nix_utils.rs:100] Removed NMH manifest at /home/<redacted-username>/.config/vivaldi/NativeMessagingHosts/com.1password.1password.json
INFO  2025-06-13T19:37:49.619+00:00 runtime-worker(ThreadId(18)) [1P:native-messaging/op-nm-installer/src/nix_utils.rs:100] Removed NMH manifest at /home/<redacted-username>/.config/vivaldi-snapshot/NativeMessagingHosts/com.1password.1password.json
INFO  2025-06-13T19:37:49.619+00:00 runtime-worker(ThreadId(18)) [1P:native-messaging/op-nm-installer/src/nix_utils.rs:100] Removed NMH manifest at /home/<redacted-username>/.mozilla/native-messaging-hosts/com.1password.1password.json
INFO  2025-06-13T19:37:49.619+00:00 runtime-worker(ThreadId(18)) [1P:native-messaging/op-nm-installer/src/nix_utils.rs:120] Removed 9 Native Messaging Host manifests
INFO  2025-06-13T19:37:49.619+00:00 ThreadId(26) [client:typescript] Settings file changed.
INFO  2025-06-13T19:37:49.934+00:00 runtime-worker(ThreadId(18)) [1P:op-settings/src/store/json_store.rs:73] Settings file created @ 2025-06-13 19:37:40.775204418 UTC and last modified @ 2025-06-13 19:37:49.618090019 UTC
INFO  2025-06-13T19:37:49.934+00:00 runtime-worker(ThreadId(18)) [1P:op-settings/src/store/json_store.rs:73] Settings file created @ 2025-06-13 19:37:40.775204418 UTC and last modified @ 2025-06-13 19:37:49.934085876 UTC
INFO  2025-06-13T19:37:49.934+00:00 runtime-worker(ThreadId(6)) [1P:native-messaging/op-native-core-integration/src/lib.rs:301] Setting has been toggled on/off, restarting native core integration
INFO  2025-06-13T19:37:49.934+00:00 runtime-worker(ThreadId(6)) [1P:native-messaging/op-native-core-integration/src/lib.rs:338] Starting IPC listener on 1Password-BrowserSupport
INFO  2025-06-13T19:37:49.934+00:00 runtime-worker(ThreadId(9)) [1P:native-messaging/op-nm-installer/src/nix_utils.rs:68] Created NMH manifest at /home/<redacted-username>/.config/google-chrome/NativeMessagingHosts/com.1password.1password.json
INFO  2025-06-13T19:37:49.934+00:00 ThreadId(26) [client:typescript] Settings file changed.
INFO  2025-06-13T19:37:49.934+00:00 runtime-worker(ThreadId(9)) [1P:native-messaging/op-nm-installer/src/nix_utils.rs:68] Created NMH manifest at /home/<redacted-username>/.config/google-chrome-beta/NativeMessagingHosts/com.1password.1password.json
INFO  2025-06-13T19:37:49.934+00:00 runtime-worker(ThreadId(12)) [1P:native-messaging/op-native-core-integration/src/lib.rs:350] Active native core integration is awaiting messages
INFO  2025-06-13T19:37:49.934+00:00 runtime-worker(ThreadId(9)) [1P:native-messaging/op-nm-installer/src/nix_utils.rs:68] Created NMH manifest at /home/<redacted-username>/.config/google-chrome-unstable/NativeMessagingHosts/com.1password.1password.json
INFO  2025-06-13T19:37:49.934+00:00 runtime-worker(ThreadId(9)) [1P:native-messaging/op-nm-installer/src/nix_utils.rs:68] Created NMH manifest at /home/<redacted-username>/.config/chromium/NativeMessagingHosts/com.1password.1password.json
INFO  2025-06-13T19:37:49.935+00:00 runtime-worker(ThreadId(9)) [1P:native-messaging/op-nm-installer/src/nix_utils.rs:68] Created NMH manifest at /home/<redacted-username>/.config/microsoft-edge-dev/NativeMessagingHosts/com.1password.1password.json
INFO  2025-06-13T19:37:49.935+00:00 runtime-worker(ThreadId(9)) [1P:native-messaging/op-nm-installer/src/nix_utils.rs:68] Created NMH manifest at /home/<redacted-username>/.config/BraveSoftware/Brave-Browser/NativeMessagingHosts/com.1password.1password.json
INFO  2025-06-13T19:37:49.935+00:00 runtime-worker(ThreadId(9)) [1P:native-messaging/op-nm-installer/src/nix_utils.rs:68] Created NMH manifest at /home/<redacted-username>/.config/vivaldi/NativeMessagingHosts/com.1password.1password.json
INFO  2025-06-13T19:37:49.935+00:00 runtime-worker(ThreadId(9)) [1P:native-messaging/op-nm-installer/src/nix_utils.rs:68] Created NMH manifest at /home/<redacted-username>/.config/vivaldi-snapshot/NativeMessagingHosts/com.1password.1password.json
INFO  2025-06-13T19:37:49.935+00:00 runtime-worker(ThreadId(9)) [1P:native-messaging/op-nm-installer/src/nix_utils.rs:68] Created NMH manifest at /home/<redacted-username>/.mozilla/native-messaging-hosts/com.1password.1password.json
INFO  2025-06-13T19:37:49.935+00:00 runtime-worker(ThreadId(9)) [1P:native-messaging/op-nm-installer/src/nix_utils.rs:83] Successfully installed all native messaging manifests.
INFO  2025-06-13T19:37:51.124+00:00 runtime-worker(ThreadId(20)) [1P:op-settings/src/store/json_store.rs:73] Settings file created @ 2025-06-13 19:37:40.775204418 UTC and last modified @ 2025-06-13 19:37:49.934085876 UTC
INFO  2025-06-13T19:37:51.124+00:00 runtime-worker(ThreadId(20)) [1P:op-settings/src/store/json_store.rs:73] Settings file created @ 2025-06-13 19:37:40.775204418 UTC and last modified @ 2025-06-13 19:37:51.124070232 UTC
INFO  2025-06-13T19:37:51.124+00:00 runtime-worker(ThreadId(6)) [1P:native-messaging/op-native-core-integration/src/lib.rs:364] Setting has been toggled on/off, restarting native core integration
INFO  2025-06-13T19:37:51.124+00:00 runtime-worker(ThreadId(6)) [1P:native-messaging/op-native-core-integration/src/lib.rs:295] Mute native core integration is waiting for Shared Lock State to be enabled
INFO  2025-06-13T19:37:51.124+00:00 runtime-worker(ThreadId(12)) [1P:native-messaging/op-nm-installer/src/nix_utils.rs:100] Removed NMH manifest at /home/<redacted-username>/.config/google-chrome/NativeMessagingHosts/com.1password.1password.json
INFO  2025-06-13T19:37:51.125+00:00 runtime-worker(ThreadId(12)) [1P:native-messaging/op-nm-installer/src/nix_utils.rs:100] Removed NMH manifest at /home/<redacted-username>/.config/google-chrome-beta/NativeMessagingHosts/com.1password.1password.json
INFO  2025-06-13T19:37:51.125+00:00 runtime-worker(ThreadId(12)) [1P:native-messaging/op-nm-installer/src/nix_utils.rs:100] Removed NMH manifest at /home/<redacted-username>/.config/google-chrome-unstable/NativeMessagingHosts/com.1password.1password.json
INFO  2025-06-13T19:37:51.125+00:00 runtime-worker(ThreadId(12)) [1P:native-messaging/op-nm-installer/src/nix_utils.rs:100] Removed NMH manifest at /home/<redacted-username>/.config/chromium/NativeMessagingHosts/com.1password.1password.json
INFO  2025-06-13T19:37:51.125+00:00 runtime-worker(ThreadId(12)) [1P:native-messaging/op-nm-installer/src/nix_utils.rs:100] Removed NMH manifest at /home/<redacted-username>/.config/microsoft-edge-dev/NativeMessagingHosts/com.1password.1password.json
INFO  2025-06-13T19:37:51.125+00:00 runtime-worker(ThreadId(12)) [1P:native-messaging/op-nm-installer/src/nix_utils.rs:100] Removed NMH manifest at /home/<redacted-username>/.config/BraveSoftware/Brave-Browser/NativeMessagingHosts/com.1password.1password.json
INFO  2025-06-13T19:37:51.125+00:00 runtime-worker(ThreadId(12)) [1P:native-messaging/op-nm-installer/src/nix_utils.rs:100] Removed NMH manifest at /home/<redacted-username>/.config/vivaldi/NativeMessagingHosts/com.1password.1password.json
INFO  2025-06-13T19:37:51.125+00:00 runtime-worker(ThreadId(12)) [1P:native-messaging/op-nm-installer/src/nix_utils.rs:100] Removed NMH manifest at /home/<redacted-username>/.config/vivaldi-snapshot/NativeMessagingHosts/com.1password.1password.json
INFO  2025-06-13T19:37:51.125+00:00 runtime-worker(ThreadId(12)) [1P:native-messaging/op-nm-installer/src/nix_utils.rs:100] Removed NMH manifest at /home/<redacted-username>/.mozilla/native-messaging-hosts/com.1password.1password.json
INFO  2025-06-13T19:37:51.125+00:00 runtime-worker(ThreadId(12)) [1P:native-messaging/op-nm-installer/src/nix_utils.rs:120] Removed 9 Native Messaging Host manifests
INFO  2025-06-13T19:37:51.125+00:00 ThreadId(26) [client:typescript] Settings file changed.
INFO  2025-06-13T19:37:51.788+00:00 runtime-worker(ThreadId(9)) [1P:op-settings/src/store/json_store.rs:73] Settings file created @ 2025-06-13 19:37:40.775204418 UTC and last modified @ 2025-06-13 19:37:51.124070232 UTC
INFO  2025-06-13T19:37:51.789+00:00 runtime-worker(ThreadId(9)) [1P:op-settings/src/store/json_store.rs:73] Settings file created @ 2025-06-13 19:37:40.775204418 UTC and last modified @ 2025-06-13 19:37:51.788061479 UTC
INFO  2025-06-13T19:37:51.789+00:00 runtime-worker(ThreadId(6)) [1P:native-messaging/op-native-core-integration/src/lib.rs:301] Setting has been toggled on/off, restarting native core integration
INFO  2025-06-13T19:37:51.789+00:00 runtime-worker(ThreadId(6)) [1P:native-messaging/op-native-core-integration/src/lib.rs:338] Starting IPC listener on 1Password-BrowserSupport
INFO  2025-06-13T19:37:51.789+00:00 runtime-worker(ThreadId(9)) [1P:native-messaging/op-native-core-integration/src/lib.rs:350] Active native core integration is awaiting messages
INFO  2025-06-13T19:37:51.789+00:00 runtime-worker(ThreadId(12)) [1P:native-messaging/op-nm-installer/src/nix_utils.rs:68] Created NMH manifest at /home/<redacted-username>/.config/google-chrome/NativeMessagingHosts/com.1password.1password.json
INFO  2025-06-13T19:37:51.789+00:00 runtime-worker(ThreadId(12)) [1P:native-messaging/op-nm-installer/src/nix_utils.rs:68] Created NMH manifest at /home/<redacted-username>/.config/google-chrome-beta/NativeMessagingHosts/com.1password.1password.json
INFO  2025-06-13T19:37:51.789+00:00 ThreadId(26) [client:typescript] Settings file changed.
INFO  2025-06-13T19:37:51.789+00:00 runtime-worker(ThreadId(12)) [1P:native-messaging/op-nm-installer/src/nix_utils.rs:68] Created NMH manifest at /home/<redacted-username>/.config/google-chrome-unstable/NativeMessagingHosts/com.1password.1password.json
INFO  2025-06-13T19:37:51.789+00:00 runtime-worker(ThreadId(12)) [1P:native-messaging/op-nm-installer/src/nix_utils.rs:68] Created NMH manifest at /home/<redacted-username>/.config/chromium/NativeMessagingHosts/com.1password.1password.json
INFO  2025-06-13T19:37:51.789+00:00 runtime-worker(ThreadId(12)) [1P:native-messaging/op-nm-installer/src/nix_utils.rs:68] Created NMH manifest at /home/<redacted-username>/.config/microsoft-edge-dev/NativeMessagingHosts/com.1password.1password.json
INFO  2025-06-13T19:37:51.789+00:00 runtime-worker(ThreadId(12)) [1P:native-messaging/op-nm-installer/src/nix_utils.rs:68] Created NMH manifest at /home/<redacted-username>/.config/BraveSoftware/Brave-Browser/NativeMessagingHosts/com.1password.1password.json
INFO  2025-06-13T19:37:51.789+00:00 runtime-worker(ThreadId(12)) [1P:native-messaging/op-nm-installer/src/nix_utils.rs:68] Created NMH manifest at /home/<redacted-username>/.config/vivaldi/NativeMessagingHosts/com.1password.1password.json
INFO  2025-06-13T19:37:51.789+00:00 runtime-worker(ThreadId(12)) [1P:native-messaging/op-nm-installer/src/nix_utils.rs:68] Created NMH manifest at /home/<redacted-username>/.config/vivaldi-snapshot/NativeMessagingHosts/com.1password.1password.json
INFO  2025-06-13T19:37:51.789+00:00 runtime-worker(ThreadId(12)) [1P:native-messaging/op-nm-installer/src/nix_utils.rs:68] Created NMH manifest at /home/<redacted-username>/.mozilla/native-messaging-hosts/com.1password.1password.json
INFO  2025-06-13T19:37:51.789+00:00 runtime-worker(ThreadId(12)) [1P:native-messaging/op-nm-installer/src/nix_utils.rs:83] Successfully installed all native messaging manifests.
INFO  2025-06-13T19:37:54.994+00:00 runtime-worker(ThreadId(9)) [1P:op-settings/src/store/json_store.rs:73] Settings file created @ 2025-06-13 19:37:40.775204418 UTC and last modified @ 2025-06-13 19:37:51.788061479 UTC
INFO  2025-06-13T19:37:54.994+00:00 runtime-worker(ThreadId(20)) [1P:op-settings/src/store/json_store.rs:73] Settings file created @ 2025-06-13 19:37:40.775204418 UTC and last modified @ 2025-06-13 19:37:54.994018980 UTC
INFO  2025-06-13T19:37:54.995+00:00 ThreadId(26) [client:typescript] Settings file changed.
INFO  2025-06-13T19:37:55.533+00:00 runtime-worker(ThreadId(6)) [1P:data/op-account-system-unlock/src/lib.rs:672] Adding system unlock key. Verifying keysets can be decrypted.
INFO  2025-06-13T19:37:55.535+00:00 runtime-worker(ThreadId(6)) [1P:data/op-account-system-unlock/src/lib.rs:678] Adding system unlock key. Encrypting muk.
INFO  2025-06-13T19:37:55.536+00:00 ThreadId(30) [1P:data/op-account-system-unlock/src/lib.rs:684] Adding system unlock key. Updating account.
INFO  2025-06-13T19:37:58.811+00:00 runtime-worker(ThreadId(9)) [1P:app/op-app/src/app/backend/frontend.rs:26] Front end event: window closed
INFO  2025-06-13T19:44:27.955+00:00 runtime-worker(ThreadId(12)) [1P:app/op-app/src/app/backend/frontend.rs:26] Front end event: window closed
INFO  2025-06-13T19:44:56.584+00:00 runtime-worker(ThreadId(20)) [1P:data/op-syncer/src/sync_job.rs:490] synced account EJTYTR6WEVFT3O7O2O6377GO4A (0.50718118s)
INFO  2025-06-13T20:29:14.390+00:00 runtime-worker(ThreadId(9)) [1P:op-b5-client/src/internal/unauthorized_session.rs:1167] Skipping MFA because server did not return MFA config
INFO  2025-06-13T20:29:14.390+00:00 runtime-worker(ThreadId(20)) [1P:op-notification-listener/src/lib.rs:340] Received an updated notifier Url, reconnecting
INFO  2025-06-13T20:29:14.391+00:00 runtime-worker(ThreadId(20)) [1P:op-notification-listener/src/lib.rs:260] Delaying notifier reconnection for 4 seconds.
WARN  2025-06-13T20:29:14.391+00:00 runtime-worker(ThreadId(9)) [1P:data/ext/op-account-ext-syncer/src/lib.rs:251] The B5 Notifier for (EJTYTR6WEVFT3O7O2O6377GO4A) has disconnected.
INFO  2025-06-13T20:29:14.732+00:00 runtime-worker(ThreadId(20)) [1P:data/op-syncer/src/sync_job.rs:490] synced account EJTYTR6WEVFT3O7O2O6377GO4A (1.899497432s)
INFO  2025-06-13T20:29:14.736+00:00 runtime-worker(ThreadId(128)) [1P:app/op-app/src/app/backend/quick_access.rs:187] Getting suggestions for quick access
INFO  2025-06-13T20:29:15.244+00:00 runtime-worker(ThreadId(20)) [1P:data/op-syncer/src/sync_job.rs:490] synced account EJTYTR6WEVFT3O7O2O6377GO4A (0.511369818s)
INFO  2025-06-13T20:29:18.833+00:00 runtime-worker(ThreadId(9)) [1P:data/ext/op-account-ext-syncer/src/lib.rs:239] The B5 Notifier for (EJTYTR6WEVFT3O7O2O6377GO4A) has connected, now monitoring for events.
INFO  2025-06-13T23:06:55.016+00:00 runtime-worker(ThreadId(6)) [1P:app/op-app/src/app/backend/lock.rs:163] Lock state changed: Locked
INFO  2025-06-13T23:06:55.016+00:00 runtime-worker(ThreadId(6)) [1P:app/op-app/src/app/backend/lock.rs:190] Locked. Reason: Automatic(ScreenSaverActivated).
INFO  2025-06-13T23:06:55.016+00:00 runtime-worker(ThreadId(9)) [1P:app/op-app/src/app/backend/mycelium/task_management.rs:65] Received a Mycelium channel close request, ignoring request as no task is actively running
