INFO  2025-06-20T19:20:07.841+00:00 ThreadId(26) [1P:op-settings/src/store/json_store.rs:73] Settings file created @ 2025-06-13 19:37:40.775204418 UTC and last modified @ 2025-06-15 20:42:26.194254178 UTC
INFO  2025-06-20T19:20:07.846+00:00 ThreadId(26) [client:typescript] Client starting.
ERROR 2025-06-20T19:20:08.456+00:00 ThreadId(26) [1P:op-crash-reporting/src/crash_handler.rs:67] Os { code: 2, kind: NotFound, message: "No such file or directory" }
INFO  2025-06-20T19:20:08.456+00:00 ThreadId(26) [1P:op-localization/src/lib.rs:237] system locale detected as 'en-US'
INFO  2025-06-20T19:20:08.457+00:00 ThreadId(26) [1P:op-localization/src/lib.rs:263] selected translations for EN_US based on detected locale en-US
INFO  2025-06-20T19:20:08.457+00:00 ThreadId(26) [status:app/op-app/src/app.rs:826] App::new(1Password for Linux/81060027 (EN_US), /home/<redacted-username>/.config/1Password)
INFO  2025-06-20T19:20:08.476+00:00 ThreadId(26) [1P:data/op-db/src/common/mod.rs:146] Core DB Table Integrity Check Succeeded
INFO  2025-06-20T19:20:08.476+00:00 ThreadId(26) [1P:data/op-db/src/common/mod.rs:160] Core DB Integrity Check Succeeded
INFO  2025-06-20T19:20:08.476+00:00 ThreadId(26) [1P:data/op-db/src/core_db/db.rs:146] Starting Core DB at version: 39
INFO  2025-06-20T19:20:08.477+00:00 ThreadId(26) [1P:data/op-db/src/common/mod.rs:146] Resources DB Table Integrity Check Succeeded
INFO  2025-06-20T19:20:08.478+00:00 ThreadId(26) [1P:data/op-db/src/common/mod.rs:160] Resources DB Integrity Check Succeeded
INFO  2025-06-20T19:20:08.478+00:00 ThreadId(26) [1P:data/op-db/src/resources_db/db.rs:105] Starting Resources DB at version: 1
INFO  2025-06-20T19:20:08.481+00:00 ThreadId(26) [1P:ssh/op-ssh-config/src/lib.rs:377] agent configured
INFO  2025-06-20T19:20:08.485+00:00 ThreadId(26) [1P:native-messaging/op-nm-installer/src/nix_utils.rs:68] Created NMH manifest at /home/<redacted-username>/.config/google-chrome/NativeMessagingHosts/com.1password.1password.json
INFO  2025-06-20T19:20:08.485+00:00 ThreadId(26) [1P:native-messaging/op-nm-installer/src/nix_utils.rs:68] Created NMH manifest at /home/<redacted-username>/.config/google-chrome-beta/NativeMessagingHosts/com.1password.1password.json
INFO  2025-06-20T19:20:08.486+00:00 ThreadId(26) [1P:native-messaging/op-nm-installer/src/nix_utils.rs:68] Created NMH manifest at /home/<redacted-username>/.config/google-chrome-unstable/NativeMessagingHosts/com.1password.1password.json
INFO  2025-06-20T19:20:08.486+00:00 ThreadId(26) [1P:native-messaging/op-nm-installer/src/nix_utils.rs:68] Created NMH manifest at /home/<redacted-username>/.config/chromium/NativeMessagingHosts/com.1password.1password.json
INFO  2025-06-20T19:20:08.486+00:00 ThreadId(26) [1P:native-messaging/op-nm-installer/src/nix_utils.rs:68] Created NMH manifest at /home/<redacted-username>/.config/microsoft-edge-dev/NativeMessagingHosts/com.1password.1password.json
INFO  2025-06-20T19:20:08.486+00:00 ThreadId(26) [1P:native-messaging/op-nm-installer/src/nix_utils.rs:68] Created NMH manifest at /home/<redacted-username>/.config/BraveSoftware/Brave-Browser/NativeMessagingHosts/com.1password.1password.json
INFO  2025-06-20T19:20:08.486+00:00 ThreadId(26) [1P:native-messaging/op-nm-installer/src/nix_utils.rs:68] Created NMH manifest at /home/<redacted-username>/.config/vivaldi/NativeMessagingHosts/com.1password.1password.json
INFO  2025-06-20T19:20:08.486+00:00 ThreadId(26) [1P:native-messaging/op-nm-installer/src/nix_utils.rs:68] Created NMH manifest at /home/<redacted-username>/.config/vivaldi-snapshot/NativeMessagingHosts/com.1password.1password.json
INFO  2025-06-20T19:20:08.486+00:00 ThreadId(26) [1P:native-messaging/op-nm-installer/src/nix_utils.rs:68] Created NMH manifest at /home/<redacted-username>/.mozilla/native-messaging-hosts/com.1password.1password.json
INFO  2025-06-20T19:20:08.486+00:00 ThreadId(26) [1P:native-messaging/op-nm-installer/src/nix_utils.rs:83] Successfully installed all native messaging manifests.
INFO  2025-06-20T19:20:08.487+00:00 runtime-worker(ThreadId(21)) [1P:op-global-shortcuts/src/node.rs:38] Global shortcut registration is not available on this system.
INFO  2025-06-20T19:20:08.487+00:00 runtime-worker(ThreadId(22)) [1P:op-global-shortcuts/src/node.rs:38] Global shortcut registration is not available on this system.
INFO  2025-06-20T19:20:08.490+00:00 runtime-worker(ThreadId(8)) [1P:native-messaging/op-native-core-integration/src/lib.rs:338] Starting IPC listener on 1Password-BrowserSupport
ERROR 2025-06-20T19:20:08.490+00:00 ThreadId(26) [1P:ffi/op-core-node/src/lib.rs:450] Io(Os { code: 2, kind: NotFound, message: "No such file or directory" })
INFO  2025-06-20T19:20:08.491+00:00 runtime-worker(ThreadId(15)) [1P:native-messaging/op-native-core-integration/src/lib.rs:350] Active native core integration is awaiting messages
INFO  2025-06-20T19:20:08.496+00:00 runtime-worker(ThreadId(8)) [1P:ssh/op-agent-controller/src/lib.rs:755] SSH Agent has started.
INFO  2025-06-20T19:20:08.496+00:00 runtime-worker(ThreadId(8)) [1P:ssh/op-agent-controller/src/lib.rs:564] Starting filesystem watcher for SSH agent configuration directories...
ERROR 2025-06-20T19:20:08.497+00:00 runtime-worker(ThreadId(8)) [1P:/builds/dev/core/core/ssh/op-agent-controller/src/lib.rs:565] Io(Os { code: 2, kind: NotFound, message: "No such file or directory" })
INFO  2025-06-20T19:20:08.723+00:00 runtime-worker(ThreadId(21)) [1P:app/op-app/src/app/backend/lock_screen.rs:88] System unlock is enabled: true
INFO  2025-06-20T19:20:08.724+00:00 runtime-worker(ThreadId(8)) [1P:app/op-app/src/app/backend/lock_screen.rs:116] Sys auth status NotSetup
ERROR 2025-06-20T19:20:08.725+00:00 runtime-worker(ThreadId(21)) [1P:app/op-app/src/app/components/route_persister.rs:31] Could not get key from unlocked account!
INFO  2025-06-20T19:20:13.522+00:00 runtime-worker(ThreadId(19)) [1P:app/op-app/src/app/backend/lock_screen.rs:88] System unlock is enabled: true
WARN  2025-06-20T19:20:13.663+00:00 runtime-worker(ThreadId(19)) [1P:data/op-data-cache/src/unlock.rs:444] could not unlock keychain: cannot unlock keychain: UnlockError(CannotUnlockKeychain(DecryptingSymmetricKey(GcmFailedToDecrypt)))
WARN  2025-06-20T19:20:13.663+00:00 runtime-worker(ThreadId(19)) [1P:app/op-app/src/app/backend/lock_screen.rs:980] the password entered may be incorrect
ERROR 2025-06-20T19:20:13.663+00:00 runtime-worker(ThreadId(19)) [1P:app/op-app/src/app/backend/lock_screen.rs:981] NoNewAccountsUnlocked
INFO  2025-06-20T19:20:23.699+00:00 runtime-worker(ThreadId(19)) [1P:app/op-app/src/app/backend/lock_screen.rs:88] System unlock is enabled: true
INFO  2025-06-20T19:20:23.842+00:00 runtime-worker(ThreadId(21)) [1P:/builds/dev/core/core/data/ext/op-account-ext-settings-authentication/src/lib.rs:235] loaded settings authentication key: 53b843dcf6ba17b1
INFO  2025-06-20T19:20:23.847+00:00 runtime-worker(ThreadId(19)) [1P:data/ext/op-account-ext-items/src/lib.rs:234] loaded 451 items in 5 vaults for account: EJTYTR6WEVFT3O7O2O6377GO4A
INFO  2025-06-20T19:20:23.848+00:00 runtime-worker(ThreadId(15)) [1P:op-telemetry/src/middleware/opt_state.rs:114] op-telemetry: account uuid 'EJTYTR6WEVFT3O7O2O6377GO4A' changed telemetry state to Decided(Out)
INFO  2025-06-20T19:20:23.848+00:00 runtime-worker(ThreadId(20)) [1P:op-settings/src/store/policies.rs:92] Notifying settings changed due to b5 policies.
ERROR 2025-06-20T19:20:23.849+00:00 runtime-worker(ThreadId(19)) [1P:op-auto-lock/src/linux.rs:210] Could not connect to the X server: XcbEventError
INFO  2025-06-20T19:20:23.850+00:00 runtime-worker(ThreadId(19)) [1P:data/ext/op-account-ext-settings-authentication/src/lib.rs:313] exactly one existing key found (53b843dcf6ba17b1). Applying it to any new accounts
INFO  2025-06-20T19:20:23.850+00:00 runtime-worker(ThreadId(19)) [1P:op-settings/src/store/json_store.rs:721] initializing settings authentication with key 53b843dcf6ba17b1
INFO  2025-06-20T19:20:23.850+00:00 runtime-worker(ThreadId(3)) [1P:app/op-app/src/app/backend/unlock.rs:176] Lock state changed: Unlocked
INFO  2025-06-20T19:20:23.850+00:00 runtime-worker(ThreadId(3)) [1P:app/op-app/src/app/backend/essential_setup.rs:135] SLS Migration Result: NotRequired
INFO  2025-06-20T19:20:23.854+00:00 runtime-worker(ThreadId(3)) [1P:ssh/op-ssh-bookmarks/src/lib.rs:235] Removing all SSH Bookmark configuration files from disk
INFO  2025-06-20T19:20:23.957+00:00 runtime-worker(ThreadId(114)) [1P:app/op-app/src/app/backend/quick_access.rs:187] Getting suggestions for quick access
INFO  2025-06-20T19:20:23.966+00:00 runtime-worker(ThreadId(114)) [1P:app/op-app/src/app/backend/quick_access.rs:187] Getting suggestions for quick access
INFO  2025-06-20T19:20:23.989+00:00 runtime-worker(ThreadId(13)) [1P:data/op-account-system-unlock/src/lib.rs:672] Adding system unlock key. Verifying keysets can be decrypted.
INFO  2025-06-20T19:20:23.991+00:00 runtime-worker(ThreadId(13)) [1P:data/op-account-system-unlock/src/lib.rs:678] Adding system unlock key. Encrypting muk.
INFO  2025-06-20T19:20:23.991+00:00 ThreadId(30) [1P:data/op-account-system-unlock/src/lib.rs:684] Adding system unlock key. Updating account.
INFO  2025-06-20T19:20:24.328+00:00 runtime-worker(ThreadId(19)) [1P:app/op-app/src/app/backend/unlock.rs:205] Processing unlocked account EJTYTR6WEVFT3O7O2O6377GO4A
INFO  2025-06-20T19:20:25.319+00:00 runtime-worker(ThreadId(3)) [1P:op-b5-client/src/internal/unauthorized_session.rs:1167] Skipping MFA because server did not return MFA config
INFO  2025-06-20T19:20:25.774+00:00 runtime-worker(ThreadId(19)) [1P:data/ext/op-account-ext-syncer/src/lib.rs:239] The B5 Notifier for (EJTYTR6WEVFT3O7O2O6377GO4A) has connected, now monitoring for events.
INFO  2025-06-20T19:20:26.085+00:00 runtime-worker(ThreadId(19)) [1P:data/op-syncer/src/sync_job.rs:490] synced account EJTYTR6WEVFT3O7O2O6377GO4A (0.763915639s)
INFO  2025-06-20T19:20:26.085+00:00 runtime-worker(ThreadId(3)) [1P:data/op-file-transfer/src/lib.rs:637] find_and_complete_pending_uploads: 'EJTYTR6WEVFT3O7O2O6377GO4A'
INFO  2025-06-20T19:20:26.088+00:00 runtime-worker(ThreadId(35)) [1P:app/op-app/src/app/backend/quick_access.rs:187] Getting suggestions for quick access
INFO  2025-06-20T23:29:07.906+00:00 runtime-worker(ThreadId(22)) [1P:app/op-app/src/app/backend/frontend.rs:26] Front end event: window closed
INFO  2025-06-20T23:41:30.575+00:00 runtime-worker(ThreadId(126)) [1P:foundation/op-system-auth/src/lib.rs:326] Biometry is available for 1 or more accounts
INFO  2025-06-20T23:41:31.816+00:00 runtime-worker(ThreadId(13)) [1P:app/op-app/src/app/backend/auth_prompt.rs:48] invoked auth prompt unlock
ERROR 2025-06-20T23:41:31.821+00:00 runtime-worker(ThreadId(126)) [1P:foundation/op-system-auth/src/lib.rs:797] PolKit authorization error: MethodError
INFO  2025-06-20T23:41:31.821+00:00 runtime-worker(ThreadId(126)) [1P:foundation/op-system-auth/src/lib.rs:326] Biometry is available for 1 or more accounts
INFO  2025-06-20T23:41:42.660+00:00 runtime-worker(ThreadId(22)) [1P:app/op-app/src/app/backend/auth_prompt.rs:48] invoked auth prompt unlock
INFO  2025-06-20T23:41:42.797+00:00 runtime-worker(ThreadId(126)) [1P:foundation/op-system-auth/src/lib.rs:326] Biometry is available for 1 or more accounts
INFO  2025-06-20T23:41:46.373+00:00 runtime-worker(ThreadId(3)) [1P:app/op-app/src/app/backend/auth_prompt.rs:48] invoked auth prompt unlock
INFO  2025-06-21T01:38:27.333+00:00 runtime-worker(ThreadId(22)) [1P:app/op-app/src/app/backend/frontend.rs:61] Front end event: app will quit
WARN  2025-06-21T01:38:27.334+00:00 runtime-worker(ThreadId(22)) [1P:op-invocation/src/lib.rs:498] shutdown requested!
INFO  2025-06-21T01:38:27.334+00:00 runtime-worker(ThreadId(22)) [1P:app/op-app/src/app/shutdown.rs:82] starting app shutdown
INFO  2025-06-21T01:38:27.334+00:00 runtime-worker(ThreadId(22)) [1P:app/op-app/src/app/shutdown.rs:144] running shutdown hook: /builds/dev/core/core/app/op-app/src/app.rs:1196
INFO  2025-06-21T01:38:27.334+00:00 runtime-worker(ThreadId(22)) [1P:app/op-app/src/app/shutdown.rs:144] running shutdown hook: /builds/dev/core/core/app/op-app/src/app.rs:1479
