2025-06-19 19:20:18.131 [info] [AutoSync] Using settings sync service https://vscode-sync.trafficmanager.net/
2025-06-19 19:20:18.131 [info] [AutoSync] Enabled.
2025-06-19 19:20:18.131 [info] [AutoSync] Suspended until auth token is available.
2025-06-19 19:20:28.068 [info] [AutoSync] Triggered by Interval
2025-06-19 19:20:28.068 [info] Sync started.
2025-06-19 19:20:28.639 [info] Settings: No changes found during synchronizing settings.
2025-06-19 19:20:28.642 [info] Keybindings: No changes found during synchronizing keybindings.
2025-06-19 19:20:28.643 [info] Snippets: No changes found during synchronizing snippets.
2025-06-19 19:20:28.644 [info] Tasks: No changes found during synchronizing tasks.
2025-06-19 19:20:29.204 [info] GlobalState: Updated remote ui state. Updated: workbench.activity.pinnedViewlets2,java.2.lastSessionDate,java.2.sessionCount,typescript.1.lastSessionDate,typescript.1.sessionCount,csharp.1.lastSessionDate,csharp.1.sessionCount,extension.features.state.
2025-06-19 19:20:29.207 [info] GlobalState: Updated last synchronized ui state
2025-06-19 19:20:29.244 [info] Extensions: No changes found during synchronizing extensions.
2025-06-19 19:20:29.245 [info] Profiles: No changes found during synchronizing profiles.
2025-06-19 19:20:29.246 [info] Sync done. Took 1178ms
2025-06-19 19:20:33.613 [info] [AutoSync] Triggered by Activity
2025-06-19 19:20:33.613 [info] Sync started.
2025-06-19 19:20:33.696 [info] Settings: No changes found during synchronizing settings.
2025-06-19 19:20:33.697 [info] Keybindings: No changes found during synchronizing keybindings.
2025-06-19 19:20:33.698 [info] Snippets: No changes found during synchronizing snippets.
2025-06-19 19:20:33.698 [info] Tasks: No changes found during synchronizing tasks.
2025-06-19 19:20:33.700 [info] GlobalState: No changes found during synchronizing ui state.
2025-06-19 19:20:34.241 [info] Extensions: Updated remote extensions. Updated: ["eamodio.gitlens"].
2025-06-19 19:20:34.244 [info] Extensions: Updated last synchronized extensions. Skipped: ["amazonwebservices.codewhisperer-for-command-line-companion","withfig.fig"].
2025-06-19 19:20:34.244 [info] Profiles: No changes found during synchronizing profiles.
2025-06-19 19:20:34.245 [info] Sync done. Took 633ms
2025-06-19 19:20:38.000 [info] [AutoSync] Triggered by Activity
2025-06-19 19:20:38.000 [info] Sync started.
2025-06-19 19:20:38.076 [info] Settings: No changes found during synchronizing settings.
2025-06-19 19:20:38.077 [info] Keybindings: No changes found during synchronizing keybindings.
2025-06-19 19:20:38.078 [info] Snippets: No changes found during synchronizing snippets.
2025-06-19 19:20:38.078 [info] Tasks: No changes found during synchronizing tasks.
2025-06-19 19:20:38.600 [info] GlobalState: Updated remote ui state. Updated: memento/gettingStartedService.
2025-06-19 19:20:38.603 [info] GlobalState: Updated last synchronized ui state
2025-06-19 19:20:38.631 [info] Extensions: No changes found during synchronizing extensions.
2025-06-19 19:20:38.632 [info] Profiles: No changes found during synchronizing profiles.
2025-06-19 19:20:38.633 [info] Sync done. Took 633ms
2025-06-19 19:20:48.077 [info] [AutoSync] Triggered by Activity
2025-06-19 19:20:48.078 [info] Sync started.
2025-06-19 19:20:48.153 [info] Settings: No changes found during synchronizing settings.
2025-06-19 19:20:48.155 [info] Keybindings: No changes found during synchronizing keybindings.
2025-06-19 19:20:48.156 [info] Snippets: No changes found during synchronizing snippets.
2025-06-19 19:20:48.157 [info] Tasks: No changes found during synchronizing tasks.
2025-06-19 19:20:48.869 [info] GlobalState: Updated remote ui state. Updated: workbench.activity.pinnedViewlets2.
2025-06-19 19:20:48.870 [info] GlobalState: Updated last synchronized ui state
2025-06-19 19:20:48.902 [info] Extensions: No changes found during synchronizing extensions.
2025-06-19 19:20:48.903 [info] Profiles: No changes found during synchronizing profiles.
2025-06-19 19:20:48.903 [info] Sync done. Took 826ms
2025-06-19 19:21:37.561 [info] [AutoSync] Triggered by Activity
2025-06-19 19:21:37.561 [info] Sync started.
2025-06-19 19:21:37.616 [info] Settings: No changes found during synchronizing settings.
2025-06-19 19:21:37.617 [info] Keybindings: No changes found during synchronizing keybindings.
2025-06-19 19:21:37.617 [info] Snippets: No changes found during synchronizing snippets.
2025-06-19 19:21:37.618 [info] Tasks: No changes found during synchronizing tasks.
2025-06-19 19:21:37.619 [info] GlobalState: No changes found during synchronizing ui state.
2025-06-19 19:21:37.647 [info] Extensions: No changes found during synchronizing extensions.
2025-06-19 19:21:37.647 [info] Profiles: No changes found during synchronizing profiles.
2025-06-19 19:21:37.647 [info] Sync done. Took 87ms
2025-06-19 19:21:52.245 [info] [AutoSync] Triggered by Activity
2025-06-19 19:21:52.246 [info] Sync started.
2025-06-19 19:21:52.298 [info] Settings: No changes found during synchronizing settings.
2025-06-19 19:21:52.299 [info] Keybindings: No changes found during synchronizing keybindings.
2025-06-19 19:21:52.299 [info] Snippets: No changes found during synchronizing snippets.
2025-06-19 19:21:52.300 [info] Tasks: No changes found during synchronizing tasks.
2025-06-19 19:21:52.301 [info] GlobalState: No changes found during synchronizing ui state.
2025-06-19 19:21:52.330 [info] Extensions: No changes found during synchronizing extensions.
2025-06-19 19:21:52.331 [info] Profiles: No changes found during synchronizing profiles.
2025-06-19 19:21:52.331 [info] Sync done. Took 86ms
2025-06-19 19:22:03.193 [info] [AutoSync] Triggered by Activity
2025-06-19 19:22:03.193 [info] Sync started.
2025-06-19 19:22:03.253 [info] Settings: No changes found during synchronizing settings.
2025-06-19 19:22:03.254 [info] Keybindings: No changes found during synchronizing keybindings.
2025-06-19 19:22:03.254 [info] Snippets: No changes found during synchronizing snippets.
2025-06-19 19:22:03.255 [info] Tasks: No changes found during synchronizing tasks.
2025-06-19 19:22:03.729 [info] GlobalState: Updated remote ui state. Updated: extension.features.state.
2025-06-19 19:22:03.743 [info] GlobalState: Updated last synchronized ui state
2025-06-19 19:22:03.773 [info] Extensions: No changes found during synchronizing extensions.
2025-06-19 19:22:03.773 [info] Profiles: No changes found during synchronizing profiles.
2025-06-19 19:22:03.773 [info] Sync done. Took 581ms
2025-06-19 19:22:16.446 [info] [AutoSync] Triggered by Activity
2025-06-19 19:22:16.447 [info] Sync started.
2025-06-19 19:22:16.498 [info] Settings: No changes found during synchronizing settings.
2025-06-19 19:22:16.500 [info] Keybindings: No changes found during synchronizing keybindings.
2025-06-19 19:22:16.500 [info] Snippets: No changes found during synchronizing snippets.
2025-06-19 19:22:16.501 [info] Tasks: No changes found during synchronizing tasks.
2025-06-19 19:22:17.035 [info] GlobalState: Updated remote ui state. Updated: extension.features.state.
2025-06-19 19:22:17.038 [info] GlobalState: Updated last synchronized ui state
2025-06-19 19:22:17.077 [info] Extensions: No changes found during synchronizing extensions.
2025-06-19 19:22:17.078 [info] Profiles: No changes found during synchronizing profiles.
2025-06-19 19:22:17.079 [info] Sync done. Took 633ms
2025-06-19 19:22:28.638 [info] [AutoSync] Triggered by Activity
2025-06-19 19:22:28.638 [info] Sync started.
2025-06-19 19:22:28.694 [info] Settings: No changes found during synchronizing settings.
2025-06-19 19:22:28.695 [info] Keybindings: No changes found during synchronizing keybindings.
2025-06-19 19:22:28.696 [info] Snippets: No changes found during synchronizing snippets.
2025-06-19 19:22:28.696 [info] Tasks: No changes found during synchronizing tasks.
2025-06-19 19:22:29.334 [info] GlobalState: Updated remote ui state. Updated: extension.features.state.
2025-06-19 19:22:29.336 [info] GlobalState: Updated last synchronized ui state
2025-06-19 19:22:29.370 [info] Extensions: No changes found during synchronizing extensions.
2025-06-19 19:22:29.370 [info] Profiles: No changes found during synchronizing profiles.
2025-06-19 19:22:29.371 [info] Sync done. Took 733ms
2025-06-19 19:22:36.776 [info] [AutoSync] Triggered by Activity
2025-06-19 19:22:36.776 [info] Sync started.
2025-06-19 19:22:36.829 [info] Settings: No changes found during synchronizing settings.
2025-06-19 19:22:36.830 [info] Keybindings: No changes found during synchronizing keybindings.
2025-06-19 19:22:36.831 [info] Snippets: No changes found during synchronizing snippets.
2025-06-19 19:22:36.831 [info] Tasks: No changes found during synchronizing tasks.
2025-06-19 19:22:37.375 [info] GlobalState: Updated remote ui state. Updated: extension.features.state.
2025-06-19 19:22:37.377 [info] GlobalState: Updated last synchronized ui state
2025-06-19 19:22:37.414 [info] Extensions: No changes found during synchronizing extensions.
2025-06-19 19:22:37.417 [info] Profiles: No changes found during synchronizing profiles.
2025-06-19 19:22:37.417 [info] Sync done. Took 642ms
2025-06-19 19:22:49.601 [info] [AutoSync] Triggered by Activity
2025-06-19 19:22:49.601 [info] Sync started.
2025-06-19 19:22:49.662 [info] Settings: No changes found during synchronizing settings.
2025-06-19 19:22:49.664 [info] Keybindings: No changes found during synchronizing keybindings.
2025-06-19 19:22:49.665 [info] Snippets: No changes found during synchronizing snippets.
2025-06-19 19:22:49.666 [info] Tasks: No changes found during synchronizing tasks.
2025-06-19 19:22:49.668 [info] GlobalState: No changes found during synchronizing ui state.
2025-06-19 19:22:49.701 [info] Extensions: No changes found during synchronizing extensions.
2025-06-19 19:22:49.702 [info] Profiles: No changes found during synchronizing profiles.
2025-06-19 19:22:49.702 [info] Sync done. Took 102ms
2025-06-19 19:23:00.969 [info] [AutoSync] Triggered by Activity
2025-06-19 19:23:00.970 [info] Sync started.
2025-06-19 19:23:01.028 [info] Settings: No changes found during synchronizing settings.
2025-06-19 19:23:01.029 [info] Keybindings: No changes found during synchronizing keybindings.
2025-06-19 19:23:01.030 [info] Snippets: No changes found during synchronizing snippets.
2025-06-19 19:23:01.031 [info] Tasks: No changes found during synchronizing tasks.
2025-06-19 19:23:01.032 [info] GlobalState: No changes found during synchronizing ui state.
2025-06-19 19:23:01.063 [info] Extensions: No changes found during synchronizing extensions.
2025-06-19 19:23:01.063 [info] Profiles: No changes found during synchronizing profiles.
2025-06-19 19:23:01.064 [info] Sync done. Took 94ms
2025-06-19 19:23:36.948 [info] [AutoSync] Triggered by Activity
2025-06-19 19:23:36.948 [info] Sync started.
2025-06-19 19:23:37.001 [info] Settings: No changes found during synchronizing settings.
2025-06-19 19:23:37.002 [info] Keybindings: No changes found during synchronizing keybindings.
2025-06-19 19:23:37.003 [info] Snippets: No changes found during synchronizing snippets.
2025-06-19 19:23:37.003 [info] Tasks: No changes found during synchronizing tasks.
2025-06-19 19:23:37.004 [info] GlobalState: No changes found during synchronizing ui state.
2025-06-19 19:23:37.040 [info] Extensions: No changes found during synchronizing extensions.
2025-06-19 19:23:37.043 [info] Profiles: No changes found during synchronizing profiles.
2025-06-19 19:23:37.043 [info] Sync done. Took 95ms
2025-06-19 19:23:52.585 [info] [AutoSync] Triggered by Activity
2025-06-19 19:23:52.585 [info] Sync started.
2025-06-19 19:23:52.638 [info] Settings: No changes found during synchronizing settings.
2025-06-19 19:23:52.639 [info] Keybindings: No changes found during synchronizing keybindings.
2025-06-19 19:23:52.640 [info] Snippets: No changes found during synchronizing snippets.
2025-06-19 19:23:52.640 [info] Tasks: No changes found during synchronizing tasks.
2025-06-19 19:23:52.641 [info] GlobalState: No changes found during synchronizing ui state.
2025-06-19 19:23:52.674 [info] Extensions: No changes found during synchronizing extensions.
2025-06-19 19:23:52.674 [info] Profiles: No changes found during synchronizing profiles.
2025-06-19 19:23:52.675 [info] Sync done. Took 91ms
2025-06-19 19:24:28.735 [info] [AutoSync] Triggered by Activity
2025-06-19 19:24:28.735 [info] Sync started.
2025-06-19 19:24:28.787 [info] Settings: No changes found during synchronizing settings.
2025-06-19 19:24:28.788 [info] Keybindings: No changes found during synchronizing keybindings.
2025-06-19 19:24:28.789 [info] Snippets: No changes found during synchronizing snippets.
2025-06-19 19:24:28.789 [info] Tasks: No changes found during synchronizing tasks.
2025-06-19 19:24:28.791 [info] GlobalState: No changes found during synchronizing ui state.
2025-06-19 19:24:28.822 [info] Extensions: No changes found during synchronizing extensions.
2025-06-19 19:24:28.822 [info] Profiles: No changes found during synchronizing profiles.
2025-06-19 19:24:28.823 [info] Sync done. Took 89ms
2025-06-19 19:24:47.822 [info] [AutoSync] Triggered by Activity
2025-06-19 19:24:47.822 [info] Sync started.
2025-06-19 19:24:47.894 [info] Settings: No changes found during synchronizing settings.
2025-06-19 19:24:47.895 [info] Keybindings: No changes found during synchronizing keybindings.
2025-06-19 19:24:47.895 [info] Snippets: No changes found during synchronizing snippets.
2025-06-19 19:24:47.896 [info] Tasks: No changes found during synchronizing tasks.
2025-06-19 19:24:47.897 [info] GlobalState: No changes found during synchronizing ui state.
2025-06-19 19:24:47.931 [info] Extensions: No changes found during synchronizing extensions.
2025-06-19 19:24:47.933 [info] Profiles: No changes found during synchronizing profiles.
2025-06-19 19:24:47.933 [info] Sync done. Took 112ms
2025-06-19 19:24:58.579 [info] [AutoSync] Triggered by Activity
2025-06-19 19:24:58.579 [info] Sync started.
2025-06-19 19:24:58.633 [info] Settings: No changes found during synchronizing settings.
2025-06-19 19:24:58.634 [info] Keybindings: No changes found during synchronizing keybindings.
2025-06-19 19:24:58.635 [info] Snippets: No changes found during synchronizing snippets.
2025-06-19 19:24:58.635 [info] Tasks: No changes found during synchronizing tasks.
2025-06-19 19:24:58.637 [info] GlobalState: No changes found during synchronizing ui state.
2025-06-19 19:24:58.666 [info] Extensions: No changes found during synchronizing extensions.
2025-06-19 19:24:58.667 [info] Profiles: No changes found during synchronizing profiles.
2025-06-19 19:24:58.667 [info] Sync done. Took 89ms
2025-06-19 19:25:23.366 [info] [AutoSync] Triggered by Activity
2025-06-19 19:25:23.366 [info] Sync started.
2025-06-19 19:25:23.424 [info] Settings: No changes found during synchronizing settings.
2025-06-19 19:25:23.425 [info] Keybindings: No changes found during synchronizing keybindings.
2025-06-19 19:25:23.426 [info] Snippets: No changes found during synchronizing snippets.
2025-06-19 19:25:23.426 [info] Tasks: No changes found during synchronizing tasks.
2025-06-19 19:25:23.428 [info] GlobalState: No changes found during synchronizing ui state.
2025-06-19 19:25:23.460 [info] Extensions: No changes found during synchronizing extensions.
2025-06-19 19:25:23.462 [info] Profiles: No changes found during synchronizing profiles.
2025-06-19 19:25:23.463 [info] Sync done. Took 97ms
2025-06-19 19:27:13.830 [info] [AutoSync] Triggered by Activity
2025-06-19 19:27:13.830 [info] Sync started.
2025-06-19 19:27:13.884 [info] Settings: No changes found during synchronizing settings.
2025-06-19 19:27:13.885 [info] Keybindings: No changes found during synchronizing keybindings.
2025-06-19 19:27:13.885 [info] Snippets: No changes found during synchronizing snippets.
2025-06-19 19:27:13.886 [info] Tasks: No changes found during synchronizing tasks.
2025-06-19 19:27:13.887 [info] GlobalState: No changes found during synchronizing ui state.
2025-06-19 19:27:13.916 [info] Extensions: No changes found during synchronizing extensions.
2025-06-19 19:27:13.916 [info] Profiles: No changes found during synchronizing profiles.
2025-06-19 19:27:13.917 [info] Sync done. Took 87ms
2025-06-19 19:27:26.677 [info] [AutoSync] Triggered by Activity
2025-06-19 19:27:26.677 [info] Sync started.
2025-06-19 19:27:26.734 [info] Settings: No changes found during synchronizing settings.
2025-06-19 19:27:26.736 [info] Keybindings: No changes found during synchronizing keybindings.
2025-06-19 19:27:26.736 [info] Snippets: No changes found during synchronizing snippets.
2025-06-19 19:27:26.737 [info] Tasks: No changes found during synchronizing tasks.
2025-06-19 19:27:26.738 [info] GlobalState: No changes found during synchronizing ui state.
2025-06-19 19:27:26.777 [info] Extensions: No changes found during synchronizing extensions.
2025-06-19 19:27:26.777 [info] Profiles: No changes found during synchronizing profiles.
2025-06-19 19:27:26.777 [info] Sync done. Took 101ms
2025-06-19 19:27:35.448 [info] [AutoSync] Triggered by Activity
2025-06-19 19:27:35.449 [info] Sync started.
2025-06-19 19:27:35.503 [info] Settings: No changes found during synchronizing settings.
2025-06-19 19:27:35.505 [info] Keybindings: No changes found during synchronizing keybindings.
2025-06-19 19:27:35.506 [info] Snippets: No changes found during synchronizing snippets.
2025-06-19 19:27:35.507 [info] Tasks: No changes found during synchronizing tasks.
2025-06-19 19:27:36.129 [info] GlobalState: Updated remote ui state. Updated: extension.features.state.
2025-06-19 19:27:36.131 [info] GlobalState: Updated last synchronized ui state
2025-06-19 19:27:36.165 [info] Extensions: No changes found during synchronizing extensions.
2025-06-19 19:27:36.166 [info] Profiles: No changes found during synchronizing profiles.
2025-06-19 19:27:36.166 [info] Sync done. Took 718ms
2025-06-19 19:27:43.320 [info] [AutoSync] Triggered by Activity
2025-06-19 19:27:43.321 [info] Sync started.
2025-06-19 19:27:43.393 [info] Settings: No changes found during synchronizing settings.
2025-06-19 19:27:43.394 [info] Keybindings: No changes found during synchronizing keybindings.
2025-06-19 19:27:43.395 [info] Snippets: No changes found during synchronizing snippets.
2025-06-19 19:27:43.396 [info] Tasks: No changes found during synchronizing tasks.
2025-06-19 19:27:43.842 [info] GlobalState: Updated remote ui state. Updated: extension.features.state.
2025-06-19 19:27:43.845 [info] GlobalState: Updated last synchronized ui state
2025-06-19 19:27:43.880 [info] Extensions: No changes found during synchronizing extensions.
2025-06-19 19:27:43.881 [info] Profiles: No changes found during synchronizing profiles.
2025-06-19 19:27:43.881 [info] Sync done. Took 561ms
2025-06-19 19:28:03.446 [info] [AutoSync] Triggered by Activity
2025-06-19 19:28:03.446 [info] Sync started.
2025-06-19 19:28:03.504 [info] Settings: No changes found during synchronizing settings.
2025-06-19 19:28:03.505 [info] Keybindings: No changes found during synchronizing keybindings.
2025-06-19 19:28:03.506 [info] Snippets: No changes found during synchronizing snippets.
2025-06-19 19:28:03.507 [info] Tasks: No changes found during synchronizing tasks.
2025-06-19 19:28:03.977 [info] GlobalState: Updated remote ui state. Updated: extension.features.state.
2025-06-19 19:28:03.980 [info] GlobalState: Updated last synchronized ui state
2025-06-19 19:28:04.015 [info] Extensions: No changes found during synchronizing extensions.
2025-06-19 19:28:04.016 [info] Profiles: No changes found during synchronizing profiles.
2025-06-19 19:28:04.016 [info] Sync done. Took 571ms
2025-06-19 19:28:13.747 [info] [AutoSync] Triggered by Activity
2025-06-19 19:28:13.748 [info] Sync started.
2025-06-19 19:28:13.799 [info] Settings: No changes found during synchronizing settings.
2025-06-19 19:28:13.800 [info] Keybindings: No changes found during synchronizing keybindings.
2025-06-19 19:28:13.803 [info] Snippets: No changes found during synchronizing snippets.
2025-06-19 19:28:13.804 [info] Tasks: No changes found during synchronizing tasks.
2025-06-19 19:28:14.414 [info] GlobalState: Updated remote ui state. Updated: extension.features.state.
2025-06-19 19:28:14.416 [info] GlobalState: Updated last synchronized ui state
2025-06-19 19:28:14.448 [info] Extensions: No changes found during synchronizing extensions.
2025-06-19 19:28:14.450 [info] Profiles: No changes found during synchronizing profiles.
2025-06-19 19:28:14.450 [info] Sync done. Took 703ms
2025-06-19 19:28:16.789 [info] [AutoSync] Triggered by Activity
2025-06-19 19:28:16.789 [info] Sync started.
2025-06-19 19:28:16.842 [info] Settings: No changes found during synchronizing settings.
2025-06-19 19:28:16.843 [info] Keybindings: No changes found during synchronizing keybindings.
2025-06-19 19:28:16.843 [info] Snippets: No changes found during synchronizing snippets.
2025-06-19 19:28:16.844 [info] Tasks: No changes found during synchronizing tasks.
2025-06-19 19:28:16.845 [info] GlobalState: No changes found during synchronizing ui state.
2025-06-19 19:28:16.873 [info] Extensions: No changes found during synchronizing extensions.
2025-06-19 19:28:16.876 [info] Profiles: No changes found during synchronizing profiles.
2025-06-19 19:28:16.876 [info] Sync done. Took 88ms
2025-06-19 19:28:59.425 [info] [AutoSync] Triggered by Activity
2025-06-19 19:28:59.425 [info] Sync started.
2025-06-19 19:28:59.479 [info] Settings: No changes found during synchronizing settings.
2025-06-19 19:28:59.480 [info] Keybindings: No changes found during synchronizing keybindings.
2025-06-19 19:28:59.481 [info] Snippets: No changes found during synchronizing snippets.
2025-06-19 19:28:59.482 [info] Tasks: No changes found during synchronizing tasks.
2025-06-19 19:28:59.483 [info] GlobalState: No changes found during synchronizing ui state.
2025-06-19 19:28:59.513 [info] Extensions: No changes found during synchronizing extensions.
2025-06-19 19:28:59.513 [info] Profiles: No changes found during synchronizing profiles.
2025-06-19 19:28:59.514 [info] Sync done. Took 90ms
2025-06-19 19:30:36.906 [info] [AutoSync] Triggered by Activity
2025-06-19 19:30:36.906 [info] Sync started.
2025-06-19 19:30:36.967 [info] Settings: No changes found during synchronizing settings.
2025-06-19 19:30:36.968 [info] Keybindings: No changes found during synchronizing keybindings.
2025-06-19 19:30:36.968 [info] Snippets: No changes found during synchronizing snippets.
2025-06-19 19:30:36.969 [info] Tasks: No changes found during synchronizing tasks.
2025-06-19 19:30:36.970 [info] GlobalState: No changes found during synchronizing ui state.
2025-06-19 19:30:37.002 [info] Extensions: No changes found during synchronizing extensions.
2025-06-19 19:30:37.002 [info] Profiles: No changes found during synchronizing profiles.
2025-06-19 19:30:37.003 [info] Sync done. Took 98ms
2025-06-19 19:35:37.022 [info] [AutoSync] Triggered by Interval
2025-06-19 19:35:37.022 [info] Sync started.
2025-06-19 19:35:37.260 [info] Settings: No changes found during synchronizing settings.
2025-06-19 19:35:37.261 [info] Keybindings: No changes found during synchronizing keybindings.
2025-06-19 19:35:37.262 [info] Snippets: No changes found during synchronizing snippets.
2025-06-19 19:35:37.263 [info] Tasks: No changes found during synchronizing tasks.
2025-06-19 19:35:37.264 [info] GlobalState: No changes found during synchronizing ui state.
2025-06-19 19:35:37.298 [info] Extensions: No changes found during synchronizing extensions.
2025-06-19 19:35:37.299 [info] Profiles: No changes found during synchronizing profiles.
2025-06-19 19:35:37.299 [info] Sync done. Took 278ms
2025-06-19 19:36:38.609 [info] [AutoSync] Triggered by Activity
2025-06-19 19:36:38.609 [info] Sync started.
2025-06-19 19:36:38.661 [info] Settings: No changes found during synchronizing settings.
2025-06-19 19:36:38.662 [info] Keybindings: No changes found during synchronizing keybindings.
2025-06-19 19:36:38.663 [info] Snippets: No changes found during synchronizing snippets.
2025-06-19 19:36:38.663 [info] Tasks: No changes found during synchronizing tasks.
2025-06-19 19:36:38.665 [info] GlobalState: No changes found during synchronizing ui state.
2025-06-19 19:36:38.690 [info] Extensions: No changes found during synchronizing extensions.
2025-06-19 19:36:38.691 [info] Profiles: No changes found during synchronizing profiles.
2025-06-19 19:36:38.691 [info] Sync done. Took 83ms
2025-06-19 19:37:24.368 [info] [AutoSync] Triggered by Activity
2025-06-19 19:37:24.368 [info] Sync started.
2025-06-19 19:37:24.432 [info] Settings: No changes found during synchronizing settings.
2025-06-19 19:37:24.433 [info] Keybindings: No changes found during synchronizing keybindings.
2025-06-19 19:37:24.434 [info] Snippets: No changes found during synchronizing snippets.
2025-06-19 19:37:24.434 [info] Tasks: No changes found during synchronizing tasks.
2025-06-19 19:37:24.435 [info] GlobalState: No changes found during synchronizing ui state.
2025-06-19 19:37:24.466 [info] Extensions: No changes found during synchronizing extensions.
2025-06-19 19:37:24.467 [info] Profiles: No changes found during synchronizing profiles.
2025-06-19 19:37:24.468 [info] Sync done. Took 100ms
2025-06-19 19:39:01.913 [info] [AutoSync] Triggered by Activity
2025-06-19 19:39:01.913 [info] Sync started.
2025-06-19 19:39:01.963 [info] Settings: No changes found during synchronizing settings.
2025-06-19 19:39:01.964 [info] Keybindings: No changes found during synchronizing keybindings.
2025-06-19 19:39:01.965 [info] Snippets: No changes found during synchronizing snippets.
2025-06-19 19:39:01.966 [info] Tasks: No changes found during synchronizing tasks.
2025-06-19 19:39:01.967 [info] GlobalState: No changes found during synchronizing ui state.
2025-06-19 19:39:01.996 [info] Extensions: No changes found during synchronizing extensions.
2025-06-19 19:39:01.996 [info] Profiles: No changes found during synchronizing profiles.
2025-06-19 19:39:01.996 [info] Sync done. Took 84ms
2025-06-19 19:39:54.360 [info] [AutoSync] Triggered by Activity
2025-06-19 19:39:54.360 [info] Sync started.
2025-06-19 19:39:54.419 [info] Settings: No changes found during synchronizing settings.
2025-06-19 19:39:54.420 [info] Keybindings: No changes found during synchronizing keybindings.
2025-06-19 19:39:54.421 [info] Snippets: No changes found during synchronizing snippets.
2025-06-19 19:39:54.421 [info] Tasks: No changes found during synchronizing tasks.
2025-06-19 19:39:54.422 [info] GlobalState: No changes found during synchronizing ui state.
2025-06-19 19:39:54.450 [info] Extensions: No changes found during synchronizing extensions.
2025-06-19 19:39:54.450 [info] Profiles: No changes found during synchronizing profiles.
2025-06-19 19:39:54.450 [info] Sync done. Took 91ms
2025-06-19 19:41:03.931 [info] [AutoSync] Triggered by Activity
2025-06-19 19:41:03.931 [info] Sync started.
2025-06-19 19:41:03.991 [info] Settings: No changes found during synchronizing settings.
2025-06-19 19:41:03.992 [info] Keybindings: No changes found during synchronizing keybindings.
2025-06-19 19:41:03.993 [info] Snippets: No changes found during synchronizing snippets.
2025-06-19 19:41:03.993 [info] Tasks: No changes found during synchronizing tasks.
2025-06-19 19:41:03.994 [info] GlobalState: No changes found during synchronizing ui state.
2025-06-19 19:41:04.025 [info] Extensions: No changes found during synchronizing extensions.
2025-06-19 19:41:04.026 [info] Profiles: No changes found during synchronizing profiles.
2025-06-19 19:41:04.026 [info] Sync done. Took 96ms
2025-06-19 19:41:12.449 [info] [AutoSync] Triggered by Activity
2025-06-19 19:41:12.449 [info] Sync started.
2025-06-19 19:41:12.501 [info] Settings: No changes found during synchronizing settings.
2025-06-19 19:41:12.502 [info] Keybindings: No changes found during synchronizing keybindings.
2025-06-19 19:41:12.502 [info] Snippets: No changes found during synchronizing snippets.
2025-06-19 19:41:12.503 [info] Tasks: No changes found during synchronizing tasks.
2025-06-19 19:41:12.960 [info] GlobalState: Updated remote ui state. Updated: extension.features.state.
2025-06-19 19:41:12.962 [info] GlobalState: Updated last synchronized ui state
2025-06-19 19:41:12.993 [info] Extensions: No changes found during synchronizing extensions.
2025-06-19 19:41:12.993 [info] Profiles: No changes found during synchronizing profiles.
2025-06-19 19:41:12.994 [info] Sync done. Took 545ms
2025-06-19 19:41:24.447 [info] [AutoSync] Triggered by Activity
2025-06-19 19:41:24.447 [info] Sync started.
2025-06-19 19:41:24.499 [info] Settings: No changes found during synchronizing settings.
2025-06-19 19:41:24.500 [info] Keybindings: No changes found during synchronizing keybindings.
2025-06-19 19:41:24.501 [info] Snippets: No changes found during synchronizing snippets.
2025-06-19 19:41:24.501 [info] Tasks: No changes found during synchronizing tasks.
2025-06-19 19:41:25.024 [info] GlobalState: Updated remote ui state. Updated: extension.features.state.
2025-06-19 19:41:25.027 [info] GlobalState: Updated last synchronized ui state
2025-06-19 19:41:25.062 [info] Extensions: No changes found during synchronizing extensions.
2025-06-19 19:41:25.064 [info] Profiles: No changes found during synchronizing profiles.
2025-06-19 19:41:25.065 [info] Sync done. Took 618ms
2025-06-19 19:41:51.616 [info] [AutoSync] Triggered by Activity
2025-06-19 19:41:51.616 [info] Sync started.
2025-06-19 19:41:51.680 [info] Settings: No changes found during synchronizing settings.
2025-06-19 19:41:51.681 [info] Keybindings: No changes found during synchronizing keybindings.
2025-06-19 19:41:51.681 [info] Snippets: No changes found during synchronizing snippets.
2025-06-19 19:41:51.682 [info] Tasks: No changes found during synchronizing tasks.
2025-06-19 19:41:51.683 [info] GlobalState: No changes found during synchronizing ui state.
2025-06-19 19:41:51.712 [info] Extensions: No changes found during synchronizing extensions.
2025-06-19 19:41:51.713 [info] Profiles: No changes found during synchronizing profiles.
2025-06-19 19:41:51.713 [info] Sync done. Took 98ms
2025-06-19 19:42:03.144 [info] [AutoSync] Triggered by Activity
2025-06-19 19:42:03.144 [info] Sync started.
2025-06-19 19:42:03.209 [info] Settings: No changes found during synchronizing settings.
2025-06-19 19:42:03.210 [info] Keybindings: No changes found during synchronizing keybindings.
2025-06-19 19:42:03.211 [info] Snippets: No changes found during synchronizing snippets.
2025-06-19 19:42:03.211 [info] Tasks: No changes found during synchronizing tasks.
2025-06-19 19:42:03.213 [info] GlobalState: No changes found during synchronizing ui state.
2025-06-19 19:42:03.243 [info] Extensions: No changes found during synchronizing extensions.
2025-06-19 19:42:03.243 [info] Profiles: No changes found during synchronizing profiles.
2025-06-19 19:42:03.243 [info] Sync done. Took 100ms
2025-06-19 19:42:29.342 [info] [AutoSync] Triggered by Activity
2025-06-19 19:42:29.342 [info] Sync started.
2025-06-19 19:42:29.400 [info] Settings: No changes found during synchronizing settings.
2025-06-19 19:42:29.401 [info] Keybindings: No changes found during synchronizing keybindings.
2025-06-19 19:42:29.401 [info] Snippets: No changes found during synchronizing snippets.
2025-06-19 19:42:29.402 [info] Tasks: No changes found during synchronizing tasks.
2025-06-19 19:42:29.403 [info] GlobalState: No changes found during synchronizing ui state.
2025-06-19 19:42:29.434 [info] Extensions: No changes found during synchronizing extensions.
2025-06-19 19:42:29.435 [info] Profiles: No changes found during synchronizing profiles.
2025-06-19 19:42:29.435 [info] Sync done. Took 94ms
2025-06-19 19:42:37.078 [info] [AutoSync] Triggered by Activity
2025-06-19 19:42:37.078 [info] Sync started.
2025-06-19 19:42:37.133 [info] Settings: No changes found during synchronizing settings.
2025-06-19 19:42:37.134 [info] Keybindings: No changes found during synchronizing keybindings.
2025-06-19 19:42:37.135 [info] Snippets: No changes found during synchronizing snippets.
2025-06-19 19:42:37.136 [info] Tasks: No changes found during synchronizing tasks.
2025-06-19 19:42:37.567 [info] GlobalState: Updated remote ui state. Updated: extension.features.state.
2025-06-19 19:42:37.569 [info] GlobalState: Updated last synchronized ui state
2025-06-19 19:42:37.599 [info] Extensions: No changes found during synchronizing extensions.
2025-06-19 19:42:37.600 [info] Profiles: No changes found during synchronizing profiles.
2025-06-19 19:42:37.600 [info] Sync done. Took 523ms
2025-06-19 19:42:51.446 [info] [AutoSync] Triggered by Activity
2025-06-19 19:42:51.446 [info] Sync started.
2025-06-19 19:42:51.499 [info] Settings: No changes found during synchronizing settings.
2025-06-19 19:42:51.500 [info] Keybindings: No changes found during synchronizing keybindings.
2025-06-19 19:42:51.501 [info] Snippets: No changes found during synchronizing snippets.
2025-06-19 19:42:51.501 [info] Tasks: No changes found during synchronizing tasks.
2025-06-19 19:42:51.943 [info] GlobalState: Updated remote ui state. Updated: extension.features.state.
2025-06-19 19:42:51.945 [info] GlobalState: Updated last synchronized ui state
2025-06-19 19:42:51.977 [info] Extensions: No changes found during synchronizing extensions.
2025-06-19 19:42:51.977 [info] Profiles: No changes found during synchronizing profiles.
2025-06-19 19:42:51.978 [info] Sync done. Took 533ms
2025-06-19 19:47:42.618 [info] [AutoSync] Triggered by Activity
2025-06-19 19:47:42.618 [info] Sync started.
2025-06-19 19:47:42.853 [info] Settings: No changes found during synchronizing settings.
2025-06-19 19:47:42.854 [info] Keybindings: No changes found during synchronizing keybindings.
2025-06-19 19:47:42.855 [info] Snippets: No changes found during synchronizing snippets.
2025-06-19 19:47:42.856 [info] Tasks: No changes found during synchronizing tasks.
2025-06-19 19:47:42.858 [info] GlobalState: No changes found during synchronizing ui state.
2025-06-19 19:47:42.903 [info] Extensions: No changes found during synchronizing extensions.
2025-06-19 19:47:42.904 [info] Profiles: No changes found during synchronizing profiles.
2025-06-19 19:47:42.905 [info] Sync done. Took 289ms
2025-06-19 19:50:27.506 [info] [AutoSync] Triggered by Activity
2025-06-19 19:50:27.508 [info] Sync started.
2025-06-19 19:50:27.711 [info] Settings: No changes found during synchronizing settings.
2025-06-19 19:50:27.713 [info] Keybindings: No changes found during synchronizing keybindings.
2025-06-19 19:50:27.713 [info] Snippets: No changes found during synchronizing snippets.
2025-06-19 19:50:27.714 [info] Tasks: No changes found during synchronizing tasks.
2025-06-19 19:50:27.716 [info] GlobalState: No changes found during synchronizing ui state.
2025-06-19 19:50:27.748 [info] Extensions: No changes found during synchronizing extensions.
2025-06-19 19:50:27.748 [info] Profiles: No changes found during synchronizing profiles.
2025-06-19 19:50:27.749 [info] Sync done. Took 244ms
