2025-06-17 11:35:38.791 [error] [/home/daniel/.vscode/extensions/ms-dotnettools.vscode-dotnet-runtime-2.3.5]: Extension is not compatible with Code 1.98.2. Extension requires: ^1.99.0.
2025-06-17 11:35:38.802 [error] [/home/daniel/.vscode/extensions/ms-dotnettools.vscode-dotnet-runtime-2.3.5]: Extension is not compatible with Code 1.98.2. Extension requires: ^1.99.0.
2025-06-17 11:35:38.816 [error] [/home/daniel/.vscode/extensions/ms-vscode-remote.remote-wsl-0.99.0]: Extension is not compatible with Code 1.98.2. Extension requires: ^1.99.0.
2025-06-17 11:35:38.817 [error] [/home/daniel/.vscode/extensions/github.vscode-pull-request-github-0.110.0]: Extension is not compatible with Code 1.98.2. Extension requires: ^1.100.0.
2025-06-17 11:35:38.817 [error] [/home/daniel/.vscode/extensions/ms-python.vscode-pylance-2025.6.1]: Extension is not compatible with Code 1.98.2. Extension requires: ^1.99.0.
2025-06-17 11:35:38.826 [error] [/home/daniel/.vscode/extensions/ms-vscode-remote.remote-containers-0.417.0]: Extension is not compatible with Code 1.98.2. Extension requires: ^1.99.0.
2025-06-17 11:35:38.829 [error] [/home/daniel/.vscode/extensions/ms-dotnettools.vscode-dotnet-runtime-2.3.5]: Extension is not compatible with Code 1.98.2. Extension requires: ^1.99.0.
2025-06-17 11:35:38.830 [error] [/home/daniel/.vscode/extensions/github.vscode-pull-request-github-0.110.0]: Extension is not compatible with Code 1.98.2. Extension requires: ^1.100.0.
2025-06-17 11:35:38.832 [error] [/home/daniel/.vscode/extensions/ms-python.vscode-pylance-2025.6.1]: Extension is not compatible with Code 1.98.2. Extension requires: ^1.99.0.
2025-06-17 11:35:38.833 [error] [/home/daniel/.vscode/extensions/ms-vscode-remote.remote-containers-0.417.0]: Extension is not compatible with Code 1.98.2. Extension requires: ^1.99.0.
2025-06-17 11:35:38.833 [error] [/home/daniel/.vscode/extensions/ms-vscode-remote.remote-wsl-0.99.0]: Extension is not compatible with Code 1.98.2. Extension requires: ^1.99.0.
2025-06-17 11:35:38.840 [error] [/home/daniel/.vscode/extensions/github.vscode-pull-request-github-0.110.0]: Extension is not compatible with Code 1.98.2. Extension requires: ^1.100.0.
2025-06-17 11:35:38.841 [error] [/home/daniel/.vscode/extensions/ms-python.vscode-pylance-2025.6.1]: Extension is not compatible with Code 1.98.2. Extension requires: ^1.99.0.
2025-06-17 11:35:38.842 [error] [/home/daniel/.vscode/extensions/ms-vscode-remote.remote-containers-0.417.0]: Extension is not compatible with Code 1.98.2. Extension requires: ^1.99.0.
2025-06-17 11:35:38.842 [error] [/home/daniel/.vscode/extensions/ms-vscode-remote.remote-wsl-0.99.0]: Extension is not compatible with Code 1.98.2. Extension requires: ^1.99.0.
2025-06-17 11:35:38.998 [error] [/home/daniel/.vscode/extensions/ms-dotnettools.vscode-dotnet-runtime-2.3.5]: Extension is not compatible with Code 1.98.2. Extension requires: ^1.99.0.
2025-06-17 11:35:39.007 [error] [/home/daniel/.vscode/extensions/ms-dotnettools.vscode-dotnet-runtime-2.3.5]: Extension is not compatible with Code 1.98.2. Extension requires: ^1.99.0.
2025-06-17 11:35:39.012 [error] [/home/daniel/.vscode/extensions/ms-vscode-remote.remote-wsl-0.99.0]: Extension is not compatible with Code 1.98.2. Extension requires: ^1.99.0.
2025-06-17 11:35:39.012 [error] [/home/daniel/.vscode/extensions/ms-vscode-remote.remote-containers-0.417.0]: Extension is not compatible with Code 1.98.2. Extension requires: ^1.99.0.
2025-06-17 11:35:39.012 [error] [/home/daniel/.vscode/extensions/ms-python.vscode-pylance-2025.6.1]: Extension is not compatible with Code 1.98.2. Extension requires: ^1.99.0.
2025-06-17 11:35:39.013 [error] [/home/daniel/.vscode/extensions/github.vscode-pull-request-github-0.110.0]: Extension is not compatible with Code 1.98.2. Extension requires: ^1.100.0.
2025-06-17 11:35:39.021 [error] [/home/daniel/.vscode/extensions/ms-vscode-remote.remote-wsl-0.99.0]: Extension is not compatible with Code 1.98.2. Extension requires: ^1.99.0.
2025-06-17 11:35:39.021 [error] [/home/daniel/.vscode/extensions/ms-vscode-remote.remote-containers-0.417.0]: Extension is not compatible with Code 1.98.2. Extension requires: ^1.99.0.
2025-06-17 11:35:39.022 [error] [/home/daniel/.vscode/extensions/github.vscode-pull-request-github-0.110.0]: Extension is not compatible with Code 1.98.2. Extension requires: ^1.100.0.
2025-06-17 11:35:39.022 [error] [/home/daniel/.vscode/extensions/ms-python.vscode-pylance-2025.6.1]: Extension is not compatible with Code 1.98.2. Extension requires: ^1.99.0.
2025-06-17 11:35:41.233 [error] [/home/daniel/.vscode/extensions/ms-dotnettools.vscode-dotnet-runtime-2.3.5]: Extension is not compatible with Code 1.98.2. Extension requires: ^1.99.0.
2025-06-17 11:35:41.240 [error] [/home/daniel/.vscode/extensions/ms-vscode-remote.remote-wsl-0.99.0]: Extension is not compatible with Code 1.98.2. Extension requires: ^1.99.0.
2025-06-17 11:35:41.240 [error] [/home/daniel/.vscode/extensions/ms-vscode-remote.remote-containers-0.417.0]: Extension is not compatible with Code 1.98.2. Extension requires: ^1.99.0.
2025-06-17 11:35:41.240 [error] [/home/daniel/.vscode/extensions/ms-python.vscode-pylance-2025.6.1]: Extension is not compatible with Code 1.98.2. Extension requires: ^1.99.0.
2025-06-17 11:35:41.241 [error] [/home/daniel/.vscode/extensions/github.vscode-pull-request-github-0.110.0]: Extension is not compatible with Code 1.98.2. Extension requires: ^1.100.0.
2025-06-17 11:35:41.722 [error] [/home/daniel/.vscode/extensions/ms-dotnettools.vscode-dotnet-runtime-2.3.5]: Extension is not compatible with Code 1.98.2. Extension requires: ^1.99.0.
2025-06-17 11:35:41.725 [error] [/home/daniel/.vscode/extensions/ms-vscode-remote.remote-wsl-0.99.0]: Extension is not compatible with Code 1.98.2. Extension requires: ^1.99.0.
2025-06-17 11:35:41.726 [error] [/home/daniel/.vscode/extensions/ms-vscode-remote.remote-containers-0.417.0]: Extension is not compatible with Code 1.98.2. Extension requires: ^1.99.0.
2025-06-17 11:35:41.726 [error] [/home/daniel/.vscode/extensions/ms-python.vscode-pylance-2025.6.1]: Extension is not compatible with Code 1.98.2. Extension requires: ^1.99.0.
2025-06-17 11:35:41.726 [error] [/home/daniel/.vscode/extensions/github.vscode-pull-request-github-0.110.0]: Extension is not compatible with Code 1.98.2. Extension requires: ^1.100.0.
2025-06-17 11:35:48.147 [error] [/home/daniel/.vscode/extensions/ms-dotnettools.vscode-dotnet-runtime-2.3.5]: Extension is not compatible with Code 1.98.2. Extension requires: ^1.99.0.
2025-06-17 11:35:48.153 [error] [/home/daniel/.vscode/extensions/ms-vscode-remote.remote-wsl-0.99.0]: Extension is not compatible with Code 1.98.2. Extension requires: ^1.99.0.
2025-06-17 11:35:48.158 [error] [/home/daniel/.vscode/extensions/ms-vscode-remote.remote-containers-0.417.0]: Extension is not compatible with Code 1.98.2. Extension requires: ^1.99.0.
2025-06-17 11:35:48.158 [error] [/home/daniel/.vscode/extensions/github.vscode-pull-request-github-0.110.0]: Extension is not compatible with Code 1.98.2. Extension requires: ^1.100.0.
2025-06-17 11:35:48.158 [error] [/home/daniel/.vscode/extensions/ms-python.vscode-pylance-2025.6.1]: Extension is not compatible with Code 1.98.2. Extension requires: ^1.99.0.
2025-06-17 11:35:49.330 [error] [/home/daniel/.vscode/extensions/ms-dotnettools.vscode-dotnet-runtime-2.3.5]: Extension is not compatible with Code 1.98.2. Extension requires: ^1.99.0.
2025-06-17 11:35:49.336 [error] [/home/daniel/.vscode/extensions/ms-vscode-remote.remote-wsl-0.99.0]: Extension is not compatible with Code 1.98.2. Extension requires: ^1.99.0.
2025-06-17 11:35:49.336 [error] [/home/daniel/.vscode/extensions/ms-vscode-remote.remote-containers-0.417.0]: Extension is not compatible with Code 1.98.2. Extension requires: ^1.99.0.
2025-06-17 11:35:49.336 [error] [/home/daniel/.vscode/extensions/github.vscode-pull-request-github-0.110.0]: Extension is not compatible with Code 1.98.2. Extension requires: ^1.100.0.
2025-06-17 11:35:49.337 [error] [/home/daniel/.vscode/extensions/ms-python.vscode-pylance-2025.6.1]: Extension is not compatible with Code 1.98.2. Extension requires: ^1.99.0.
2025-06-17 11:35:49.611 [error] [/home/daniel/.vscode/extensions/ms-dotnettools.vscode-dotnet-runtime-2.3.5]: Extension is not compatible with Code 1.98.2. Extension requires: ^1.99.0.
2025-06-17 11:35:49.617 [error] [/home/daniel/.vscode/extensions/ms-vscode-remote.remote-wsl-0.99.0]: Extension is not compatible with Code 1.98.2. Extension requires: ^1.99.0.
2025-06-17 11:35:49.618 [error] [/home/daniel/.vscode/extensions/ms-vscode-remote.remote-containers-0.417.0]: Extension is not compatible with Code 1.98.2. Extension requires: ^1.99.0.
2025-06-17 11:35:49.618 [error] [/home/daniel/.vscode/extensions/ms-python.vscode-pylance-2025.6.1]: Extension is not compatible with Code 1.98.2. Extension requires: ^1.99.0.
2025-06-17 11:35:49.618 [error] [/home/daniel/.vscode/extensions/github.vscode-pull-request-github-0.110.0]: Extension is not compatible with Code 1.98.2. Extension requires: ^1.100.0.
2025-06-17 11:35:49.953 [error] [/home/daniel/.vscode/extensions/ms-dotnettools.vscode-dotnet-runtime-2.3.5]: Extension is not compatible with Code 1.98.2. Extension requires: ^1.99.0.
2025-06-17 11:35:49.957 [error] [/home/daniel/.vscode/extensions/ms-vscode-remote.remote-wsl-0.99.0]: Extension is not compatible with Code 1.98.2. Extension requires: ^1.99.0.
2025-06-17 11:35:49.957 [error] [/home/daniel/.vscode/extensions/ms-vscode-remote.remote-containers-0.417.0]: Extension is not compatible with Code 1.98.2. Extension requires: ^1.99.0.
2025-06-17 11:35:49.957 [error] [/home/daniel/.vscode/extensions/ms-python.vscode-pylance-2025.6.1]: Extension is not compatible with Code 1.98.2. Extension requires: ^1.99.0.
2025-06-17 11:35:49.958 [error] [/home/daniel/.vscode/extensions/github.vscode-pull-request-github-0.110.0]: Extension is not compatible with Code 1.98.2. Extension requires: ^1.100.0.
2025-06-17 11:35:50.357 [error] [/home/daniel/.vscode/extensions/ms-dotnettools.vscode-dotnet-runtime-2.3.5]: Extension is not compatible with Code 1.98.2. Extension requires: ^1.99.0.
2025-06-17 11:35:50.360 [error] [/home/daniel/.vscode/extensions/ms-vscode-remote.remote-wsl-0.99.0]: Extension is not compatible with Code 1.98.2. Extension requires: ^1.99.0.
2025-06-17 11:35:50.361 [error] [/home/daniel/.vscode/extensions/ms-vscode-remote.remote-containers-0.417.0]: Extension is not compatible with Code 1.98.2. Extension requires: ^1.99.0.
2025-06-17 11:35:50.361 [error] [/home/daniel/.vscode/extensions/github.vscode-pull-request-github-0.110.0]: Extension is not compatible with Code 1.98.2. Extension requires: ^1.100.0.
2025-06-17 11:35:50.361 [error] [/home/daniel/.vscode/extensions/ms-python.vscode-pylance-2025.6.1]: Extension is not compatible with Code 1.98.2. Extension requires: ^1.99.0.
2025-06-17 11:35:50.660 [error] [/home/daniel/.vscode/extensions/ms-dotnettools.vscode-dotnet-runtime-2.3.5]: Extension is not compatible with Code 1.98.2. Extension requires: ^1.99.0.
2025-06-17 11:35:50.662 [error] [/home/daniel/.vscode/extensions/ms-vscode-remote.remote-wsl-0.99.0]: Extension is not compatible with Code 1.98.2. Extension requires: ^1.99.0.
2025-06-17 11:35:50.663 [error] [/home/daniel/.vscode/extensions/ms-vscode-remote.remote-containers-0.417.0]: Extension is not compatible with Code 1.98.2. Extension requires: ^1.99.0.
2025-06-17 11:35:50.663 [error] [/home/daniel/.vscode/extensions/github.vscode-pull-request-github-0.110.0]: Extension is not compatible with Code 1.98.2. Extension requires: ^1.100.0.
2025-06-17 11:35:50.663 [error] [/home/daniel/.vscode/extensions/ms-python.vscode-pylance-2025.6.1]: Extension is not compatible with Code 1.98.2. Extension requires: ^1.99.0.
2025-06-17 11:35:50.962 [error] [/home/daniel/.vscode/extensions/ms-dotnettools.vscode-dotnet-runtime-2.3.5]: Extension is not compatible with Code 1.98.2. Extension requires: ^1.99.0.
2025-06-17 11:35:50.967 [error] [/home/daniel/.vscode/extensions/ms-vscode-remote.remote-wsl-0.99.0]: Extension is not compatible with Code 1.98.2. Extension requires: ^1.99.0.
2025-06-17 11:35:50.967 [error] [/home/daniel/.vscode/extensions/ms-vscode-remote.remote-containers-0.417.0]: Extension is not compatible with Code 1.98.2. Extension requires: ^1.99.0.
2025-06-17 11:35:50.967 [error] [/home/daniel/.vscode/extensions/github.vscode-pull-request-github-0.110.0]: Extension is not compatible with Code 1.98.2. Extension requires: ^1.100.0.
2025-06-17 11:35:50.967 [error] [/home/daniel/.vscode/extensions/ms-python.vscode-pylance-2025.6.1]: Extension is not compatible with Code 1.98.2. Extension requires: ^1.99.0.
2025-06-17 11:35:55.945 [error] [/home/daniel/.vscode/extensions/ms-dotnettools.vscode-dotnet-runtime-2.3.5]: Extension is not compatible with Code 1.98.2. Extension requires: ^1.99.0.
2025-06-17 11:35:55.953 [error] [/home/daniel/.vscode/extensions/ms-dotnettools.vscode-dotnet-runtime-2.3.5]: Extension is not compatible with Code 1.98.2. Extension requires: ^1.99.0.
2025-06-17 11:35:55.957 [error] [/home/daniel/.vscode/extensions/ms-vscode-remote.remote-wsl-0.99.0]: Extension is not compatible with Code 1.98.2. Extension requires: ^1.99.0.
2025-06-17 11:35:55.957 [error] [/home/daniel/.vscode/extensions/ms-vscode-remote.remote-containers-0.417.0]: Extension is not compatible with Code 1.98.2. Extension requires: ^1.99.0.
2025-06-17 11:35:55.958 [error] [/home/daniel/.vscode/extensions/ms-python.vscode-pylance-2025.6.1]: Extension is not compatible with Code 1.98.2. Extension requires: ^1.99.0.
2025-06-17 11:35:55.958 [error] [/home/daniel/.vscode/extensions/github.vscode-pull-request-github-0.110.0]: Extension is not compatible with Code 1.98.2. Extension requires: ^1.100.0.
2025-06-17 11:35:55.966 [error] [/home/daniel/.vscode/extensions/ms-vscode-remote.remote-wsl-0.99.0]: Extension is not compatible with Code 1.98.2. Extension requires: ^1.99.0.
2025-06-17 11:35:55.967 [error] [/home/daniel/.vscode/extensions/github.vscode-pull-request-github-0.110.0]: Extension is not compatible with Code 1.98.2. Extension requires: ^1.100.0.
2025-06-17 11:35:55.967 [error] [/home/daniel/.vscode/extensions/ms-vscode-remote.remote-containers-0.417.0]: Extension is not compatible with Code 1.98.2. Extension requires: ^1.99.0.
2025-06-17 11:35:55.967 [error] [/home/daniel/.vscode/extensions/ms-python.vscode-pylance-2025.6.1]: Extension is not compatible with Code 1.98.2. Extension requires: ^1.99.0.
2025-06-17 11:35:56.706 [error] [/home/daniel/.vscode/extensions/ms-dotnettools.vscode-dotnet-runtime-2.3.5]: Extension is not compatible with Code 1.98.2. Extension requires: ^1.99.0.
2025-06-17 11:35:56.710 [error] [/home/daniel/.vscode/extensions/ms-vscode-remote.remote-wsl-0.99.0]: Extension is not compatible with Code 1.98.2. Extension requires: ^1.99.0.
2025-06-17 11:35:56.710 [error] [/home/daniel/.vscode/extensions/ms-vscode-remote.remote-containers-0.417.0]: Extension is not compatible with Code 1.98.2. Extension requires: ^1.99.0.
2025-06-17 11:35:56.710 [error] [/home/daniel/.vscode/extensions/github.vscode-pull-request-github-0.110.0]: Extension is not compatible with Code 1.98.2. Extension requires: ^1.100.0.
2025-06-17 11:35:56.711 [error] [/home/daniel/.vscode/extensions/ms-python.vscode-pylance-2025.6.1]: Extension is not compatible with Code 1.98.2. Extension requires: ^1.99.0.
2025-06-17 11:36:08.158 [info] Getting Manifest... github.vscode-pull-request-github
2025-06-17 11:36:08.158 [info] Getting Manifest... ms-dotnettools.vscode-dotnet-runtime
2025-06-17 11:36:08.158 [info] Getting Manifest... ms-python.vscode-pylance
2025-06-17 11:36:08.159 [info] Getting Manifest... ms-vscode-remote.remote-containers
2025-06-17 11:36:08.159 [info] Getting Manifest... ms-vscode-remote.remote-wsl
2025-06-17 11:36:08.599 [info] Installing extension: github.vscode-pull-request-github {"productVersion":{"version":"1.101.0","date":"2025-06-11T15:01:29.756Z"},"pinned":false,"operation":3,"isApplicationScoped":false,"profileLocation":{"$mid":1,"external":"vscode-userdata:/home/daniel/.vscode/extensions/extensions.json","path":"/home/daniel/.vscode/extensions/extensions.json","scheme":"vscode-userdata"}}
2025-06-17 11:36:08.609 [info] Installing extension: ms-python.vscode-pylance {"productVersion":{"version":"1.101.0","date":"2025-06-11T15:01:29.756Z"},"pinned":false,"operation":3,"isApplicationScoped":false,"profileLocation":{"$mid":1,"external":"vscode-userdata:/home/daniel/.vscode/extensions/extensions.json","path":"/home/daniel/.vscode/extensions/extensions.json","scheme":"vscode-userdata"}}
2025-06-17 11:36:08.639 [info] Installing extension: ms-vscode-remote.remote-containers {"productVersion":{"version":"1.101.0","date":"2025-06-11T15:01:29.756Z"},"pinned":false,"operation":3,"isApplicationScoped":false,"profileLocation":{"$mid":1,"external":"vscode-userdata:/home/daniel/.vscode/extensions/extensions.json","path":"/home/daniel/.vscode/extensions/extensions.json","scheme":"vscode-userdata"}}
2025-06-17 11:36:08.646 [info] Installing extension: ms-dotnettools.vscode-dotnet-runtime {"productVersion":{"version":"1.101.0","date":"2025-06-11T15:01:29.756Z"},"pinned":false,"operation":3,"isApplicationScoped":false,"profileLocation":{"$mid":1,"external":"vscode-userdata:/home/daniel/.vscode/extensions/extensions.json","path":"/home/daniel/.vscode/extensions/extensions.json","scheme":"vscode-userdata"}}
2025-06-17 11:36:08.646 [info] Installing extension: ms-vscode-remote.remote-wsl {"productVersion":{"version":"1.101.0","date":"2025-06-11T15:01:29.756Z"},"pinned":false,"operation":3,"isApplicationScoped":false,"profileLocation":{"$mid":1,"external":"vscode-userdata:/home/daniel/.vscode/extensions/extensions.json","path":"/home/daniel/.vscode/extensions/extensions.json","scheme":"vscode-userdata"}}
2025-06-17 11:36:08.728 [error] [/home/daniel/.vscode/extensions/ms-dotnettools.vscode-dotnet-runtime-2.3.5]: Extension is not compatible with Code 1.98.2. Extension requires: ^1.99.0.
2025-06-17 11:36:08.738 [error] [/home/daniel/.vscode/extensions/ms-dotnettools.vscode-dotnet-runtime-2.3.5]: Extension is not compatible with Code 1.98.2. Extension requires: ^1.99.0.
2025-06-17 11:36:08.746 [error] [/home/daniel/.vscode/extensions/ms-vscode-remote.remote-wsl-0.99.0]: Extension is not compatible with Code 1.98.2. Extension requires: ^1.99.0.
2025-06-17 11:36:08.747 [error] [/home/daniel/.vscode/extensions/ms-vscode-remote.remote-containers-0.417.0]: Extension is not compatible with Code 1.98.2. Extension requires: ^1.99.0.
2025-06-17 11:36:08.747 [error] [/home/daniel/.vscode/extensions/github.vscode-pull-request-github-0.110.0]: Extension is not compatible with Code 1.98.2. Extension requires: ^1.100.0.
2025-06-17 11:36:08.747 [error] [/home/daniel/.vscode/extensions/ms-python.vscode-pylance-2025.6.1]: Extension is not compatible with Code 1.98.2. Extension requires: ^1.99.0.
2025-06-17 11:36:08.749 [error] Error while installing the extension ms-vscode-remote.remote-containers Cannot read the extension from /home/daniel/.vscode/extensions/ms-vscode-remote.remote-containers-0.417.0 vscode-userdata:/home/daniel/.vscode/extensions/extensions.json
2025-06-17 11:36:08.754 [error] [/home/daniel/.vscode/extensions/ms-dotnettools.vscode-dotnet-runtime-2.3.5]: Extension is not compatible with Code 1.98.2. Extension requires: ^1.99.0.
2025-06-17 11:36:08.758 [error] [/home/daniel/.vscode/extensions/ms-vscode-remote.remote-wsl-0.99.0]: Extension is not compatible with Code 1.98.2. Extension requires: ^1.99.0.
2025-06-17 11:36:08.758 [error] [/home/daniel/.vscode/extensions/ms-vscode-remote.remote-containers-0.417.0]: Extension is not compatible with Code 1.98.2. Extension requires: ^1.99.0.
2025-06-17 11:36:08.759 [error] [/home/daniel/.vscode/extensions/github.vscode-pull-request-github-0.110.0]: Extension is not compatible with Code 1.98.2. Extension requires: ^1.100.0.
2025-06-17 11:36:08.759 [error] [/home/daniel/.vscode/extensions/ms-python.vscode-pylance-2025.6.1]: Extension is not compatible with Code 1.98.2. Extension requires: ^1.99.0.
2025-06-17 11:36:08.760 [error] Error while installing the extension ms-dotnettools.vscode-dotnet-runtime Cannot read the extension from /home/daniel/.vscode/extensions/ms-dotnettools.vscode-dotnet-runtime-2.3.5 vscode-userdata:/home/daniel/.vscode/extensions/extensions.json
2025-06-17 11:36:08.764 [error] [/home/daniel/.vscode/extensions/ms-vscode-remote.remote-wsl-0.99.0]: Extension is not compatible with Code 1.98.2. Extension requires: ^1.99.0.
2025-06-17 11:36:08.765 [error] [/home/daniel/.vscode/extensions/ms-vscode-remote.remote-containers-0.417.0]: Extension is not compatible with Code 1.98.2. Extension requires: ^1.99.0.
2025-06-17 11:36:08.765 [error] [/home/daniel/.vscode/extensions/ms-python.vscode-pylance-2025.6.1]: Extension is not compatible with Code 1.98.2. Extension requires: ^1.99.0.
2025-06-17 11:36:08.765 [error] [/home/daniel/.vscode/extensions/github.vscode-pull-request-github-0.110.0]: Extension is not compatible with Code 1.98.2. Extension requires: ^1.100.0.
2025-06-17 11:36:08.766 [error] Error while installing the extension ms-vscode-remote.remote-wsl Cannot read the extension from /home/daniel/.vscode/extensions/ms-vscode-remote.remote-wsl-0.99.0 vscode-userdata:/home/daniel/.vscode/extensions/extensions.json
2025-06-17 11:36:08.789 [info] Getting Manifest... ms-python.python
2025-06-17 11:36:08.845 [error] [/home/daniel/.vscode/extensions/ms-dotnettools.vscode-dotnet-runtime-2.3.5]: Extension is not compatible with Code 1.98.2. Extension requires: ^1.99.0.
2025-06-17 11:36:08.850 [error] [/home/daniel/.vscode/extensions/ms-vscode-remote.remote-wsl-0.99.0]: Extension is not compatible with Code 1.98.2. Extension requires: ^1.99.0.
2025-06-17 11:36:08.851 [error] [/home/daniel/.vscode/extensions/ms-vscode-remote.remote-containers-0.417.0]: Extension is not compatible with Code 1.98.2. Extension requires: ^1.99.0.
2025-06-17 11:36:08.851 [error] [/home/daniel/.vscode/extensions/github.vscode-pull-request-github-0.110.0]: Extension is not compatible with Code 1.98.2. Extension requires: ^1.100.0.
2025-06-17 11:36:08.851 [error] [/home/daniel/.vscode/extensions/ms-python.vscode-pylance-2025.6.1]: Extension is not compatible with Code 1.98.2. Extension requires: ^1.99.0.
2025-06-17 11:36:08.853 [error] Error while installing the extension github.vscode-pull-request-github Cannot read the extension from /home/daniel/.vscode/extensions/github.vscode-pull-request-github-0.110.0 vscode-userdata:/home/daniel/.vscode/extensions/extensions.json
2025-06-17 11:36:09.257 [info] Getting Manifest... ms-python.debugpy
2025-06-17 11:36:09.322 [error] [/home/daniel/.vscode/extensions/ms-dotnettools.vscode-dotnet-runtime-2.3.5]: Extension is not compatible with Code 1.98.2. Extension requires: ^1.99.0.
2025-06-17 11:36:09.324 [error] [/home/daniel/.vscode/extensions/ms-vscode-remote.remote-wsl-0.99.0]: Extension is not compatible with Code 1.98.2. Extension requires: ^1.99.0.
2025-06-17 11:36:09.325 [error] [/home/daniel/.vscode/extensions/ms-vscode-remote.remote-containers-0.417.0]: Extension is not compatible with Code 1.98.2. Extension requires: ^1.99.0.
2025-06-17 11:36:09.325 [error] [/home/daniel/.vscode/extensions/github.vscode-pull-request-github-0.110.0]: Extension is not compatible with Code 1.98.2. Extension requires: ^1.100.0.
2025-06-17 11:36:09.326 [error] [/home/daniel/.vscode/extensions/ms-python.vscode-pylance-2025.6.1]: Extension is not compatible with Code 1.98.2. Extension requires: ^1.99.0.
2025-06-17 11:36:09.326 [error] Error while installing the extension ms-python.vscode-pylance Cannot read the extension from /home/daniel/.vscode/extensions/ms-python.vscode-pylance-2025.6.1 vscode-userdata:/home/daniel/.vscode/extensions/extensions.json
2025-06-17 11:37:53.220 [error] [/home/daniel/.vscode/extensions/ms-dotnettools.vscode-dotnet-runtime-2.3.5]: Extension is not compatible with Code 1.98.2. Extension requires: ^1.99.0.
2025-06-17 11:37:53.229 [error] [/home/daniel/.vscode/extensions/ms-vscode-remote.remote-wsl-0.99.0]: Extension is not compatible with Code 1.98.2. Extension requires: ^1.99.0.
2025-06-17 11:37:53.230 [error] [/home/daniel/.vscode/extensions/ms-vscode-remote.remote-containers-0.417.0]: Extension is not compatible with Code 1.98.2. Extension requires: ^1.99.0.
2025-06-17 11:37:53.230 [error] [/home/daniel/.vscode/extensions/github.vscode-pull-request-github-0.110.0]: Extension is not compatible with Code 1.98.2. Extension requires: ^1.100.0.
2025-06-17 11:37:53.230 [error] [/home/daniel/.vscode/extensions/ms-python.vscode-pylance-2025.6.1]: Extension is not compatible with Code 1.98.2. Extension requires: ^1.99.0.
2025-06-17 11:40:48.181 [error] [/home/daniel/.vscode/extensions/ms-dotnettools.vscode-dotnet-runtime-2.3.5]: Extension is not compatible with Code 1.98.2. Extension requires: ^1.99.0.
2025-06-17 11:40:48.187 [error] [/home/daniel/.vscode/extensions/ms-vscode-remote.remote-wsl-0.99.0]: Extension is not compatible with Code 1.98.2. Extension requires: ^1.99.0.
2025-06-17 11:40:48.188 [error] [/home/daniel/.vscode/extensions/ms-vscode-remote.remote-containers-0.417.0]: Extension is not compatible with Code 1.98.2. Extension requires: ^1.99.0.
2025-06-17 11:40:48.189 [error] [/home/daniel/.vscode/extensions/github.vscode-pull-request-github-0.110.0]: Extension is not compatible with Code 1.98.2. Extension requires: ^1.100.0.
2025-06-17 11:40:48.189 [error] [/home/daniel/.vscode/extensions/ms-python.vscode-pylance-2025.6.1]: Extension is not compatible with Code 1.98.2. Extension requires: ^1.99.0.
2025-06-17 11:42:08.873 [error] [/home/daniel/.vscode/extensions/ms-dotnettools.vscode-dotnet-runtime-2.3.5]: Extension is not compatible with Code 1.98.2. Extension requires: ^1.99.0.
2025-06-17 11:42:08.878 [error] [/home/daniel/.vscode/extensions/ms-vscode-remote.remote-wsl-0.99.0]: Extension is not compatible with Code 1.98.2. Extension requires: ^1.99.0.
2025-06-17 11:42:08.879 [error] [/home/daniel/.vscode/extensions/ms-vscode-remote.remote-containers-0.417.0]: Extension is not compatible with Code 1.98.2. Extension requires: ^1.99.0.
2025-06-17 11:42:08.879 [error] [/home/daniel/.vscode/extensions/github.vscode-pull-request-github-0.110.0]: Extension is not compatible with Code 1.98.2. Extension requires: ^1.100.0.
2025-06-17 11:42:08.881 [error] [/home/daniel/.vscode/extensions/ms-python.vscode-pylance-2025.6.1]: Extension is not compatible with Code 1.98.2. Extension requires: ^1.99.0.
2025-06-17 11:45:48.795 [error] [/home/daniel/.vscode/extensions/ms-dotnettools.vscode-dotnet-runtime-2.3.5]: Extension is not compatible with Code 1.98.2. Extension requires: ^1.99.0.
2025-06-17 11:45:48.805 [error] [/home/daniel/.vscode/extensions/ms-vscode-remote.remote-wsl-0.99.0]: Extension is not compatible with Code 1.98.2. Extension requires: ^1.99.0.
2025-06-17 11:45:48.805 [error] [/home/daniel/.vscode/extensions/ms-vscode-remote.remote-containers-0.417.0]: Extension is not compatible with Code 1.98.2. Extension requires: ^1.99.0.
2025-06-17 11:45:48.806 [error] [/home/daniel/.vscode/extensions/github.vscode-pull-request-github-0.110.0]: Extension is not compatible with Code 1.98.2. Extension requires: ^1.100.0.
2025-06-17 11:45:48.806 [error] [/home/daniel/.vscode/extensions/ms-python.vscode-pylance-2025.6.1]: Extension is not compatible with Code 1.98.2. Extension requires: ^1.99.0.
2025-06-17 11:47:09.169 [error] [/home/daniel/.vscode/extensions/ms-dotnettools.vscode-dotnet-runtime-2.3.5]: Extension is not compatible with Code 1.98.2. Extension requires: ^1.99.0.
2025-06-17 11:47:09.177 [error] [/home/daniel/.vscode/extensions/ms-vscode-remote.remote-wsl-0.99.0]: Extension is not compatible with Code 1.98.2. Extension requires: ^1.99.0.
2025-06-17 11:47:09.177 [error] [/home/daniel/.vscode/extensions/ms-vscode-remote.remote-containers-0.417.0]: Extension is not compatible with Code 1.98.2. Extension requires: ^1.99.0.
2025-06-17 11:47:09.178 [error] [/home/daniel/.vscode/extensions/ms-python.vscode-pylance-2025.6.1]: Extension is not compatible with Code 1.98.2. Extension requires: ^1.99.0.
2025-06-17 11:47:09.178 [error] [/home/daniel/.vscode/extensions/github.vscode-pull-request-github-0.110.0]: Extension is not compatible with Code 1.98.2. Extension requires: ^1.100.0.
2025-06-17 11:50:49.333 [error] [/home/daniel/.vscode/extensions/ms-dotnettools.vscode-dotnet-runtime-2.3.5]: Extension is not compatible with Code 1.98.2. Extension requires: ^1.99.0.
2025-06-17 11:50:49.337 [error] [/home/daniel/.vscode/extensions/ms-vscode-remote.remote-wsl-0.99.0]: Extension is not compatible with Code 1.98.2. Extension requires: ^1.99.0.
2025-06-17 11:50:49.339 [error] [/home/daniel/.vscode/extensions/ms-vscode-remote.remote-containers-0.417.0]: Extension is not compatible with Code 1.98.2. Extension requires: ^1.99.0.
2025-06-17 11:50:49.340 [error] [/home/daniel/.vscode/extensions/github.vscode-pull-request-github-0.110.0]: Extension is not compatible with Code 1.98.2. Extension requires: ^1.100.0.
2025-06-17 11:50:49.340 [error] [/home/daniel/.vscode/extensions/ms-python.vscode-pylance-2025.6.1]: Extension is not compatible with Code 1.98.2. Extension requires: ^1.99.0.
2025-06-17 11:52:09.503 [error] [/home/daniel/.vscode/extensions/ms-dotnettools.vscode-dotnet-runtime-2.3.5]: Extension is not compatible with Code 1.98.2. Extension requires: ^1.99.0.
2025-06-17 11:52:09.507 [error] [/home/daniel/.vscode/extensions/ms-vscode-remote.remote-wsl-0.99.0]: Extension is not compatible with Code 1.98.2. Extension requires: ^1.99.0.
2025-06-17 11:52:09.507 [error] [/home/daniel/.vscode/extensions/ms-vscode-remote.remote-containers-0.417.0]: Extension is not compatible with Code 1.98.2. Extension requires: ^1.99.0.
2025-06-17 11:52:09.508 [error] [/home/daniel/.vscode/extensions/github.vscode-pull-request-github-0.110.0]: Extension is not compatible with Code 1.98.2. Extension requires: ^1.100.0.
2025-06-17 11:52:09.508 [error] [/home/daniel/.vscode/extensions/ms-python.vscode-pylance-2025.6.1]: Extension is not compatible with Code 1.98.2. Extension requires: ^1.99.0.
2025-06-17 11:55:49.824 [error] [/home/daniel/.vscode/extensions/ms-dotnettools.vscode-dotnet-runtime-2.3.5]: Extension is not compatible with Code 1.98.2. Extension requires: ^1.99.0.
2025-06-17 11:55:49.829 [error] [/home/daniel/.vscode/extensions/ms-vscode-remote.remote-wsl-0.99.0]: Extension is not compatible with Code 1.98.2. Extension requires: ^1.99.0.
2025-06-17 11:55:49.829 [error] [/home/daniel/.vscode/extensions/github.vscode-pull-request-github-0.110.0]: Extension is not compatible with Code 1.98.2. Extension requires: ^1.100.0.
2025-06-17 11:55:49.830 [error] [/home/daniel/.vscode/extensions/ms-vscode-remote.remote-containers-0.417.0]: Extension is not compatible with Code 1.98.2. Extension requires: ^1.99.0.
2025-06-17 11:55:49.830 [error] [/home/daniel/.vscode/extensions/ms-python.vscode-pylance-2025.6.1]: Extension is not compatible with Code 1.98.2. Extension requires: ^1.99.0.
2025-06-17 11:57:09.805 [error] [/home/daniel/.vscode/extensions/ms-dotnettools.vscode-dotnet-runtime-2.3.5]: Extension is not compatible with Code 1.98.2. Extension requires: ^1.99.0.
2025-06-17 11:57:09.811 [error] [/home/daniel/.vscode/extensions/ms-vscode-remote.remote-wsl-0.99.0]: Extension is not compatible with Code 1.98.2. Extension requires: ^1.99.0.
2025-06-17 11:57:09.812 [error] [/home/daniel/.vscode/extensions/ms-vscode-remote.remote-containers-0.417.0]: Extension is not compatible with Code 1.98.2. Extension requires: ^1.99.0.
2025-06-17 11:57:09.812 [error] [/home/daniel/.vscode/extensions/ms-python.vscode-pylance-2025.6.1]: Extension is not compatible with Code 1.98.2. Extension requires: ^1.99.0.
2025-06-17 11:57:09.813 [error] [/home/daniel/.vscode/extensions/github.vscode-pull-request-github-0.110.0]: Extension is not compatible with Code 1.98.2. Extension requires: ^1.100.0.
2025-06-17 12:00:50.315 [error] [/home/daniel/.vscode/extensions/ms-dotnettools.vscode-dotnet-runtime-2.3.5]: Extension is not compatible with Code 1.98.2. Extension requires: ^1.99.0.
2025-06-17 12:00:50.320 [error] [/home/daniel/.vscode/extensions/ms-vscode-remote.remote-wsl-0.99.0]: Extension is not compatible with Code 1.98.2. Extension requires: ^1.99.0.
2025-06-17 12:00:50.321 [error] [/home/daniel/.vscode/extensions/ms-vscode-remote.remote-containers-0.417.0]: Extension is not compatible with Code 1.98.2. Extension requires: ^1.99.0.
2025-06-17 12:00:50.321 [error] [/home/daniel/.vscode/extensions/github.vscode-pull-request-github-0.110.0]: Extension is not compatible with Code 1.98.2. Extension requires: ^1.100.0.
2025-06-17 12:00:50.321 [error] [/home/daniel/.vscode/extensions/ms-python.vscode-pylance-2025.6.1]: Extension is not compatible with Code 1.98.2. Extension requires: ^1.99.0.
2025-06-17 12:02:10.076 [error] [/home/daniel/.vscode/extensions/ms-dotnettools.vscode-dotnet-runtime-2.3.5]: Extension is not compatible with Code 1.98.2. Extension requires: ^1.99.0.
2025-06-17 12:02:10.082 [error] [/home/daniel/.vscode/extensions/ms-vscode-remote.remote-wsl-0.99.0]: Extension is not compatible with Code 1.98.2. Extension requires: ^1.99.0.
2025-06-17 12:02:10.082 [error] [/home/daniel/.vscode/extensions/ms-vscode-remote.remote-containers-0.417.0]: Extension is not compatible with Code 1.98.2. Extension requires: ^1.99.0.
2025-06-17 12:02:10.083 [error] [/home/daniel/.vscode/extensions/github.vscode-pull-request-github-0.110.0]: Extension is not compatible with Code 1.98.2. Extension requires: ^1.100.0.
2025-06-17 12:02:10.083 [error] [/home/daniel/.vscode/extensions/ms-python.vscode-pylance-2025.6.1]: Extension is not compatible with Code 1.98.2. Extension requires: ^1.99.0.
2025-06-17 12:05:50.816 [error] [/home/daniel/.vscode/extensions/ms-dotnettools.vscode-dotnet-runtime-2.3.5]: Extension is not compatible with Code 1.98.2. Extension requires: ^1.99.0.
2025-06-17 12:05:50.821 [error] [/home/daniel/.vscode/extensions/ms-vscode-remote.remote-wsl-0.99.0]: Extension is not compatible with Code 1.98.2. Extension requires: ^1.99.0.
2025-06-17 12:05:50.822 [error] [/home/daniel/.vscode/extensions/ms-vscode-remote.remote-containers-0.417.0]: Extension is not compatible with Code 1.98.2. Extension requires: ^1.99.0.
2025-06-17 12:05:50.822 [error] [/home/daniel/.vscode/extensions/github.vscode-pull-request-github-0.110.0]: Extension is not compatible with Code 1.98.2. Extension requires: ^1.100.0.
2025-06-17 12:05:50.823 [error] [/home/daniel/.vscode/extensions/ms-python.vscode-pylance-2025.6.1]: Extension is not compatible with Code 1.98.2. Extension requires: ^1.99.0.
2025-06-17 12:07:10.328 [error] [/home/daniel/.vscode/extensions/ms-dotnettools.vscode-dotnet-runtime-2.3.5]: Extension is not compatible with Code 1.98.2. Extension requires: ^1.99.0.
2025-06-17 12:07:10.333 [error] [/home/daniel/.vscode/extensions/ms-vscode-remote.remote-wsl-0.99.0]: Extension is not compatible with Code 1.98.2. Extension requires: ^1.99.0.
2025-06-17 12:07:10.334 [error] [/home/daniel/.vscode/extensions/ms-vscode-remote.remote-containers-0.417.0]: Extension is not compatible with Code 1.98.2. Extension requires: ^1.99.0.
2025-06-17 12:07:10.334 [error] [/home/daniel/.vscode/extensions/github.vscode-pull-request-github-0.110.0]: Extension is not compatible with Code 1.98.2. Extension requires: ^1.100.0.
2025-06-17 12:07:10.335 [error] [/home/daniel/.vscode/extensions/ms-python.vscode-pylance-2025.6.1]: Extension is not compatible with Code 1.98.2. Extension requires: ^1.99.0.
2025-06-17 12:10:51.347 [error] [/home/daniel/.vscode/extensions/ms-dotnettools.vscode-dotnet-runtime-2.3.5]: Extension is not compatible with Code 1.98.2. Extension requires: ^1.99.0.
2025-06-17 12:10:51.357 [error] [/home/daniel/.vscode/extensions/ms-vscode-remote.remote-wsl-0.99.0]: Extension is not compatible with Code 1.98.2. Extension requires: ^1.99.0.
2025-06-17 12:10:51.358 [error] [/home/daniel/.vscode/extensions/ms-vscode-remote.remote-containers-0.417.0]: Extension is not compatible with Code 1.98.2. Extension requires: ^1.99.0.
2025-06-17 12:10:51.358 [error] [/home/daniel/.vscode/extensions/ms-python.vscode-pylance-2025.6.1]: Extension is not compatible with Code 1.98.2. Extension requires: ^1.99.0.
2025-06-17 12:10:51.358 [error] [/home/daniel/.vscode/extensions/github.vscode-pull-request-github-0.110.0]: Extension is not compatible with Code 1.98.2. Extension requires: ^1.100.0.
2025-06-17 12:12:10.594 [error] [/home/daniel/.vscode/extensions/ms-dotnettools.vscode-dotnet-runtime-2.3.5]: Extension is not compatible with Code 1.98.2. Extension requires: ^1.99.0.
2025-06-17 12:12:10.601 [error] [/home/daniel/.vscode/extensions/ms-vscode-remote.remote-wsl-0.99.0]: Extension is not compatible with Code 1.98.2. Extension requires: ^1.99.0.
2025-06-17 12:12:10.601 [error] [/home/daniel/.vscode/extensions/ms-vscode-remote.remote-containers-0.417.0]: Extension is not compatible with Code 1.98.2. Extension requires: ^1.99.0.
2025-06-17 12:12:10.602 [error] [/home/daniel/.vscode/extensions/ms-python.vscode-pylance-2025.6.1]: Extension is not compatible with Code 1.98.2. Extension requires: ^1.99.0.
2025-06-17 12:12:10.602 [error] [/home/daniel/.vscode/extensions/github.vscode-pull-request-github-0.110.0]: Extension is not compatible with Code 1.98.2. Extension requires: ^1.100.0.
2025-06-17 12:15:51.861 [error] [/home/daniel/.vscode/extensions/ms-dotnettools.vscode-dotnet-runtime-2.3.5]: Extension is not compatible with Code 1.98.2. Extension requires: ^1.99.0.
2025-06-17 12:15:51.865 [error] [/home/daniel/.vscode/extensions/ms-vscode-remote.remote-wsl-0.99.0]: Extension is not compatible with Code 1.98.2. Extension requires: ^1.99.0.
2025-06-17 12:15:51.867 [error] [/home/daniel/.vscode/extensions/ms-vscode-remote.remote-containers-0.417.0]: Extension is not compatible with Code 1.98.2. Extension requires: ^1.99.0.
2025-06-17 12:15:51.867 [error] [/home/daniel/.vscode/extensions/github.vscode-pull-request-github-0.110.0]: Extension is not compatible with Code 1.98.2. Extension requires: ^1.100.0.
2025-06-17 12:15:51.868 [error] [/home/daniel/.vscode/extensions/ms-python.vscode-pylance-2025.6.1]: Extension is not compatible with Code 1.98.2. Extension requires: ^1.99.0.
2025-06-17 12:17:10.903 [error] [/home/daniel/.vscode/extensions/ms-dotnettools.vscode-dotnet-runtime-2.3.5]: Extension is not compatible with Code 1.98.2. Extension requires: ^1.99.0.
2025-06-17 12:17:10.911 [error] [/home/daniel/.vscode/extensions/ms-vscode-remote.remote-wsl-0.99.0]: Extension is not compatible with Code 1.98.2. Extension requires: ^1.99.0.
2025-06-17 12:17:10.911 [error] [/home/daniel/.vscode/extensions/ms-vscode-remote.remote-containers-0.417.0]: Extension is not compatible with Code 1.98.2. Extension requires: ^1.99.0.
2025-06-17 12:17:10.913 [error] [/home/daniel/.vscode/extensions/ms-python.vscode-pylance-2025.6.1]: Extension is not compatible with Code 1.98.2. Extension requires: ^1.99.0.
2025-06-17 12:17:10.914 [error] [/home/daniel/.vscode/extensions/github.vscode-pull-request-github-0.110.0]: Extension is not compatible with Code 1.98.2. Extension requires: ^1.100.0.
2025-06-17 12:20:52.339 [error] [/home/daniel/.vscode/extensions/ms-dotnettools.vscode-dotnet-runtime-2.3.5]: Extension is not compatible with Code 1.98.2. Extension requires: ^1.99.0.
2025-06-17 12:20:52.344 [error] [/home/daniel/.vscode/extensions/ms-vscode-remote.remote-wsl-0.99.0]: Extension is not compatible with Code 1.98.2. Extension requires: ^1.99.0.
2025-06-17 12:20:52.345 [error] [/home/daniel/.vscode/extensions/ms-vscode-remote.remote-containers-0.417.0]: Extension is not compatible with Code 1.98.2. Extension requires: ^1.99.0.
2025-06-17 12:20:52.345 [error] [/home/daniel/.vscode/extensions/github.vscode-pull-request-github-0.110.0]: Extension is not compatible with Code 1.98.2. Extension requires: ^1.100.0.
2025-06-17 12:20:52.345 [error] [/home/daniel/.vscode/extensions/ms-python.vscode-pylance-2025.6.1]: Extension is not compatible with Code 1.98.2. Extension requires: ^1.99.0.
2025-06-17 12:22:11.184 [error] [/home/daniel/.vscode/extensions/ms-dotnettools.vscode-dotnet-runtime-2.3.5]: Extension is not compatible with Code 1.98.2. Extension requires: ^1.99.0.
2025-06-17 12:22:11.189 [error] [/home/daniel/.vscode/extensions/ms-vscode-remote.remote-wsl-0.99.0]: Extension is not compatible with Code 1.98.2. Extension requires: ^1.99.0.
2025-06-17 12:22:11.190 [error] [/home/daniel/.vscode/extensions/ms-vscode-remote.remote-containers-0.417.0]: Extension is not compatible with Code 1.98.2. Extension requires: ^1.99.0.
2025-06-17 12:22:11.191 [error] [/home/daniel/.vscode/extensions/github.vscode-pull-request-github-0.110.0]: Extension is not compatible with Code 1.98.2. Extension requires: ^1.100.0.
2025-06-17 12:22:11.191 [error] [/home/daniel/.vscode/extensions/ms-python.vscode-pylance-2025.6.1]: Extension is not compatible with Code 1.98.2. Extension requires: ^1.99.0.
2025-06-17 12:25:52.804 [error] [/home/daniel/.vscode/extensions/ms-dotnettools.vscode-dotnet-runtime-2.3.5]: Extension is not compatible with Code 1.98.2. Extension requires: ^1.99.0.
2025-06-17 12:25:52.811 [error] [/home/daniel/.vscode/extensions/ms-vscode-remote.remote-wsl-0.99.0]: Extension is not compatible with Code 1.98.2. Extension requires: ^1.99.0.
2025-06-17 12:25:52.812 [error] [/home/daniel/.vscode/extensions/ms-vscode-remote.remote-containers-0.417.0]: Extension is not compatible with Code 1.98.2. Extension requires: ^1.99.0.
2025-06-17 12:25:52.812 [error] [/home/daniel/.vscode/extensions/ms-python.vscode-pylance-2025.6.1]: Extension is not compatible with Code 1.98.2. Extension requires: ^1.99.0.
2025-06-17 12:25:52.812 [error] [/home/daniel/.vscode/extensions/github.vscode-pull-request-github-0.110.0]: Extension is not compatible with Code 1.98.2. Extension requires: ^1.100.0.
2025-06-17 12:27:11.476 [error] [/home/daniel/.vscode/extensions/ms-dotnettools.vscode-dotnet-runtime-2.3.5]: Extension is not compatible with Code 1.98.2. Extension requires: ^1.99.0.
2025-06-17 12:27:11.483 [error] [/home/daniel/.vscode/extensions/ms-vscode-remote.remote-wsl-0.99.0]: Extension is not compatible with Code 1.98.2. Extension requires: ^1.99.0.
2025-06-17 12:27:11.484 [error] [/home/daniel/.vscode/extensions/ms-vscode-remote.remote-containers-0.417.0]: Extension is not compatible with Code 1.98.2. Extension requires: ^1.99.0.
2025-06-17 12:27:11.484 [error] [/home/daniel/.vscode/extensions/github.vscode-pull-request-github-0.110.0]: Extension is not compatible with Code 1.98.2. Extension requires: ^1.100.0.
2025-06-17 12:27:11.485 [error] [/home/daniel/.vscode/extensions/ms-python.vscode-pylance-2025.6.1]: Extension is not compatible with Code 1.98.2. Extension requires: ^1.99.0.
2025-06-17 12:30:53.337 [error] [/home/daniel/.vscode/extensions/ms-dotnettools.vscode-dotnet-runtime-2.3.5]: Extension is not compatible with Code 1.98.2. Extension requires: ^1.99.0.
2025-06-17 12:30:53.345 [error] [/home/daniel/.vscode/extensions/ms-vscode-remote.remote-wsl-0.99.0]: Extension is not compatible with Code 1.98.2. Extension requires: ^1.99.0.
2025-06-17 12:30:53.346 [error] [/home/daniel/.vscode/extensions/ms-vscode-remote.remote-containers-0.417.0]: Extension is not compatible with Code 1.98.2. Extension requires: ^1.99.0.
2025-06-17 12:30:53.346 [error] [/home/daniel/.vscode/extensions/github.vscode-pull-request-github-0.110.0]: Extension is not compatible with Code 1.98.2. Extension requires: ^1.100.0.
2025-06-17 12:30:53.346 [error] [/home/daniel/.vscode/extensions/ms-python.vscode-pylance-2025.6.1]: Extension is not compatible with Code 1.98.2. Extension requires: ^1.99.0.
2025-06-17 12:32:11.727 [error] [/home/daniel/.vscode/extensions/ms-dotnettools.vscode-dotnet-runtime-2.3.5]: Extension is not compatible with Code 1.98.2. Extension requires: ^1.99.0.
2025-06-17 12:32:11.730 [error] [/home/daniel/.vscode/extensions/ms-vscode-remote.remote-wsl-0.99.0]: Extension is not compatible with Code 1.98.2. Extension requires: ^1.99.0.
2025-06-17 12:32:11.731 [error] [/home/daniel/.vscode/extensions/ms-vscode-remote.remote-containers-0.417.0]: Extension is not compatible with Code 1.98.2. Extension requires: ^1.99.0.
2025-06-17 12:32:11.731 [error] [/home/daniel/.vscode/extensions/github.vscode-pull-request-github-0.110.0]: Extension is not compatible with Code 1.98.2. Extension requires: ^1.100.0.
2025-06-17 12:32:11.732 [error] [/home/daniel/.vscode/extensions/ms-python.vscode-pylance-2025.6.1]: Extension is not compatible with Code 1.98.2. Extension requires: ^1.99.0.
2025-06-17 12:35:53.905 [error] [/home/daniel/.vscode/extensions/ms-dotnettools.vscode-dotnet-runtime-2.3.5]: Extension is not compatible with Code 1.98.2. Extension requires: ^1.99.0.
2025-06-17 12:35:53.914 [error] [/home/daniel/.vscode/extensions/ms-vscode-remote.remote-wsl-0.99.0]: Extension is not compatible with Code 1.98.2. Extension requires: ^1.99.0.
2025-06-17 12:35:53.915 [error] [/home/daniel/.vscode/extensions/ms-vscode-remote.remote-containers-0.417.0]: Extension is not compatible with Code 1.98.2. Extension requires: ^1.99.0.
2025-06-17 12:35:53.915 [error] [/home/daniel/.vscode/extensions/github.vscode-pull-request-github-0.110.0]: Extension is not compatible with Code 1.98.2. Extension requires: ^1.100.0.
2025-06-17 12:35:53.915 [error] [/home/daniel/.vscode/extensions/ms-python.vscode-pylance-2025.6.1]: Extension is not compatible with Code 1.98.2. Extension requires: ^1.99.0.
2025-06-17 12:37:12.029 [error] [/home/daniel/.vscode/extensions/ms-dotnettools.vscode-dotnet-runtime-2.3.5]: Extension is not compatible with Code 1.98.2. Extension requires: ^1.99.0.
2025-06-17 12:37:12.035 [error] [/home/daniel/.vscode/extensions/ms-vscode-remote.remote-wsl-0.99.0]: Extension is not compatible with Code 1.98.2. Extension requires: ^1.99.0.
2025-06-17 12:37:12.035 [error] [/home/daniel/.vscode/extensions/ms-vscode-remote.remote-containers-0.417.0]: Extension is not compatible with Code 1.98.2. Extension requires: ^1.99.0.
2025-06-17 12:37:12.036 [error] [/home/daniel/.vscode/extensions/github.vscode-pull-request-github-0.110.0]: Extension is not compatible with Code 1.98.2. Extension requires: ^1.100.0.
2025-06-17 12:37:12.036 [error] [/home/daniel/.vscode/extensions/ms-python.vscode-pylance-2025.6.1]: Extension is not compatible with Code 1.98.2. Extension requires: ^1.99.0.
2025-06-17 12:40:54.442 [error] [/home/daniel/.vscode/extensions/ms-dotnettools.vscode-dotnet-runtime-2.3.5]: Extension is not compatible with Code 1.98.2. Extension requires: ^1.99.0.
2025-06-17 12:40:54.449 [error] [/home/daniel/.vscode/extensions/ms-vscode-remote.remote-wsl-0.99.0]: Extension is not compatible with Code 1.98.2. Extension requires: ^1.99.0.
2025-06-17 12:40:54.449 [error] [/home/daniel/.vscode/extensions/ms-vscode-remote.remote-containers-0.417.0]: Extension is not compatible with Code 1.98.2. Extension requires: ^1.99.0.
2025-06-17 12:40:54.450 [error] [/home/daniel/.vscode/extensions/ms-python.vscode-pylance-2025.6.1]: Extension is not compatible with Code 1.98.2. Extension requires: ^1.99.0.
2025-06-17 12:40:54.450 [error] [/home/daniel/.vscode/extensions/github.vscode-pull-request-github-0.110.0]: Extension is not compatible with Code 1.98.2. Extension requires: ^1.100.0.
2025-06-17 12:42:12.296 [error] [/home/daniel/.vscode/extensions/ms-dotnettools.vscode-dotnet-runtime-2.3.5]: Extension is not compatible with Code 1.98.2. Extension requires: ^1.99.0.
2025-06-17 12:42:12.303 [error] [/home/daniel/.vscode/extensions/ms-vscode-remote.remote-wsl-0.99.0]: Extension is not compatible with Code 1.98.2. Extension requires: ^1.99.0.
2025-06-17 12:42:12.303 [error] [/home/daniel/.vscode/extensions/ms-vscode-remote.remote-containers-0.417.0]: Extension is not compatible with Code 1.98.2. Extension requires: ^1.99.0.
2025-06-17 12:42:12.304 [error] [/home/daniel/.vscode/extensions/github.vscode-pull-request-github-0.110.0]: Extension is not compatible with Code 1.98.2. Extension requires: ^1.100.0.
2025-06-17 12:42:12.304 [error] [/home/daniel/.vscode/extensions/ms-python.vscode-pylance-2025.6.1]: Extension is not compatible with Code 1.98.2. Extension requires: ^1.99.0.
2025-06-17 12:45:54.956 [error] [/home/daniel/.vscode/extensions/ms-dotnettools.vscode-dotnet-runtime-2.3.5]: Extension is not compatible with Code 1.98.2. Extension requires: ^1.99.0.
2025-06-17 12:45:54.962 [error] [/home/daniel/.vscode/extensions/ms-vscode-remote.remote-wsl-0.99.0]: Extension is not compatible with Code 1.98.2. Extension requires: ^1.99.0.
2025-06-17 12:45:54.964 [error] [/home/daniel/.vscode/extensions/ms-vscode-remote.remote-containers-0.417.0]: Extension is not compatible with Code 1.98.2. Extension requires: ^1.99.0.
2025-06-17 12:45:54.965 [error] [/home/daniel/.vscode/extensions/github.vscode-pull-request-github-0.110.0]: Extension is not compatible with Code 1.98.2. Extension requires: ^1.100.0.
2025-06-17 12:45:54.965 [error] [/home/daniel/.vscode/extensions/ms-python.vscode-pylance-2025.6.1]: Extension is not compatible with Code 1.98.2. Extension requires: ^1.99.0.
2025-06-17 12:47:12.586 [error] [/home/daniel/.vscode/extensions/ms-dotnettools.vscode-dotnet-runtime-2.3.5]: Extension is not compatible with Code 1.98.2. Extension requires: ^1.99.0.
2025-06-17 12:47:12.590 [error] [/home/daniel/.vscode/extensions/ms-vscode-remote.remote-wsl-0.99.0]: Extension is not compatible with Code 1.98.2. Extension requires: ^1.99.0.
2025-06-17 12:47:12.591 [error] [/home/daniel/.vscode/extensions/ms-python.vscode-pylance-2025.6.1]: Extension is not compatible with Code 1.98.2. Extension requires: ^1.99.0.
2025-06-17 12:47:12.591 [error] [/home/daniel/.vscode/extensions/ms-vscode-remote.remote-containers-0.417.0]: Extension is not compatible with Code 1.98.2. Extension requires: ^1.99.0.
2025-06-17 12:47:12.592 [error] [/home/daniel/.vscode/extensions/github.vscode-pull-request-github-0.110.0]: Extension is not compatible with Code 1.98.2. Extension requires: ^1.100.0.
2025-06-17 12:50:55.430 [error] [/home/daniel/.vscode/extensions/ms-dotnettools.vscode-dotnet-runtime-2.3.5]: Extension is not compatible with Code 1.98.2. Extension requires: ^1.99.0.
2025-06-17 12:50:55.435 [error] [/home/daniel/.vscode/extensions/ms-vscode-remote.remote-wsl-0.99.0]: Extension is not compatible with Code 1.98.2. Extension requires: ^1.99.0.
2025-06-17 12:50:55.437 [error] [/home/daniel/.vscode/extensions/github.vscode-pull-request-github-0.110.0]: Extension is not compatible with Code 1.98.2. Extension requires: ^1.100.0.
2025-06-17 12:50:55.437 [error] [/home/daniel/.vscode/extensions/ms-python.vscode-pylance-2025.6.1]: Extension is not compatible with Code 1.98.2. Extension requires: ^1.99.0.
2025-06-17 12:50:55.440 [error] [/home/daniel/.vscode/extensions/ms-vscode-remote.remote-containers-0.417.0]: Extension is not compatible with Code 1.98.2. Extension requires: ^1.99.0.
2025-06-17 12:52:12.853 [error] [/home/daniel/.vscode/extensions/ms-dotnettools.vscode-dotnet-runtime-2.3.5]: Extension is not compatible with Code 1.98.2. Extension requires: ^1.99.0.
2025-06-17 12:52:12.856 [error] [/home/daniel/.vscode/extensions/ms-vscode-remote.remote-wsl-0.99.0]: Extension is not compatible with Code 1.98.2. Extension requires: ^1.99.0.
2025-06-17 12:52:12.857 [error] [/home/daniel/.vscode/extensions/ms-vscode-remote.remote-containers-0.417.0]: Extension is not compatible with Code 1.98.2. Extension requires: ^1.99.0.
2025-06-17 12:52:12.857 [error] [/home/daniel/.vscode/extensions/github.vscode-pull-request-github-0.110.0]: Extension is not compatible with Code 1.98.2. Extension requires: ^1.100.0.
2025-06-17 12:52:12.858 [error] [/home/daniel/.vscode/extensions/ms-python.vscode-pylance-2025.6.1]: Extension is not compatible with Code 1.98.2. Extension requires: ^1.99.0.
2025-06-17 12:55:55.938 [error] [/home/daniel/.vscode/extensions/ms-dotnettools.vscode-dotnet-runtime-2.3.5]: Extension is not compatible with Code 1.98.2. Extension requires: ^1.99.0.
2025-06-17 12:55:55.944 [error] [/home/daniel/.vscode/extensions/ms-vscode-remote.remote-wsl-0.99.0]: Extension is not compatible with Code 1.98.2. Extension requires: ^1.99.0.
2025-06-17 12:55:55.945 [error] [/home/daniel/.vscode/extensions/ms-vscode-remote.remote-containers-0.417.0]: Extension is not compatible with Code 1.98.2. Extension requires: ^1.99.0.
2025-06-17 12:55:55.946 [error] [/home/daniel/.vscode/extensions/github.vscode-pull-request-github-0.110.0]: Extension is not compatible with Code 1.98.2. Extension requires: ^1.100.0.
2025-06-17 12:55:55.946 [error] [/home/daniel/.vscode/extensions/ms-python.vscode-pylance-2025.6.1]: Extension is not compatible with Code 1.98.2. Extension requires: ^1.99.0.
2025-06-17 12:57:13.154 [error] [/home/daniel/.vscode/extensions/ms-dotnettools.vscode-dotnet-runtime-2.3.5]: Extension is not compatible with Code 1.98.2. Extension requires: ^1.99.0.
2025-06-17 12:57:13.157 [error] [/home/daniel/.vscode/extensions/ms-vscode-remote.remote-wsl-0.99.0]: Extension is not compatible with Code 1.98.2. Extension requires: ^1.99.0.
2025-06-17 12:57:13.158 [error] [/home/daniel/.vscode/extensions/ms-vscode-remote.remote-containers-0.417.0]: Extension is not compatible with Code 1.98.2. Extension requires: ^1.99.0.
2025-06-17 12:57:13.160 [error] [/home/daniel/.vscode/extensions/ms-python.vscode-pylance-2025.6.1]: Extension is not compatible with Code 1.98.2. Extension requires: ^1.99.0.
2025-06-17 12:57:13.160 [error] [/home/daniel/.vscode/extensions/github.vscode-pull-request-github-0.110.0]: Extension is not compatible with Code 1.98.2. Extension requires: ^1.100.0.
2025-06-17 13:00:56.440 [error] [/home/daniel/.vscode/extensions/ms-dotnettools.vscode-dotnet-runtime-2.3.5]: Extension is not compatible with Code 1.98.2. Extension requires: ^1.99.0.
2025-06-17 13:00:56.445 [error] [/home/daniel/.vscode/extensions/ms-vscode-remote.remote-wsl-0.99.0]: Extension is not compatible with Code 1.98.2. Extension requires: ^1.99.0.
2025-06-17 13:00:56.447 [error] [/home/daniel/.vscode/extensions/ms-vscode-remote.remote-containers-0.417.0]: Extension is not compatible with Code 1.98.2. Extension requires: ^1.99.0.
2025-06-17 13:00:56.447 [error] [/home/daniel/.vscode/extensions/github.vscode-pull-request-github-0.110.0]: Extension is not compatible with Code 1.98.2. Extension requires: ^1.100.0.
2025-06-17 13:00:56.449 [error] [/home/daniel/.vscode/extensions/ms-python.vscode-pylance-2025.6.1]: Extension is not compatible with Code 1.98.2. Extension requires: ^1.99.0.
2025-06-17 13:02:13.487 [error] [/home/daniel/.vscode/extensions/ms-dotnettools.vscode-dotnet-runtime-2.3.5]: Extension is not compatible with Code 1.98.2. Extension requires: ^1.99.0.
2025-06-17 13:02:13.491 [error] [/home/daniel/.vscode/extensions/ms-vscode-remote.remote-wsl-0.99.0]: Extension is not compatible with Code 1.98.2. Extension requires: ^1.99.0.
2025-06-17 13:02:13.492 [error] [/home/daniel/.vscode/extensions/ms-vscode-remote.remote-containers-0.417.0]: Extension is not compatible with Code 1.98.2. Extension requires: ^1.99.0.
2025-06-17 13:02:13.492 [error] [/home/daniel/.vscode/extensions/github.vscode-pull-request-github-0.110.0]: Extension is not compatible with Code 1.98.2. Extension requires: ^1.100.0.
2025-06-17 13:02:13.492 [error] [/home/daniel/.vscode/extensions/ms-python.vscode-pylance-2025.6.1]: Extension is not compatible with Code 1.98.2. Extension requires: ^1.99.0.
2025-06-17 13:05:56.991 [error] [/home/daniel/.vscode/extensions/ms-dotnettools.vscode-dotnet-runtime-2.3.5]: Extension is not compatible with Code 1.98.2. Extension requires: ^1.99.0.
2025-06-17 13:05:56.996 [error] [/home/daniel/.vscode/extensions/ms-vscode-remote.remote-wsl-0.99.0]: Extension is not compatible with Code 1.98.2. Extension requires: ^1.99.0.
2025-06-17 13:05:56.996 [error] [/home/daniel/.vscode/extensions/ms-vscode-remote.remote-containers-0.417.0]: Extension is not compatible with Code 1.98.2. Extension requires: ^1.99.0.
2025-06-17 13:05:56.997 [error] [/home/daniel/.vscode/extensions/github.vscode-pull-request-github-0.110.0]: Extension is not compatible with Code 1.98.2. Extension requires: ^1.100.0.
2025-06-17 13:05:56.997 [error] [/home/daniel/.vscode/extensions/ms-python.vscode-pylance-2025.6.1]: Extension is not compatible with Code 1.98.2. Extension requires: ^1.99.0.
2025-06-17 13:07:13.811 [error] [/home/daniel/.vscode/extensions/ms-dotnettools.vscode-dotnet-runtime-2.3.5]: Extension is not compatible with Code 1.98.2. Extension requires: ^1.99.0.
2025-06-17 13:07:13.815 [error] [/home/daniel/.vscode/extensions/ms-vscode-remote.remote-wsl-0.99.0]: Extension is not compatible with Code 1.98.2. Extension requires: ^1.99.0.
2025-06-17 13:07:13.816 [error] [/home/daniel/.vscode/extensions/ms-vscode-remote.remote-containers-0.417.0]: Extension is not compatible with Code 1.98.2. Extension requires: ^1.99.0.
2025-06-17 13:07:13.816 [error] [/home/daniel/.vscode/extensions/github.vscode-pull-request-github-0.110.0]: Extension is not compatible with Code 1.98.2. Extension requires: ^1.100.0.
2025-06-17 13:07:13.816 [error] [/home/daniel/.vscode/extensions/ms-python.vscode-pylance-2025.6.1]: Extension is not compatible with Code 1.98.2. Extension requires: ^1.99.0.
2025-06-17 13:10:57.531 [error] [/home/daniel/.vscode/extensions/ms-dotnettools.vscode-dotnet-runtime-2.3.5]: Extension is not compatible with Code 1.98.2. Extension requires: ^1.99.0.
2025-06-17 13:10:57.534 [error] [/home/daniel/.vscode/extensions/ms-vscode-remote.remote-wsl-0.99.0]: Extension is not compatible with Code 1.98.2. Extension requires: ^1.99.0.
2025-06-17 13:10:57.535 [error] [/home/daniel/.vscode/extensions/ms-vscode-remote.remote-containers-0.417.0]: Extension is not compatible with Code 1.98.2. Extension requires: ^1.99.0.
2025-06-17 13:10:57.535 [error] [/home/daniel/.vscode/extensions/github.vscode-pull-request-github-0.110.0]: Extension is not compatible with Code 1.98.2. Extension requires: ^1.100.0.
2025-06-17 13:10:57.535 [error] [/home/daniel/.vscode/extensions/ms-python.vscode-pylance-2025.6.1]: Extension is not compatible with Code 1.98.2. Extension requires: ^1.99.0.
2025-06-17 13:12:14.077 [error] [/home/daniel/.vscode/extensions/ms-dotnettools.vscode-dotnet-runtime-2.3.5]: Extension is not compatible with Code 1.98.2. Extension requires: ^1.99.0.
2025-06-17 13:12:14.080 [error] [/home/daniel/.vscode/extensions/ms-vscode-remote.remote-wsl-0.99.0]: Extension is not compatible with Code 1.98.2. Extension requires: ^1.99.0.
2025-06-17 13:12:14.081 [error] [/home/daniel/.vscode/extensions/github.vscode-pull-request-github-0.110.0]: Extension is not compatible with Code 1.98.2. Extension requires: ^1.100.0.
2025-06-17 13:12:14.081 [error] [/home/daniel/.vscode/extensions/ms-vscode-remote.remote-containers-0.417.0]: Extension is not compatible with Code 1.98.2. Extension requires: ^1.99.0.
2025-06-17 13:12:14.081 [error] [/home/daniel/.vscode/extensions/ms-python.vscode-pylance-2025.6.1]: Extension is not compatible with Code 1.98.2. Extension requires: ^1.99.0.
2025-06-17 13:15:58.034 [error] [/home/daniel/.vscode/extensions/ms-dotnettools.vscode-dotnet-runtime-2.3.5]: Extension is not compatible with Code 1.98.2. Extension requires: ^1.99.0.
2025-06-17 13:15:58.040 [error] [/home/daniel/.vscode/extensions/ms-vscode-remote.remote-wsl-0.99.0]: Extension is not compatible with Code 1.98.2. Extension requires: ^1.99.0.
2025-06-17 13:15:58.041 [error] [/home/daniel/.vscode/extensions/ms-vscode-remote.remote-containers-0.417.0]: Extension is not compatible with Code 1.98.2. Extension requires: ^1.99.0.
2025-06-17 13:15:58.042 [error] [/home/daniel/.vscode/extensions/github.vscode-pull-request-github-0.110.0]: Extension is not compatible with Code 1.98.2. Extension requires: ^1.100.0.
2025-06-17 13:15:58.042 [error] [/home/daniel/.vscode/extensions/ms-python.vscode-pylance-2025.6.1]: Extension is not compatible with Code 1.98.2. Extension requires: ^1.99.0.
2025-06-17 13:17:14.356 [error] [/home/daniel/.vscode/extensions/ms-dotnettools.vscode-dotnet-runtime-2.3.5]: Extension is not compatible with Code 1.98.2. Extension requires: ^1.99.0.
2025-06-17 13:17:14.359 [error] [/home/daniel/.vscode/extensions/ms-vscode-remote.remote-wsl-0.99.0]: Extension is not compatible with Code 1.98.2. Extension requires: ^1.99.0.
2025-06-17 13:17:14.360 [error] [/home/daniel/.vscode/extensions/ms-vscode-remote.remote-containers-0.417.0]: Extension is not compatible with Code 1.98.2. Extension requires: ^1.99.0.
2025-06-17 13:17:14.362 [error] [/home/daniel/.vscode/extensions/github.vscode-pull-request-github-0.110.0]: Extension is not compatible with Code 1.98.2. Extension requires: ^1.100.0.
2025-06-17 13:17:14.362 [error] [/home/daniel/.vscode/extensions/ms-python.vscode-pylance-2025.6.1]: Extension is not compatible with Code 1.98.2. Extension requires: ^1.99.0.
2025-06-17 13:20:58.535 [error] [/home/daniel/.vscode/extensions/ms-dotnettools.vscode-dotnet-runtime-2.3.5]: Extension is not compatible with Code 1.98.2. Extension requires: ^1.99.0.
2025-06-17 13:20:58.540 [error] [/home/daniel/.vscode/extensions/ms-vscode-remote.remote-wsl-0.99.0]: Extension is not compatible with Code 1.98.2. Extension requires: ^1.99.0.
2025-06-17 13:20:58.540 [error] [/home/daniel/.vscode/extensions/ms-vscode-remote.remote-containers-0.417.0]: Extension is not compatible with Code 1.98.2. Extension requires: ^1.99.0.
2025-06-17 13:20:58.541 [error] [/home/daniel/.vscode/extensions/github.vscode-pull-request-github-0.110.0]: Extension is not compatible with Code 1.98.2. Extension requires: ^1.100.0.
2025-06-17 13:20:58.541 [error] [/home/daniel/.vscode/extensions/ms-python.vscode-pylance-2025.6.1]: Extension is not compatible with Code 1.98.2. Extension requires: ^1.99.0.
2025-06-17 13:22:14.592 [error] [/home/daniel/.vscode/extensions/ms-dotnettools.vscode-dotnet-runtime-2.3.5]: Extension is not compatible with Code 1.98.2. Extension requires: ^1.99.0.
2025-06-17 13:22:14.594 [error] [/home/daniel/.vscode/extensions/ms-vscode-remote.remote-wsl-0.99.0]: Extension is not compatible with Code 1.98.2. Extension requires: ^1.99.0.
2025-06-17 13:22:14.595 [error] [/home/daniel/.vscode/extensions/ms-vscode-remote.remote-containers-0.417.0]: Extension is not compatible with Code 1.98.2. Extension requires: ^1.99.0.
2025-06-17 13:22:14.595 [error] [/home/daniel/.vscode/extensions/github.vscode-pull-request-github-0.110.0]: Extension is not compatible with Code 1.98.2. Extension requires: ^1.100.0.
2025-06-17 13:22:14.595 [error] [/home/daniel/.vscode/extensions/ms-python.vscode-pylance-2025.6.1]: Extension is not compatible with Code 1.98.2. Extension requires: ^1.99.0.
2025-06-17 13:25:59.030 [error] [/home/daniel/.vscode/extensions/ms-dotnettools.vscode-dotnet-runtime-2.3.5]: Extension is not compatible with Code 1.98.2. Extension requires: ^1.99.0.
2025-06-17 13:25:59.035 [error] [/home/daniel/.vscode/extensions/ms-vscode-remote.remote-wsl-0.99.0]: Extension is not compatible with Code 1.98.2. Extension requires: ^1.99.0.
2025-06-17 13:25:59.036 [error] [/home/daniel/.vscode/extensions/ms-vscode-remote.remote-containers-0.417.0]: Extension is not compatible with Code 1.98.2. Extension requires: ^1.99.0.
2025-06-17 13:25:59.036 [error] [/home/daniel/.vscode/extensions/github.vscode-pull-request-github-0.110.0]: Extension is not compatible with Code 1.98.2. Extension requires: ^1.100.0.
2025-06-17 13:25:59.037 [error] [/home/daniel/.vscode/extensions/ms-python.vscode-pylance-2025.6.1]: Extension is not compatible with Code 1.98.2. Extension requires: ^1.99.0.
2025-06-17 13:27:14.889 [error] [/home/daniel/.vscode/extensions/ms-dotnettools.vscode-dotnet-runtime-2.3.5]: Extension is not compatible with Code 1.98.2. Extension requires: ^1.99.0.
2025-06-17 13:27:14.892 [error] [/home/daniel/.vscode/extensions/ms-vscode-remote.remote-wsl-0.99.0]: Extension is not compatible with Code 1.98.2. Extension requires: ^1.99.0.
2025-06-17 13:27:14.894 [error] [/home/daniel/.vscode/extensions/github.vscode-pull-request-github-0.110.0]: Extension is not compatible with Code 1.98.2. Extension requires: ^1.100.0.
2025-06-17 13:27:14.894 [error] [/home/daniel/.vscode/extensions/ms-vscode-remote.remote-containers-0.417.0]: Extension is not compatible with Code 1.98.2. Extension requires: ^1.99.0.
2025-06-17 13:27:14.894 [error] [/home/daniel/.vscode/extensions/ms-python.vscode-pylance-2025.6.1]: Extension is not compatible with Code 1.98.2. Extension requires: ^1.99.0.
2025-06-17 13:30:59.627 [error] [/home/daniel/.vscode/extensions/ms-dotnettools.vscode-dotnet-runtime-2.3.5]: Extension is not compatible with Code 1.98.2. Extension requires: ^1.99.0.
2025-06-17 13:30:59.633 [error] [/home/daniel/.vscode/extensions/ms-vscode-remote.remote-wsl-0.99.0]: Extension is not compatible with Code 1.98.2. Extension requires: ^1.99.0.
2025-06-17 13:30:59.633 [error] [/home/daniel/.vscode/extensions/ms-vscode-remote.remote-containers-0.417.0]: Extension is not compatible with Code 1.98.2. Extension requires: ^1.99.0.
2025-06-17 13:30:59.634 [error] [/home/daniel/.vscode/extensions/github.vscode-pull-request-github-0.110.0]: Extension is not compatible with Code 1.98.2. Extension requires: ^1.100.0.
2025-06-17 13:30:59.634 [error] [/home/daniel/.vscode/extensions/ms-python.vscode-pylance-2025.6.1]: Extension is not compatible with Code 1.98.2. Extension requires: ^1.99.0.
2025-06-17 13:32:15.144 [error] [/home/daniel/.vscode/extensions/ms-dotnettools.vscode-dotnet-runtime-2.3.5]: Extension is not compatible with Code 1.98.2. Extension requires: ^1.99.0.
2025-06-17 13:32:15.149 [error] [/home/daniel/.vscode/extensions/ms-vscode-remote.remote-wsl-0.99.0]: Extension is not compatible with Code 1.98.2. Extension requires: ^1.99.0.
2025-06-17 13:32:15.150 [error] [/home/daniel/.vscode/extensions/ms-vscode-remote.remote-containers-0.417.0]: Extension is not compatible with Code 1.98.2. Extension requires: ^1.99.0.
2025-06-17 13:32:15.151 [error] [/home/daniel/.vscode/extensions/github.vscode-pull-request-github-0.110.0]: Extension is not compatible with Code 1.98.2. Extension requires: ^1.100.0.
2025-06-17 13:32:15.151 [error] [/home/daniel/.vscode/extensions/ms-python.vscode-pylance-2025.6.1]: Extension is not compatible with Code 1.98.2. Extension requires: ^1.99.0.
2025-06-17 13:36:00.147 [error] [/home/daniel/.vscode/extensions/ms-dotnettools.vscode-dotnet-runtime-2.3.5]: Extension is not compatible with Code 1.98.2. Extension requires: ^1.99.0.
2025-06-17 13:36:00.153 [error] [/home/daniel/.vscode/extensions/ms-vscode-remote.remote-wsl-0.99.0]: Extension is not compatible with Code 1.98.2. Extension requires: ^1.99.0.
2025-06-17 13:36:00.153 [error] [/home/daniel/.vscode/extensions/github.vscode-pull-request-github-0.110.0]: Extension is not compatible with Code 1.98.2. Extension requires: ^1.100.0.
2025-06-17 13:36:00.154 [error] [/home/daniel/.vscode/extensions/ms-vscode-remote.remote-containers-0.417.0]: Extension is not compatible with Code 1.98.2. Extension requires: ^1.99.0.
2025-06-17 13:36:00.154 [error] [/home/daniel/.vscode/extensions/ms-python.vscode-pylance-2025.6.1]: Extension is not compatible with Code 1.98.2. Extension requires: ^1.99.0.
2025-06-17 13:37:15.456 [error] [/home/daniel/.vscode/extensions/ms-dotnettools.vscode-dotnet-runtime-2.3.5]: Extension is not compatible with Code 1.98.2. Extension requires: ^1.99.0.
2025-06-17 13:37:15.459 [error] [/home/daniel/.vscode/extensions/ms-vscode-remote.remote-wsl-0.99.0]: Extension is not compatible with Code 1.98.2. Extension requires: ^1.99.0.
2025-06-17 13:37:15.460 [error] [/home/daniel/.vscode/extensions/github.vscode-pull-request-github-0.110.0]: Extension is not compatible with Code 1.98.2. Extension requires: ^1.100.0.
2025-06-17 13:37:15.460 [error] [/home/daniel/.vscode/extensions/ms-vscode-remote.remote-containers-0.417.0]: Extension is not compatible with Code 1.98.2. Extension requires: ^1.99.0.
2025-06-17 13:37:15.460 [error] [/home/daniel/.vscode/extensions/ms-python.vscode-pylance-2025.6.1]: Extension is not compatible with Code 1.98.2. Extension requires: ^1.99.0.
2025-06-17 13:41:00.753 [error] [/home/daniel/.vscode/extensions/ms-dotnettools.vscode-dotnet-runtime-2.3.5]: Extension is not compatible with Code 1.98.2. Extension requires: ^1.99.0.
2025-06-17 13:41:00.759 [error] [/home/daniel/.vscode/extensions/ms-vscode-remote.remote-wsl-0.99.0]: Extension is not compatible with Code 1.98.2. Extension requires: ^1.99.0.
2025-06-17 13:41:00.760 [error] [/home/daniel/.vscode/extensions/ms-vscode-remote.remote-containers-0.417.0]: Extension is not compatible with Code 1.98.2. Extension requires: ^1.99.0.
2025-06-17 13:41:00.762 [error] [/home/daniel/.vscode/extensions/github.vscode-pull-request-github-0.110.0]: Extension is not compatible with Code 1.98.2. Extension requires: ^1.100.0.
2025-06-17 13:41:00.762 [error] [/home/daniel/.vscode/extensions/ms-python.vscode-pylance-2025.6.1]: Extension is not compatible with Code 1.98.2. Extension requires: ^1.99.0.
2025-06-17 13:42:15.762 [error] [/home/daniel/.vscode/extensions/ms-dotnettools.vscode-dotnet-runtime-2.3.5]: Extension is not compatible with Code 1.98.2. Extension requires: ^1.99.0.
2025-06-17 13:42:15.768 [error] [/home/daniel/.vscode/extensions/ms-vscode-remote.remote-wsl-0.99.0]: Extension is not compatible with Code 1.98.2. Extension requires: ^1.99.0.
2025-06-17 13:42:15.769 [error] [/home/daniel/.vscode/extensions/ms-vscode-remote.remote-containers-0.417.0]: Extension is not compatible with Code 1.98.2. Extension requires: ^1.99.0.
2025-06-17 13:42:15.769 [error] [/home/daniel/.vscode/extensions/github.vscode-pull-request-github-0.110.0]: Extension is not compatible with Code 1.98.2. Extension requires: ^1.100.0.
2025-06-17 13:42:15.770 [error] [/home/daniel/.vscode/extensions/ms-python.vscode-pylance-2025.6.1]: Extension is not compatible with Code 1.98.2. Extension requires: ^1.99.0.
2025-06-17 13:46:01.265 [error] [/home/daniel/.vscode/extensions/ms-dotnettools.vscode-dotnet-runtime-2.3.5]: Extension is not compatible with Code 1.98.2. Extension requires: ^1.99.0.
2025-06-17 13:46:01.272 [error] [/home/daniel/.vscode/extensions/ms-vscode-remote.remote-wsl-0.99.0]: Extension is not compatible with Code 1.98.2. Extension requires: ^1.99.0.
2025-06-17 13:46:01.272 [error] [/home/daniel/.vscode/extensions/ms-vscode-remote.remote-containers-0.417.0]: Extension is not compatible with Code 1.98.2. Extension requires: ^1.99.0.
2025-06-17 13:46:01.273 [error] [/home/daniel/.vscode/extensions/ms-python.vscode-pylance-2025.6.1]: Extension is not compatible with Code 1.98.2. Extension requires: ^1.99.0.
2025-06-17 13:46:01.273 [error] [/home/daniel/.vscode/extensions/github.vscode-pull-request-github-0.110.0]: Extension is not compatible with Code 1.98.2. Extension requires: ^1.100.0.
2025-06-17 13:47:16.027 [error] [/home/daniel/.vscode/extensions/ms-dotnettools.vscode-dotnet-runtime-2.3.5]: Extension is not compatible with Code 1.98.2. Extension requires: ^1.99.0.
2025-06-17 13:47:16.035 [error] [/home/daniel/.vscode/extensions/ms-vscode-remote.remote-wsl-0.99.0]: Extension is not compatible with Code 1.98.2. Extension requires: ^1.99.0.
2025-06-17 13:47:16.035 [error] [/home/daniel/.vscode/extensions/ms-vscode-remote.remote-containers-0.417.0]: Extension is not compatible with Code 1.98.2. Extension requires: ^1.99.0.
2025-06-17 13:47:16.035 [error] [/home/daniel/.vscode/extensions/ms-python.vscode-pylance-2025.6.1]: Extension is not compatible with Code 1.98.2. Extension requires: ^1.99.0.
2025-06-17 13:47:16.036 [error] [/home/daniel/.vscode/extensions/github.vscode-pull-request-github-0.110.0]: Extension is not compatible with Code 1.98.2. Extension requires: ^1.100.0.
2025-06-17 13:51:01.757 [error] [/home/daniel/.vscode/extensions/ms-dotnettools.vscode-dotnet-runtime-2.3.5]: Extension is not compatible with Code 1.98.2. Extension requires: ^1.99.0.
2025-06-17 13:51:01.762 [error] [/home/daniel/.vscode/extensions/ms-vscode-remote.remote-wsl-0.99.0]: Extension is not compatible with Code 1.98.2. Extension requires: ^1.99.0.
2025-06-17 13:51:01.762 [error] [/home/daniel/.vscode/extensions/ms-vscode-remote.remote-containers-0.417.0]: Extension is not compatible with Code 1.98.2. Extension requires: ^1.99.0.
2025-06-17 13:51:01.763 [error] [/home/daniel/.vscode/extensions/github.vscode-pull-request-github-0.110.0]: Extension is not compatible with Code 1.98.2. Extension requires: ^1.100.0.
2025-06-17 13:51:01.763 [error] [/home/daniel/.vscode/extensions/ms-python.vscode-pylance-2025.6.1]: Extension is not compatible with Code 1.98.2. Extension requires: ^1.99.0.
2025-06-17 13:52:16.307 [error] [/home/daniel/.vscode/extensions/ms-dotnettools.vscode-dotnet-runtime-2.3.5]: Extension is not compatible with Code 1.98.2. Extension requires: ^1.99.0.
2025-06-17 13:52:16.313 [error] [/home/daniel/.vscode/extensions/ms-vscode-remote.remote-wsl-0.99.0]: Extension is not compatible with Code 1.98.2. Extension requires: ^1.99.0.
2025-06-17 13:52:16.313 [error] [/home/daniel/.vscode/extensions/ms-vscode-remote.remote-containers-0.417.0]: Extension is not compatible with Code 1.98.2. Extension requires: ^1.99.0.
2025-06-17 13:52:16.314 [error] [/home/daniel/.vscode/extensions/github.vscode-pull-request-github-0.110.0]: Extension is not compatible with Code 1.98.2. Extension requires: ^1.100.0.
2025-06-17 13:52:16.315 [error] [/home/daniel/.vscode/extensions/ms-python.vscode-pylance-2025.6.1]: Extension is not compatible with Code 1.98.2. Extension requires: ^1.99.0.
2025-06-17 13:56:02.303 [error] [/home/daniel/.vscode/extensions/ms-dotnettools.vscode-dotnet-runtime-2.3.5]: Extension is not compatible with Code 1.98.2. Extension requires: ^1.99.0.
2025-06-17 13:56:02.307 [error] [/home/daniel/.vscode/extensions/ms-vscode-remote.remote-wsl-0.99.0]: Extension is not compatible with Code 1.98.2. Extension requires: ^1.99.0.
2025-06-17 13:56:02.308 [error] [/home/daniel/.vscode/extensions/github.vscode-pull-request-github-0.110.0]: Extension is not compatible with Code 1.98.2. Extension requires: ^1.100.0.
2025-06-17 13:56:02.308 [error] [/home/daniel/.vscode/extensions/ms-vscode-remote.remote-containers-0.417.0]: Extension is not compatible with Code 1.98.2. Extension requires: ^1.99.0.
2025-06-17 13:56:02.308 [error] [/home/daniel/.vscode/extensions/ms-python.vscode-pylance-2025.6.1]: Extension is not compatible with Code 1.98.2. Extension requires: ^1.99.0.
2025-06-17 13:57:16.560 [error] [/home/daniel/.vscode/extensions/ms-dotnettools.vscode-dotnet-runtime-2.3.5]: Extension is not compatible with Code 1.98.2. Extension requires: ^1.99.0.
2025-06-17 13:57:16.566 [error] [/home/daniel/.vscode/extensions/ms-vscode-remote.remote-wsl-0.99.0]: Extension is not compatible with Code 1.98.2. Extension requires: ^1.99.0.
2025-06-17 13:57:16.567 [error] [/home/daniel/.vscode/extensions/ms-vscode-remote.remote-containers-0.417.0]: Extension is not compatible with Code 1.98.2. Extension requires: ^1.99.0.
2025-06-17 13:57:16.570 [error] [/home/daniel/.vscode/extensions/ms-python.vscode-pylance-2025.6.1]: Extension is not compatible with Code 1.98.2. Extension requires: ^1.99.0.
2025-06-17 13:57:16.571 [error] [/home/daniel/.vscode/extensions/github.vscode-pull-request-github-0.110.0]: Extension is not compatible with Code 1.98.2. Extension requires: ^1.100.0.
2025-06-17 14:01:02.897 [error] [/home/daniel/.vscode/extensions/ms-dotnettools.vscode-dotnet-runtime-2.3.5]: Extension is not compatible with Code 1.98.2. Extension requires: ^1.99.0.
2025-06-17 14:01:02.903 [error] [/home/daniel/.vscode/extensions/ms-vscode-remote.remote-wsl-0.99.0]: Extension is not compatible with Code 1.98.2. Extension requires: ^1.99.0.
2025-06-17 14:01:02.904 [error] [/home/daniel/.vscode/extensions/ms-vscode-remote.remote-containers-0.417.0]: Extension is not compatible with Code 1.98.2. Extension requires: ^1.99.0.
2025-06-17 14:01:02.904 [error] [/home/daniel/.vscode/extensions/github.vscode-pull-request-github-0.110.0]: Extension is not compatible with Code 1.98.2. Extension requires: ^1.100.0.
2025-06-17 14:01:02.905 [error] [/home/daniel/.vscode/extensions/ms-python.vscode-pylance-2025.6.1]: Extension is not compatible with Code 1.98.2. Extension requires: ^1.99.0.
2025-06-17 14:02:16.802 [error] [/home/daniel/.vscode/extensions/ms-dotnettools.vscode-dotnet-runtime-2.3.5]: Extension is not compatible with Code 1.98.2. Extension requires: ^1.99.0.
2025-06-17 14:02:16.807 [error] [/home/daniel/.vscode/extensions/ms-vscode-remote.remote-wsl-0.99.0]: Extension is not compatible with Code 1.98.2. Extension requires: ^1.99.0.
2025-06-17 14:02:16.808 [error] [/home/daniel/.vscode/extensions/ms-vscode-remote.remote-containers-0.417.0]: Extension is not compatible with Code 1.98.2. Extension requires: ^1.99.0.
2025-06-17 14:02:16.808 [error] [/home/daniel/.vscode/extensions/github.vscode-pull-request-github-0.110.0]: Extension is not compatible with Code 1.98.2. Extension requires: ^1.100.0.
2025-06-17 14:02:16.808 [error] [/home/daniel/.vscode/extensions/ms-python.vscode-pylance-2025.6.1]: Extension is not compatible with Code 1.98.2. Extension requires: ^1.99.0.
2025-06-17 14:06:03.383 [error] [/home/daniel/.vscode/extensions/ms-dotnettools.vscode-dotnet-runtime-2.3.5]: Extension is not compatible with Code 1.98.2. Extension requires: ^1.99.0.
2025-06-17 14:06:03.391 [error] [/home/daniel/.vscode/extensions/ms-vscode-remote.remote-wsl-0.99.0]: Extension is not compatible with Code 1.98.2. Extension requires: ^1.99.0.
2025-06-17 14:06:03.392 [error] [/home/daniel/.vscode/extensions/ms-vscode-remote.remote-containers-0.417.0]: Extension is not compatible with Code 1.98.2. Extension requires: ^1.99.0.
2025-06-17 14:06:03.392 [error] [/home/daniel/.vscode/extensions/github.vscode-pull-request-github-0.110.0]: Extension is not compatible with Code 1.98.2. Extension requires: ^1.100.0.
2025-06-17 14:06:03.393 [error] [/home/daniel/.vscode/extensions/ms-python.vscode-pylance-2025.6.1]: Extension is not compatible with Code 1.98.2. Extension requires: ^1.99.0.
2025-06-17 14:07:17.093 [error] [/home/daniel/.vscode/extensions/ms-dotnettools.vscode-dotnet-runtime-2.3.5]: Extension is not compatible with Code 1.98.2. Extension requires: ^1.99.0.
2025-06-17 14:07:17.097 [error] [/home/daniel/.vscode/extensions/ms-vscode-remote.remote-wsl-0.99.0]: Extension is not compatible with Code 1.98.2. Extension requires: ^1.99.0.
2025-06-17 14:07:17.098 [error] [/home/daniel/.vscode/extensions/ms-vscode-remote.remote-containers-0.417.0]: Extension is not compatible with Code 1.98.2. Extension requires: ^1.99.0.
2025-06-17 14:07:17.100 [error] [/home/daniel/.vscode/extensions/ms-python.vscode-pylance-2025.6.1]: Extension is not compatible with Code 1.98.2. Extension requires: ^1.99.0.
2025-06-17 14:07:17.101 [error] [/home/daniel/.vscode/extensions/github.vscode-pull-request-github-0.110.0]: Extension is not compatible with Code 1.98.2. Extension requires: ^1.100.0.
2025-06-17 14:11:03.920 [error] [/home/daniel/.vscode/extensions/ms-dotnettools.vscode-dotnet-runtime-2.3.5]: Extension is not compatible with Code 1.98.2. Extension requires: ^1.99.0.
2025-06-17 14:11:03.925 [error] [/home/daniel/.vscode/extensions/ms-vscode-remote.remote-wsl-0.99.0]: Extension is not compatible with Code 1.98.2. Extension requires: ^1.99.0.
2025-06-17 14:11:03.926 [error] [/home/daniel/.vscode/extensions/ms-vscode-remote.remote-containers-0.417.0]: Extension is not compatible with Code 1.98.2. Extension requires: ^1.99.0.
2025-06-17 14:11:03.927 [error] [/home/daniel/.vscode/extensions/github.vscode-pull-request-github-0.110.0]: Extension is not compatible with Code 1.98.2. Extension requires: ^1.100.0.
2025-06-17 14:11:03.928 [error] [/home/daniel/.vscode/extensions/ms-python.vscode-pylance-2025.6.1]: Extension is not compatible with Code 1.98.2. Extension requires: ^1.99.0.
2025-06-17 14:12:17.384 [error] [/home/daniel/.vscode/extensions/ms-dotnettools.vscode-dotnet-runtime-2.3.5]: Extension is not compatible with Code 1.98.2. Extension requires: ^1.99.0.
2025-06-17 14:12:17.389 [error] [/home/daniel/.vscode/extensions/ms-vscode-remote.remote-wsl-0.99.0]: Extension is not compatible with Code 1.98.2. Extension requires: ^1.99.0.
2025-06-17 14:12:17.389 [error] [/home/daniel/.vscode/extensions/ms-vscode-remote.remote-containers-0.417.0]: Extension is not compatible with Code 1.98.2. Extension requires: ^1.99.0.
2025-06-17 14:12:17.390 [error] [/home/daniel/.vscode/extensions/github.vscode-pull-request-github-0.110.0]: Extension is not compatible with Code 1.98.2. Extension requires: ^1.100.0.
2025-06-17 14:12:17.390 [error] [/home/daniel/.vscode/extensions/ms-python.vscode-pylance-2025.6.1]: Extension is not compatible with Code 1.98.2. Extension requires: ^1.99.0.
2025-06-17 14:16:04.401 [error] [/home/daniel/.vscode/extensions/ms-dotnettools.vscode-dotnet-runtime-2.3.5]: Extension is not compatible with Code 1.98.2. Extension requires: ^1.99.0.
2025-06-17 14:16:04.406 [error] [/home/daniel/.vscode/extensions/ms-vscode-remote.remote-wsl-0.99.0]: Extension is not compatible with Code 1.98.2. Extension requires: ^1.99.0.
2025-06-17 14:16:04.408 [error] [/home/daniel/.vscode/extensions/ms-vscode-remote.remote-containers-0.417.0]: Extension is not compatible with Code 1.98.2. Extension requires: ^1.99.0.
2025-06-17 14:16:04.408 [error] [/home/daniel/.vscode/extensions/github.vscode-pull-request-github-0.110.0]: Extension is not compatible with Code 1.98.2. Extension requires: ^1.100.0.
2025-06-17 14:16:04.409 [error] [/home/daniel/.vscode/extensions/ms-python.vscode-pylance-2025.6.1]: Extension is not compatible with Code 1.98.2. Extension requires: ^1.99.0.
2025-06-17 14:17:17.808 [error] [/home/daniel/.vscode/extensions/ms-dotnettools.vscode-dotnet-runtime-2.3.5]: Extension is not compatible with Code 1.98.2. Extension requires: ^1.99.0.
2025-06-17 14:17:17.811 [error] [/home/daniel/.vscode/extensions/ms-vscode-remote.remote-wsl-0.99.0]: Extension is not compatible with Code 1.98.2. Extension requires: ^1.99.0.
2025-06-17 14:17:17.812 [error] [/home/daniel/.vscode/extensions/ms-vscode-remote.remote-containers-0.417.0]: Extension is not compatible with Code 1.98.2. Extension requires: ^1.99.0.
2025-06-17 14:17:17.812 [error] [/home/daniel/.vscode/extensions/github.vscode-pull-request-github-0.110.0]: Extension is not compatible with Code 1.98.2. Extension requires: ^1.100.0.
2025-06-17 14:17:17.813 [error] [/home/daniel/.vscode/extensions/ms-python.vscode-pylance-2025.6.1]: Extension is not compatible with Code 1.98.2. Extension requires: ^1.99.0.
2025-06-17 14:21:04.952 [error] [/home/daniel/.vscode/extensions/ms-dotnettools.vscode-dotnet-runtime-2.3.5]: Extension is not compatible with Code 1.98.2. Extension requires: ^1.99.0.
2025-06-17 14:21:04.958 [error] [/home/daniel/.vscode/extensions/ms-vscode-remote.remote-wsl-0.99.0]: Extension is not compatible with Code 1.98.2. Extension requires: ^1.99.0.
2025-06-17 14:21:04.959 [error] [/home/daniel/.vscode/extensions/ms-vscode-remote.remote-containers-0.417.0]: Extension is not compatible with Code 1.98.2. Extension requires: ^1.99.0.
2025-06-17 14:21:04.959 [error] [/home/daniel/.vscode/extensions/github.vscode-pull-request-github-0.110.0]: Extension is not compatible with Code 1.98.2. Extension requires: ^1.100.0.
2025-06-17 14:21:04.960 [error] [/home/daniel/.vscode/extensions/ms-python.vscode-pylance-2025.6.1]: Extension is not compatible with Code 1.98.2. Extension requires: ^1.99.0.
2025-06-17 14:22:18.102 [error] [/home/daniel/.vscode/extensions/ms-dotnettools.vscode-dotnet-runtime-2.3.5]: Extension is not compatible with Code 1.98.2. Extension requires: ^1.99.0.
2025-06-17 14:22:18.105 [error] [/home/daniel/.vscode/extensions/ms-vscode-remote.remote-wsl-0.99.0]: Extension is not compatible with Code 1.98.2. Extension requires: ^1.99.0.
2025-06-17 14:22:18.106 [error] [/home/daniel/.vscode/extensions/ms-vscode-remote.remote-containers-0.417.0]: Extension is not compatible with Code 1.98.2. Extension requires: ^1.99.0.
2025-06-17 14:22:18.106 [error] [/home/daniel/.vscode/extensions/github.vscode-pull-request-github-0.110.0]: Extension is not compatible with Code 1.98.2. Extension requires: ^1.100.0.
2025-06-17 14:22:18.107 [error] [/home/daniel/.vscode/extensions/ms-python.vscode-pylance-2025.6.1]: Extension is not compatible with Code 1.98.2. Extension requires: ^1.99.0.
2025-06-17 14:23:13.878 [error] [/home/daniel/.vscode/extensions/ms-dotnettools.vscode-dotnet-runtime-2.3.5]: Extension is not compatible with Code 1.98.2. Extension requires: ^1.99.0.
2025-06-17 14:23:13.883 [error] [/home/daniel/.vscode/extensions/ms-vscode-remote.remote-wsl-0.99.0]: Extension is not compatible with Code 1.98.2. Extension requires: ^1.99.0.
2025-06-17 14:23:13.884 [error] [/home/daniel/.vscode/extensions/ms-vscode-remote.remote-containers-0.417.0]: Extension is not compatible with Code 1.98.2. Extension requires: ^1.99.0.
2025-06-17 14:23:13.884 [error] [/home/daniel/.vscode/extensions/github.vscode-pull-request-github-0.110.0]: Extension is not compatible with Code 1.98.2. Extension requires: ^1.100.0.
2025-06-17 14:23:13.884 [error] [/home/daniel/.vscode/extensions/ms-python.vscode-pylance-2025.6.1]: Extension is not compatible with Code 1.98.2. Extension requires: ^1.99.0.
2025-06-17 14:24:03.040 [error] [/home/daniel/.vscode/extensions/ms-dotnettools.vscode-dotnet-runtime-2.3.5]: Extension is not compatible with Code 1.98.2. Extension requires: ^1.99.0.
2025-06-17 14:24:03.048 [error] [/home/daniel/.vscode/extensions/ms-vscode-remote.remote-wsl-0.99.0]: Extension is not compatible with Code 1.98.2. Extension requires: ^1.99.0.
2025-06-17 14:24:03.048 [error] [/home/daniel/.vscode/extensions/ms-vscode-remote.remote-containers-0.417.0]: Extension is not compatible with Code 1.98.2. Extension requires: ^1.99.0.
2025-06-17 14:24:03.049 [error] [/home/daniel/.vscode/extensions/github.vscode-pull-request-github-0.110.0]: Extension is not compatible with Code 1.98.2. Extension requires: ^1.100.0.
2025-06-17 14:24:03.049 [error] [/home/daniel/.vscode/extensions/ms-python.vscode-pylance-2025.6.1]: Extension is not compatible with Code 1.98.2. Extension requires: ^1.99.0.
2025-06-17 14:26:05.461 [error] [/home/daniel/.vscode/extensions/ms-dotnettools.vscode-dotnet-runtime-2.3.5]: Extension is not compatible with Code 1.98.2. Extension requires: ^1.99.0.
2025-06-17 14:26:05.468 [error] [/home/daniel/.vscode/extensions/ms-vscode-remote.remote-wsl-0.99.0]: Extension is not compatible with Code 1.98.2. Extension requires: ^1.99.0.
2025-06-17 14:26:05.468 [error] [/home/daniel/.vscode/extensions/ms-vscode-remote.remote-containers-0.417.0]: Extension is not compatible with Code 1.98.2. Extension requires: ^1.99.0.
2025-06-17 14:26:05.470 [error] [/home/daniel/.vscode/extensions/github.vscode-pull-request-github-0.110.0]: Extension is not compatible with Code 1.98.2. Extension requires: ^1.100.0.
2025-06-17 14:26:05.471 [error] [/home/daniel/.vscode/extensions/ms-python.vscode-pylance-2025.6.1]: Extension is not compatible with Code 1.98.2. Extension requires: ^1.99.0.
