2025-06-17 11:35:38.717 [info] [AutoSync] Using settings sync service https://vscode-sync.trafficmanager.net/
2025-06-17 11:35:38.717 [info] [AutoSync] Enabled.
2025-06-17 11:35:38.717 [info] [AutoSync] Suspended until auth token is available.
2025-06-17 11:35:55.495 [info] [AutoSync] Triggered by Interval
2025-06-17 11:35:55.495 [info] Sync started.
2025-06-17 11:35:55.977 [info] Settings: No changes found during synchronizing settings.
2025-06-17 11:35:55.980 [info] Keybindings: No changes found during synchronizing keybindings.
2025-06-17 11:35:55.981 [info] Snippets: No changes found during synchronizing snippets.
2025-06-17 11:35:55.982 [info] Tasks: No changes found during synchronizing tasks.
2025-06-17 11:35:56.687 [info] GlobalState: Updated remote ui state. Updated: java.2.lastSessionDate,java.2.sessionCount,typescript.1.lastSessionDate,typescript.1.sessionCount,csharp.1.lastSessionDate,csharp.1.sessionCount,extension.features.state.
2025-06-17 11:35:56.689 [info] GlobalState: Updated last synchronized ui state
2025-06-17 11:35:56.721 [info] Extensions: No changes found during synchronizing extensions.
2025-06-17 11:35:56.723 [info] Profiles: No changes found during synchronizing profiles.
2025-06-17 11:35:56.723 [info] Sync done. Took 1229ms
2025-06-17 11:37:53.117 [info] [AutoSync] Triggered by Activity
2025-06-17 11:37:53.117 [info] Sync started.
2025-06-17 11:37:53.197 [info] Settings: No changes found during synchronizing settings.
2025-06-17 11:37:53.198 [info] Keybindings: No changes found during synchronizing keybindings.
2025-06-17 11:37:53.199 [info] Snippets: No changes found during synchronizing snippets.
2025-06-17 11:37:53.199 [info] Tasks: No changes found during synchronizing tasks.
2025-06-17 11:37:53.200 [info] GlobalState: No changes found during synchronizing ui state.
2025-06-17 11:37:53.238 [info] Extensions: No changes found during synchronizing extensions.
2025-06-17 11:37:53.239 [info] Profiles: No changes found during synchronizing profiles.
2025-06-17 11:37:53.240 [info] Sync done. Took 123ms
2025-06-17 11:42:08.607 [info] [AutoSync] Triggered by Activity
2025-06-17 11:42:08.607 [info] Sync started.
2025-06-17 11:42:08.850 [info] Settings: No changes found during synchronizing settings.
2025-06-17 11:42:08.850 [info] Keybindings: No changes found during synchronizing keybindings.
2025-06-17 11:42:08.851 [info] Snippets: No changes found during synchronizing snippets.
2025-06-17 11:42:08.852 [info] Tasks: No changes found during synchronizing tasks.
2025-06-17 11:42:08.853 [info] GlobalState: No changes found during synchronizing ui state.
2025-06-17 11:42:08.888 [info] Extensions: No changes found during synchronizing extensions.
2025-06-17 11:42:08.889 [info] Profiles: No changes found during synchronizing profiles.
2025-06-17 11:42:08.889 [info] Sync done. Took 283ms
2025-06-17 11:47:08.921 [info] [AutoSync] Triggered by Interval
2025-06-17 11:47:08.921 [info] Sync started.
2025-06-17 11:47:09.146 [info] Settings: No changes found during synchronizing settings.
2025-06-17 11:47:09.146 [info] Keybindings: No changes found during synchronizing keybindings.
2025-06-17 11:47:09.147 [info] Snippets: No changes found during synchronizing snippets.
2025-06-17 11:47:09.148 [info] Tasks: No changes found during synchronizing tasks.
2025-06-17 11:47:09.149 [info] GlobalState: No changes found during synchronizing ui state.
2025-06-17 11:47:09.186 [info] Extensions: No changes found during synchronizing extensions.
2025-06-17 11:47:09.187 [info] Profiles: No changes found during synchronizing profiles.
2025-06-17 11:47:09.188 [info] Sync done. Took 268ms
2025-06-17 11:52:09.219 [info] [AutoSync] Triggered by Interval
2025-06-17 11:52:09.219 [info] Sync started.
2025-06-17 11:52:09.482 [info] Settings: No changes found during synchronizing settings.
2025-06-17 11:52:09.484 [info] Keybindings: No changes found during synchronizing keybindings.
2025-06-17 11:52:09.484 [info] Snippets: No changes found during synchronizing snippets.
2025-06-17 11:52:09.485 [info] Tasks: No changes found during synchronizing tasks.
2025-06-17 11:52:09.486 [info] GlobalState: No changes found during synchronizing ui state.
2025-06-17 11:52:09.518 [info] Extensions: No changes found during synchronizing extensions.
2025-06-17 11:52:09.518 [info] Profiles: No changes found during synchronizing profiles.
2025-06-17 11:52:09.518 [info] Sync done. Took 300ms
2025-06-17 11:57:09.550 [info] [AutoSync] Triggered by Interval
2025-06-17 11:57:09.550 [info] Sync started.
2025-06-17 11:57:09.783 [info] Settings: No changes found during synchronizing settings.
2025-06-17 11:57:09.786 [info] Keybindings: No changes found during synchronizing keybindings.
2025-06-17 11:57:09.787 [info] Snippets: No changes found during synchronizing snippets.
2025-06-17 11:57:09.787 [info] Tasks: No changes found during synchronizing tasks.
2025-06-17 11:57:09.788 [info] GlobalState: No changes found during synchronizing ui state.
2025-06-17 11:57:09.819 [info] Extensions: No changes found during synchronizing extensions.
2025-06-17 11:57:09.820 [info] Profiles: No changes found during synchronizing profiles.
2025-06-17 11:57:09.820 [info] Sync done. Took 271ms
2025-06-17 12:02:09.825 [info] [AutoSync] Triggered by Interval
2025-06-17 12:02:09.825 [info] Sync started.
2025-06-17 12:02:10.051 [info] Settings: No changes found during synchronizing settings.
2025-06-17 12:02:10.052 [info] Keybindings: No changes found during synchronizing keybindings.
2025-06-17 12:02:10.053 [info] Snippets: No changes found during synchronizing snippets.
2025-06-17 12:02:10.053 [info] Tasks: No changes found during synchronizing tasks.
2025-06-17 12:02:10.055 [info] GlobalState: No changes found during synchronizing ui state.
2025-06-17 12:02:10.091 [info] Extensions: No changes found during synchronizing extensions.
2025-06-17 12:02:10.092 [info] Profiles: No changes found during synchronizing profiles.
2025-06-17 12:02:10.092 [info] Sync done. Took 268ms
2025-06-17 12:07:10.100 [info] [AutoSync] Triggered by Interval
2025-06-17 12:07:10.100 [info] Sync started.
2025-06-17 12:07:10.304 [info] Settings: No changes found during synchronizing settings.
2025-06-17 12:07:10.306 [info] Keybindings: No changes found during synchronizing keybindings.
2025-06-17 12:07:10.307 [info] Snippets: No changes found during synchronizing snippets.
2025-06-17 12:07:10.307 [info] Tasks: No changes found during synchronizing tasks.
2025-06-17 12:07:10.309 [info] GlobalState: No changes found during synchronizing ui state.
2025-06-17 12:07:10.343 [info] Extensions: No changes found during synchronizing extensions.
2025-06-17 12:07:10.344 [info] Profiles: No changes found during synchronizing profiles.
2025-06-17 12:07:10.344 [info] Sync done. Took 245ms
2025-06-17 12:12:10.346 [info] [AutoSync] Triggered by Interval
2025-06-17 12:12:10.346 [info] Sync started.
2025-06-17 12:12:10.569 [info] Settings: No changes found during synchronizing settings.
2025-06-17 12:12:10.570 [info] Keybindings: No changes found during synchronizing keybindings.
2025-06-17 12:12:10.571 [info] Snippets: No changes found during synchronizing snippets.
2025-06-17 12:12:10.572 [info] Tasks: No changes found during synchronizing tasks.
2025-06-17 12:12:10.573 [info] GlobalState: No changes found during synchronizing ui state.
2025-06-17 12:12:10.610 [info] Extensions: No changes found during synchronizing extensions.
2025-06-17 12:12:10.611 [info] Profiles: No changes found during synchronizing profiles.
2025-06-17 12:12:10.611 [info] Sync done. Took 266ms
2025-06-17 12:17:10.643 [info] [AutoSync] Triggered by Interval
2025-06-17 12:17:10.643 [info] Sync started.
2025-06-17 12:17:10.882 [info] Settings: No changes found during synchronizing settings.
2025-06-17 12:17:10.883 [info] Keybindings: No changes found during synchronizing keybindings.
2025-06-17 12:17:10.884 [info] Snippets: No changes found during synchronizing snippets.
2025-06-17 12:17:10.884 [info] Tasks: No changes found during synchronizing tasks.
2025-06-17 12:17:10.886 [info] GlobalState: No changes found during synchronizing ui state.
2025-06-17 12:17:10.921 [info] Extensions: No changes found during synchronizing extensions.
2025-06-17 12:17:10.922 [info] Profiles: No changes found during synchronizing profiles.
2025-06-17 12:17:10.922 [info] Sync done. Took 280ms
2025-06-17 12:22:10.924 [info] [AutoSync] Triggered by Interval
2025-06-17 12:22:10.924 [info] Sync started.
2025-06-17 12:22:11.160 [info] Settings: No changes found during synchronizing settings.
2025-06-17 12:22:11.161 [info] Keybindings: No changes found during synchronizing keybindings.
2025-06-17 12:22:11.162 [info] Snippets: No changes found during synchronizing snippets.
2025-06-17 12:22:11.162 [info] Tasks: No changes found during synchronizing tasks.
2025-06-17 12:22:11.163 [info] GlobalState: No changes found during synchronizing ui state.
2025-06-17 12:22:11.203 [info] Extensions: No changes found during synchronizing extensions.
2025-06-17 12:22:11.204 [info] Profiles: No changes found during synchronizing profiles.
2025-06-17 12:22:11.204 [info] Sync done. Took 281ms
2025-06-17 12:27:11.205 [info] [AutoSync] Triggered by Interval
2025-06-17 12:27:11.205 [info] Sync started.
2025-06-17 12:27:11.454 [info] Settings: No changes found during synchronizing settings.
2025-06-17 12:27:11.455 [info] Keybindings: No changes found during synchronizing keybindings.
2025-06-17 12:27:11.456 [info] Snippets: No changes found during synchronizing snippets.
2025-06-17 12:27:11.457 [info] Tasks: No changes found during synchronizing tasks.
2025-06-17 12:27:11.458 [info] GlobalState: No changes found during synchronizing ui state.
2025-06-17 12:27:11.492 [info] Extensions: No changes found during synchronizing extensions.
2025-06-17 12:27:11.492 [info] Profiles: No changes found during synchronizing profiles.
2025-06-17 12:27:11.493 [info] Sync done. Took 289ms
2025-06-17 12:32:11.495 [info] [AutoSync] Triggered by Interval
2025-06-17 12:32:11.495 [info] Sync started.
2025-06-17 12:32:11.707 [info] Settings: No changes found during synchronizing settings.
2025-06-17 12:32:11.708 [info] Keybindings: No changes found during synchronizing keybindings.
2025-06-17 12:32:11.709 [info] Snippets: No changes found during synchronizing snippets.
2025-06-17 12:32:11.709 [info] Tasks: No changes found during synchronizing tasks.
2025-06-17 12:32:11.711 [info] GlobalState: No changes found during synchronizing ui state.
2025-06-17 12:32:11.741 [info] Extensions: No changes found during synchronizing extensions.
2025-06-17 12:32:11.742 [info] Profiles: No changes found during synchronizing profiles.
2025-06-17 12:32:11.742 [info] Sync done. Took 248ms
2025-06-17 12:37:11.751 [info] [AutoSync] Triggered by Interval
2025-06-17 12:37:11.751 [info] Sync started.
2025-06-17 12:37:12.001 [info] Settings: No changes found during synchronizing settings.
2025-06-17 12:37:12.003 [info] Keybindings: No changes found during synchronizing keybindings.
2025-06-17 12:37:12.003 [info] Snippets: No changes found during synchronizing snippets.
2025-06-17 12:37:12.004 [info] Tasks: No changes found during synchronizing tasks.
2025-06-17 12:37:12.005 [info] GlobalState: No changes found during synchronizing ui state.
2025-06-17 12:37:12.044 [info] Extensions: No changes found during synchronizing extensions.
2025-06-17 12:37:12.044 [info] Profiles: No changes found during synchronizing profiles.
2025-06-17 12:37:12.045 [info] Sync done. Took 294ms
2025-06-17 12:42:12.077 [info] [AutoSync] Triggered by Interval
2025-06-17 12:42:12.077 [info] Sync started.
2025-06-17 12:42:12.277 [info] Settings: No changes found during synchronizing settings.
2025-06-17 12:42:12.278 [info] Keybindings: No changes found during synchronizing keybindings.
2025-06-17 12:42:12.279 [info] Snippets: No changes found during synchronizing snippets.
2025-06-17 12:42:12.279 [info] Tasks: No changes found during synchronizing tasks.
2025-06-17 12:42:12.280 [info] GlobalState: No changes found during synchronizing ui state.
2025-06-17 12:42:12.310 [info] Extensions: No changes found during synchronizing extensions.
2025-06-17 12:42:12.311 [info] Profiles: No changes found during synchronizing profiles.
2025-06-17 12:42:12.311 [info] Sync done. Took 235ms
2025-06-17 12:47:12.317 [info] [AutoSync] Triggered by Interval
2025-06-17 12:47:12.317 [info] Sync started.
2025-06-17 12:47:12.568 [info] Settings: No changes found during synchronizing settings.
2025-06-17 12:47:12.569 [info] Keybindings: No changes found during synchronizing keybindings.
2025-06-17 12:47:12.569 [info] Snippets: No changes found during synchronizing snippets.
2025-06-17 12:47:12.570 [info] Tasks: No changes found during synchronizing tasks.
2025-06-17 12:47:12.571 [info] GlobalState: No changes found during synchronizing ui state.
2025-06-17 12:47:12.600 [info] Extensions: No changes found during synchronizing extensions.
2025-06-17 12:47:12.600 [info] Profiles: No changes found during synchronizing profiles.
2025-06-17 12:47:12.600 [info] Sync done. Took 284ms
2025-06-17 12:52:12.608 [info] [AutoSync] Triggered by Interval
2025-06-17 12:52:12.608 [info] Sync started.
2025-06-17 12:52:12.833 [info] Settings: No changes found during synchronizing settings.
2025-06-17 12:52:12.834 [info] Keybindings: No changes found during synchronizing keybindings.
2025-06-17 12:52:12.835 [info] Snippets: No changes found during synchronizing snippets.
2025-06-17 12:52:12.835 [info] Tasks: No changes found during synchronizing tasks.
2025-06-17 12:52:12.837 [info] GlobalState: No changes found during synchronizing ui state.
2025-06-17 12:52:12.867 [info] Extensions: No changes found during synchronizing extensions.
2025-06-17 12:52:12.867 [info] Profiles: No changes found during synchronizing profiles.
2025-06-17 12:52:12.868 [info] Sync done. Took 261ms
2025-06-17 12:57:12.898 [info] [AutoSync] Triggered by Interval
2025-06-17 12:57:12.898 [info] Sync started.
2025-06-17 12:57:13.135 [info] Settings: No changes found during synchronizing settings.
2025-06-17 12:57:13.136 [info] Keybindings: No changes found during synchronizing keybindings.
2025-06-17 12:57:13.137 [info] Snippets: No changes found during synchronizing snippets.
2025-06-17 12:57:13.138 [info] Tasks: No changes found during synchronizing tasks.
2025-06-17 12:57:13.139 [info] GlobalState: No changes found during synchronizing ui state.
2025-06-17 12:57:13.167 [info] Extensions: No changes found during synchronizing extensions.
2025-06-17 12:57:13.168 [info] Profiles: No changes found during synchronizing profiles.
2025-06-17 12:57:13.168 [info] Sync done. Took 271ms
2025-06-17 13:02:13.202 [info] [AutoSync] Triggered by Interval
2025-06-17 13:02:13.202 [info] Sync started.
2025-06-17 13:02:13.466 [info] Settings: No changes found during synchronizing settings.
2025-06-17 13:02:13.467 [info] Keybindings: No changes found during synchronizing keybindings.
2025-06-17 13:02:13.468 [info] Snippets: No changes found during synchronizing snippets.
2025-06-17 13:02:13.469 [info] Tasks: No changes found during synchronizing tasks.
2025-06-17 13:02:13.470 [info] GlobalState: No changes found during synchronizing ui state.
2025-06-17 13:02:13.499 [info] Extensions: No changes found during synchronizing extensions.
2025-06-17 13:02:13.500 [info] Profiles: No changes found during synchronizing profiles.
2025-06-17 13:02:13.500 [info] Sync done. Took 299ms
2025-06-17 13:07:13.514 [info] [AutoSync] Triggered by Interval
2025-06-17 13:07:13.515 [info] Sync started.
2025-06-17 13:07:13.789 [info] Settings: No changes found during synchronizing settings.
2025-06-17 13:07:13.791 [info] Keybindings: No changes found during synchronizing keybindings.
2025-06-17 13:07:13.791 [info] Snippets: No changes found during synchronizing snippets.
2025-06-17 13:07:13.792 [info] Tasks: No changes found during synchronizing tasks.
2025-06-17 13:07:13.793 [info] GlobalState: No changes found during synchronizing ui state.
2025-06-17 13:07:13.823 [info] Extensions: No changes found during synchronizing extensions.
2025-06-17 13:07:13.823 [info] Profiles: No changes found during synchronizing profiles.
2025-06-17 13:07:13.824 [info] Sync done. Took 310ms
2025-06-17 13:12:13.858 [info] [AutoSync] Triggered by Interval
2025-06-17 13:12:13.858 [info] Sync started.
2025-06-17 13:12:14.059 [info] Settings: No changes found during synchronizing settings.
2025-06-17 13:12:14.060 [info] Keybindings: No changes found during synchronizing keybindings.
2025-06-17 13:12:14.060 [info] Snippets: No changes found during synchronizing snippets.
2025-06-17 13:12:14.061 [info] Tasks: No changes found during synchronizing tasks.
2025-06-17 13:12:14.062 [info] GlobalState: No changes found during synchronizing ui state.
2025-06-17 13:12:14.090 [info] Extensions: No changes found during synchronizing extensions.
2025-06-17 13:12:14.090 [info] Profiles: No changes found during synchronizing profiles.
2025-06-17 13:12:14.090 [info] Sync done. Took 234ms
2025-06-17 13:17:14.095 [info] [AutoSync] Triggered by Interval
2025-06-17 13:17:14.096 [info] Sync started.
2025-06-17 13:17:14.338 [info] Settings: No changes found during synchronizing settings.
2025-06-17 13:17:14.338 [info] Keybindings: No changes found during synchronizing keybindings.
2025-06-17 13:17:14.339 [info] Snippets: No changes found during synchronizing snippets.
2025-06-17 13:17:14.340 [info] Tasks: No changes found during synchronizing tasks.
2025-06-17 13:17:14.341 [info] GlobalState: No changes found during synchronizing ui state.
2025-06-17 13:17:14.369 [info] Extensions: No changes found during synchronizing extensions.
2025-06-17 13:17:14.369 [info] Profiles: No changes found during synchronizing profiles.
2025-06-17 13:17:14.370 [info] Sync done. Took 275ms
2025-06-17 13:22:14.373 [info] [AutoSync] Triggered by Interval
2025-06-17 13:22:14.373 [info] Sync started.
2025-06-17 13:22:14.575 [info] Settings: No changes found during synchronizing settings.
2025-06-17 13:22:14.576 [info] Keybindings: No changes found during synchronizing keybindings.
2025-06-17 13:22:14.576 [info] Snippets: No changes found during synchronizing snippets.
2025-06-17 13:22:14.577 [info] Tasks: No changes found during synchronizing tasks.
2025-06-17 13:22:14.578 [info] GlobalState: No changes found during synchronizing ui state.
2025-06-17 13:22:14.606 [info] Extensions: No changes found during synchronizing extensions.
2025-06-17 13:22:14.608 [info] Profiles: No changes found during synchronizing profiles.
2025-06-17 13:22:14.608 [info] Sync done. Took 236ms
2025-06-17 13:27:14.643 [info] [AutoSync] Triggered by Interval
2025-06-17 13:27:14.643 [info] Sync started.
2025-06-17 13:27:14.870 [info] Settings: No changes found during synchronizing settings.
2025-06-17 13:27:14.871 [info] Keybindings: No changes found during synchronizing keybindings.
2025-06-17 13:27:14.871 [info] Snippets: No changes found during synchronizing snippets.
2025-06-17 13:27:14.872 [info] Tasks: No changes found during synchronizing tasks.
2025-06-17 13:27:14.873 [info] GlobalState: No changes found during synchronizing ui state.
2025-06-17 13:27:14.901 [info] Extensions: No changes found during synchronizing extensions.
2025-06-17 13:27:14.902 [info] Profiles: No changes found during synchronizing profiles.
2025-06-17 13:27:14.902 [info] Sync done. Took 260ms
2025-06-17 13:32:14.913 [info] [AutoSync] Triggered by Interval
2025-06-17 13:32:14.913 [info] Sync started.
2025-06-17 13:32:15.125 [info] Settings: No changes found during synchronizing settings.
2025-06-17 13:32:15.125 [info] Keybindings: No changes found during synchronizing keybindings.
2025-06-17 13:32:15.126 [info] Snippets: No changes found during synchronizing snippets.
2025-06-17 13:32:15.126 [info] Tasks: No changes found during synchronizing tasks.
2025-06-17 13:32:15.128 [info] GlobalState: No changes found during synchronizing ui state.
2025-06-17 13:32:15.158 [info] Extensions: No changes found during synchronizing extensions.
2025-06-17 13:32:15.158 [info] Profiles: No changes found during synchronizing profiles.
2025-06-17 13:32:15.159 [info] Sync done. Took 247ms
2025-06-17 13:37:15.194 [info] [AutoSync] Triggered by Interval
2025-06-17 13:37:15.195 [info] Sync started.
2025-06-17 13:37:15.437 [info] Settings: No changes found during synchronizing settings.
2025-06-17 13:37:15.438 [info] Keybindings: No changes found during synchronizing keybindings.
2025-06-17 13:37:15.439 [info] Snippets: No changes found during synchronizing snippets.
2025-06-17 13:37:15.439 [info] Tasks: No changes found during synchronizing tasks.
2025-06-17 13:37:15.440 [info] GlobalState: No changes found during synchronizing ui state.
2025-06-17 13:37:15.469 [info] Extensions: No changes found during synchronizing extensions.
2025-06-17 13:37:15.469 [info] Profiles: No changes found during synchronizing profiles.
2025-06-17 13:37:15.469 [info] Sync done. Took 275ms
2025-06-17 13:42:15.505 [info] [AutoSync] Triggered by Interval
2025-06-17 13:42:15.505 [info] Sync started.
2025-06-17 13:42:15.740 [info] Settings: No changes found during synchronizing settings.
2025-06-17 13:42:15.741 [info] Keybindings: No changes found during synchronizing keybindings.
2025-06-17 13:42:15.742 [info] Snippets: No changes found during synchronizing snippets.
2025-06-17 13:42:15.743 [info] Tasks: No changes found during synchronizing tasks.
2025-06-17 13:42:15.744 [info] GlobalState: No changes found during synchronizing ui state.
2025-06-17 13:42:15.776 [info] Extensions: No changes found during synchronizing extensions.
2025-06-17 13:42:15.777 [info] Profiles: No changes found during synchronizing profiles.
2025-06-17 13:42:15.777 [info] Sync done. Took 273ms
2025-06-17 13:47:15.796 [info] [AutoSync] Triggered by Interval
2025-06-17 13:47:15.797 [info] Sync started.
2025-06-17 13:47:16.004 [info] Settings: No changes found during synchronizing settings.
2025-06-17 13:47:16.005 [info] Keybindings: No changes found during synchronizing keybindings.
2025-06-17 13:47:16.005 [info] Snippets: No changes found during synchronizing snippets.
2025-06-17 13:47:16.006 [info] Tasks: No changes found during synchronizing tasks.
2025-06-17 13:47:16.007 [info] GlobalState: No changes found during synchronizing ui state.
2025-06-17 13:47:16.042 [info] Extensions: No changes found during synchronizing extensions.
2025-06-17 13:47:16.043 [info] Profiles: No changes found during synchronizing profiles.
2025-06-17 13:47:16.044 [info] Sync done. Took 247ms
2025-06-17 13:52:16.050 [info] [AutoSync] Triggered by Interval
2025-06-17 13:52:16.050 [info] Sync started.
2025-06-17 13:52:16.283 [info] Settings: No changes found during synchronizing settings.
2025-06-17 13:52:16.284 [info] Keybindings: No changes found during synchronizing keybindings.
2025-06-17 13:52:16.285 [info] Snippets: No changes found during synchronizing snippets.
2025-06-17 13:52:16.285 [info] Tasks: No changes found during synchronizing tasks.
2025-06-17 13:52:16.287 [info] GlobalState: No changes found during synchronizing ui state.
2025-06-17 13:52:16.321 [info] Extensions: No changes found during synchronizing extensions.
2025-06-17 13:52:16.321 [info] Profiles: No changes found during synchronizing profiles.
2025-06-17 13:52:16.322 [info] Sync done. Took 272ms
2025-06-17 13:57:16.327 [info] [AutoSync] Triggered by Interval
2025-06-17 13:57:16.327 [info] Sync started.
2025-06-17 13:57:16.534 [info] Settings: No changes found during synchronizing settings.
2025-06-17 13:57:16.535 [info] Keybindings: No changes found during synchronizing keybindings.
2025-06-17 13:57:16.536 [info] Snippets: No changes found during synchronizing snippets.
2025-06-17 13:57:16.537 [info] Tasks: No changes found during synchronizing tasks.
2025-06-17 13:57:16.538 [info] GlobalState: No changes found during synchronizing ui state.
2025-06-17 13:57:16.578 [info] Extensions: No changes found during synchronizing extensions.
2025-06-17 13:57:16.578 [info] Profiles: No changes found during synchronizing profiles.
2025-06-17 13:57:16.579 [info] Sync done. Took 252ms
2025-06-17 14:02:16.580 [info] [AutoSync] Triggered by Interval
2025-06-17 14:02:16.580 [info] Sync started.
2025-06-17 14:02:16.779 [info] Settings: No changes found during synchronizing settings.
2025-06-17 14:02:16.780 [info] Keybindings: No changes found during synchronizing keybindings.
2025-06-17 14:02:16.781 [info] Snippets: No changes found during synchronizing snippets.
2025-06-17 14:02:16.781 [info] Tasks: No changes found during synchronizing tasks.
2025-06-17 14:02:16.782 [info] GlobalState: No changes found during synchronizing ui state.
2025-06-17 14:02:16.815 [info] Extensions: No changes found during synchronizing extensions.
2025-06-17 14:02:16.816 [info] Profiles: No changes found during synchronizing profiles.
2025-06-17 14:02:16.816 [info] Sync done. Took 237ms
2025-06-17 14:07:16.853 [info] [AutoSync] Triggered by Interval
2025-06-17 14:07:16.853 [info] Sync started.
2025-06-17 14:07:17.070 [info] Settings: No changes found during synchronizing settings.
2025-06-17 14:07:17.071 [info] Keybindings: No changes found during synchronizing keybindings.
2025-06-17 14:07:17.072 [info] Snippets: No changes found during synchronizing snippets.
2025-06-17 14:07:17.073 [info] Tasks: No changes found during synchronizing tasks.
2025-06-17 14:07:17.074 [info] GlobalState: No changes found during synchronizing ui state.
2025-06-17 14:07:17.109 [info] Extensions: No changes found during synchronizing extensions.
2025-06-17 14:07:17.109 [info] Profiles: No changes found during synchronizing profiles.
2025-06-17 14:07:17.110 [info] Sync done. Took 257ms
2025-06-17 14:12:17.146 [info] [AutoSync] Triggered by Interval
2025-06-17 14:12:17.146 [info] Sync started.
2025-06-17 14:12:17.362 [info] Settings: No changes found during synchronizing settings.
2025-06-17 14:12:17.363 [info] Keybindings: No changes found during synchronizing keybindings.
2025-06-17 14:12:17.364 [info] Snippets: No changes found during synchronizing snippets.
2025-06-17 14:12:17.365 [info] Tasks: No changes found during synchronizing tasks.
2025-06-17 14:12:17.366 [info] GlobalState: No changes found during synchronizing ui state.
2025-06-17 14:12:17.397 [info] Extensions: No changes found during synchronizing extensions.
2025-06-17 14:12:17.398 [info] Profiles: No changes found during synchronizing profiles.
2025-06-17 14:12:17.398 [info] Sync done. Took 253ms
2025-06-17 14:17:17.401 [info] [AutoSync] Triggered by Interval
2025-06-17 14:17:17.401 [info] Sync started.
2025-06-17 14:17:17.789 [info] Settings: No changes found during synchronizing settings.
2025-06-17 14:17:17.790 [info] Keybindings: No changes found during synchronizing keybindings.
2025-06-17 14:17:17.791 [info] Snippets: No changes found during synchronizing snippets.
2025-06-17 14:17:17.792 [info] Tasks: No changes found during synchronizing tasks.
2025-06-17 14:17:17.793 [info] GlobalState: No changes found during synchronizing ui state.
2025-06-17 14:17:17.821 [info] Extensions: No changes found during synchronizing extensions.
2025-06-17 14:17:17.821 [info] Profiles: No changes found during synchronizing profiles.
2025-06-17 14:17:17.822 [info] Sync done. Took 421ms
2025-06-17 14:22:17.831 [info] [AutoSync] Triggered by Interval
2025-06-17 14:22:17.831 [info] Sync started.
2025-06-17 14:22:18.083 [info] Settings: No changes found during synchronizing settings.
2025-06-17 14:22:18.084 [info] Keybindings: No changes found during synchronizing keybindings.
2025-06-17 14:22:18.084 [info] Snippets: No changes found during synchronizing snippets.
2025-06-17 14:22:18.085 [info] Tasks: No changes found during synchronizing tasks.
2025-06-17 14:22:18.086 [info] GlobalState: No changes found during synchronizing ui state.
2025-06-17 14:22:18.116 [info] Extensions: No changes found during synchronizing extensions.
2025-06-17 14:22:18.116 [info] Profiles: No changes found during synchronizing profiles.
2025-06-17 14:22:18.116 [info] Sync done. Took 286ms
2025-06-17 14:23:13.785 [info] [AutoSync] Triggered by Activity
2025-06-17 14:23:13.785 [info] Sync started.
2025-06-17 14:23:13.858 [info] Settings: No changes found during synchronizing settings.
2025-06-17 14:23:13.859 [info] Keybindings: No changes found during synchronizing keybindings.
2025-06-17 14:23:13.859 [info] Snippets: No changes found during synchronizing snippets.
2025-06-17 14:23:13.860 [info] Tasks: No changes found during synchronizing tasks.
2025-06-17 14:23:13.861 [info] GlobalState: No changes found during synchronizing ui state.
2025-06-17 14:23:13.892 [info] Extensions: No changes found during synchronizing extensions.
2025-06-17 14:23:13.892 [info] Profiles: No changes found during synchronizing profiles.
2025-06-17 14:23:13.893 [info] Sync done. Took 109ms
2025-06-17 14:24:02.972 [info] [AutoSync] Triggered by Activity
2025-06-17 14:24:02.972 [info] Sync started.
2025-06-17 14:24:03.021 [info] Settings: No changes found during synchronizing settings.
2025-06-17 14:24:03.021 [info] Keybindings: No changes found during synchronizing keybindings.
2025-06-17 14:24:03.022 [info] Snippets: No changes found during synchronizing snippets.
2025-06-17 14:24:03.023 [info] Tasks: No changes found during synchronizing tasks.
2025-06-17 14:24:03.024 [info] GlobalState: No changes found during synchronizing ui state.
2025-06-17 14:24:03.056 [info] Extensions: No changes found during synchronizing extensions.
2025-06-17 14:24:03.057 [info] Profiles: No changes found during synchronizing profiles.
2025-06-17 14:24:03.057 [info] Sync done. Took 87ms
