2025-06-19 19:20:27.141 [info] Reading sessions from keychain...
2025-06-19 19:20:27.141 [info] Getting sessions for all scopes...
2025-06-19 19:20:27.141 [info] Getting sessions for all scopes...
2025-06-19 19:20:27.141 [info] Getting sessions for all scopes...
2025-06-19 19:20:27.394 [info] Got stored sessions!
2025-06-19 19:20:27.394 [info] Got 1 verified sessions.
2025-06-19 19:20:27.394 [info] Got 1 sessions for ...
2025-06-19 19:20:27.394 [info] Got 1 sessions for ...
2025-06-19 19:20:27.394 [info] Got 1 sessions for ...
2025-06-19 19:20:27.998 [info] Reading sessions from keychain...
2025-06-19 19:20:27.998 [info] Getting sessions for all scopes...
2025-06-19 19:20:27.998 [info] Getting sessions for all scopes...
2025-06-19 19:20:27.998 [info] Got stored sessions!
2025-06-19 19:20:27.998 [info] Got 1 verified sessions.
2025-06-19 19:20:27.998 [info] Got 1 sessions for ...
2025-06-19 19:20:27.998 [info] Got 1 sessions for ...
2025-06-19 19:20:28.060 [info] Getting sessions for user:email...
2025-06-19 19:20:28.060 [info] Got 1 sessions for user:email...
2025-06-19 19:20:28.060 [info] Getting sessions for all scopes...
2025-06-19 19:20:28.060 [info] Got 1 sessions for ...
2025-06-19 19:20:28.060 [info] Getting sessions for all scopes...
2025-06-19 19:20:28.060 [info] Got 1 sessions for ...
2025-06-19 19:20:28.060 [info] Getting sessions for all scopes...
2025-06-19 19:20:28.060 [info] Got 1 sessions for ...
2025-06-19 19:20:28.060 [info] Getting sessions for all scopes...
2025-06-19 19:20:28.060 [info] Got 1 sessions for ...
2025-06-19 19:20:28.060 [info] Getting sessions for all scopes...
2025-06-19 19:20:28.060 [info] Got 1 sessions for ...
2025-06-19 19:20:29.661 [info] Getting sessions for read:user,repo,user:email...
2025-06-19 19:20:29.661 [info] Got 0 sessions for read:user,repo,user:email...
2025-06-19 19:20:29.661 [info] Getting sessions for all scopes...
2025-06-19 19:20:29.661 [info] Got 1 sessions for ...
2025-06-19 19:20:29.661 [info] Getting sessions for all scopes...
2025-06-19 19:20:29.661 [info] Got 1 sessions for ...
2025-06-19 19:20:29.685 [info] Getting sessions for project,read:org,read:user,repo,user:email,workflow...
2025-06-19 19:20:29.686 [info] Got 0 sessions for project,read:org,read:user,repo,user:email,workflow...
2025-06-19 19:20:29.744 [info] Getting sessions for read:user,repo,user:email,workflow...
2025-06-19 19:20:29.744 [info] Got 0 sessions for read:user,repo,user:email,workflow...
2025-06-19 19:20:29.765 [info] Getting sessions for read:user,repo,user:email,workflow...
2025-06-19 19:20:29.765 [info] Got 0 sessions for read:user,repo,user:email,workflow...
2025-06-19 19:20:29.766 [info] Getting sessions for read:user,repo,user:email,workflow...
2025-06-19 19:20:29.766 [info] Got 0 sessions for read:user,repo,user:email,workflow...
2025-06-19 19:20:29.786 [info] Getting sessions for read:user...
2025-06-19 19:20:29.786 [info] Got 0 sessions for read:user...
2025-06-19 19:20:29.901 [info] Getting sessions for user:email...
2025-06-19 19:20:29.901 [info] Got 1 sessions for user:email...
2025-06-19 19:20:29.902 [info] Getting sessions for read:user,repo,user:email,workflow...
2025-06-19 19:20:29.902 [info] Got 0 sessions for read:user,repo,user:email,workflow...
2025-06-19 19:20:29.944 [info] Getting sessions for read:user,repo,user:email...
2025-06-19 19:20:29.945 [info] Got 0 sessions for read:user,repo,user:email...
2025-06-19 19:20:29.964 [info] Getting sessions for user:email...
2025-06-19 19:20:29.964 [info] Got 1 sessions for user:email...
2025-06-19 19:20:30.081 [info] Getting sessions for all scopes...
2025-06-19 19:20:30.081 [info] Got 1 sessions for ...
2025-06-19 19:20:30.081 [info] Getting sessions for read:user,repo,user:email,workflow...
2025-06-19 19:20:30.081 [info] Got 0 sessions for read:user,repo,user:email,workflow...
2025-06-19 19:20:30.096 [info] Getting sessions for read:user,repo,user:email,workflow...
2025-06-19 19:20:30.096 [info] Got 0 sessions for read:user,repo,user:email,workflow...
2025-06-19 19:20:30.171 [info] Getting sessions for user:email...
2025-06-19 19:20:30.171 [info] Got 1 sessions for user:email...
2025-06-19 19:20:30.182 [info] Getting sessions for read:user,repo,user:email,workflow...
2025-06-19 19:20:30.182 [info] Got 0 sessions for read:user,repo,user:email,workflow...
2025-06-19 19:20:30.183 [info] Getting sessions for all scopes...
2025-06-19 19:20:30.183 [info] Got 1 sessions for ...
2025-06-19 19:20:30.189 [info] Getting sessions for read:user,repo,user:email,workflow...
2025-06-19 19:20:30.189 [info] Got 0 sessions for read:user,repo,user:email,workflow...
2025-06-19 19:20:30.190 [info] Getting sessions for user:email...
2025-06-19 19:20:30.190 [info] Got 1 sessions for user:email...
2025-06-19 19:20:30.482 [info] Getting sessions for read:user,repo,user:email...
2025-06-19 19:20:30.482 [info] Got 0 sessions for read:user,repo,user:email...
2025-06-19 19:20:30.818 [info] Getting sessions for all scopes...
2025-06-19 19:20:30.818 [info] Got 1 sessions for ...
2025-06-19 19:20:30.818 [info] Getting sessions for all scopes...
2025-06-19 19:20:30.818 [info] Got 1 sessions for ...
2025-06-19 19:20:30.826 [info] Getting sessions for read:user,repo,user:email,workflow...
2025-06-19 19:20:30.826 [info] Got 0 sessions for read:user,repo,user:email,workflow...
2025-06-19 19:20:30.826 [info] Getting sessions for user:email...
2025-06-19 19:20:30.826 [info] Got 1 sessions for user:email...
2025-06-19 19:20:30.826 [info] Getting sessions for read:user,repo,user:email,workflow...
2025-06-19 19:20:30.826 [info] Got 0 sessions for read:user,repo,user:email,workflow...
2025-06-19 19:20:30.827 [info] Getting sessions for all scopes...
2025-06-19 19:20:30.827 [info] Got 1 sessions for ...
2025-06-19 19:20:30.828 [info] Getting sessions for read:user,repo,user:email,workflow...
2025-06-19 19:20:30.828 [info] Got 0 sessions for read:user,repo,user:email,workflow...
2025-06-19 19:20:30.828 [info] Getting sessions for user:email...
2025-06-19 19:20:30.828 [info] Got 1 sessions for user:email...
2025-06-19 19:20:30.849 [info] Getting sessions for all scopes...
2025-06-19 19:20:30.849 [info] Got 1 sessions for ...
2025-06-19 19:20:30.849 [info] Getting sessions for all scopes...
2025-06-19 19:20:30.849 [info] Got 1 sessions for ...
2025-06-19 19:20:30.849 [info] Getting sessions for read:user,repo,user:email,workflow...
2025-06-19 19:20:30.849 [info] Got 0 sessions for read:user,repo,user:email,workflow...
2025-06-19 19:20:30.849 [info] Getting sessions for user:email...
2025-06-19 19:20:30.849 [info] Got 1 sessions for user:email...
2025-06-19 19:20:30.849 [info] Getting sessions for read:user,repo,user:email,workflow...
2025-06-19 19:20:30.849 [info] Got 0 sessions for read:user,repo,user:email,workflow...
2025-06-19 19:20:30.850 [info] Getting sessions for all scopes...
2025-06-19 19:20:30.850 [info] Got 1 sessions for ...
2025-06-19 19:20:30.851 [info] Getting sessions for read:user,repo,user:email,workflow...
2025-06-19 19:20:30.851 [info] Got 0 sessions for read:user,repo,user:email,workflow...
2025-06-19 19:20:30.851 [info] Getting sessions for user:email...
2025-06-19 19:20:30.851 [info] Got 1 sessions for user:email...
2025-06-19 19:20:31.048 [info] Getting sessions for all scopes...
2025-06-19 19:20:31.048 [info] Got 1 sessions for ...
2025-06-19 19:20:31.586 [info] Getting sessions for all scopes...
2025-06-19 19:20:31.586 [info] Got 1 sessions for ...
2025-06-19 19:20:31.588 [info] Getting sessions for read:user,repo,user:email,workflow...
2025-06-19 19:20:31.588 [info] Got 0 sessions for read:user,repo,user:email,workflow...
2025-06-19 19:20:31.588 [info] Getting sessions for user:email...
2025-06-19 19:20:31.588 [info] Got 1 sessions for user:email...
2025-06-19 19:20:45.080 [info] Reading sessions from keychain...
2025-06-19 19:20:45.080 [info] Getting sessions for all scopes...
2025-06-19 19:20:45.080 [info] Getting sessions for all scopes...
2025-06-19 19:20:45.080 [info] Got stored sessions!
2025-06-19 19:20:45.080 [info] Got 1 verified sessions.
2025-06-19 19:20:45.080 [info] Got 1 sessions for ...
2025-06-19 19:20:45.080 [info] Got 1 sessions for ...
2025-06-19 19:20:45.080 [info] Getting sessions for all scopes...
2025-06-19 19:20:45.080 [info] Got 1 sessions for ...
2025-06-19 19:20:45.080 [info] Getting sessions for all scopes...
2025-06-19 19:20:45.080 [info] Got 1 sessions for ...
2025-06-19 19:20:45.080 [info] Getting sessions for all scopes...
2025-06-19 19:20:45.080 [info] Got 1 sessions for ...
2025-06-19 19:20:45.080 [info] Getting sessions for all scopes...
2025-06-19 19:20:45.080 [info] Got 1 sessions for ...
2025-06-19 19:20:45.080 [info] Getting sessions for all scopes...
2025-06-19 19:20:45.080 [info] Got 1 sessions for ...
2025-06-19 19:20:45.080 [info] Getting sessions for all scopes...
2025-06-19 19:20:45.080 [info] Got 1 sessions for ...
2025-06-19 19:20:45.122 [info] Getting sessions for user:email...
2025-06-19 19:20:45.122 [info] Got 1 sessions for user:email...
2025-06-19 19:20:45.853 [info] Getting sessions for read:user,repo,user:email...
2025-06-19 19:20:45.853 [info] Got 0 sessions for read:user,repo,user:email...
2025-06-19 19:20:45.853 [info] Getting sessions for project,read:org,read:user,repo,user:email,workflow...
2025-06-19 19:20:45.853 [info] Got 0 sessions for project,read:org,read:user,repo,user:email,workflow...
2025-06-19 19:20:45.878 [info] Getting sessions for read:user,repo,user:email,workflow...
2025-06-19 19:20:45.878 [info] Got 0 sessions for read:user,repo,user:email,workflow...
2025-06-19 19:20:45.905 [info] Getting sessions for read:user,repo,user:email...
2025-06-19 19:20:45.905 [info] Got 0 sessions for read:user,repo,user:email...
2025-06-19 19:20:46.014 [info] Getting sessions for read:user,repo,user:email,workflow...
2025-06-19 19:20:46.014 [info] Got 0 sessions for read:user,repo,user:email,workflow...
2025-06-19 19:20:46.091 [info] Getting sessions for read:user,repo,user:email,workflow...
2025-06-19 19:20:46.091 [info] Got 0 sessions for read:user,repo,user:email,workflow...
2025-06-19 19:20:46.100 [info] Getting sessions for read:user,repo,user:email...
2025-06-19 19:20:46.100 [info] Got 0 sessions for read:user,repo,user:email...
2025-06-19 19:20:47.621 [info] Getting sessions for all scopes...
2025-06-19 19:20:47.621 [info] Got 1 sessions for ...
2025-06-19 19:20:47.831 [info] Getting sessions for all scopes...
2025-06-19 19:20:47.831 [info] Got 1 sessions for ...
2025-06-19 19:20:47.831 [info] Getting sessions for all scopes...
2025-06-19 19:20:47.831 [info] Got 1 sessions for ...
2025-06-19 19:20:47.905 [info] Getting sessions for read:user,repo,user:email,workflow...
2025-06-19 19:20:47.905 [info] Got 0 sessions for read:user,repo,user:email,workflow...
2025-06-19 19:20:47.921 [info] Getting sessions for read:user,repo,user:email,workflow...
2025-06-19 19:20:47.921 [info] Got 0 sessions for read:user,repo,user:email,workflow...
2025-06-19 19:20:48.027 [info] Getting sessions for read:user...
2025-06-19 19:20:48.027 [info] Got 0 sessions for read:user...
2025-06-19 19:20:48.087 [info] Getting sessions for user:email...
2025-06-19 19:20:48.087 [info] Got 1 sessions for user:email...
2025-06-19 19:20:48.087 [info] Getting sessions for read:user,repo,user:email,workflow...
2025-06-19 19:20:48.087 [info] Got 0 sessions for read:user,repo,user:email,workflow...
2025-06-19 19:20:48.089 [info] Getting sessions for user:email...
2025-06-19 19:20:48.089 [info] Got 1 sessions for user:email...
2025-06-19 19:20:48.101 [info] Getting sessions for all scopes...
2025-06-19 19:20:48.101 [info] Got 1 sessions for ...
2025-06-19 19:20:48.103 [info] Getting sessions for read:user,repo,user:email,workflow...
2025-06-19 19:20:48.103 [info] Got 0 sessions for read:user,repo,user:email,workflow...
2025-06-19 19:20:48.103 [info] Getting sessions for user:email...
2025-06-19 19:20:48.103 [info] Got 1 sessions for user:email...
2025-06-19 19:20:48.104 [info] Getting sessions for all scopes...
2025-06-19 19:20:48.104 [info] Got 1 sessions for ...
2025-06-19 19:20:48.105 [info] Getting sessions for read:user,repo,user:email,workflow...
2025-06-19 19:20:48.105 [info] Got 0 sessions for read:user,repo,user:email,workflow...
2025-06-19 19:20:48.105 [info] Getting sessions for user:email...
2025-06-19 19:20:48.105 [info] Got 1 sessions for user:email...
2025-06-19 19:20:48.178 [info] Getting sessions for all scopes...
2025-06-19 19:20:48.178 [info] Got 1 sessions for ...
2025-06-19 19:20:48.187 [info] Getting sessions for read:user,repo,user:email,workflow...
2025-06-19 19:20:48.187 [info] Got 0 sessions for read:user,repo,user:email,workflow...
2025-06-19 19:20:48.187 [info] Getting sessions for user:email...
2025-06-19 19:20:48.187 [info] Got 1 sessions for user:email...
2025-06-19 19:20:48.583 [info] Getting sessions for all scopes...
2025-06-19 19:20:48.583 [info] Got 1 sessions for ...
2025-06-19 19:20:48.585 [info] Getting sessions for all scopes...
2025-06-19 19:20:48.585 [info] Got 1 sessions for ...
2025-06-19 19:20:48.593 [info] Getting sessions for read:user,repo,user:email,workflow...
2025-06-19 19:20:48.593 [info] Got 0 sessions for read:user,repo,user:email,workflow...
2025-06-19 19:20:48.593 [info] Getting sessions for user:email...
2025-06-19 19:20:48.593 [info] Got 1 sessions for user:email...
2025-06-19 19:20:48.593 [info] Getting sessions for read:user,repo,user:email,workflow...
2025-06-19 19:20:48.593 [info] Got 0 sessions for read:user,repo,user:email,workflow...
2025-06-19 19:20:48.594 [info] Getting sessions for all scopes...
2025-06-19 19:20:48.594 [info] Got 1 sessions for ...
2025-06-19 19:20:48.594 [info] Getting sessions for read:user,repo,user:email,workflow...
2025-06-19 19:20:48.594 [info] Got 0 sessions for read:user,repo,user:email,workflow...
2025-06-19 19:20:48.594 [info] Getting sessions for user:email...
2025-06-19 19:20:48.594 [info] Got 1 sessions for user:email...
2025-06-19 19:20:48.625 [info] Getting sessions for all scopes...
2025-06-19 19:20:48.625 [info] Got 1 sessions for ...
2025-06-19 19:20:48.625 [info] Getting sessions for all scopes...
2025-06-19 19:20:48.625 [info] Got 1 sessions for ...
2025-06-19 19:20:48.625 [info] Getting sessions for read:user,repo,user:email,workflow...
2025-06-19 19:20:48.625 [info] Got 0 sessions for read:user,repo,user:email,workflow...
2025-06-19 19:20:48.626 [info] Getting sessions for user:email...
2025-06-19 19:20:48.626 [info] Got 1 sessions for user:email...
2025-06-19 19:20:48.626 [info] Getting sessions for read:user,repo,user:email,workflow...
2025-06-19 19:20:48.626 [info] Got 0 sessions for read:user,repo,user:email,workflow...
2025-06-19 19:20:48.627 [info] Getting sessions for all scopes...
2025-06-19 19:20:48.627 [info] Got 1 sessions for ...
2025-06-19 19:20:48.627 [info] Getting sessions for read:user,repo,user:email,workflow...
2025-06-19 19:20:48.627 [info] Got 0 sessions for read:user,repo,user:email,workflow...
2025-06-19 19:20:48.627 [info] Getting sessions for user:email...
2025-06-19 19:20:48.627 [info] Got 1 sessions for user:email...
2025-06-19 19:20:48.880 [info] Getting sessions for all scopes...
2025-06-19 19:20:48.880 [info] Got 1 sessions for ...
2025-06-19 19:20:48.881 [info] Getting sessions for read:user,repo,user:email,workflow...
2025-06-19 19:20:48.881 [info] Got 0 sessions for read:user,repo,user:email,workflow...
2025-06-19 19:20:48.881 [info] Getting sessions for user:email...
2025-06-19 19:20:48.881 [info] Got 1 sessions for user:email...
2025-06-19 19:22:00.519 [info] Getting sessions for all scopes...
2025-06-19 19:22:00.519 [info] Got 1 sessions for ...
2025-06-19 19:22:00.519 [info] Getting sessions for read:user,repo,user:email,workflow...
2025-06-19 19:22:00.519 [info] Got 0 sessions for read:user,repo,user:email,workflow...
2025-06-19 19:22:00.520 [info] Getting sessions for user:email...
2025-06-19 19:22:00.520 [info] Got 1 sessions for user:email...
2025-06-19 19:22:01.138 [info] Getting sessions for all scopes...
2025-06-19 19:22:01.138 [info] Got 1 sessions for ...
2025-06-19 19:22:01.145 [info] Getting sessions for read:user,repo,user:email,workflow...
2025-06-19 19:22:01.145 [info] Got 0 sessions for read:user,repo,user:email,workflow...
2025-06-19 19:22:01.145 [info] Getting sessions for user:email...
2025-06-19 19:22:01.145 [info] Got 1 sessions for user:email...
2025-06-19 19:22:02.229 [info] Getting sessions for all scopes...
2025-06-19 19:22:02.229 [info] Got 1 sessions for ...
2025-06-19 19:22:02.230 [info] Getting sessions for read:user,repo,user:email,workflow...
2025-06-19 19:22:02.230 [info] Got 0 sessions for read:user,repo,user:email,workflow...
2025-06-19 19:22:02.230 [info] Getting sessions for user:email...
2025-06-19 19:22:02.230 [info] Got 1 sessions for user:email...
2025-06-19 19:22:02.938 [info] Getting sessions for all scopes...
2025-06-19 19:22:02.938 [info] Got 1 sessions for ...
2025-06-19 19:22:02.939 [info] Getting sessions for read:user,repo,user:email,workflow...
2025-06-19 19:22:02.939 [info] Got 0 sessions for read:user,repo,user:email,workflow...
2025-06-19 19:22:02.939 [info] Getting sessions for user:email...
2025-06-19 19:22:02.939 [info] Got 1 sessions for user:email...
2025-06-19 19:22:14.080 [info] Getting sessions for all scopes...
2025-06-19 19:22:14.080 [info] Got 1 sessions for ...
2025-06-19 19:22:14.081 [info] Getting sessions for read:user,repo,user:email,workflow...
2025-06-19 19:22:14.081 [info] Got 0 sessions for read:user,repo,user:email,workflow...
2025-06-19 19:22:14.082 [info] Getting sessions for user:email...
2025-06-19 19:22:14.082 [info] Got 1 sessions for user:email...
2025-06-19 19:22:14.483 [info] Getting sessions for all scopes...
2025-06-19 19:22:14.483 [info] Got 1 sessions for ...
2025-06-19 19:22:14.483 [info] Getting sessions for all scopes...
2025-06-19 19:22:14.483 [info] Got 1 sessions for ...
2025-06-19 19:22:14.483 [info] Getting sessions for read:user,repo,user:email,workflow...
2025-06-19 19:22:14.483 [info] Got 0 sessions for read:user,repo,user:email,workflow...
2025-06-19 19:22:14.484 [info] Getting sessions for user:email...
2025-06-19 19:22:14.484 [info] Got 1 sessions for user:email...
2025-06-19 19:22:14.484 [info] Getting sessions for read:user,repo,user:email,workflow...
2025-06-19 19:22:14.484 [info] Got 0 sessions for read:user,repo,user:email,workflow...
2025-06-19 19:22:14.485 [info] Getting sessions for all scopes...
2025-06-19 19:22:14.485 [info] Got 1 sessions for ...
2025-06-19 19:22:14.488 [info] Getting sessions for read:user,repo,user:email,workflow...
2025-06-19 19:22:14.488 [info] Got 0 sessions for read:user,repo,user:email,workflow...
2025-06-19 19:22:14.488 [info] Getting sessions for user:email...
2025-06-19 19:22:14.488 [info] Got 1 sessions for user:email...
2025-06-19 19:22:14.501 [info] Getting sessions for all scopes...
2025-06-19 19:22:14.501 [info] Got 1 sessions for ...
2025-06-19 19:22:14.503 [info] Getting sessions for read:user,repo,user:email,workflow...
2025-06-19 19:22:14.503 [info] Got 0 sessions for read:user,repo,user:email,workflow...
2025-06-19 19:22:14.504 [info] Getting sessions for user:email...
2025-06-19 19:22:14.504 [info] Got 1 sessions for user:email...
2025-06-19 19:22:15.508 [info] Getting sessions for all scopes...
2025-06-19 19:22:15.508 [info] Got 1 sessions for ...
2025-06-19 19:22:15.508 [info] Getting sessions for read:user,repo,user:email,workflow...
2025-06-19 19:22:15.508 [info] Got 0 sessions for read:user,repo,user:email,workflow...
2025-06-19 19:22:15.509 [info] Getting sessions for user:email...
2025-06-19 19:22:15.509 [info] Got 1 sessions for user:email...
2025-06-19 19:22:15.925 [info] Getting sessions for all scopes...
2025-06-19 19:22:15.925 [info] Got 1 sessions for ...
2025-06-19 19:22:15.925 [info] Getting sessions for read:user,repo,user:email,workflow...
2025-06-19 19:22:15.925 [info] Got 0 sessions for read:user,repo,user:email,workflow...
2025-06-19 19:22:15.925 [info] Getting sessions for user:email...
2025-06-19 19:22:15.925 [info] Got 1 sessions for user:email...
2025-06-19 19:22:16.025 [info] Getting sessions for all scopes...
2025-06-19 19:22:16.025 [info] Got 1 sessions for ...
2025-06-19 19:22:16.026 [info] Getting sessions for read:user,repo,user:email,workflow...
2025-06-19 19:22:16.026 [info] Got 0 sessions for read:user,repo,user:email,workflow...
2025-06-19 19:22:16.026 [info] Getting sessions for user:email...
2025-06-19 19:22:16.026 [info] Got 1 sessions for user:email...
2025-06-19 19:22:16.039 [info] Getting sessions for all scopes...
2025-06-19 19:22:16.039 [info] Got 1 sessions for ...
2025-06-19 19:22:16.039 [info] Getting sessions for read:user,repo,user:email,workflow...
2025-06-19 19:22:16.039 [info] Got 0 sessions for read:user,repo,user:email,workflow...
2025-06-19 19:22:16.040 [info] Getting sessions for user:email...
2025-06-19 19:22:16.040 [info] Got 1 sessions for user:email...
2025-06-19 19:22:33.041 [info] Getting sessions for all scopes...
2025-06-19 19:22:33.041 [info] Got 1 sessions for ...
2025-06-19 19:22:33.045 [info] Getting sessions for read:user,repo,user:email,workflow...
2025-06-19 19:22:33.045 [info] Got 0 sessions for read:user,repo,user:email,workflow...
2025-06-19 19:22:33.045 [info] Getting sessions for user:email...
2025-06-19 19:22:33.045 [info] Got 1 sessions for user:email...
2025-06-19 19:22:33.465 [info] Getting sessions for all scopes...
2025-06-19 19:22:33.465 [info] Got 1 sessions for ...
2025-06-19 19:22:33.465 [info] Getting sessions for read:user,repo,user:email,workflow...
2025-06-19 19:22:33.465 [info] Got 0 sessions for read:user,repo,user:email,workflow...
2025-06-19 19:22:33.465 [info] Getting sessions for user:email...
2025-06-19 19:22:33.465 [info] Got 1 sessions for user:email...
2025-06-19 19:22:33.517 [info] Getting sessions for all scopes...
2025-06-19 19:22:33.517 [info] Got 1 sessions for ...
2025-06-19 19:22:33.521 [info] Getting sessions for read:user,repo,user:email,workflow...
2025-06-19 19:22:33.521 [info] Got 0 sessions for read:user,repo,user:email,workflow...
2025-06-19 19:22:33.522 [info] Getting sessions for user:email...
2025-06-19 19:22:33.522 [info] Got 1 sessions for user:email...
2025-06-19 19:27:30.612 [info] Getting sessions for all scopes...
2025-06-19 19:27:30.612 [info] Got 1 sessions for ...
2025-06-19 19:27:30.613 [info] Getting sessions for read:user,repo,user:email,workflow...
2025-06-19 19:27:30.613 [info] Got 0 sessions for read:user,repo,user:email,workflow...
2025-06-19 19:27:30.613 [info] Getting sessions for user:email...
2025-06-19 19:27:30.613 [info] Got 1 sessions for user:email...
2025-06-19 19:27:31.358 [info] Getting sessions for all scopes...
2025-06-19 19:27:31.358 [info] Got 1 sessions for ...
2025-06-19 19:27:31.361 [info] Getting sessions for read:user,repo,user:email,workflow...
2025-06-19 19:27:31.361 [info] Got 0 sessions for read:user,repo,user:email,workflow...
2025-06-19 19:27:31.376 [info] Getting sessions for user:email...
2025-06-19 19:27:31.376 [info] Got 1 sessions for user:email...
2025-06-19 19:27:41.743 [info] Getting sessions for all scopes...
2025-06-19 19:27:41.743 [info] Got 1 sessions for ...
2025-06-19 19:27:41.754 [info] Getting sessions for read:user,repo,user:email,workflow...
2025-06-19 19:27:41.754 [info] Got 0 sessions for read:user,repo,user:email,workflow...
2025-06-19 19:27:41.754 [info] Getting sessions for user:email...
2025-06-19 19:27:41.754 [info] Got 1 sessions for user:email...
2025-06-19 19:28:01.662 [info] Getting sessions for all scopes...
2025-06-19 19:28:01.662 [info] Got 1 sessions for ...
2025-06-19 19:28:01.663 [info] Getting sessions for read:user,repo,user:email,workflow...
2025-06-19 19:28:01.663 [info] Got 0 sessions for read:user,repo,user:email,workflow...
2025-06-19 19:28:01.663 [info] Getting sessions for user:email...
2025-06-19 19:28:01.663 [info] Got 1 sessions for user:email...
2025-06-19 19:28:05.667 [info] Getting sessions for all scopes...
2025-06-19 19:28:05.667 [info] Got 1 sessions for ...
2025-06-19 19:28:05.677 [info] Getting sessions for read:user,repo,user:email,workflow...
2025-06-19 19:28:05.677 [info] Got 0 sessions for read:user,repo,user:email,workflow...
2025-06-19 19:28:05.685 [info] Getting sessions for user:email...
2025-06-19 19:28:05.685 [info] Got 1 sessions for user:email...
2025-06-19 19:28:19.761 [info] Getting sessions for all scopes...
2025-06-19 19:28:19.761 [info] Got 1 sessions for ...
2025-06-19 19:28:19.806 [info] Getting sessions for read:user,repo,user:email,workflow...
2025-06-19 19:28:19.806 [info] Got 0 sessions for read:user,repo,user:email,workflow...
2025-06-19 19:28:19.807 [info] Getting sessions for user:email...
2025-06-19 19:28:19.807 [info] Got 1 sessions for user:email...
2025-06-19 19:35:48.883 [info] Getting sessions for all scopes...
2025-06-19 19:35:48.883 [info] Got 1 sessions for ...
2025-06-19 19:35:48.883 [info] Getting sessions for read:user,repo,user:email,workflow...
2025-06-19 19:35:48.883 [info] Got 0 sessions for read:user,repo,user:email,workflow...
2025-06-19 19:35:48.884 [info] Getting sessions for user:email...
2025-06-19 19:35:48.884 [info] Got 1 sessions for user:email...
2025-06-19 19:41:07.283 [info] Getting sessions for all scopes...
2025-06-19 19:41:07.283 [info] Got 1 sessions for ...
2025-06-19 19:41:07.295 [info] Getting sessions for read:user,repo,user:email,workflow...
2025-06-19 19:41:07.295 [info] Got 0 sessions for read:user,repo,user:email,workflow...
2025-06-19 19:41:07.295 [info] Getting sessions for user:email...
2025-06-19 19:41:07.295 [info] Got 1 sessions for user:email...
2025-06-19 19:41:07.991 [info] Getting sessions for all scopes...
2025-06-19 19:41:07.991 [info] Got 1 sessions for ...
2025-06-19 19:41:07.991 [info] Getting sessions for read:user,repo,user:email,workflow...
2025-06-19 19:41:07.991 [info] Got 0 sessions for read:user,repo,user:email,workflow...
2025-06-19 19:41:07.991 [info] Getting sessions for user:email...
2025-06-19 19:41:07.991 [info] Got 1 sessions for user:email...
2025-06-19 19:41:10.705 [info] Getting sessions for all scopes...
2025-06-19 19:41:10.705 [info] Got 1 sessions for ...
2025-06-19 19:41:10.714 [info] Getting sessions for read:user,repo,user:email,workflow...
2025-06-19 19:41:10.714 [info] Got 0 sessions for read:user,repo,user:email,workflow...
2025-06-19 19:41:10.724 [info] Getting sessions for user:email...
2025-06-19 19:41:10.724 [info] Got 1 sessions for user:email...
2025-06-19 19:41:26.179 [info] Getting sessions for all scopes...
2025-06-19 19:41:26.179 [info] Got 1 sessions for ...
2025-06-19 19:41:26.183 [info] Getting sessions for read:user,repo,user:email,workflow...
2025-06-19 19:41:26.183 [info] Got 0 sessions for read:user,repo,user:email,workflow...
2025-06-19 19:41:26.183 [info] Getting sessions for user:email...
2025-06-19 19:41:26.183 [info] Got 1 sessions for user:email...
2025-06-19 19:42:32.630 [info] Getting sessions for all scopes...
2025-06-19 19:42:32.630 [info] Got 1 sessions for ...
2025-06-19 19:42:32.632 [info] Getting sessions for read:user,repo,user:email,workflow...
2025-06-19 19:42:32.632 [info] Got 0 sessions for read:user,repo,user:email,workflow...
2025-06-19 19:42:32.633 [info] Getting sessions for user:email...
2025-06-19 19:42:32.633 [info] Got 1 sessions for user:email...
2025-06-19 19:42:32.633 [info] Getting sessions for all scopes...
2025-06-19 19:42:32.633 [info] Got 1 sessions for ...
2025-06-19 19:42:32.634 [info] Getting sessions for read:user,repo,user:email,workflow...
2025-06-19 19:42:32.634 [info] Got 0 sessions for read:user,repo,user:email,workflow...
2025-06-19 19:42:32.635 [info] Getting sessions for user:email...
2025-06-19 19:42:32.635 [info] Got 1 sessions for user:email...
2025-06-19 19:42:33.207 [info] Getting sessions for all scopes...
2025-06-19 19:42:33.207 [info] Got 1 sessions for ...
2025-06-19 19:42:33.207 [info] Getting sessions for all scopes...
2025-06-19 19:42:33.207 [info] Got 1 sessions for ...
2025-06-19 19:42:33.207 [info] Getting sessions for read:user,repo,user:email,workflow...
2025-06-19 19:42:33.207 [info] Got 0 sessions for read:user,repo,user:email,workflow...
2025-06-19 19:42:33.208 [info] Getting sessions for user:email...
2025-06-19 19:42:33.208 [info] Got 1 sessions for user:email...
2025-06-19 19:42:33.208 [info] Getting sessions for read:user,repo,user:email,workflow...
2025-06-19 19:42:33.208 [info] Got 0 sessions for read:user,repo,user:email,workflow...
2025-06-19 19:42:33.208 [info] Getting sessions for all scopes...
2025-06-19 19:42:33.208 [info] Got 1 sessions for ...
2025-06-19 19:42:33.208 [info] Getting sessions for read:user,repo,user:email,workflow...
2025-06-19 19:42:33.208 [info] Got 0 sessions for read:user,repo,user:email,workflow...
2025-06-19 19:42:33.208 [info] Getting sessions for user:email...
2025-06-19 19:42:33.208 [info] Got 1 sessions for user:email...
2025-06-19 19:42:33.209 [info] Getting sessions for all scopes...
2025-06-19 19:42:33.209 [info] Got 1 sessions for ...
2025-06-19 19:42:33.209 [info] Getting sessions for all scopes...
2025-06-19 19:42:33.209 [info] Got 1 sessions for ...
2025-06-19 19:42:33.209 [info] Getting sessions for read:user,repo,user:email,workflow...
2025-06-19 19:42:33.209 [info] Got 0 sessions for read:user,repo,user:email,workflow...
2025-06-19 19:42:33.209 [info] Getting sessions for user:email...
2025-06-19 19:42:33.209 [info] Got 1 sessions for user:email...
2025-06-19 19:42:33.209 [info] Getting sessions for read:user,repo,user:email,workflow...
2025-06-19 19:42:33.209 [info] Got 0 sessions for read:user,repo,user:email,workflow...
2025-06-19 19:42:33.210 [info] Getting sessions for all scopes...
2025-06-19 19:42:33.210 [info] Got 1 sessions for ...
2025-06-19 19:42:33.210 [info] Getting sessions for read:user,repo,user:email,workflow...
2025-06-19 19:42:33.210 [info] Got 0 sessions for read:user,repo,user:email,workflow...
2025-06-19 19:42:33.211 [info] Getting sessions for user:email...
2025-06-19 19:42:33.211 [info] Got 1 sessions for user:email...
2025-06-19 19:42:37.112 [info] Getting sessions for all scopes...
2025-06-19 19:42:37.112 [info] Got 1 sessions for ...
2025-06-19 19:42:37.121 [info] Getting sessions for read:user,repo,user:email,workflow...
2025-06-19 19:42:37.121 [info] Got 0 sessions for read:user,repo,user:email,workflow...
2025-06-19 19:42:37.130 [info] Getting sessions for user:email...
2025-06-19 19:42:37.130 [info] Got 1 sessions for user:email...
2025-06-19 19:42:55.995 [info] Getting sessions for all scopes...
2025-06-19 19:42:55.995 [info] Got 1 sessions for ...
2025-06-19 19:42:55.997 [info] Getting sessions for read:user,repo,user:email,workflow...
2025-06-19 19:42:55.997 [info] Got 0 sessions for read:user,repo,user:email,workflow...
2025-06-19 19:42:55.998 [info] Getting sessions for user:email...
2025-06-19 19:42:55.998 [info] Got 1 sessions for user:email...
