2025-06-16 11:33:14.077 [error] [/home/daniel/.vscode/extensions/ms-dotnettools.vscode-dotnet-runtime-2.3.5]: Extension is not compatible with Code 1.98.2. Extension requires: ^1.99.0.
2025-06-16 11:33:14.088 [error] [/home/daniel/.vscode/extensions/ms-dotnettools.vscode-dotnet-runtime-2.3.5]: Extension is not compatible with Code 1.98.2. Extension requires: ^1.99.0.
2025-06-16 11:33:14.097 [error] [/home/daniel/.vscode/extensions/ms-vscode-remote.remote-wsl-0.99.0]: Extension is not compatible with Code 1.98.2. Extension requires: ^1.99.0.
2025-06-16 11:33:14.098 [error] [/home/daniel/.vscode/extensions/ms-vscode-remote.remote-containers-0.417.0]: Extension is not compatible with Code 1.98.2. Extension requires: ^1.99.0.
2025-06-16 11:33:14.098 [error] [/home/daniel/.vscode/extensions/github.vscode-pull-request-github-0.110.0]: Extension is not compatible with Code 1.98.2. Extension requires: ^1.100.0.
2025-06-16 11:33:14.099 [error] [/home/daniel/.vscode/extensions/ms-python.vscode-pylance-2025.6.1]: Extension is not compatible with Code 1.98.2. Extension requires: ^1.99.0.
2025-06-16 11:33:14.118 [error] [/home/daniel/.vscode/extensions/ms-dotnettools.vscode-dotnet-runtime-2.3.5]: Extension is not compatible with Code 1.98.2. Extension requires: ^1.99.0.
2025-06-16 11:33:14.121 [error] [/home/daniel/.vscode/extensions/github.vscode-pull-request-github-0.110.0]: Extension is not compatible with Code 1.98.2. Extension requires: ^1.100.0.
2025-06-16 11:33:14.123 [error] [/home/daniel/.vscode/extensions/ms-python.vscode-pylance-2025.6.1]: Extension is not compatible with Code 1.98.2. Extension requires: ^1.99.0.
2025-06-16 11:33:14.123 [error] [/home/daniel/.vscode/extensions/ms-vscode-remote.remote-containers-0.417.0]: Extension is not compatible with Code 1.98.2. Extension requires: ^1.99.0.
2025-06-16 11:33:14.123 [error] [/home/daniel/.vscode/extensions/ms-vscode-remote.remote-wsl-0.99.0]: Extension is not compatible with Code 1.98.2. Extension requires: ^1.99.0.
2025-06-16 11:33:14.127 [error] [/home/daniel/.vscode/extensions/github.vscode-pull-request-github-0.110.0]: Extension is not compatible with Code 1.98.2. Extension requires: ^1.100.0.
2025-06-16 11:33:14.129 [error] [/home/daniel/.vscode/extensions/ms-vscode-remote.remote-containers-0.417.0]: Extension is not compatible with Code 1.98.2. Extension requires: ^1.99.0.
2025-06-16 11:33:14.129 [error] [/home/daniel/.vscode/extensions/ms-python.vscode-pylance-2025.6.1]: Extension is not compatible with Code 1.98.2. Extension requires: ^1.99.0.
2025-06-16 11:33:14.129 [error] [/home/daniel/.vscode/extensions/ms-vscode-remote.remote-wsl-0.99.0]: Extension is not compatible with Code 1.98.2. Extension requires: ^1.99.0.
2025-06-16 11:33:14.364 [error] [/home/daniel/.vscode/extensions/ms-dotnettools.vscode-dotnet-runtime-2.3.5]: Extension is not compatible with Code 1.98.2. Extension requires: ^1.99.0.
2025-06-16 11:33:14.373 [error] [/home/daniel/.vscode/extensions/ms-dotnettools.vscode-dotnet-runtime-2.3.5]: Extension is not compatible with Code 1.98.2. Extension requires: ^1.99.0.
2025-06-16 11:33:14.378 [error] [/home/daniel/.vscode/extensions/ms-vscode-remote.remote-wsl-0.99.0]: Extension is not compatible with Code 1.98.2. Extension requires: ^1.99.0.
2025-06-16 11:33:14.379 [error] [/home/daniel/.vscode/extensions/ms-vscode-remote.remote-containers-0.417.0]: Extension is not compatible with Code 1.98.2. Extension requires: ^1.99.0.
2025-06-16 11:33:14.379 [error] [/home/daniel/.vscode/extensions/github.vscode-pull-request-github-0.110.0]: Extension is not compatible with Code 1.98.2. Extension requires: ^1.100.0.
2025-06-16 11:33:14.379 [error] [/home/daniel/.vscode/extensions/ms-python.vscode-pylance-2025.6.1]: Extension is not compatible with Code 1.98.2. Extension requires: ^1.99.0.
2025-06-16 11:33:14.387 [error] [/home/daniel/.vscode/extensions/ms-vscode-remote.remote-wsl-0.99.0]: Extension is not compatible with Code 1.98.2. Extension requires: ^1.99.0.
2025-06-16 11:33:14.388 [error] [/home/daniel/.vscode/extensions/ms-vscode-remote.remote-containers-0.417.0]: Extension is not compatible with Code 1.98.2. Extension requires: ^1.99.0.
2025-06-16 11:33:14.388 [error] [/home/daniel/.vscode/extensions/ms-python.vscode-pylance-2025.6.1]: Extension is not compatible with Code 1.98.2. Extension requires: ^1.99.0.
2025-06-16 11:33:14.388 [error] [/home/daniel/.vscode/extensions/github.vscode-pull-request-github-0.110.0]: Extension is not compatible with Code 1.98.2. Extension requires: ^1.100.0.
2025-06-16 11:33:16.511 [error] [/home/daniel/.vscode/extensions/ms-dotnettools.vscode-dotnet-runtime-2.3.5]: Extension is not compatible with Code 1.98.2. Extension requires: ^1.99.0.
2025-06-16 11:33:16.517 [error] [/home/daniel/.vscode/extensions/ms-vscode-remote.remote-wsl-0.99.0]: Extension is not compatible with Code 1.98.2. Extension requires: ^1.99.0.
2025-06-16 11:33:16.517 [error] [/home/daniel/.vscode/extensions/ms-vscode-remote.remote-containers-0.417.0]: Extension is not compatible with Code 1.98.2. Extension requires: ^1.99.0.
2025-06-16 11:33:16.518 [error] [/home/daniel/.vscode/extensions/github.vscode-pull-request-github-0.110.0]: Extension is not compatible with Code 1.98.2. Extension requires: ^1.100.0.
2025-06-16 11:33:16.518 [error] [/home/daniel/.vscode/extensions/ms-python.vscode-pylance-2025.6.1]: Extension is not compatible with Code 1.98.2. Extension requires: ^1.99.0.
2025-06-16 11:33:17.010 [error] [/home/daniel/.vscode/extensions/ms-dotnettools.vscode-dotnet-runtime-2.3.5]: Extension is not compatible with Code 1.98.2. Extension requires: ^1.99.0.
2025-06-16 11:33:17.015 [error] [/home/daniel/.vscode/extensions/ms-vscode-remote.remote-wsl-0.99.0]: Extension is not compatible with Code 1.98.2. Extension requires: ^1.99.0.
2025-06-16 11:33:17.015 [error] [/home/daniel/.vscode/extensions/ms-vscode-remote.remote-containers-0.417.0]: Extension is not compatible with Code 1.98.2. Extension requires: ^1.99.0.
2025-06-16 11:33:17.016 [error] [/home/daniel/.vscode/extensions/ms-python.vscode-pylance-2025.6.1]: Extension is not compatible with Code 1.98.2. Extension requires: ^1.99.0.
2025-06-16 11:33:17.016 [error] [/home/daniel/.vscode/extensions/github.vscode-pull-request-github-0.110.0]: Extension is not compatible with Code 1.98.2. Extension requires: ^1.100.0.
2025-06-16 11:33:42.452 [error] [/home/daniel/.vscode/extensions/ms-dotnettools.vscode-dotnet-runtime-2.3.5]: Extension is not compatible with Code 1.98.2. Extension requires: ^1.99.0.
2025-06-16 11:33:42.458 [error] [/home/daniel/.vscode/extensions/ms-vscode-remote.remote-wsl-0.99.0]: Extension is not compatible with Code 1.98.2. Extension requires: ^1.99.0.
2025-06-16 11:33:42.458 [error] [/home/daniel/.vscode/extensions/ms-vscode-remote.remote-containers-0.417.0]: Extension is not compatible with Code 1.98.2. Extension requires: ^1.99.0.
2025-06-16 11:33:42.458 [error] [/home/daniel/.vscode/extensions/github.vscode-pull-request-github-0.110.0]: Extension is not compatible with Code 1.98.2. Extension requires: ^1.100.0.
2025-06-16 11:33:42.459 [error] [/home/daniel/.vscode/extensions/ms-python.vscode-pylance-2025.6.1]: Extension is not compatible with Code 1.98.2. Extension requires: ^1.99.0.
2025-06-16 11:33:43.911 [error] [/home/daniel/.vscode/extensions/ms-dotnettools.vscode-dotnet-runtime-2.3.5]: Extension is not compatible with Code 1.98.2. Extension requires: ^1.99.0.
2025-06-16 11:33:43.920 [error] [/home/daniel/.vscode/extensions/ms-dotnettools.vscode-dotnet-runtime-2.3.5]: Extension is not compatible with Code 1.98.2. Extension requires: ^1.99.0.
2025-06-16 11:33:43.925 [error] [/home/daniel/.vscode/extensions/ms-vscode-remote.remote-wsl-0.99.0]: Extension is not compatible with Code 1.98.2. Extension requires: ^1.99.0.
2025-06-16 11:33:43.925 [error] [/home/daniel/.vscode/extensions/ms-vscode-remote.remote-containers-0.417.0]: Extension is not compatible with Code 1.98.2. Extension requires: ^1.99.0.
2025-06-16 11:33:43.926 [error] [/home/daniel/.vscode/extensions/ms-python.vscode-pylance-2025.6.1]: Extension is not compatible with Code 1.98.2. Extension requires: ^1.99.0.
2025-06-16 11:33:43.926 [error] [/home/daniel/.vscode/extensions/github.vscode-pull-request-github-0.110.0]: Extension is not compatible with Code 1.98.2. Extension requires: ^1.100.0.
2025-06-16 11:33:43.935 [error] [/home/daniel/.vscode/extensions/ms-vscode-remote.remote-wsl-0.99.0]: Extension is not compatible with Code 1.98.2. Extension requires: ^1.99.0.
2025-06-16 11:33:43.935 [error] [/home/daniel/.vscode/extensions/ms-vscode-remote.remote-containers-0.417.0]: Extension is not compatible with Code 1.98.2. Extension requires: ^1.99.0.
2025-06-16 11:33:43.936 [error] [/home/daniel/.vscode/extensions/ms-python.vscode-pylance-2025.6.1]: Extension is not compatible with Code 1.98.2. Extension requires: ^1.99.0.
2025-06-16 11:33:43.936 [error] [/home/daniel/.vscode/extensions/github.vscode-pull-request-github-0.110.0]: Extension is not compatible with Code 1.98.2. Extension requires: ^1.100.0.
2025-06-16 11:33:44.596 [error] [/home/daniel/.vscode/extensions/ms-dotnettools.vscode-dotnet-runtime-2.3.5]: Extension is not compatible with Code 1.98.2. Extension requires: ^1.99.0.
2025-06-16 11:33:44.599 [error] [/home/daniel/.vscode/extensions/ms-vscode-remote.remote-wsl-0.99.0]: Extension is not compatible with Code 1.98.2. Extension requires: ^1.99.0.
2025-06-16 11:33:44.600 [error] [/home/daniel/.vscode/extensions/ms-vscode-remote.remote-containers-0.417.0]: Extension is not compatible with Code 1.98.2. Extension requires: ^1.99.0.
2025-06-16 11:33:44.601 [error] [/home/daniel/.vscode/extensions/github.vscode-pull-request-github-0.110.0]: Extension is not compatible with Code 1.98.2. Extension requires: ^1.100.0.
2025-06-16 11:33:44.601 [error] [/home/daniel/.vscode/extensions/ms-python.vscode-pylance-2025.6.1]: Extension is not compatible with Code 1.98.2. Extension requires: ^1.99.0.
2025-06-16 11:33:48.641 [error] [/home/daniel/.vscode/extensions/ms-dotnettools.vscode-dotnet-runtime-2.3.5]: Extension is not compatible with Code 1.98.2. Extension requires: ^1.99.0.
2025-06-16 11:33:48.646 [error] [/home/daniel/.vscode/extensions/ms-vscode-remote.remote-wsl-0.99.0]: Extension is not compatible with Code 1.98.2. Extension requires: ^1.99.0.
2025-06-16 11:33:48.646 [error] [/home/daniel/.vscode/extensions/ms-vscode-remote.remote-containers-0.417.0]: Extension is not compatible with Code 1.98.2. Extension requires: ^1.99.0.
2025-06-16 11:33:48.646 [error] [/home/daniel/.vscode/extensions/ms-python.vscode-pylance-2025.6.1]: Extension is not compatible with Code 1.98.2. Extension requires: ^1.99.0.
2025-06-16 11:33:48.646 [error] [/home/daniel/.vscode/extensions/github.vscode-pull-request-github-0.110.0]: Extension is not compatible with Code 1.98.2. Extension requires: ^1.100.0.
2025-06-16 11:34:55.100 [error] [/home/daniel/.vscode/extensions/ms-dotnettools.vscode-dotnet-runtime-2.3.5]: Extension is not compatible with Code 1.98.2. Extension requires: ^1.99.0.
2025-06-16 11:34:55.106 [error] [/home/daniel/.vscode/extensions/ms-vscode-remote.remote-wsl-0.99.0]: Extension is not compatible with Code 1.98.2. Extension requires: ^1.99.0.
2025-06-16 11:34:55.106 [error] [/home/daniel/.vscode/extensions/ms-vscode-remote.remote-containers-0.417.0]: Extension is not compatible with Code 1.98.2. Extension requires: ^1.99.0.
2025-06-16 11:34:55.106 [error] [/home/daniel/.vscode/extensions/ms-python.vscode-pylance-2025.6.1]: Extension is not compatible with Code 1.98.2. Extension requires: ^1.99.0.
2025-06-16 11:34:55.107 [error] [/home/daniel/.vscode/extensions/github.vscode-pull-request-github-0.110.0]: Extension is not compatible with Code 1.98.2. Extension requires: ^1.100.0.
2025-06-16 11:34:55.485 [error] [/home/daniel/.vscode/extensions/ms-dotnettools.vscode-dotnet-runtime-2.3.5]: Extension is not compatible with Code 1.98.2. Extension requires: ^1.99.0.
2025-06-16 11:34:55.490 [error] [/home/daniel/.vscode/extensions/ms-vscode-remote.remote-wsl-0.99.0]: Extension is not compatible with Code 1.98.2. Extension requires: ^1.99.0.
2025-06-16 11:34:55.491 [error] [/home/daniel/.vscode/extensions/ms-vscode-remote.remote-containers-0.417.0]: Extension is not compatible with Code 1.98.2. Extension requires: ^1.99.0.
2025-06-16 11:34:55.491 [error] [/home/daniel/.vscode/extensions/github.vscode-pull-request-github-0.110.0]: Extension is not compatible with Code 1.98.2. Extension requires: ^1.100.0.
2025-06-16 11:34:55.491 [error] [/home/daniel/.vscode/extensions/ms-python.vscode-pylance-2025.6.1]: Extension is not compatible with Code 1.98.2. Extension requires: ^1.99.0.
2025-06-16 11:34:55.799 [error] [/home/daniel/.vscode/extensions/ms-dotnettools.vscode-dotnet-runtime-2.3.5]: Extension is not compatible with Code 1.98.2. Extension requires: ^1.99.0.
2025-06-16 11:34:55.802 [error] [/home/daniel/.vscode/extensions/ms-vscode-remote.remote-wsl-0.99.0]: Extension is not compatible with Code 1.98.2. Extension requires: ^1.99.0.
2025-06-16 11:34:55.803 [error] [/home/daniel/.vscode/extensions/ms-vscode-remote.remote-containers-0.417.0]: Extension is not compatible with Code 1.98.2. Extension requires: ^1.99.0.
2025-06-16 11:34:55.804 [error] [/home/daniel/.vscode/extensions/github.vscode-pull-request-github-0.110.0]: Extension is not compatible with Code 1.98.2. Extension requires: ^1.100.0.
2025-06-16 11:34:55.804 [error] [/home/daniel/.vscode/extensions/ms-python.vscode-pylance-2025.6.1]: Extension is not compatible with Code 1.98.2. Extension requires: ^1.99.0.
2025-06-16 11:34:56.095 [error] [/home/daniel/.vscode/extensions/ms-dotnettools.vscode-dotnet-runtime-2.3.5]: Extension is not compatible with Code 1.98.2. Extension requires: ^1.99.0.
2025-06-16 11:34:56.098 [error] [/home/daniel/.vscode/extensions/ms-vscode-remote.remote-wsl-0.99.0]: Extension is not compatible with Code 1.98.2. Extension requires: ^1.99.0.
2025-06-16 11:34:56.098 [error] [/home/daniel/.vscode/extensions/ms-vscode-remote.remote-containers-0.417.0]: Extension is not compatible with Code 1.98.2. Extension requires: ^1.99.0.
2025-06-16 11:34:56.098 [error] [/home/daniel/.vscode/extensions/ms-python.vscode-pylance-2025.6.1]: Extension is not compatible with Code 1.98.2. Extension requires: ^1.99.0.
2025-06-16 11:34:56.098 [error] [/home/daniel/.vscode/extensions/github.vscode-pull-request-github-0.110.0]: Extension is not compatible with Code 1.98.2. Extension requires: ^1.100.0.
2025-06-16 11:34:56.382 [error] [/home/daniel/.vscode/extensions/ms-dotnettools.vscode-dotnet-runtime-2.3.5]: Extension is not compatible with Code 1.98.2. Extension requires: ^1.99.0.
2025-06-16 11:34:56.387 [error] [/home/daniel/.vscode/extensions/ms-vscode-remote.remote-wsl-0.99.0]: Extension is not compatible with Code 1.98.2. Extension requires: ^1.99.0.
2025-06-16 11:34:56.388 [error] [/home/daniel/.vscode/extensions/ms-vscode-remote.remote-containers-0.417.0]: Extension is not compatible with Code 1.98.2. Extension requires: ^1.99.0.
2025-06-16 11:34:56.388 [error] [/home/daniel/.vscode/extensions/ms-python.vscode-pylance-2025.6.1]: Extension is not compatible with Code 1.98.2. Extension requires: ^1.99.0.
2025-06-16 11:34:56.389 [error] [/home/daniel/.vscode/extensions/github.vscode-pull-request-github-0.110.0]: Extension is not compatible with Code 1.98.2. Extension requires: ^1.100.0.
2025-06-16 11:38:23.822 [error] [/home/daniel/.vscode/extensions/ms-dotnettools.vscode-dotnet-runtime-2.3.5]: Extension is not compatible with Code 1.98.2. Extension requires: ^1.99.0.
2025-06-16 11:38:23.828 [error] [/home/daniel/.vscode/extensions/ms-vscode-remote.remote-wsl-0.99.0]: Extension is not compatible with Code 1.98.2. Extension requires: ^1.99.0.
2025-06-16 11:38:23.829 [error] [/home/daniel/.vscode/extensions/ms-vscode-remote.remote-containers-0.417.0]: Extension is not compatible with Code 1.98.2. Extension requires: ^1.99.0.
2025-06-16 11:38:23.829 [error] [/home/daniel/.vscode/extensions/github.vscode-pull-request-github-0.110.0]: Extension is not compatible with Code 1.98.2. Extension requires: ^1.100.0.
2025-06-16 11:38:23.829 [error] [/home/daniel/.vscode/extensions/ms-python.vscode-pylance-2025.6.1]: Extension is not compatible with Code 1.98.2. Extension requires: ^1.99.0.
2025-06-16 11:38:44.849 [error] [/home/daniel/.vscode/extensions/ms-dotnettools.vscode-dotnet-runtime-2.3.5]: Extension is not compatible with Code 1.98.2. Extension requires: ^1.99.0.
2025-06-16 11:38:44.853 [error] [/home/daniel/.vscode/extensions/ms-vscode-remote.remote-wsl-0.99.0]: Extension is not compatible with Code 1.98.2. Extension requires: ^1.99.0.
2025-06-16 11:38:44.854 [error] [/home/daniel/.vscode/extensions/ms-vscode-remote.remote-containers-0.417.0]: Extension is not compatible with Code 1.98.2. Extension requires: ^1.99.0.
2025-06-16 11:38:44.854 [error] [/home/daniel/.vscode/extensions/github.vscode-pull-request-github-0.110.0]: Extension is not compatible with Code 1.98.2. Extension requires: ^1.100.0.
2025-06-16 11:38:44.854 [error] [/home/daniel/.vscode/extensions/ms-python.vscode-pylance-2025.6.1]: Extension is not compatible with Code 1.98.2. Extension requires: ^1.99.0.
2025-06-16 11:43:24.330 [error] [/home/daniel/.vscode/extensions/ms-dotnettools.vscode-dotnet-runtime-2.3.5]: Extension is not compatible with Code 1.98.2. Extension requires: ^1.99.0.
2025-06-16 11:43:24.338 [error] [/home/daniel/.vscode/extensions/ms-vscode-remote.remote-wsl-0.99.0]: Extension is not compatible with Code 1.98.2. Extension requires: ^1.99.0.
2025-06-16 11:43:24.338 [error] [/home/daniel/.vscode/extensions/ms-vscode-remote.remote-containers-0.417.0]: Extension is not compatible with Code 1.98.2. Extension requires: ^1.99.0.
2025-06-16 11:43:24.339 [error] [/home/daniel/.vscode/extensions/ms-python.vscode-pylance-2025.6.1]: Extension is not compatible with Code 1.98.2. Extension requires: ^1.99.0.
2025-06-16 11:43:24.339 [error] [/home/daniel/.vscode/extensions/github.vscode-pull-request-github-0.110.0]: Extension is not compatible with Code 1.98.2. Extension requires: ^1.100.0.
2025-06-16 11:43:45.113 [error] [/home/daniel/.vscode/extensions/ms-dotnettools.vscode-dotnet-runtime-2.3.5]: Extension is not compatible with Code 1.98.2. Extension requires: ^1.99.0.
2025-06-16 11:43:45.119 [error] [/home/daniel/.vscode/extensions/ms-vscode-remote.remote-wsl-0.99.0]: Extension is not compatible with Code 1.98.2. Extension requires: ^1.99.0.
2025-06-16 11:43:45.120 [error] [/home/daniel/.vscode/extensions/ms-vscode-remote.remote-containers-0.417.0]: Extension is not compatible with Code 1.98.2. Extension requires: ^1.99.0.
2025-06-16 11:43:45.120 [error] [/home/daniel/.vscode/extensions/ms-python.vscode-pylance-2025.6.1]: Extension is not compatible with Code 1.98.2. Extension requires: ^1.99.0.
2025-06-16 11:43:45.120 [error] [/home/daniel/.vscode/extensions/github.vscode-pull-request-github-0.110.0]: Extension is not compatible with Code 1.98.2. Extension requires: ^1.100.0.
2025-06-16 11:48:24.815 [error] [/home/daniel/.vscode/extensions/ms-dotnettools.vscode-dotnet-runtime-2.3.5]: Extension is not compatible with Code 1.98.2. Extension requires: ^1.99.0.
2025-06-16 11:48:24.820 [error] [/home/daniel/.vscode/extensions/ms-vscode-remote.remote-wsl-0.99.0]: Extension is not compatible with Code 1.98.2. Extension requires: ^1.99.0.
2025-06-16 11:48:24.820 [error] [/home/daniel/.vscode/extensions/ms-vscode-remote.remote-containers-0.417.0]: Extension is not compatible with Code 1.98.2. Extension requires: ^1.99.0.
2025-06-16 11:48:24.820 [error] [/home/daniel/.vscode/extensions/github.vscode-pull-request-github-0.110.0]: Extension is not compatible with Code 1.98.2. Extension requires: ^1.100.0.
2025-06-16 11:48:24.820 [error] [/home/daniel/.vscode/extensions/ms-python.vscode-pylance-2025.6.1]: Extension is not compatible with Code 1.98.2. Extension requires: ^1.99.0.
2025-06-16 11:48:45.374 [error] [/home/daniel/.vscode/extensions/ms-dotnettools.vscode-dotnet-runtime-2.3.5]: Extension is not compatible with Code 1.98.2. Extension requires: ^1.99.0.
2025-06-16 11:48:45.379 [error] [/home/daniel/.vscode/extensions/ms-vscode-remote.remote-wsl-0.99.0]: Extension is not compatible with Code 1.98.2. Extension requires: ^1.99.0.
2025-06-16 11:48:45.381 [error] [/home/daniel/.vscode/extensions/ms-vscode-remote.remote-containers-0.417.0]: Extension is not compatible with Code 1.98.2. Extension requires: ^1.99.0.
2025-06-16 11:48:45.382 [error] [/home/daniel/.vscode/extensions/ms-python.vscode-pylance-2025.6.1]: Extension is not compatible with Code 1.98.2. Extension requires: ^1.99.0.
2025-06-16 11:48:45.382 [error] [/home/daniel/.vscode/extensions/github.vscode-pull-request-github-0.110.0]: Extension is not compatible with Code 1.98.2. Extension requires: ^1.100.0.
2025-06-16 11:53:25.263 [error] [/home/daniel/.vscode/extensions/ms-dotnettools.vscode-dotnet-runtime-2.3.5]: Extension is not compatible with Code 1.98.2. Extension requires: ^1.99.0.
2025-06-16 11:53:25.266 [error] [/home/daniel/.vscode/extensions/ms-vscode-remote.remote-wsl-0.99.0]: Extension is not compatible with Code 1.98.2. Extension requires: ^1.99.0.
2025-06-16 11:53:25.267 [error] [/home/daniel/.vscode/extensions/ms-vscode-remote.remote-containers-0.417.0]: Extension is not compatible with Code 1.98.2. Extension requires: ^1.99.0.
2025-06-16 11:53:25.267 [error] [/home/daniel/.vscode/extensions/github.vscode-pull-request-github-0.110.0]: Extension is not compatible with Code 1.98.2. Extension requires: ^1.100.0.
2025-06-16 11:53:25.267 [error] [/home/daniel/.vscode/extensions/ms-python.vscode-pylance-2025.6.1]: Extension is not compatible with Code 1.98.2. Extension requires: ^1.99.0.
2025-06-16 11:53:45.620 [error] [/home/daniel/.vscode/extensions/ms-dotnettools.vscode-dotnet-runtime-2.3.5]: Extension is not compatible with Code 1.98.2. Extension requires: ^1.99.0.
2025-06-16 11:53:45.623 [error] [/home/daniel/.vscode/extensions/ms-vscode-remote.remote-wsl-0.99.0]: Extension is not compatible with Code 1.98.2. Extension requires: ^1.99.0.
2025-06-16 11:53:45.623 [error] [/home/daniel/.vscode/extensions/ms-vscode-remote.remote-containers-0.417.0]: Extension is not compatible with Code 1.98.2. Extension requires: ^1.99.0.
2025-06-16 11:53:45.625 [error] [/home/daniel/.vscode/extensions/ms-python.vscode-pylance-2025.6.1]: Extension is not compatible with Code 1.98.2. Extension requires: ^1.99.0.
2025-06-16 11:53:45.625 [error] [/home/daniel/.vscode/extensions/github.vscode-pull-request-github-0.110.0]: Extension is not compatible with Code 1.98.2. Extension requires: ^1.100.0.
2025-06-16 11:58:25.707 [error] [/home/daniel/.vscode/extensions/ms-dotnettools.vscode-dotnet-runtime-2.3.5]: Extension is not compatible with Code 1.98.2. Extension requires: ^1.99.0.
2025-06-16 11:58:25.714 [error] [/home/daniel/.vscode/extensions/ms-vscode-remote.remote-wsl-0.99.0]: Extension is not compatible with Code 1.98.2. Extension requires: ^1.99.0.
2025-06-16 11:58:25.714 [error] [/home/daniel/.vscode/extensions/ms-vscode-remote.remote-containers-0.417.0]: Extension is not compatible with Code 1.98.2. Extension requires: ^1.99.0.
2025-06-16 11:58:25.715 [error] [/home/daniel/.vscode/extensions/ms-python.vscode-pylance-2025.6.1]: Extension is not compatible with Code 1.98.2. Extension requires: ^1.99.0.
2025-06-16 11:58:25.715 [error] [/home/daniel/.vscode/extensions/github.vscode-pull-request-github-0.110.0]: Extension is not compatible with Code 1.98.2. Extension requires: ^1.100.0.
2025-06-16 11:58:45.865 [error] [/home/daniel/.vscode/extensions/ms-dotnettools.vscode-dotnet-runtime-2.3.5]: Extension is not compatible with Code 1.98.2. Extension requires: ^1.99.0.
2025-06-16 11:58:45.868 [error] [/home/daniel/.vscode/extensions/ms-vscode-remote.remote-wsl-0.99.0]: Extension is not compatible with Code 1.98.2. Extension requires: ^1.99.0.
2025-06-16 11:58:45.868 [error] [/home/daniel/.vscode/extensions/ms-vscode-remote.remote-containers-0.417.0]: Extension is not compatible with Code 1.98.2. Extension requires: ^1.99.0.
2025-06-16 11:58:45.869 [error] [/home/daniel/.vscode/extensions/ms-python.vscode-pylance-2025.6.1]: Extension is not compatible with Code 1.98.2. Extension requires: ^1.99.0.
2025-06-16 11:58:45.869 [error] [/home/daniel/.vscode/extensions/github.vscode-pull-request-github-0.110.0]: Extension is not compatible with Code 1.98.2. Extension requires: ^1.100.0.
2025-06-16 12:03:26.175 [error] [/home/daniel/.vscode/extensions/ms-dotnettools.vscode-dotnet-runtime-2.3.5]: Extension is not compatible with Code 1.98.2. Extension requires: ^1.99.0.
2025-06-16 12:03:26.182 [error] [/home/daniel/.vscode/extensions/ms-vscode-remote.remote-wsl-0.99.0]: Extension is not compatible with Code 1.98.2. Extension requires: ^1.99.0.
2025-06-16 12:03:26.182 [error] [/home/daniel/.vscode/extensions/ms-vscode-remote.remote-containers-0.417.0]: Extension is not compatible with Code 1.98.2. Extension requires: ^1.99.0.
2025-06-16 12:03:26.183 [error] [/home/daniel/.vscode/extensions/github.vscode-pull-request-github-0.110.0]: Extension is not compatible with Code 1.98.2. Extension requires: ^1.100.0.
2025-06-16 12:03:26.183 [error] [/home/daniel/.vscode/extensions/ms-python.vscode-pylance-2025.6.1]: Extension is not compatible with Code 1.98.2. Extension requires: ^1.99.0.
2025-06-16 12:03:46.180 [error] [/home/daniel/.vscode/extensions/ms-dotnettools.vscode-dotnet-runtime-2.3.5]: Extension is not compatible with Code 1.98.2. Extension requires: ^1.99.0.
2025-06-16 12:03:46.184 [error] [/home/daniel/.vscode/extensions/ms-vscode-remote.remote-wsl-0.99.0]: Extension is not compatible with Code 1.98.2. Extension requires: ^1.99.0.
2025-06-16 12:03:46.184 [error] [/home/daniel/.vscode/extensions/ms-vscode-remote.remote-containers-0.417.0]: Extension is not compatible with Code 1.98.2. Extension requires: ^1.99.0.
2025-06-16 12:03:46.185 [error] [/home/daniel/.vscode/extensions/github.vscode-pull-request-github-0.110.0]: Extension is not compatible with Code 1.98.2. Extension requires: ^1.100.0.
2025-06-16 12:03:46.185 [error] [/home/daniel/.vscode/extensions/ms-python.vscode-pylance-2025.6.1]: Extension is not compatible with Code 1.98.2. Extension requires: ^1.99.0.
2025-06-16 12:08:26.651 [error] [/home/daniel/.vscode/extensions/ms-dotnettools.vscode-dotnet-runtime-2.3.5]: Extension is not compatible with Code 1.98.2. Extension requires: ^1.99.0.
2025-06-16 12:08:26.657 [error] [/home/daniel/.vscode/extensions/ms-vscode-remote.remote-wsl-0.99.0]: Extension is not compatible with Code 1.98.2. Extension requires: ^1.99.0.
2025-06-16 12:08:26.658 [error] [/home/daniel/.vscode/extensions/ms-vscode-remote.remote-containers-0.417.0]: Extension is not compatible with Code 1.98.2. Extension requires: ^1.99.0.
2025-06-16 12:08:26.659 [error] [/home/daniel/.vscode/extensions/ms-python.vscode-pylance-2025.6.1]: Extension is not compatible with Code 1.98.2. Extension requires: ^1.99.0.
2025-06-16 12:08:26.659 [error] [/home/daniel/.vscode/extensions/github.vscode-pull-request-github-0.110.0]: Extension is not compatible with Code 1.98.2. Extension requires: ^1.100.0.
2025-06-16 12:08:46.457 [error] [/home/daniel/.vscode/extensions/ms-dotnettools.vscode-dotnet-runtime-2.3.5]: Extension is not compatible with Code 1.98.2. Extension requires: ^1.99.0.
2025-06-16 12:08:46.462 [error] [/home/daniel/.vscode/extensions/ms-vscode-remote.remote-wsl-0.99.0]: Extension is not compatible with Code 1.98.2. Extension requires: ^1.99.0.
2025-06-16 12:08:46.463 [error] [/home/daniel/.vscode/extensions/ms-vscode-remote.remote-containers-0.417.0]: Extension is not compatible with Code 1.98.2. Extension requires: ^1.99.0.
2025-06-16 12:08:46.464 [error] [/home/daniel/.vscode/extensions/github.vscode-pull-request-github-0.110.0]: Extension is not compatible with Code 1.98.2. Extension requires: ^1.100.0.
2025-06-16 12:08:46.465 [error] [/home/daniel/.vscode/extensions/ms-python.vscode-pylance-2025.6.1]: Extension is not compatible with Code 1.98.2. Extension requires: ^1.99.0.
2025-06-16 12:13:27.121 [error] [/home/daniel/.vscode/extensions/ms-dotnettools.vscode-dotnet-runtime-2.3.5]: Extension is not compatible with Code 1.98.2. Extension requires: ^1.99.0.
2025-06-16 12:13:27.126 [error] [/home/daniel/.vscode/extensions/ms-vscode-remote.remote-wsl-0.99.0]: Extension is not compatible with Code 1.98.2. Extension requires: ^1.99.0.
2025-06-16 12:13:27.127 [error] [/home/daniel/.vscode/extensions/github.vscode-pull-request-github-0.110.0]: Extension is not compatible with Code 1.98.2. Extension requires: ^1.100.0.
2025-06-16 12:13:27.127 [error] [/home/daniel/.vscode/extensions/ms-vscode-remote.remote-containers-0.417.0]: Extension is not compatible with Code 1.98.2. Extension requires: ^1.99.0.
2025-06-16 12:13:27.128 [error] [/home/daniel/.vscode/extensions/ms-python.vscode-pylance-2025.6.1]: Extension is not compatible with Code 1.98.2. Extension requires: ^1.99.0.
2025-06-16 12:13:46.717 [error] [/home/daniel/.vscode/extensions/ms-dotnettools.vscode-dotnet-runtime-2.3.5]: Extension is not compatible with Code 1.98.2. Extension requires: ^1.99.0.
2025-06-16 12:13:46.720 [error] [/home/daniel/.vscode/extensions/ms-vscode-remote.remote-wsl-0.99.0]: Extension is not compatible with Code 1.98.2. Extension requires: ^1.99.0.
2025-06-16 12:13:46.720 [error] [/home/daniel/.vscode/extensions/ms-vscode-remote.remote-containers-0.417.0]: Extension is not compatible with Code 1.98.2. Extension requires: ^1.99.0.
2025-06-16 12:13:46.721 [error] [/home/daniel/.vscode/extensions/github.vscode-pull-request-github-0.110.0]: Extension is not compatible with Code 1.98.2. Extension requires: ^1.100.0.
2025-06-16 12:13:46.721 [error] [/home/daniel/.vscode/extensions/ms-python.vscode-pylance-2025.6.1]: Extension is not compatible with Code 1.98.2. Extension requires: ^1.99.0.
2025-06-16 12:18:27.623 [error] [/home/daniel/.vscode/extensions/ms-dotnettools.vscode-dotnet-runtime-2.3.5]: Extension is not compatible with Code 1.98.2. Extension requires: ^1.99.0.
2025-06-16 12:18:27.630 [error] [/home/daniel/.vscode/extensions/ms-vscode-remote.remote-wsl-0.99.0]: Extension is not compatible with Code 1.98.2. Extension requires: ^1.99.0.
2025-06-16 12:18:27.632 [error] [/home/daniel/.vscode/extensions/github.vscode-pull-request-github-0.110.0]: Extension is not compatible with Code 1.98.2. Extension requires: ^1.100.0.
2025-06-16 12:18:27.632 [error] [/home/daniel/.vscode/extensions/ms-vscode-remote.remote-containers-0.417.0]: Extension is not compatible with Code 1.98.2. Extension requires: ^1.99.0.
2025-06-16 12:18:27.632 [error] [/home/daniel/.vscode/extensions/ms-python.vscode-pylance-2025.6.1]: Extension is not compatible with Code 1.98.2. Extension requires: ^1.99.0.
2025-06-16 12:18:47.002 [error] [/home/daniel/.vscode/extensions/ms-dotnettools.vscode-dotnet-runtime-2.3.5]: Extension is not compatible with Code 1.98.2. Extension requires: ^1.99.0.
2025-06-16 12:18:47.006 [error] [/home/daniel/.vscode/extensions/ms-vscode-remote.remote-wsl-0.99.0]: Extension is not compatible with Code 1.98.2. Extension requires: ^1.99.0.
2025-06-16 12:18:47.007 [error] [/home/daniel/.vscode/extensions/ms-vscode-remote.remote-containers-0.417.0]: Extension is not compatible with Code 1.98.2. Extension requires: ^1.99.0.
2025-06-16 12:18:47.008 [error] [/home/daniel/.vscode/extensions/github.vscode-pull-request-github-0.110.0]: Extension is not compatible with Code 1.98.2. Extension requires: ^1.100.0.
2025-06-16 12:18:47.008 [error] [/home/daniel/.vscode/extensions/ms-python.vscode-pylance-2025.6.1]: Extension is not compatible with Code 1.98.2. Extension requires: ^1.99.0.
2025-06-16 12:23:28.094 [error] [/home/daniel/.vscode/extensions/ms-dotnettools.vscode-dotnet-runtime-2.3.5]: Extension is not compatible with Code 1.98.2. Extension requires: ^1.99.0.
2025-06-16 12:23:28.099 [error] [/home/daniel/.vscode/extensions/ms-vscode-remote.remote-wsl-0.99.0]: Extension is not compatible with Code 1.98.2. Extension requires: ^1.99.0.
2025-06-16 12:23:28.100 [error] [/home/daniel/.vscode/extensions/ms-vscode-remote.remote-containers-0.417.0]: Extension is not compatible with Code 1.98.2. Extension requires: ^1.99.0.
2025-06-16 12:23:28.102 [error] [/home/daniel/.vscode/extensions/ms-python.vscode-pylance-2025.6.1]: Extension is not compatible with Code 1.98.2. Extension requires: ^1.99.0.
2025-06-16 12:23:28.102 [error] [/home/daniel/.vscode/extensions/github.vscode-pull-request-github-0.110.0]: Extension is not compatible with Code 1.98.2. Extension requires: ^1.100.0.
2025-06-16 12:23:47.252 [error] [/home/daniel/.vscode/extensions/ms-dotnettools.vscode-dotnet-runtime-2.3.5]: Extension is not compatible with Code 1.98.2. Extension requires: ^1.99.0.
2025-06-16 12:23:47.257 [error] [/home/daniel/.vscode/extensions/ms-vscode-remote.remote-wsl-0.99.0]: Extension is not compatible with Code 1.98.2. Extension requires: ^1.99.0.
2025-06-16 12:23:47.257 [error] [/home/daniel/.vscode/extensions/ms-vscode-remote.remote-containers-0.417.0]: Extension is not compatible with Code 1.98.2. Extension requires: ^1.99.0.
2025-06-16 12:23:47.258 [error] [/home/daniel/.vscode/extensions/github.vscode-pull-request-github-0.110.0]: Extension is not compatible with Code 1.98.2. Extension requires: ^1.100.0.
2025-06-16 12:23:47.258 [error] [/home/daniel/.vscode/extensions/ms-python.vscode-pylance-2025.6.1]: Extension is not compatible with Code 1.98.2. Extension requires: ^1.99.0.
2025-06-16 12:28:28.569 [error] [/home/daniel/.vscode/extensions/ms-dotnettools.vscode-dotnet-runtime-2.3.5]: Extension is not compatible with Code 1.98.2. Extension requires: ^1.99.0.
2025-06-16 12:28:28.576 [error] [/home/daniel/.vscode/extensions/ms-vscode-remote.remote-wsl-0.99.0]: Extension is not compatible with Code 1.98.2. Extension requires: ^1.99.0.
2025-06-16 12:28:28.577 [error] [/home/daniel/.vscode/extensions/ms-vscode-remote.remote-containers-0.417.0]: Extension is not compatible with Code 1.98.2. Extension requires: ^1.99.0.
2025-06-16 12:28:28.577 [error] [/home/daniel/.vscode/extensions/github.vscode-pull-request-github-0.110.0]: Extension is not compatible with Code 1.98.2. Extension requires: ^1.100.0.
2025-06-16 12:28:28.577 [error] [/home/daniel/.vscode/extensions/ms-python.vscode-pylance-2025.6.1]: Extension is not compatible with Code 1.98.2. Extension requires: ^1.99.0.
2025-06-16 12:28:47.527 [error] [/home/daniel/.vscode/extensions/ms-dotnettools.vscode-dotnet-runtime-2.3.5]: Extension is not compatible with Code 1.98.2. Extension requires: ^1.99.0.
2025-06-16 12:28:47.530 [error] [/home/daniel/.vscode/extensions/ms-vscode-remote.remote-wsl-0.99.0]: Extension is not compatible with Code 1.98.2. Extension requires: ^1.99.0.
2025-06-16 12:28:47.530 [error] [/home/daniel/.vscode/extensions/ms-vscode-remote.remote-containers-0.417.0]: Extension is not compatible with Code 1.98.2. Extension requires: ^1.99.0.
2025-06-16 12:28:47.531 [error] [/home/daniel/.vscode/extensions/github.vscode-pull-request-github-0.110.0]: Extension is not compatible with Code 1.98.2. Extension requires: ^1.100.0.
2025-06-16 12:28:47.531 [error] [/home/daniel/.vscode/extensions/ms-python.vscode-pylance-2025.6.1]: Extension is not compatible with Code 1.98.2. Extension requires: ^1.99.0.
2025-06-16 12:33:29.041 [error] [/home/daniel/.vscode/extensions/ms-dotnettools.vscode-dotnet-runtime-2.3.5]: Extension is not compatible with Code 1.98.2. Extension requires: ^1.99.0.
2025-06-16 12:33:29.047 [error] [/home/daniel/.vscode/extensions/ms-vscode-remote.remote-wsl-0.99.0]: Extension is not compatible with Code 1.98.2. Extension requires: ^1.99.0.
2025-06-16 12:33:29.048 [error] [/home/daniel/.vscode/extensions/ms-vscode-remote.remote-containers-0.417.0]: Extension is not compatible with Code 1.98.2. Extension requires: ^1.99.0.
2025-06-16 12:33:29.048 [error] [/home/daniel/.vscode/extensions/github.vscode-pull-request-github-0.110.0]: Extension is not compatible with Code 1.98.2. Extension requires: ^1.100.0.
2025-06-16 12:33:29.049 [error] [/home/daniel/.vscode/extensions/ms-python.vscode-pylance-2025.6.1]: Extension is not compatible with Code 1.98.2. Extension requires: ^1.99.0.
2025-06-16 12:33:47.823 [error] [/home/daniel/.vscode/extensions/ms-dotnettools.vscode-dotnet-runtime-2.3.5]: Extension is not compatible with Code 1.98.2. Extension requires: ^1.99.0.
2025-06-16 12:33:47.828 [error] [/home/daniel/.vscode/extensions/ms-vscode-remote.remote-wsl-0.99.0]: Extension is not compatible with Code 1.98.2. Extension requires: ^1.99.0.
2025-06-16 12:33:47.828 [error] [/home/daniel/.vscode/extensions/ms-vscode-remote.remote-containers-0.417.0]: Extension is not compatible with Code 1.98.2. Extension requires: ^1.99.0.
2025-06-16 12:33:47.830 [error] [/home/daniel/.vscode/extensions/github.vscode-pull-request-github-0.110.0]: Extension is not compatible with Code 1.98.2. Extension requires: ^1.100.0.
2025-06-16 12:33:47.830 [error] [/home/daniel/.vscode/extensions/ms-python.vscode-pylance-2025.6.1]: Extension is not compatible with Code 1.98.2. Extension requires: ^1.99.0.
2025-06-16 12:38:29.512 [error] [/home/daniel/.vscode/extensions/ms-dotnettools.vscode-dotnet-runtime-2.3.5]: Extension is not compatible with Code 1.98.2. Extension requires: ^1.99.0.
2025-06-16 12:38:29.519 [error] [/home/daniel/.vscode/extensions/ms-vscode-remote.remote-wsl-0.99.0]: Extension is not compatible with Code 1.98.2. Extension requires: ^1.99.0.
2025-06-16 12:38:29.519 [error] [/home/daniel/.vscode/extensions/ms-vscode-remote.remote-containers-0.417.0]: Extension is not compatible with Code 1.98.2. Extension requires: ^1.99.0.
2025-06-16 12:38:29.520 [error] [/home/daniel/.vscode/extensions/ms-python.vscode-pylance-2025.6.1]: Extension is not compatible with Code 1.98.2. Extension requires: ^1.99.0.
2025-06-16 12:38:29.520 [error] [/home/daniel/.vscode/extensions/github.vscode-pull-request-github-0.110.0]: Extension is not compatible with Code 1.98.2. Extension requires: ^1.100.0.
2025-06-16 12:38:48.063 [error] [/home/daniel/.vscode/extensions/ms-dotnettools.vscode-dotnet-runtime-2.3.5]: Extension is not compatible with Code 1.98.2. Extension requires: ^1.99.0.
2025-06-16 12:38:48.071 [error] [/home/daniel/.vscode/extensions/ms-vscode-remote.remote-wsl-0.99.0]: Extension is not compatible with Code 1.98.2. Extension requires: ^1.99.0.
2025-06-16 12:38:48.072 [error] [/home/daniel/.vscode/extensions/ms-vscode-remote.remote-containers-0.417.0]: Extension is not compatible with Code 1.98.2. Extension requires: ^1.99.0.
2025-06-16 12:38:48.072 [error] [/home/daniel/.vscode/extensions/ms-python.vscode-pylance-2025.6.1]: Extension is not compatible with Code 1.98.2. Extension requires: ^1.99.0.
2025-06-16 12:38:48.072 [error] [/home/daniel/.vscode/extensions/github.vscode-pull-request-github-0.110.0]: Extension is not compatible with Code 1.98.2. Extension requires: ^1.100.0.
2025-06-16 12:43:29.991 [error] [/home/daniel/.vscode/extensions/ms-dotnettools.vscode-dotnet-runtime-2.3.5]: Extension is not compatible with Code 1.98.2. Extension requires: ^1.99.0.
2025-06-16 12:43:29.997 [error] [/home/daniel/.vscode/extensions/ms-vscode-remote.remote-wsl-0.99.0]: Extension is not compatible with Code 1.98.2. Extension requires: ^1.99.0.
2025-06-16 12:43:29.998 [error] [/home/daniel/.vscode/extensions/ms-vscode-remote.remote-containers-0.417.0]: Extension is not compatible with Code 1.98.2. Extension requires: ^1.99.0.
2025-06-16 12:43:29.998 [error] [/home/daniel/.vscode/extensions/github.vscode-pull-request-github-0.110.0]: Extension is not compatible with Code 1.98.2. Extension requires: ^1.100.0.
2025-06-16 12:43:29.998 [error] [/home/daniel/.vscode/extensions/ms-python.vscode-pylance-2025.6.1]: Extension is not compatible with Code 1.98.2. Extension requires: ^1.99.0.
2025-06-16 12:43:48.343 [error] [/home/daniel/.vscode/extensions/ms-dotnettools.vscode-dotnet-runtime-2.3.5]: Extension is not compatible with Code 1.98.2. Extension requires: ^1.99.0.
2025-06-16 12:43:48.347 [error] [/home/daniel/.vscode/extensions/ms-vscode-remote.remote-wsl-0.99.0]: Extension is not compatible with Code 1.98.2. Extension requires: ^1.99.0.
2025-06-16 12:43:48.347 [error] [/home/daniel/.vscode/extensions/ms-vscode-remote.remote-containers-0.417.0]: Extension is not compatible with Code 1.98.2. Extension requires: ^1.99.0.
2025-06-16 12:43:48.347 [error] [/home/daniel/.vscode/extensions/github.vscode-pull-request-github-0.110.0]: Extension is not compatible with Code 1.98.2. Extension requires: ^1.100.0.
2025-06-16 12:43:48.348 [error] [/home/daniel/.vscode/extensions/ms-python.vscode-pylance-2025.6.1]: Extension is not compatible with Code 1.98.2. Extension requires: ^1.99.0.
2025-06-16 12:48:30.486 [error] [/home/daniel/.vscode/extensions/ms-dotnettools.vscode-dotnet-runtime-2.3.5]: Extension is not compatible with Code 1.98.2. Extension requires: ^1.99.0.
2025-06-16 12:48:30.491 [error] [/home/daniel/.vscode/extensions/ms-vscode-remote.remote-wsl-0.99.0]: Extension is not compatible with Code 1.98.2. Extension requires: ^1.99.0.
2025-06-16 12:48:30.493 [error] [/home/daniel/.vscode/extensions/ms-vscode-remote.remote-containers-0.417.0]: Extension is not compatible with Code 1.98.2. Extension requires: ^1.99.0.
2025-06-16 12:48:30.494 [error] [/home/daniel/.vscode/extensions/ms-python.vscode-pylance-2025.6.1]: Extension is not compatible with Code 1.98.2. Extension requires: ^1.99.0.
2025-06-16 12:48:30.494 [error] [/home/daniel/.vscode/extensions/github.vscode-pull-request-github-0.110.0]: Extension is not compatible with Code 1.98.2. Extension requires: ^1.100.0.
2025-06-16 12:48:48.629 [error] [/home/daniel/.vscode/extensions/ms-dotnettools.vscode-dotnet-runtime-2.3.5]: Extension is not compatible with Code 1.98.2. Extension requires: ^1.99.0.
2025-06-16 12:48:48.636 [error] [/home/daniel/.vscode/extensions/ms-vscode-remote.remote-wsl-0.99.0]: Extension is not compatible with Code 1.98.2. Extension requires: ^1.99.0.
2025-06-16 12:48:48.637 [error] [/home/daniel/.vscode/extensions/ms-vscode-remote.remote-containers-0.417.0]: Extension is not compatible with Code 1.98.2. Extension requires: ^1.99.0.
2025-06-16 12:48:48.637 [error] [/home/daniel/.vscode/extensions/ms-python.vscode-pylance-2025.6.1]: Extension is not compatible with Code 1.98.2. Extension requires: ^1.99.0.
2025-06-16 12:48:48.638 [error] [/home/daniel/.vscode/extensions/github.vscode-pull-request-github-0.110.0]: Extension is not compatible with Code 1.98.2. Extension requires: ^1.100.0.
2025-06-16 12:51:24.371 [error] [/home/daniel/.vscode/extensions/ms-dotnettools.vscode-dotnet-runtime-2.3.5]: Extension is not compatible with Code 1.98.2. Extension requires: ^1.99.0.
2025-06-16 12:51:24.376 [error] [/home/daniel/.vscode/extensions/ms-vscode-remote.remote-wsl-0.99.0]: Extension is not compatible with Code 1.98.2. Extension requires: ^1.99.0.
2025-06-16 12:51:24.376 [error] [/home/daniel/.vscode/extensions/ms-vscode-remote.remote-containers-0.417.0]: Extension is not compatible with Code 1.98.2. Extension requires: ^1.99.0.
2025-06-16 12:51:24.377 [error] [/home/daniel/.vscode/extensions/ms-python.vscode-pylance-2025.6.1]: Extension is not compatible with Code 1.98.2. Extension requires: ^1.99.0.
2025-06-16 12:51:24.377 [error] [/home/daniel/.vscode/extensions/github.vscode-pull-request-github-0.110.0]: Extension is not compatible with Code 1.98.2. Extension requires: ^1.100.0.
2025-06-16 12:53:30.971 [error] [/home/daniel/.vscode/extensions/ms-dotnettools.vscode-dotnet-runtime-2.3.5]: Extension is not compatible with Code 1.98.2. Extension requires: ^1.99.0.
2025-06-16 12:53:30.980 [error] [/home/daniel/.vscode/extensions/ms-vscode-remote.remote-wsl-0.99.0]: Extension is not compatible with Code 1.98.2. Extension requires: ^1.99.0.
2025-06-16 12:53:30.980 [error] [/home/daniel/.vscode/extensions/ms-vscode-remote.remote-containers-0.417.0]: Extension is not compatible with Code 1.98.2. Extension requires: ^1.99.0.
2025-06-16 12:53:30.981 [error] [/home/daniel/.vscode/extensions/ms-python.vscode-pylance-2025.6.1]: Extension is not compatible with Code 1.98.2. Extension requires: ^1.99.0.
2025-06-16 12:53:30.981 [error] [/home/daniel/.vscode/extensions/github.vscode-pull-request-github-0.110.0]: Extension is not compatible with Code 1.98.2. Extension requires: ^1.100.0.
2025-06-16 12:56:24.630 [error] [/home/daniel/.vscode/extensions/ms-dotnettools.vscode-dotnet-runtime-2.3.5]: Extension is not compatible with Code 1.98.2. Extension requires: ^1.99.0.
2025-06-16 12:56:24.636 [error] [/home/daniel/.vscode/extensions/ms-vscode-remote.remote-wsl-0.99.0]: Extension is not compatible with Code 1.98.2. Extension requires: ^1.99.0.
2025-06-16 12:56:24.637 [error] [/home/daniel/.vscode/extensions/ms-vscode-remote.remote-containers-0.417.0]: Extension is not compatible with Code 1.98.2. Extension requires: ^1.99.0.
2025-06-16 12:56:24.637 [error] [/home/daniel/.vscode/extensions/ms-python.vscode-pylance-2025.6.1]: Extension is not compatible with Code 1.98.2. Extension requires: ^1.99.0.
2025-06-16 12:56:24.638 [error] [/home/daniel/.vscode/extensions/github.vscode-pull-request-github-0.110.0]: Extension is not compatible with Code 1.98.2. Extension requires: ^1.100.0.
2025-06-16 12:58:31.436 [error] [/home/daniel/.vscode/extensions/ms-dotnettools.vscode-dotnet-runtime-2.3.5]: Extension is not compatible with Code 1.98.2. Extension requires: ^1.99.0.
2025-06-16 12:58:31.443 [error] [/home/daniel/.vscode/extensions/ms-vscode-remote.remote-wsl-0.99.0]: Extension is not compatible with Code 1.98.2. Extension requires: ^1.99.0.
2025-06-16 12:58:31.443 [error] [/home/daniel/.vscode/extensions/ms-vscode-remote.remote-containers-0.417.0]: Extension is not compatible with Code 1.98.2. Extension requires: ^1.99.0.
2025-06-16 12:58:31.444 [error] [/home/daniel/.vscode/extensions/github.vscode-pull-request-github-0.110.0]: Extension is not compatible with Code 1.98.2. Extension requires: ^1.100.0.
2025-06-16 12:58:31.444 [error] [/home/daniel/.vscode/extensions/ms-python.vscode-pylance-2025.6.1]: Extension is not compatible with Code 1.98.2. Extension requires: ^1.99.0.
2025-06-16 13:01:24.920 [error] [/home/daniel/.vscode/extensions/ms-dotnettools.vscode-dotnet-runtime-2.3.5]: Extension is not compatible with Code 1.98.2. Extension requires: ^1.99.0.
2025-06-16 13:01:24.926 [error] [/home/daniel/.vscode/extensions/ms-vscode-remote.remote-wsl-0.99.0]: Extension is not compatible with Code 1.98.2. Extension requires: ^1.99.0.
2025-06-16 13:01:24.927 [error] [/home/daniel/.vscode/extensions/ms-vscode-remote.remote-containers-0.417.0]: Extension is not compatible with Code 1.98.2. Extension requires: ^1.99.0.
2025-06-16 13:01:24.927 [error] [/home/daniel/.vscode/extensions/github.vscode-pull-request-github-0.110.0]: Extension is not compatible with Code 1.98.2. Extension requires: ^1.100.0.
2025-06-16 13:01:24.927 [error] [/home/daniel/.vscode/extensions/ms-python.vscode-pylance-2025.6.1]: Extension is not compatible with Code 1.98.2. Extension requires: ^1.99.0.
2025-06-16 13:03:31.910 [error] [/home/daniel/.vscode/extensions/ms-dotnettools.vscode-dotnet-runtime-2.3.5]: Extension is not compatible with Code 1.98.2. Extension requires: ^1.99.0.
2025-06-16 13:03:31.919 [error] [/home/daniel/.vscode/extensions/ms-vscode-remote.remote-wsl-0.99.0]: Extension is not compatible with Code 1.98.2. Extension requires: ^1.99.0.
2025-06-16 13:03:31.920 [error] [/home/daniel/.vscode/extensions/ms-vscode-remote.remote-containers-0.417.0]: Extension is not compatible with Code 1.98.2. Extension requires: ^1.99.0.
2025-06-16 13:03:31.920 [error] [/home/daniel/.vscode/extensions/github.vscode-pull-request-github-0.110.0]: Extension is not compatible with Code 1.98.2. Extension requires: ^1.100.0.
2025-06-16 13:03:31.921 [error] [/home/daniel/.vscode/extensions/ms-python.vscode-pylance-2025.6.1]: Extension is not compatible with Code 1.98.2. Extension requires: ^1.99.0.
