[21:43:43.512] Log Level: 2
[21:43:43.525] SSH Resolver called for "ssh-remote+deucalion", attempt 1
[21:43:43.526] remote.SSH.useLocalServer = true
[21:43:43.527] remote.SSH.useExecServer = true
[21:43:43.527] remote.SSH.bindHost = {}
[21:43:43.527] remote.SSH.path = undefined
[21:43:43.527] remote.SSH.configFile = undefined
[21:43:43.527] remote.SSH.useFlock = true
[21:43:43.527] remote.SSH.lockfilesInTmp = false
[21:43:43.527] remote.SSH.localServerDownload = auto
[21:43:43.527] remote.SSH.remoteServerListenOnSocket = false
[21:43:43.527] remote.SSH.defaultExtensions = []
[21:43:43.527] remote.SSH.defaultExtensionsIfInstalledLocally = []
[21:43:43.527] remote.SSH.loglevel = 2
[21:43:43.527] remote.SSH.enableDynamicForwarding = true
[21:43:43.527] remote.SSH.enableRemoteCommand = false
[21:43:43.527] remote.SSH.serverPickPortsFromRange = {}
[21:43:43.527] remote.SSH.serverInstallPath = {}
[21:43:43.527] remote.SSH.permitPtyAllocation = false
[21:43:43.527] remote.SSH.preferredLocalPortRange = undefined
[21:43:43.527] remote.SSH.useCurlAndWgetConfigurationFiles = false
[21:43:43.527] remote.SSH.experimental.chat = false
[21:43:43.527] remote.SSH.experimental.enhancedSessionLogs = false
[21:43:43.527] remote.SSH.httpProxy = {}
[21:43:43.528] remote.SSH.httpsProxy = {}
[21:43:43.533] VS Code version: 1.98.2
[21:43:43.533] Remote-SSH version: remote-ssh@0.120.0
[21:43:43.533] linux x64
[21:43:43.535] SSH Resolver called for host: deucalion
[21:43:43.535] Setting up SSH remote "deucalion"
[21:43:43.539] Acquiring local install lock: /tmp/vscode-remote-ssh-4fc7920b-install.lock
[21:43:43.539] Looking for existing server data file at /home/daniel/.config/Code/User/globalStorage/ms-vscode-remote.remote-ssh/vscode-ssh-host-4fc7920b-ddc367ed5c8936efe395cffeec279b04ffd7db78-0.120.0-es/data.json
[21:43:43.540] Found existing data file
[21:43:43.540] Found local server running: {"remoteListeningOn":{"port":45879},"osReleaseId":"rocky","arch":"x86_64","sshAuthSock":"","display":"","tmpDir":"/run/user/30398","platform":"linux","execServerToken":"8143bf7c-3f65-4e49-9e49-9ec4ac02a7c7","pid":4530,"ipcHandlePath":"/run/user/1000/vscode-ssh-askpass-23c13b62cb2664d551d338e9f4368ef0d41007bf.sock","socksPort":40117,"startupTime":1750167111163}
[21:43:43.543] Found running server - short-circuiting install
[21:43:43.545] Starting forwarding server. local port 40301 -> socksPort 40117 -> remotePort 45879
[21:43:43.545] Forwarding server listening on port 40301
[21:43:43.545] Waiting for ssh tunnel to be ready
[21:43:43.546] [Forwarding server port 40301] Got connection 0
[21:43:43.547] Tunneled port 45879 to local port 40301
[21:43:43.547] Resolved "ssh-remote+deucalion" to "port 40301"
[21:43:43.551] Initizing new exec server for ssh-remote+deucalion
[21:43:43.551] Resolving exec server at port 40301
[21:43:43.552] [Forwarding server port 40301] Got connection 1
[21:43:43.621] Exec server for ssh-remote+deucalion created and cached
[21:43:43.621] Extensions to install: 
[21:43:43.624] ------




[21:43:43.624] No hints found in the recent session.
[21:43:43.681] [server] Checking /home/mca55928/.vscode-server/cli/servers/Stable-ddc367ed5c8936efe395cffeec279b04ffd7db78/log.txt and /home/mca55928/.vscode-server/cli/servers/Stable-ddc367ed5c8936efe395cffeec279b04ffd7db78/pid.txt for a running server...
[21:43:43.705] [server] Found running server (pid=801014)
[21:43:51.665] Opening exec server for ssh-remote+deucalion
[21:43:51.695] Opening exec server for ssh-remote+deucalion
[21:43:51.745] Verified and reusing cached exec server for ssh-remote+deucalion
[21:43:51.745] Verified and reusing cached exec server for ssh-remote+deucalion
[21:43:51.746] No hints found in the recent session.
[21:43:51.746] No hints found in the recent session.
[21:43:51.788] Opening exec server for ssh-remote+deucalion
[21:43:51.807] Verified and reusing cached exec server for ssh-remote+deucalion
[21:43:51.807] No hints found in the recent session.
