2025-06-17 11:35:36.728 [info] Started local extension host with pid 3517.
2025-06-17 11:35:37.026 [info] Invoking resolveAuthority(ssh-remote)...
2025-06-17 11:35:37.026 [info] [LocalProcess0][resolveAuthority(ssh-remote,1)][0ms] obtaining proxy...
2025-06-17 11:35:37.026 [info] [LocalProcess0][resolveAuthority(ssh-remote,1)][0ms] invoking...
2025-06-17 11:35:38.026 [info] [LocalProcess0][resolveAuthority(ssh-remote,1)][1000ms] waiting...
2025-06-17 11:35:39.026 [info] [LocalProcess0][resolveAuthority(ssh-remote,1)][2000ms] waiting...
2025-06-17 11:35:39.800 [error] [/home/daniel/.vscode/extensions/ms-dotnettools.vscode-dotnet-runtime-2.3.5]: Extension is not compatible with Code 1.98.2. Extension requires: ^1.99.0.
2025-06-17 11:35:39.810 [error] [/home/daniel/.vscode/extensions/ms-vscode-remote.remote-wsl-0.99.0]: Extension is not compatible with Code 1.98.2. Extension requires: ^1.99.0.
2025-06-17 11:35:39.811 [error] [/home/daniel/.vscode/extensions/ms-vscode-remote.remote-containers-0.417.0]: Extension is not compatible with Code 1.98.2. Extension requires: ^1.99.0.
2025-06-17 11:35:39.811 [error] [/home/daniel/.vscode/extensions/github.vscode-pull-request-github-0.110.0]: Extension is not compatible with Code 1.98.2. Extension requires: ^1.100.0.
2025-06-17 11:35:39.812 [error] [/home/daniel/.vscode/extensions/ms-python.vscode-pylance-2025.6.1]: Extension is not compatible with Code 1.98.2. Extension requires: ^1.99.0.
2025-06-17 11:35:40.026 [info] [LocalProcess0][resolveAuthority(ssh-remote,1)][3000ms] waiting...
2025-06-17 11:35:41.026 [info] [LocalProcess0][resolveAuthority(ssh-remote,1)][4000ms] waiting...
2025-06-17 11:35:41.587 [info] [LocalProcess0][resolveAuthority(ssh-remote,1)][4561ms] returned Managed(1)
2025-06-17 11:35:41.587 [info] resolveAuthority(ssh-remote) returned 'Managed(1)' after 4561 ms
2025-06-17 11:35:41.588 [info] Creating a socket (renderer-Management-dbf3ba2d-73e1-49b1-9c1d-734fcdf4932c)...
2025-06-17 11:35:41.588 [info] Creating a socket (renderer-ExtensionHost-1ff2941e-4ce3-4e89-94a2-b49f6196ef7c)...
2025-06-17 11:35:45.982 [info] Creating a socket (renderer-ExtensionHost-1ff2941e-4ce3-4e89-94a2-b49f6196ef7c) was successful after 4394 ms.
2025-06-17 11:35:45.982 [info] Creating a socket (renderer-Management-dbf3ba2d-73e1-49b1-9c1d-734fcdf4932c) was successful after 4394 ms.
2025-06-17 11:35:48.258 [warning] No search provider registered for scheme: vscode-remote, waiting
2025-06-17 11:35:48.543 [info] [perf] Render performance baseline is 10ms
2025-06-17 11:35:55.493 [info] Settings Sync: Token updated for the account danielsp45
2025-06-17 11:35:55.495 [info] Settings Sync: Account status changed from uninitialized to available
2025-06-17 11:35:55.767 [info] Settings Sync: Token updated for the account danielsp45
2025-06-17 11:35:56.304 [error] An unknown error occurred. Please consult the log for more details.
2025-06-17 11:35:58.765 [info] Extension host (Remote) is unresponsive.
2025-06-17 11:36:00.584 [info] Extension host (Remote) is responsive.
2025-06-17 11:36:05.619 [info] Extension host (Remote) is unresponsive.
2025-06-17 11:36:08.752 [error] Cannot read the extension from /home/daniel/.vscode/extensions/ms-vscode-remote.remote-containers-0.417.0: ScanningExtension: Cannot read the extension from /home/daniel/.vscode/extensions/ms-vscode-remote.remote-containers-0.417.0
    at dh.scanLocalExtension (file:///nix/store/qsq8pyvxvwfwsvhsq6xqw1276hxzvv50-vscode-1.98.2/lib/vscode/resources/app/out/vs/code/electron-utility/sharedProcess/sharedProcessMain.js:74:71916)
2025-06-17 11:36:08.762 [error] Cannot read the extension from /home/daniel/.vscode/extensions/ms-dotnettools.vscode-dotnet-runtime-2.3.5: ScanningExtension: Cannot read the extension from /home/daniel/.vscode/extensions/ms-dotnettools.vscode-dotnet-runtime-2.3.5
    at dh.scanLocalExtension (file:///nix/store/qsq8pyvxvwfwsvhsq6xqw1276hxzvv50-vscode-1.98.2/lib/vscode/resources/app/out/vs/code/electron-utility/sharedProcess/sharedProcessMain.js:74:71916)
2025-06-17 11:36:08.767 [error] Cannot read the extension from /home/daniel/.vscode/extensions/ms-vscode-remote.remote-wsl-0.99.0: ScanningExtension: Cannot read the extension from /home/daniel/.vscode/extensions/ms-vscode-remote.remote-wsl-0.99.0
    at dh.scanLocalExtension (file:///nix/store/qsq8pyvxvwfwsvhsq6xqw1276hxzvv50-vscode-1.98.2/lib/vscode/resources/app/out/vs/code/electron-utility/sharedProcess/sharedProcessMain.js:74:71916)
2025-06-17 11:36:08.855 [error] Cannot read the extension from /home/daniel/.vscode/extensions/github.vscode-pull-request-github-0.110.0: ScanningExtension: Cannot read the extension from /home/daniel/.vscode/extensions/github.vscode-pull-request-github-0.110.0
    at dh.scanLocalExtension (file:///nix/store/qsq8pyvxvwfwsvhsq6xqw1276hxzvv50-vscode-1.98.2/lib/vscode/resources/app/out/vs/code/electron-utility/sharedProcess/sharedProcessMain.js:74:71916)
2025-06-17 11:36:09.328 [error] Cannot read the extension from /home/daniel/.vscode/extensions/ms-python.vscode-pylance-2025.6.1: ScanningExtension: Cannot read the extension from /home/daniel/.vscode/extensions/ms-python.vscode-pylance-2025.6.1
    at dh.scanLocalExtension (file:///nix/store/qsq8pyvxvwfwsvhsq6xqw1276hxzvv50-vscode-1.98.2/lib/vscode/resources/app/out/vs/code/electron-utility/sharedProcess/sharedProcessMain.js:74:71916)
2025-06-17 11:36:09.660 [info] Extension host (Remote) is responsive.
2025-06-17 11:36:10.101 [error] Cannot read the extension from /home/mca55928/.vscode-server/extensions/ms-python.vscode-pylance-2025.6.1: ScanningExtension: Cannot read the extension from /home/mca55928/.vscode-server/extensions/ms-python.vscode-pylance-2025.6.1
    at Jh.scanLocalExtension (file:///home/mca55928/.vscode-server/cli/servers/Stable-ddc367ed5c8936efe395cffeec279b04ffd7db78/server/out/server-main.js:55:24861)
2025-06-17 11:36:12.721 [info] Extension host (Remote) is unresponsive.
2025-06-17 11:36:15.248 [info] Extension host (Remote) is responsive.
2025-06-17 11:36:21.126 [info] Extension host (Remote) is unresponsive.
2025-06-17 11:36:29.556 [info] Extension host (Remote) is responsive.
2025-06-17 13:46:14.473 [error] Illegal value for lineNumber: Error: Illegal value for lineNumber
    at Cf.getLineMaxColumn (vscode-file://vscode-app/nix/store/qsq8pyvxvwfwsvhsq6xqw1276hxzvv50-vscode-1.98.2/lib/vscode/resources/app/out/vs/workbench/workbench.desktop.main.js:253:112)
    at vscode-file://vscode-app/nix/store/qsq8pyvxvwfwsvhsq6xqw1276hxzvv50-vscode-1.98.2/lib/vscode/resources/app/out/vs/workbench/workbench.desktop.main.js:2001:13251
    at HI._computeFn (vscode-file://vscode-app/nix/store/qsq8pyvxvwfwsvhsq6xqw1276hxzvv50-vscode-1.98.2/lib/vscode/resources/app/out/vs/workbench/workbench.desktop.main.js:31:24260)
    at HI.q (vscode-file://vscode-app/nix/store/qsq8pyvxvwfwsvhsq6xqw1276hxzvv50-vscode-1.98.2/lib/vscode/resources/app/out/vs/workbench/workbench.desktop.main.js:31:25793)
    at HI.get (vscode-file://vscode-app/nix/store/qsq8pyvxvwfwsvhsq6xqw1276hxzvv50-vscode-1.98.2/lib/vscode/resources/app/out/vs/workbench/workbench.desktop.main.js:31:25545)
    at HI.reportChanges (vscode-file://vscode-app/nix/store/qsq8pyvxvwfwsvhsq6xqw1276hxzvv50-vscode-1.98.2/lib/vscode/resources/app/out/vs/workbench/workbench.desktop.main.js:31:15998)
    at rse.endUpdate (vscode-file://vscode-app/nix/store/qsq8pyvxvwfwsvhsq6xqw1276hxzvv50-vscode-1.98.2/lib/vscode/resources/app/out/vs/workbench/workbench.desktop.main.js:31:22892)
    at HI.endUpdate (vscode-file://vscode-app/nix/store/qsq8pyvxvwfwsvhsq6xqw1276hxzvv50-vscode-1.98.2/lib/vscode/resources/app/out/vs/workbench/workbench.desktop.main.js:31:26591)
    at _5.finish (vscode-file://vscode-app/nix/store/qsq8pyvxvwfwsvhsq6xqw1276hxzvv50-vscode-1.98.2/lib/vscode/resources/app/out/vs/workbench/workbench.desktop.main.js:31:17858)
    at Hi (vscode-file://vscode-app/nix/store/qsq8pyvxvwfwsvhsq6xqw1276hxzvv50-vscode-1.98.2/lib/vscode/resources/app/out/vs/workbench/workbench.desktop.main.js:31:17251)
